[2024-04-28T15:35:44.550+0000] {processor.py:161} INFO - Started process (PID=58) to work on /opt/airflow/dags/dag2.py
[2024-04-28T15:35:44.560+0000] {processor.py:830} INFO - Processing file /opt/airflow/dags/dag2.py for tasks to queue
[2024-04-28T15:35:44.574+0000] {logging_mixin.py:188} INFO - [2024-04-28T15:35:44.567+0000] {dagbag.py:540} INFO - Filling up the DagBag from /opt/airflow/dags/dag2.py
[2024-04-28T15:35:44.720+0000] {processor.py:840} INFO - DAG(s) 'test_scheduled_dag_20minutes' retrieved from /opt/airflow/dags/dag2.py
[2024-04-28T15:35:45.391+0000] {logging_mixin.py:188} INFO - [2024-04-28T15:35:45.389+0000] {dag.py:3096} INFO - Sync 1 DAGs
[2024-04-28T15:35:45.558+0000] {logging_mixin.py:188} INFO - [2024-04-28T15:35:45.557+0000] {dag.py:3954} INFO - Setting next_dagrun for test_scheduled_dag_20minutes to 2024-04-28 15:00:00+00:00, run_after=2024-04-28 15:20:00+00:00
[2024-04-28T15:35:45.734+0000] {processor.py:183} INFO - Processing /opt/airflow/dags/dag2.py took 1.241 seconds
[2024-04-28T15:36:28.235+0000] {processor.py:161} INFO - Started process (PID=121) to work on /opt/airflow/dags/dag2.py
[2024-04-28T15:36:28.238+0000] {processor.py:830} INFO - Processing file /opt/airflow/dags/dag2.py for tasks to queue
[2024-04-28T15:36:28.247+0000] {logging_mixin.py:188} INFO - [2024-04-28T15:36:28.245+0000] {dagbag.py:540} INFO - Filling up the DagBag from /opt/airflow/dags/dag2.py
[2024-04-28T15:36:28.312+0000] {processor.py:840} INFO - DAG(s) 'test_scheduled_dag_20minutes' retrieved from /opt/airflow/dags/dag2.py
[2024-04-28T15:36:28.453+0000] {logging_mixin.py:188} INFO - [2024-04-28T15:36:28.451+0000] {dag.py:3096} INFO - Sync 1 DAGs
[2024-04-28T15:36:28.669+0000] {logging_mixin.py:188} INFO - [2024-04-28T15:36:28.668+0000] {dag.py:3954} INFO - Setting next_dagrun for test_scheduled_dag_20minutes to 2024-04-28 15:20:00+00:00, run_after=2024-04-28 15:40:00+00:00
[2024-04-28T15:36:28.802+0000] {processor.py:183} INFO - Processing /opt/airflow/dags/dag2.py took 0.589 seconds
[2024-04-28T15:37:00.379+0000] {processor.py:161} INFO - Started process (PID=184) to work on /opt/airflow/dags/dag2.py
[2024-04-28T15:37:00.395+0000] {processor.py:830} INFO - Processing file /opt/airflow/dags/dag2.py for tasks to queue
[2024-04-28T15:37:00.424+0000] {logging_mixin.py:188} INFO - [2024-04-28T15:37:00.422+0000] {dagbag.py:540} INFO - Filling up the DagBag from /opt/airflow/dags/dag2.py
[2024-04-28T15:37:00.485+0000] {processor.py:840} INFO - DAG(s) 'test_scheduled_dag_20minutes' retrieved from /opt/airflow/dags/dag2.py
[2024-04-28T15:37:00.640+0000] {logging_mixin.py:188} INFO - [2024-04-28T15:37:00.636+0000] {dag.py:3096} INFO - Sync 1 DAGs
[2024-04-28T15:37:00.935+0000] {logging_mixin.py:188} INFO - [2024-04-28T15:37:00.928+0000] {dag.py:3954} INFO - Setting next_dagrun for test_scheduled_dag_20minutes to 2024-04-28 15:20:00+00:00, run_after=2024-04-28 15:40:00+00:00
[2024-04-28T15:37:01.275+0000] {processor.py:183} INFO - Processing /opt/airflow/dags/dag2.py took 0.954 seconds
[2024-04-28T15:37:35.869+0000] {processor.py:161} INFO - Started process (PID=253) to work on /opt/airflow/dags/dag2.py
[2024-04-28T15:37:35.918+0000] {processor.py:830} INFO - Processing file /opt/airflow/dags/dag2.py for tasks to queue
[2024-04-28T15:37:35.934+0000] {logging_mixin.py:188} INFO - [2024-04-28T15:37:35.928+0000] {dagbag.py:540} INFO - Filling up the DagBag from /opt/airflow/dags/dag2.py
[2024-04-28T15:37:36.006+0000] {processor.py:840} INFO - DAG(s) 'test_scheduled_dag_20minutes' retrieved from /opt/airflow/dags/dag2.py
[2024-04-28T15:37:36.139+0000] {logging_mixin.py:188} INFO - [2024-04-28T15:37:36.135+0000] {dag.py:3096} INFO - Sync 1 DAGs
[2024-04-28T15:37:36.314+0000] {logging_mixin.py:188} INFO - [2024-04-28T15:37:36.313+0000] {dag.py:3954} INFO - Setting next_dagrun for test_scheduled_dag_20minutes to 2024-04-28 15:20:00+00:00, run_after=2024-04-28 15:40:00+00:00
[2024-04-28T15:37:36.433+0000] {processor.py:183} INFO - Processing /opt/airflow/dags/dag2.py took 0.679 seconds
[2024-04-28T15:38:06.712+0000] {processor.py:161} INFO - Started process (PID=316) to work on /opt/airflow/dags/dag2.py
[2024-04-28T15:38:06.716+0000] {processor.py:830} INFO - Processing file /opt/airflow/dags/dag2.py for tasks to queue
[2024-04-28T15:38:06.722+0000] {logging_mixin.py:188} INFO - [2024-04-28T15:38:06.721+0000] {dagbag.py:540} INFO - Filling up the DagBag from /opt/airflow/dags/dag2.py
[2024-04-28T15:38:06.757+0000] {processor.py:840} INFO - DAG(s) 'test_scheduled_dag_20minutes' retrieved from /opt/airflow/dags/dag2.py
[2024-04-28T15:38:06.839+0000] {logging_mixin.py:188} INFO - [2024-04-28T15:38:06.837+0000] {dag.py:3096} INFO - Sync 1 DAGs
[2024-04-28T15:38:07.091+0000] {logging_mixin.py:188} INFO - [2024-04-28T15:38:07.090+0000] {dag.py:3954} INFO - Setting next_dagrun for test_scheduled_dag_20minutes to 2024-04-28 15:20:00+00:00, run_after=2024-04-28 15:40:00+00:00
[2024-04-28T15:38:07.246+0000] {processor.py:183} INFO - Processing /opt/airflow/dags/dag2.py took 0.557 seconds
[2024-04-28T15:38:37.593+0000] {processor.py:161} INFO - Started process (PID=379) to work on /opt/airflow/dags/dag2.py
[2024-04-28T15:38:37.596+0000] {processor.py:830} INFO - Processing file /opt/airflow/dags/dag2.py for tasks to queue
[2024-04-28T15:38:37.602+0000] {logging_mixin.py:188} INFO - [2024-04-28T15:38:37.601+0000] {dagbag.py:540} INFO - Filling up the DagBag from /opt/airflow/dags/dag2.py
[2024-04-28T15:38:37.627+0000] {processor.py:840} INFO - DAG(s) 'test_scheduled_dag_20minutes' retrieved from /opt/airflow/dags/dag2.py
[2024-04-28T15:38:37.682+0000] {logging_mixin.py:188} INFO - [2024-04-28T15:38:37.681+0000] {dag.py:3096} INFO - Sync 1 DAGs
[2024-04-28T15:38:37.750+0000] {logging_mixin.py:188} INFO - [2024-04-28T15:38:37.750+0000] {dag.py:3954} INFO - Setting next_dagrun for test_scheduled_dag_20minutes to 2024-04-28 15:20:00+00:00, run_after=2024-04-28 15:40:00+00:00
[2024-04-28T15:38:37.798+0000] {processor.py:183} INFO - Processing /opt/airflow/dags/dag2.py took 0.220 seconds
[2024-04-28T15:39:08.132+0000] {processor.py:161} INFO - Started process (PID=442) to work on /opt/airflow/dags/dag2.py
[2024-04-28T15:39:08.136+0000] {processor.py:830} INFO - Processing file /opt/airflow/dags/dag2.py for tasks to queue
[2024-04-28T15:39:08.142+0000] {logging_mixin.py:188} INFO - [2024-04-28T15:39:08.141+0000] {dagbag.py:540} INFO - Filling up the DagBag from /opt/airflow/dags/dag2.py
[2024-04-28T15:39:08.180+0000] {processor.py:840} INFO - DAG(s) 'test_scheduled_dag_20minutes' retrieved from /opt/airflow/dags/dag2.py
[2024-04-28T15:39:08.250+0000] {logging_mixin.py:188} INFO - [2024-04-28T15:39:08.248+0000] {dag.py:3096} INFO - Sync 1 DAGs
[2024-04-28T15:39:08.349+0000] {logging_mixin.py:188} INFO - [2024-04-28T15:39:08.348+0000] {dag.py:3954} INFO - Setting next_dagrun for test_scheduled_dag_20minutes to 2024-04-28 15:20:00+00:00, run_after=2024-04-28 15:40:00+00:00
[2024-04-28T15:39:08.428+0000] {processor.py:183} INFO - Processing /opt/airflow/dags/dag2.py took 0.316 seconds
[2024-04-28T15:39:39.341+0000] {processor.py:161} INFO - Started process (PID=506) to work on /opt/airflow/dags/dag2.py
[2024-04-28T15:39:39.344+0000] {processor.py:830} INFO - Processing file /opt/airflow/dags/dag2.py for tasks to queue
[2024-04-28T15:39:39.350+0000] {logging_mixin.py:188} INFO - [2024-04-28T15:39:39.349+0000] {dagbag.py:540} INFO - Filling up the DagBag from /opt/airflow/dags/dag2.py
[2024-04-28T15:39:39.387+0000] {processor.py:840} INFO - DAG(s) 'test_scheduled_dag_20minutes' retrieved from /opt/airflow/dags/dag2.py
[2024-04-28T15:39:39.466+0000] {logging_mixin.py:188} INFO - [2024-04-28T15:39:39.464+0000] {dag.py:3096} INFO - Sync 1 DAGs
[2024-04-28T15:39:39.555+0000] {logging_mixin.py:188} INFO - [2024-04-28T15:39:39.554+0000] {dag.py:3954} INFO - Setting next_dagrun for test_scheduled_dag_20minutes to 2024-04-28 15:20:00+00:00, run_after=2024-04-28 15:40:00+00:00
[2024-04-28T15:39:39.631+0000] {processor.py:183} INFO - Processing /opt/airflow/dags/dag2.py took 0.314 seconds
[2024-04-28T15:40:11.345+0000] {processor.py:161} INFO - Started process (PID=569) to work on /opt/airflow/dags/dag2.py
[2024-04-28T15:40:11.359+0000] {processor.py:830} INFO - Processing file /opt/airflow/dags/dag2.py for tasks to queue
[2024-04-28T15:40:11.371+0000] {logging_mixin.py:188} INFO - [2024-04-28T15:40:11.370+0000] {dagbag.py:540} INFO - Filling up the DagBag from /opt/airflow/dags/dag2.py
[2024-04-28T15:40:11.461+0000] {processor.py:840} INFO - DAG(s) 'test_scheduled_dag_20minutes' retrieved from /opt/airflow/dags/dag2.py
[2024-04-28T15:40:11.642+0000] {logging_mixin.py:188} INFO - [2024-04-28T15:40:11.640+0000] {dag.py:3096} INFO - Sync 1 DAGs
[2024-04-28T15:40:11.920+0000] {logging_mixin.py:188} INFO - [2024-04-28T15:40:11.919+0000] {dag.py:3954} INFO - Setting next_dagrun for test_scheduled_dag_20minutes to 2024-04-28 15:40:00+00:00, run_after=2024-04-28 16:00:00+00:00
[2024-04-28T15:40:12.067+0000] {processor.py:183} INFO - Processing /opt/airflow/dags/dag2.py took 0.758 seconds
[2024-04-28T15:40:44.026+0000] {processor.py:161} INFO - Started process (PID=631) to work on /opt/airflow/dags/dag2.py
[2024-04-28T15:40:44.038+0000] {processor.py:830} INFO - Processing file /opt/airflow/dags/dag2.py for tasks to queue
[2024-04-28T15:40:44.073+0000] {logging_mixin.py:188} INFO - [2024-04-28T15:40:44.056+0000] {dagbag.py:540} INFO - Filling up the DagBag from /opt/airflow/dags/dag2.py
[2024-04-28T15:40:44.173+0000] {processor.py:840} INFO - DAG(s) 'test_scheduled_dag_20minutes' retrieved from /opt/airflow/dags/dag2.py
[2024-04-28T15:40:44.420+0000] {logging_mixin.py:188} INFO - [2024-04-28T15:40:44.419+0000] {dag.py:3096} INFO - Sync 1 DAGs
[2024-04-28T15:40:44.728+0000] {logging_mixin.py:188} INFO - [2024-04-28T15:40:44.728+0000] {dag.py:3954} INFO - Setting next_dagrun for test_scheduled_dag_20minutes to 2024-04-28 15:40:00+00:00, run_after=2024-04-28 16:00:00+00:00
[2024-04-28T15:40:44.930+0000] {processor.py:183} INFO - Processing /opt/airflow/dags/dag2.py took 0.964 seconds
[2024-04-28T15:41:15.428+0000] {processor.py:161} INFO - Started process (PID=694) to work on /opt/airflow/dags/dag2.py
[2024-04-28T15:41:15.431+0000] {processor.py:830} INFO - Processing file /opt/airflow/dags/dag2.py for tasks to queue
[2024-04-28T15:41:15.437+0000] {logging_mixin.py:188} INFO - [2024-04-28T15:41:15.436+0000] {dagbag.py:540} INFO - Filling up the DagBag from /opt/airflow/dags/dag2.py
[2024-04-28T15:41:15.466+0000] {processor.py:840} INFO - DAG(s) 'test_scheduled_dag_20minutes' retrieved from /opt/airflow/dags/dag2.py
[2024-04-28T15:41:15.526+0000] {logging_mixin.py:188} INFO - [2024-04-28T15:41:15.525+0000] {dag.py:3096} INFO - Sync 1 DAGs
[2024-04-28T15:41:15.602+0000] {logging_mixin.py:188} INFO - [2024-04-28T15:41:15.602+0000] {dag.py:3954} INFO - Setting next_dagrun for test_scheduled_dag_20minutes to 2024-04-28 15:40:00+00:00, run_after=2024-04-28 16:00:00+00:00
[2024-04-28T15:41:15.661+0000] {processor.py:183} INFO - Processing /opt/airflow/dags/dag2.py took 0.251 seconds
[2024-04-28T15:41:45.979+0000] {processor.py:161} INFO - Started process (PID=756) to work on /opt/airflow/dags/dag2.py
[2024-04-28T15:41:45.982+0000] {processor.py:830} INFO - Processing file /opt/airflow/dags/dag2.py for tasks to queue
[2024-04-28T15:41:45.987+0000] {logging_mixin.py:188} INFO - [2024-04-28T15:41:45.986+0000] {dagbag.py:540} INFO - Filling up the DagBag from /opt/airflow/dags/dag2.py
[2024-04-28T15:41:46.019+0000] {processor.py:840} INFO - DAG(s) 'test_scheduled_dag_20minutes' retrieved from /opt/airflow/dags/dag2.py
[2024-04-28T15:41:46.101+0000] {logging_mixin.py:188} INFO - [2024-04-28T15:41:46.100+0000] {dag.py:3096} INFO - Sync 1 DAGs
[2024-04-28T15:41:46.203+0000] {logging_mixin.py:188} INFO - [2024-04-28T15:41:46.202+0000] {dag.py:3954} INFO - Setting next_dagrun for test_scheduled_dag_20minutes to 2024-04-28 15:40:00+00:00, run_after=2024-04-28 16:00:00+00:00
[2024-04-28T15:41:46.311+0000] {processor.py:183} INFO - Processing /opt/airflow/dags/dag2.py took 0.350 seconds
[2024-04-28T15:42:16.806+0000] {processor.py:161} INFO - Started process (PID=819) to work on /opt/airflow/dags/dag2.py
[2024-04-28T15:42:16.808+0000] {processor.py:830} INFO - Processing file /opt/airflow/dags/dag2.py for tasks to queue
[2024-04-28T15:42:16.814+0000] {logging_mixin.py:188} INFO - [2024-04-28T15:42:16.813+0000] {dagbag.py:540} INFO - Filling up the DagBag from /opt/airflow/dags/dag2.py
[2024-04-28T15:42:16.839+0000] {processor.py:840} INFO - DAG(s) 'test_scheduled_dag_20minutes' retrieved from /opt/airflow/dags/dag2.py
[2024-04-28T15:42:16.892+0000] {logging_mixin.py:188} INFO - [2024-04-28T15:42:16.891+0000] {dag.py:3096} INFO - Sync 1 DAGs
[2024-04-28T15:42:16.963+0000] {logging_mixin.py:188} INFO - [2024-04-28T15:42:16.962+0000] {dag.py:3954} INFO - Setting next_dagrun for test_scheduled_dag_20minutes to 2024-04-28 15:40:00+00:00, run_after=2024-04-28 16:00:00+00:00
[2024-04-28T15:42:17.024+0000] {processor.py:183} INFO - Processing /opt/airflow/dags/dag2.py took 0.233 seconds
[2024-04-28T15:42:47.571+0000] {processor.py:161} INFO - Started process (PID=883) to work on /opt/airflow/dags/dag2.py
[2024-04-28T15:42:47.577+0000] {processor.py:830} INFO - Processing file /opt/airflow/dags/dag2.py for tasks to queue
[2024-04-28T15:42:47.584+0000] {logging_mixin.py:188} INFO - [2024-04-28T15:42:47.583+0000] {dagbag.py:540} INFO - Filling up the DagBag from /opt/airflow/dags/dag2.py
[2024-04-28T15:42:47.626+0000] {processor.py:840} INFO - DAG(s) 'test_scheduled_dag_20minutes' retrieved from /opt/airflow/dags/dag2.py
[2024-04-28T15:42:47.717+0000] {logging_mixin.py:188} INFO - [2024-04-28T15:42:47.716+0000] {dag.py:3096} INFO - Sync 1 DAGs
[2024-04-28T15:42:47.817+0000] {logging_mixin.py:188} INFO - [2024-04-28T15:42:47.816+0000] {dag.py:3954} INFO - Setting next_dagrun for test_scheduled_dag_20minutes to 2024-04-28 15:40:00+00:00, run_after=2024-04-28 16:00:00+00:00
[2024-04-28T15:42:47.919+0000] {processor.py:183} INFO - Processing /opt/airflow/dags/dag2.py took 0.389 seconds
[2024-04-28T15:43:18.213+0000] {processor.py:161} INFO - Started process (PID=946) to work on /opt/airflow/dags/dag2.py
[2024-04-28T15:43:18.215+0000] {processor.py:830} INFO - Processing file /opt/airflow/dags/dag2.py for tasks to queue
[2024-04-28T15:43:18.222+0000] {logging_mixin.py:188} INFO - [2024-04-28T15:43:18.220+0000] {dagbag.py:540} INFO - Filling up the DagBag from /opt/airflow/dags/dag2.py
[2024-04-28T15:43:18.258+0000] {processor.py:840} INFO - DAG(s) 'test_scheduled_dag_20minutes' retrieved from /opt/airflow/dags/dag2.py
[2024-04-28T15:43:18.371+0000] {logging_mixin.py:188} INFO - [2024-04-28T15:43:18.369+0000] {dag.py:3096} INFO - Sync 1 DAGs
[2024-04-28T15:43:18.454+0000] {logging_mixin.py:188} INFO - [2024-04-28T15:43:18.453+0000] {dag.py:3954} INFO - Setting next_dagrun for test_scheduled_dag_20minutes to 2024-04-28 15:40:00+00:00, run_after=2024-04-28 16:00:00+00:00
[2024-04-28T15:43:18.506+0000] {processor.py:183} INFO - Processing /opt/airflow/dags/dag2.py took 0.311 seconds
[2024-04-28T15:57:55.161+0000] {processor.py:161} INFO - Started process (PID=52) to work on /opt/airflow/dags/dag2.py
[2024-04-28T15:57:55.174+0000] {processor.py:830} INFO - Processing file /opt/airflow/dags/dag2.py for tasks to queue
[2024-04-28T15:57:55.211+0000] {logging_mixin.py:188} INFO - [2024-04-28T15:57:55.210+0000] {dagbag.py:540} INFO - Filling up the DagBag from /opt/airflow/dags/dag2.py
[2024-04-28T15:57:55.387+0000] {processor.py:840} INFO - DAG(s) 'test_scheduled_dag_20minutes' retrieved from /opt/airflow/dags/dag2.py
[2024-04-28T15:57:56.869+0000] {logging_mixin.py:188} INFO - [2024-04-28T15:57:56.866+0000] {dag.py:3096} INFO - Sync 1 DAGs
[2024-04-28T15:57:57.140+0000] {logging_mixin.py:188} INFO - [2024-04-28T15:57:57.139+0000] {dag.py:3954} INFO - Setting next_dagrun for test_scheduled_dag_20minutes to 2024-04-28 15:40:00+00:00, run_after=2024-04-28 16:00:00+00:00
[2024-04-28T15:57:57.542+0000] {processor.py:183} INFO - Processing /opt/airflow/dags/dag2.py took 2.464 seconds
[2024-04-28T15:58:46.738+0000] {processor.py:161} INFO - Started process (PID=120) to work on /opt/airflow/dags/dag2.py
[2024-04-28T15:58:46.745+0000] {processor.py:830} INFO - Processing file /opt/airflow/dags/dag2.py for tasks to queue
[2024-04-28T15:58:46.752+0000] {logging_mixin.py:188} INFO - [2024-04-28T15:58:46.751+0000] {dagbag.py:540} INFO - Filling up the DagBag from /opt/airflow/dags/dag2.py
[2024-04-28T15:58:46.789+0000] {processor.py:840} INFO - DAG(s) 'test_scheduled_dag_20minutes' retrieved from /opt/airflow/dags/dag2.py
[2024-04-28T15:58:46.872+0000] {logging_mixin.py:188} INFO - [2024-04-28T15:58:46.870+0000] {dag.py:3096} INFO - Sync 1 DAGs
[2024-04-28T15:58:46.984+0000] {logging_mixin.py:188} INFO - [2024-04-28T15:58:46.983+0000] {dag.py:3954} INFO - Setting next_dagrun for test_scheduled_dag_20minutes to 2024-04-28 15:40:00+00:00, run_after=2024-04-28 16:00:00+00:00
[2024-04-28T15:58:47.069+0000] {processor.py:183} INFO - Processing /opt/airflow/dags/dag2.py took 0.353 seconds
[2024-04-28T15:59:19.447+0000] {processor.py:161} INFO - Started process (PID=183) to work on /opt/airflow/dags/dag2.py
[2024-04-28T15:59:19.464+0000] {processor.py:830} INFO - Processing file /opt/airflow/dags/dag2.py for tasks to queue
[2024-04-28T15:59:19.492+0000] {logging_mixin.py:188} INFO - [2024-04-28T15:59:19.491+0000] {dagbag.py:540} INFO - Filling up the DagBag from /opt/airflow/dags/dag2.py
[2024-04-28T15:59:19.711+0000] {processor.py:840} INFO - DAG(s) 'test_scheduled_dag_20minutes' retrieved from /opt/airflow/dags/dag2.py
[2024-04-28T15:59:20.211+0000] {logging_mixin.py:188} INFO - [2024-04-28T15:59:20.200+0000] {dag.py:3096} INFO - Sync 1 DAGs
[2024-04-28T15:59:20.847+0000] {logging_mixin.py:188} INFO - [2024-04-28T15:59:20.845+0000] {dag.py:3954} INFO - Setting next_dagrun for test_scheduled_dag_20minutes to 2024-04-28 15:40:00+00:00, run_after=2024-04-28 16:00:00+00:00
[2024-04-28T15:59:20.976+0000] {processor.py:183} INFO - Processing /opt/airflow/dags/dag2.py took 1.609 seconds
[2024-04-28T15:59:51.464+0000] {processor.py:161} INFO - Started process (PID=245) to work on /opt/airflow/dags/dag2.py
[2024-04-28T15:59:51.467+0000] {processor.py:830} INFO - Processing file /opt/airflow/dags/dag2.py for tasks to queue
[2024-04-28T15:59:51.524+0000] {logging_mixin.py:188} INFO - [2024-04-28T15:59:51.522+0000] {dagbag.py:540} INFO - Filling up the DagBag from /opt/airflow/dags/dag2.py
[2024-04-28T15:59:51.624+0000] {processor.py:840} INFO - DAG(s) 'test_scheduled_dag_20minutes' retrieved from /opt/airflow/dags/dag2.py
[2024-04-28T15:59:51.941+0000] {logging_mixin.py:188} INFO - [2024-04-28T15:59:51.926+0000] {dag.py:3096} INFO - Sync 1 DAGs
[2024-04-28T15:59:52.573+0000] {logging_mixin.py:188} INFO - [2024-04-28T15:59:52.572+0000] {dag.py:3954} INFO - Setting next_dagrun for test_scheduled_dag_20minutes to 2024-04-28 15:40:00+00:00, run_after=2024-04-28 16:00:00+00:00
[2024-04-28T15:59:52.680+0000] {processor.py:183} INFO - Processing /opt/airflow/dags/dag2.py took 1.325 seconds
[2024-04-28T16:00:22.840+0000] {processor.py:161} INFO - Started process (PID=308) to work on /opt/airflow/dags/dag2.py
[2024-04-28T16:00:22.845+0000] {processor.py:830} INFO - Processing file /opt/airflow/dags/dag2.py for tasks to queue
[2024-04-28T16:00:22.854+0000] {logging_mixin.py:188} INFO - [2024-04-28T16:00:22.853+0000] {dagbag.py:540} INFO - Filling up the DagBag from /opt/airflow/dags/dag2.py
[2024-04-28T16:00:22.891+0000] {processor.py:840} INFO - DAG(s) 'test_scheduled_dag_20minutes' retrieved from /opt/airflow/dags/dag2.py
[2024-04-28T16:00:22.974+0000] {logging_mixin.py:188} INFO - [2024-04-28T16:00:22.972+0000] {dag.py:3096} INFO - Sync 1 DAGs
[2024-04-28T16:00:23.069+0000] {logging_mixin.py:188} INFO - [2024-04-28T16:00:23.068+0000] {dag.py:3954} INFO - Setting next_dagrun for test_scheduled_dag_20minutes to 2024-04-28 16:00:00+00:00, run_after=2024-04-28 16:20:00+00:00
[2024-04-28T16:00:23.141+0000] {processor.py:183} INFO - Processing /opt/airflow/dags/dag2.py took 0.331 seconds
[2024-04-28T16:00:53.978+0000] {processor.py:161} INFO - Started process (PID=371) to work on /opt/airflow/dags/dag2.py
[2024-04-28T16:00:53.981+0000] {processor.py:830} INFO - Processing file /opt/airflow/dags/dag2.py for tasks to queue
[2024-04-28T16:00:53.987+0000] {logging_mixin.py:188} INFO - [2024-04-28T16:00:53.986+0000] {dagbag.py:540} INFO - Filling up the DagBag from /opt/airflow/dags/dag2.py
[2024-04-28T16:00:54.016+0000] {processor.py:840} INFO - DAG(s) 'test_scheduled_dag_20minutes' retrieved from /opt/airflow/dags/dag2.py
[2024-04-28T16:00:54.084+0000] {logging_mixin.py:188} INFO - [2024-04-28T16:00:54.083+0000] {dag.py:3096} INFO - Sync 1 DAGs
[2024-04-28T16:00:54.163+0000] {logging_mixin.py:188} INFO - [2024-04-28T16:00:54.162+0000] {dag.py:3954} INFO - Setting next_dagrun for test_scheduled_dag_20minutes to 2024-04-28 16:00:00+00:00, run_after=2024-04-28 16:20:00+00:00
[2024-04-28T16:00:54.220+0000] {processor.py:183} INFO - Processing /opt/airflow/dags/dag2.py took 0.261 seconds
[2024-04-28T16:01:24.374+0000] {processor.py:161} INFO - Started process (PID=433) to work on /opt/airflow/dags/dag2.py
[2024-04-28T16:01:24.377+0000] {processor.py:830} INFO - Processing file /opt/airflow/dags/dag2.py for tasks to queue
[2024-04-28T16:01:24.384+0000] {logging_mixin.py:188} INFO - [2024-04-28T16:01:24.383+0000] {dagbag.py:540} INFO - Filling up the DagBag from /opt/airflow/dags/dag2.py
[2024-04-28T16:01:24.417+0000] {processor.py:840} INFO - DAG(s) 'test_scheduled_dag_20minutes' retrieved from /opt/airflow/dags/dag2.py
[2024-04-28T16:01:24.534+0000] {logging_mixin.py:188} INFO - [2024-04-28T16:01:24.533+0000] {dag.py:3096} INFO - Sync 1 DAGs
[2024-04-28T16:01:24.631+0000] {logging_mixin.py:188} INFO - [2024-04-28T16:01:24.630+0000] {dag.py:3954} INFO - Setting next_dagrun for test_scheduled_dag_20minutes to 2024-04-28 16:00:00+00:00, run_after=2024-04-28 16:20:00+00:00
[2024-04-28T16:01:24.723+0000] {processor.py:183} INFO - Processing /opt/airflow/dags/dag2.py took 0.371 seconds
[2024-04-28T16:01:55.248+0000] {processor.py:161} INFO - Started process (PID=496) to work on /opt/airflow/dags/dag2.py
[2024-04-28T16:01:55.251+0000] {processor.py:830} INFO - Processing file /opt/airflow/dags/dag2.py for tasks to queue
[2024-04-28T16:01:55.259+0000] {logging_mixin.py:188} INFO - [2024-04-28T16:01:55.258+0000] {dagbag.py:540} INFO - Filling up the DagBag from /opt/airflow/dags/dag2.py
[2024-04-28T16:01:55.297+0000] {processor.py:840} INFO - DAG(s) 'test_scheduled_dag_20minutes' retrieved from /opt/airflow/dags/dag2.py
[2024-04-28T16:01:55.410+0000] {logging_mixin.py:188} INFO - [2024-04-28T16:01:55.408+0000] {dag.py:3096} INFO - Sync 1 DAGs
[2024-04-28T16:01:55.539+0000] {logging_mixin.py:188} INFO - [2024-04-28T16:01:55.538+0000] {dag.py:3954} INFO - Setting next_dagrun for test_scheduled_dag_20minutes to 2024-04-28 16:00:00+00:00, run_after=2024-04-28 16:20:00+00:00
[2024-04-28T16:01:55.630+0000] {processor.py:183} INFO - Processing /opt/airflow/dags/dag2.py took 0.403 seconds
[2024-04-28T16:02:25.747+0000] {processor.py:161} INFO - Started process (PID=559) to work on /opt/airflow/dags/dag2.py
[2024-04-28T16:02:25.749+0000] {processor.py:830} INFO - Processing file /opt/airflow/dags/dag2.py for tasks to queue
[2024-04-28T16:02:25.755+0000] {logging_mixin.py:188} INFO - [2024-04-28T16:02:25.754+0000] {dagbag.py:540} INFO - Filling up the DagBag from /opt/airflow/dags/dag2.py
[2024-04-28T16:02:25.780+0000] {processor.py:840} INFO - DAG(s) 'test_scheduled_dag_20minutes' retrieved from /opt/airflow/dags/dag2.py
[2024-04-28T16:02:25.833+0000] {logging_mixin.py:188} INFO - [2024-04-28T16:02:25.831+0000] {dag.py:3096} INFO - Sync 1 DAGs
[2024-04-28T16:02:25.902+0000] {logging_mixin.py:188} INFO - [2024-04-28T16:02:25.901+0000] {dag.py:3954} INFO - Setting next_dagrun for test_scheduled_dag_20minutes to 2024-04-28 16:00:00+00:00, run_after=2024-04-28 16:20:00+00:00
[2024-04-28T16:02:25.950+0000] {processor.py:183} INFO - Processing /opt/airflow/dags/dag2.py took 0.218 seconds
[2024-04-28T16:02:56.992+0000] {processor.py:161} INFO - Started process (PID=622) to work on /opt/airflow/dags/dag2.py
[2024-04-28T16:02:56.996+0000] {processor.py:830} INFO - Processing file /opt/airflow/dags/dag2.py for tasks to queue
[2024-04-28T16:02:57.003+0000] {logging_mixin.py:188} INFO - [2024-04-28T16:02:57.002+0000] {dagbag.py:540} INFO - Filling up the DagBag from /opt/airflow/dags/dag2.py
[2024-04-28T16:02:57.034+0000] {processor.py:840} INFO - DAG(s) 'test_scheduled_dag_20minutes' retrieved from /opt/airflow/dags/dag2.py
[2024-04-28T16:02:57.099+0000] {logging_mixin.py:188} INFO - [2024-04-28T16:02:57.098+0000] {dag.py:3096} INFO - Sync 1 DAGs
[2024-04-28T16:02:57.178+0000] {logging_mixin.py:188} INFO - [2024-04-28T16:02:57.178+0000] {dag.py:3954} INFO - Setting next_dagrun for test_scheduled_dag_20minutes to 2024-04-28 16:00:00+00:00, run_after=2024-04-28 16:20:00+00:00
[2024-04-28T16:02:57.239+0000] {processor.py:183} INFO - Processing /opt/airflow/dags/dag2.py took 0.265 seconds
[2024-04-28T16:03:28.063+0000] {processor.py:161} INFO - Started process (PID=685) to work on /opt/airflow/dags/dag2.py
[2024-04-28T16:03:28.066+0000] {processor.py:830} INFO - Processing file /opt/airflow/dags/dag2.py for tasks to queue
[2024-04-28T16:03:28.072+0000] {logging_mixin.py:188} INFO - [2024-04-28T16:03:28.071+0000] {dagbag.py:540} INFO - Filling up the DagBag from /opt/airflow/dags/dag2.py
[2024-04-28T16:03:28.108+0000] {processor.py:840} INFO - DAG(s) 'test_scheduled_dag_20minutes' retrieved from /opt/airflow/dags/dag2.py
[2024-04-28T16:03:28.217+0000] {logging_mixin.py:188} INFO - [2024-04-28T16:03:28.215+0000] {dag.py:3096} INFO - Sync 1 DAGs
[2024-04-28T16:03:28.339+0000] {logging_mixin.py:188} INFO - [2024-04-28T16:03:28.338+0000] {dag.py:3954} INFO - Setting next_dagrun for test_scheduled_dag_20minutes to 2024-04-28 16:00:00+00:00, run_after=2024-04-28 16:20:00+00:00
[2024-04-28T16:03:28.412+0000] {processor.py:183} INFO - Processing /opt/airflow/dags/dag2.py took 0.369 seconds
[2024-04-28T16:03:58.963+0000] {processor.py:161} INFO - Started process (PID=745) to work on /opt/airflow/dags/dag2.py
[2024-04-28T16:03:58.968+0000] {processor.py:830} INFO - Processing file /opt/airflow/dags/dag2.py for tasks to queue
[2024-04-28T16:03:58.981+0000] {logging_mixin.py:188} INFO - [2024-04-28T16:03:58.979+0000] {dagbag.py:540} INFO - Filling up the DagBag from /opt/airflow/dags/dag2.py
[2024-04-28T16:03:59.020+0000] {processor.py:840} INFO - DAG(s) 'test_scheduled_dag_20minutes' retrieved from /opt/airflow/dags/dag2.py
[2024-04-28T16:03:59.110+0000] {logging_mixin.py:188} INFO - [2024-04-28T16:03:59.108+0000] {dag.py:3096} INFO - Sync 1 DAGs
[2024-04-28T16:03:59.229+0000] {logging_mixin.py:188} INFO - [2024-04-28T16:03:59.228+0000] {dag.py:3954} INFO - Setting next_dagrun for test_scheduled_dag_20minutes to 2024-04-28 16:00:00+00:00, run_after=2024-04-28 16:20:00+00:00
[2024-04-28T16:03:59.316+0000] {processor.py:183} INFO - Processing /opt/airflow/dags/dag2.py took 0.388 seconds
[2024-04-28T16:04:29.516+0000] {processor.py:161} INFO - Started process (PID=808) to work on /opt/airflow/dags/dag2.py
[2024-04-28T16:04:29.519+0000] {processor.py:830} INFO - Processing file /opt/airflow/dags/dag2.py for tasks to queue
[2024-04-28T16:04:29.527+0000] {logging_mixin.py:188} INFO - [2024-04-28T16:04:29.526+0000] {dagbag.py:540} INFO - Filling up the DagBag from /opt/airflow/dags/dag2.py
[2024-04-28T16:04:29.565+0000] {processor.py:840} INFO - DAG(s) 'test_scheduled_dag_20minutes' retrieved from /opt/airflow/dags/dag2.py
[2024-04-28T16:04:29.640+0000] {logging_mixin.py:188} INFO - [2024-04-28T16:04:29.639+0000] {dag.py:3096} INFO - Sync 1 DAGs
[2024-04-28T16:04:29.743+0000] {logging_mixin.py:188} INFO - [2024-04-28T16:04:29.742+0000] {dag.py:3954} INFO - Setting next_dagrun for test_scheduled_dag_20minutes to 2024-04-28 16:00:00+00:00, run_after=2024-04-28 16:20:00+00:00
[2024-04-28T16:04:29.820+0000] {processor.py:183} INFO - Processing /opt/airflow/dags/dag2.py took 0.322 seconds
[2024-04-28T16:05:00.335+0000] {processor.py:161} INFO - Started process (PID=871) to work on /opt/airflow/dags/dag2.py
[2024-04-28T16:05:00.340+0000] {processor.py:830} INFO - Processing file /opt/airflow/dags/dag2.py for tasks to queue
[2024-04-28T16:05:00.347+0000] {logging_mixin.py:188} INFO - [2024-04-28T16:05:00.346+0000] {dagbag.py:540} INFO - Filling up the DagBag from /opt/airflow/dags/dag2.py
[2024-04-28T16:05:00.401+0000] {processor.py:840} INFO - DAG(s) 'test_scheduled_dag_20minutes' retrieved from /opt/airflow/dags/dag2.py
[2024-04-28T16:05:00.489+0000] {logging_mixin.py:188} INFO - [2024-04-28T16:05:00.487+0000] {dag.py:3096} INFO - Sync 1 DAGs
[2024-04-28T16:05:00.555+0000] {logging_mixin.py:188} INFO - [2024-04-28T16:05:00.554+0000] {dag.py:3954} INFO - Setting next_dagrun for test_scheduled_dag_20minutes to 2024-04-28 16:00:00+00:00, run_after=2024-04-28 16:20:00+00:00
[2024-04-28T16:05:00.602+0000] {processor.py:183} INFO - Processing /opt/airflow/dags/dag2.py took 0.286 seconds
[2024-04-28T16:05:30.843+0000] {processor.py:161} INFO - Started process (PID=934) to work on /opt/airflow/dags/dag2.py
[2024-04-28T16:05:30.845+0000] {processor.py:830} INFO - Processing file /opt/airflow/dags/dag2.py for tasks to queue
[2024-04-28T16:05:30.851+0000] {logging_mixin.py:188} INFO - [2024-04-28T16:05:30.850+0000] {dagbag.py:540} INFO - Filling up the DagBag from /opt/airflow/dags/dag2.py
[2024-04-28T16:05:30.881+0000] {processor.py:840} INFO - DAG(s) 'test_scheduled_dag_20minutes' retrieved from /opt/airflow/dags/dag2.py
[2024-04-28T16:05:30.942+0000] {logging_mixin.py:188} INFO - [2024-04-28T16:05:30.940+0000] {dag.py:3096} INFO - Sync 1 DAGs
[2024-04-28T16:05:31.020+0000] {logging_mixin.py:188} INFO - [2024-04-28T16:05:31.019+0000] {dag.py:3954} INFO - Setting next_dagrun for test_scheduled_dag_20minutes to 2024-04-28 16:00:00+00:00, run_after=2024-04-28 16:20:00+00:00
[2024-04-28T16:05:31.087+0000] {processor.py:183} INFO - Processing /opt/airflow/dags/dag2.py took 0.261 seconds
[2024-04-28T16:06:01.427+0000] {processor.py:161} INFO - Started process (PID=998) to work on /opt/airflow/dags/dag2.py
[2024-04-28T16:06:01.431+0000] {processor.py:830} INFO - Processing file /opt/airflow/dags/dag2.py for tasks to queue
[2024-04-28T16:06:01.440+0000] {logging_mixin.py:188} INFO - [2024-04-28T16:06:01.438+0000] {dagbag.py:540} INFO - Filling up the DagBag from /opt/airflow/dags/dag2.py
[2024-04-28T16:06:01.507+0000] {processor.py:840} INFO - DAG(s) 'test_scheduled_dag_20minutes' retrieved from /opt/airflow/dags/dag2.py
[2024-04-28T16:06:01.612+0000] {logging_mixin.py:188} INFO - [2024-04-28T16:06:01.609+0000] {dag.py:3096} INFO - Sync 1 DAGs
[2024-04-28T16:06:01.714+0000] {logging_mixin.py:188} INFO - [2024-04-28T16:06:01.713+0000] {dag.py:3954} INFO - Setting next_dagrun for test_scheduled_dag_20minutes to 2024-04-28 16:00:00+00:00, run_after=2024-04-28 16:20:00+00:00
[2024-04-28T16:06:01.795+0000] {processor.py:183} INFO - Processing /opt/airflow/dags/dag2.py took 0.394 seconds
[2024-04-28T16:06:32.148+0000] {processor.py:161} INFO - Started process (PID=1067) to work on /opt/airflow/dags/dag2.py
[2024-04-28T16:06:32.150+0000] {processor.py:830} INFO - Processing file /opt/airflow/dags/dag2.py for tasks to queue
[2024-04-28T16:06:32.157+0000] {logging_mixin.py:188} INFO - [2024-04-28T16:06:32.156+0000] {dagbag.py:540} INFO - Filling up the DagBag from /opt/airflow/dags/dag2.py
[2024-04-28T16:06:32.193+0000] {processor.py:840} INFO - DAG(s) 'test_scheduled_dag_20minutes' retrieved from /opt/airflow/dags/dag2.py
[2024-04-28T16:06:32.284+0000] {logging_mixin.py:188} INFO - [2024-04-28T16:06:32.282+0000] {dag.py:3096} INFO - Sync 1 DAGs
[2024-04-28T16:06:32.440+0000] {logging_mixin.py:188} INFO - [2024-04-28T16:06:32.439+0000] {dag.py:3954} INFO - Setting next_dagrun for test_scheduled_dag_20minutes to 2024-04-28 16:00:00+00:00, run_after=2024-04-28 16:20:00+00:00
[2024-04-28T16:06:32.546+0000] {processor.py:183} INFO - Processing /opt/airflow/dags/dag2.py took 0.419 seconds
[2024-04-28T16:07:03.366+0000] {processor.py:161} INFO - Started process (PID=1132) to work on /opt/airflow/dags/dag2.py
[2024-04-28T16:07:03.368+0000] {processor.py:830} INFO - Processing file /opt/airflow/dags/dag2.py for tasks to queue
[2024-04-28T16:07:03.374+0000] {logging_mixin.py:188} INFO - [2024-04-28T16:07:03.373+0000] {dagbag.py:540} INFO - Filling up the DagBag from /opt/airflow/dags/dag2.py
[2024-04-28T16:07:03.404+0000] {processor.py:840} INFO - DAG(s) 'test_scheduled_dag_20minutes' retrieved from /opt/airflow/dags/dag2.py
[2024-04-28T16:07:03.475+0000] {logging_mixin.py:188} INFO - [2024-04-28T16:07:03.473+0000] {dag.py:3096} INFO - Sync 1 DAGs
[2024-04-28T16:07:03.559+0000] {logging_mixin.py:188} INFO - [2024-04-28T16:07:03.559+0000] {dag.py:3954} INFO - Setting next_dagrun for test_scheduled_dag_20minutes to 2024-04-28 16:00:00+00:00, run_after=2024-04-28 16:20:00+00:00
[2024-04-28T16:07:03.617+0000] {processor.py:183} INFO - Processing /opt/airflow/dags/dag2.py took 0.268 seconds
[2024-04-28T16:07:33.937+0000] {processor.py:161} INFO - Started process (PID=1195) to work on /opt/airflow/dags/dag2.py
[2024-04-28T16:07:33.939+0000] {processor.py:830} INFO - Processing file /opt/airflow/dags/dag2.py for tasks to queue
[2024-04-28T16:07:33.944+0000] {logging_mixin.py:188} INFO - [2024-04-28T16:07:33.943+0000] {dagbag.py:540} INFO - Filling up the DagBag from /opt/airflow/dags/dag2.py
[2024-04-28T16:07:33.971+0000] {processor.py:840} INFO - DAG(s) 'test_scheduled_dag_20minutes' retrieved from /opt/airflow/dags/dag2.py
[2024-04-28T16:07:34.041+0000] {logging_mixin.py:188} INFO - [2024-04-28T16:07:34.039+0000] {dag.py:3096} INFO - Sync 1 DAGs
[2024-04-28T16:07:34.134+0000] {logging_mixin.py:188} INFO - [2024-04-28T16:07:34.133+0000] {dag.py:3954} INFO - Setting next_dagrun for test_scheduled_dag_20minutes to 2024-04-28 16:00:00+00:00, run_after=2024-04-28 16:20:00+00:00
[2024-04-28T16:07:34.210+0000] {processor.py:183} INFO - Processing /opt/airflow/dags/dag2.py took 0.290 seconds
[2024-04-28T16:08:07.302+0000] {processor.py:161} INFO - Started process (PID=1245) to work on /opt/airflow/dags/dag2.py
[2024-04-28T16:08:07.305+0000] {processor.py:830} INFO - Processing file /opt/airflow/dags/dag2.py for tasks to queue
[2024-04-28T16:08:07.312+0000] {logging_mixin.py:188} INFO - [2024-04-28T16:08:07.310+0000] {dagbag.py:540} INFO - Filling up the DagBag from /opt/airflow/dags/dag2.py
[2024-04-28T16:08:07.341+0000] {processor.py:840} INFO - DAG(s) 'test_scheduled_dag_20minutes' retrieved from /opt/airflow/dags/dag2.py
[2024-04-28T16:08:07.411+0000] {logging_mixin.py:188} INFO - [2024-04-28T16:08:07.409+0000] {dag.py:3096} INFO - Sync 1 DAGs
[2024-04-28T16:08:07.492+0000] {logging_mixin.py:188} INFO - [2024-04-28T16:08:07.491+0000] {dag.py:3954} INFO - Setting next_dagrun for test_scheduled_dag_20minutes to 2024-04-28 16:00:00+00:00, run_after=2024-04-28 16:20:00+00:00
[2024-04-28T16:08:07.548+0000] {processor.py:183} INFO - Processing /opt/airflow/dags/dag2.py took 0.262 seconds
[2024-04-28T16:08:38.223+0000] {processor.py:161} INFO - Started process (PID=1308) to work on /opt/airflow/dags/dag2.py
[2024-04-28T16:08:38.226+0000] {processor.py:830} INFO - Processing file /opt/airflow/dags/dag2.py for tasks to queue
[2024-04-28T16:08:38.233+0000] {logging_mixin.py:188} INFO - [2024-04-28T16:08:38.232+0000] {dagbag.py:540} INFO - Filling up the DagBag from /opt/airflow/dags/dag2.py
[2024-04-28T16:08:38.273+0000] {processor.py:840} INFO - DAG(s) 'test_scheduled_dag_20minutes' retrieved from /opt/airflow/dags/dag2.py
[2024-04-28T16:08:38.343+0000] {logging_mixin.py:188} INFO - [2024-04-28T16:08:38.341+0000] {dag.py:3096} INFO - Sync 1 DAGs
[2024-04-28T16:08:38.442+0000] {logging_mixin.py:188} INFO - [2024-04-28T16:08:38.441+0000] {dag.py:3954} INFO - Setting next_dagrun for test_scheduled_dag_20minutes to 2024-04-28 16:00:00+00:00, run_after=2024-04-28 16:20:00+00:00
[2024-04-28T16:08:38.518+0000] {processor.py:183} INFO - Processing /opt/airflow/dags/dag2.py took 0.314 seconds
[2024-04-28T16:09:08.748+0000] {processor.py:161} INFO - Started process (PID=1371) to work on /opt/airflow/dags/dag2.py
[2024-04-28T16:09:08.752+0000] {processor.py:830} INFO - Processing file /opt/airflow/dags/dag2.py for tasks to queue
[2024-04-28T16:09:08.759+0000] {logging_mixin.py:188} INFO - [2024-04-28T16:09:08.757+0000] {dagbag.py:540} INFO - Filling up the DagBag from /opt/airflow/dags/dag2.py
[2024-04-28T16:09:08.789+0000] {processor.py:840} INFO - DAG(s) 'test_scheduled_dag_20minutes' retrieved from /opt/airflow/dags/dag2.py
[2024-04-28T16:09:08.852+0000] {logging_mixin.py:188} INFO - [2024-04-28T16:09:08.850+0000] {dag.py:3096} INFO - Sync 1 DAGs
[2024-04-28T16:09:08.947+0000] {logging_mixin.py:188} INFO - [2024-04-28T16:09:08.946+0000] {dag.py:3954} INFO - Setting next_dagrun for test_scheduled_dag_20minutes to 2024-04-28 16:00:00+00:00, run_after=2024-04-28 16:20:00+00:00
[2024-04-28T16:09:09.004+0000] {processor.py:183} INFO - Processing /opt/airflow/dags/dag2.py took 0.281 seconds
[2024-04-28T16:09:39.345+0000] {processor.py:161} INFO - Started process (PID=1434) to work on /opt/airflow/dags/dag2.py
[2024-04-28T16:09:39.348+0000] {processor.py:830} INFO - Processing file /opt/airflow/dags/dag2.py for tasks to queue
[2024-04-28T16:09:39.353+0000] {logging_mixin.py:188} INFO - [2024-04-28T16:09:39.352+0000] {dagbag.py:540} INFO - Filling up the DagBag from /opt/airflow/dags/dag2.py
[2024-04-28T16:09:39.378+0000] {processor.py:840} INFO - DAG(s) 'test_scheduled_dag_20minutes' retrieved from /opt/airflow/dags/dag2.py
[2024-04-28T16:09:39.433+0000] {logging_mixin.py:188} INFO - [2024-04-28T16:09:39.431+0000] {dag.py:3096} INFO - Sync 1 DAGs
[2024-04-28T16:09:39.536+0000] {logging_mixin.py:188} INFO - [2024-04-28T16:09:39.535+0000] {dag.py:3954} INFO - Setting next_dagrun for test_scheduled_dag_20minutes to 2024-04-28 16:00:00+00:00, run_after=2024-04-28 16:20:00+00:00
[2024-04-28T16:09:39.594+0000] {processor.py:183} INFO - Processing /opt/airflow/dags/dag2.py took 0.268 seconds
[2024-04-28T16:10:09.839+0000] {processor.py:161} INFO - Started process (PID=1497) to work on /opt/airflow/dags/dag2.py
[2024-04-28T16:10:09.842+0000] {processor.py:830} INFO - Processing file /opt/airflow/dags/dag2.py for tasks to queue
[2024-04-28T16:10:09.849+0000] {logging_mixin.py:188} INFO - [2024-04-28T16:10:09.847+0000] {dagbag.py:540} INFO - Filling up the DagBag from /opt/airflow/dags/dag2.py
[2024-04-28T16:10:09.880+0000] {processor.py:840} INFO - DAG(s) 'test_scheduled_dag_20minutes' retrieved from /opt/airflow/dags/dag2.py
[2024-04-28T16:10:09.940+0000] {logging_mixin.py:188} INFO - [2024-04-28T16:10:09.939+0000] {dag.py:3096} INFO - Sync 1 DAGs
[2024-04-28T16:10:10.020+0000] {logging_mixin.py:188} INFO - [2024-04-28T16:10:10.019+0000] {dag.py:3954} INFO - Setting next_dagrun for test_scheduled_dag_20minutes to 2024-04-28 16:00:00+00:00, run_after=2024-04-28 16:20:00+00:00
[2024-04-28T16:10:10.070+0000] {processor.py:183} INFO - Processing /opt/airflow/dags/dag2.py took 0.252 seconds
[2024-04-28T16:10:40.952+0000] {processor.py:161} INFO - Started process (PID=1560) to work on /opt/airflow/dags/dag2.py
[2024-04-28T16:10:40.955+0000] {processor.py:830} INFO - Processing file /opt/airflow/dags/dag2.py for tasks to queue
[2024-04-28T16:10:40.961+0000] {logging_mixin.py:188} INFO - [2024-04-28T16:10:40.960+0000] {dagbag.py:540} INFO - Filling up the DagBag from /opt/airflow/dags/dag2.py
[2024-04-28T16:10:40.990+0000] {processor.py:840} INFO - DAG(s) 'test_scheduled_dag_20minutes' retrieved from /opt/airflow/dags/dag2.py
[2024-04-28T16:10:41.054+0000] {logging_mixin.py:188} INFO - [2024-04-28T16:10:41.053+0000] {dag.py:3096} INFO - Sync 1 DAGs
[2024-04-28T16:10:41.134+0000] {logging_mixin.py:188} INFO - [2024-04-28T16:10:41.134+0000] {dag.py:3954} INFO - Setting next_dagrun for test_scheduled_dag_20minutes to 2024-04-28 16:00:00+00:00, run_after=2024-04-28 16:20:00+00:00
[2024-04-28T16:10:41.190+0000] {processor.py:183} INFO - Processing /opt/airflow/dags/dag2.py took 0.255 seconds
[2024-04-28T16:11:12.040+0000] {processor.py:161} INFO - Started process (PID=1622) to work on /opt/airflow/dags/dag2.py
[2024-04-28T16:11:12.062+0000] {processor.py:830} INFO - Processing file /opt/airflow/dags/dag2.py for tasks to queue
[2024-04-28T16:11:12.080+0000] {logging_mixin.py:188} INFO - [2024-04-28T16:11:12.076+0000] {dagbag.py:540} INFO - Filling up the DagBag from /opt/airflow/dags/dag2.py
[2024-04-28T16:11:12.122+0000] {processor.py:840} INFO - DAG(s) 'test_scheduled_dag_20minutes' retrieved from /opt/airflow/dags/dag2.py
[2024-04-28T16:11:12.334+0000] {logging_mixin.py:188} INFO - [2024-04-28T16:11:12.332+0000] {dag.py:3096} INFO - Sync 1 DAGs
[2024-04-28T16:11:12.458+0000] {logging_mixin.py:188} INFO - [2024-04-28T16:11:12.458+0000] {dag.py:3954} INFO - Setting next_dagrun for test_scheduled_dag_20minutes to 2024-04-28 16:00:00+00:00, run_after=2024-04-28 16:20:00+00:00
[2024-04-28T16:11:12.548+0000] {processor.py:183} INFO - Processing /opt/airflow/dags/dag2.py took 0.573 seconds
[2024-04-28T16:11:42.842+0000] {processor.py:161} INFO - Started process (PID=1685) to work on /opt/airflow/dags/dag2.py
[2024-04-28T16:11:42.844+0000] {processor.py:830} INFO - Processing file /opt/airflow/dags/dag2.py for tasks to queue
[2024-04-28T16:11:42.850+0000] {logging_mixin.py:188} INFO - [2024-04-28T16:11:42.849+0000] {dagbag.py:540} INFO - Filling up the DagBag from /opt/airflow/dags/dag2.py
[2024-04-28T16:11:42.878+0000] {processor.py:840} INFO - DAG(s) 'test_scheduled_dag_20minutes' retrieved from /opt/airflow/dags/dag2.py
[2024-04-28T16:11:42.941+0000] {logging_mixin.py:188} INFO - [2024-04-28T16:11:42.939+0000] {dag.py:3096} INFO - Sync 1 DAGs
[2024-04-28T16:11:43.020+0000] {logging_mixin.py:188} INFO - [2024-04-28T16:11:43.019+0000] {dag.py:3954} INFO - Setting next_dagrun for test_scheduled_dag_20minutes to 2024-04-28 16:00:00+00:00, run_after=2024-04-28 16:20:00+00:00
[2024-04-28T16:11:43.076+0000] {processor.py:183} INFO - Processing /opt/airflow/dags/dag2.py took 0.253 seconds
[2024-04-28T16:12:13.544+0000] {processor.py:161} INFO - Started process (PID=1748) to work on /opt/airflow/dags/dag2.py
[2024-04-28T16:12:13.556+0000] {processor.py:830} INFO - Processing file /opt/airflow/dags/dag2.py for tasks to queue
[2024-04-28T16:12:13.563+0000] {logging_mixin.py:188} INFO - [2024-04-28T16:12:13.562+0000] {dagbag.py:540} INFO - Filling up the DagBag from /opt/airflow/dags/dag2.py
[2024-04-28T16:12:13.600+0000] {processor.py:840} INFO - DAG(s) 'test_scheduled_dag_20minutes' retrieved from /opt/airflow/dags/dag2.py
[2024-04-28T16:12:13.711+0000] {logging_mixin.py:188} INFO - [2024-04-28T16:12:13.709+0000] {dag.py:3096} INFO - Sync 1 DAGs
[2024-04-28T16:12:13.850+0000] {logging_mixin.py:188} INFO - [2024-04-28T16:12:13.850+0000] {dag.py:3954} INFO - Setting next_dagrun for test_scheduled_dag_20minutes to 2024-04-28 16:00:00+00:00, run_after=2024-04-28 16:20:00+00:00
[2024-04-28T16:12:13.952+0000] {processor.py:183} INFO - Processing /opt/airflow/dags/dag2.py took 0.433 seconds
[2024-04-28T16:12:45.966+0000] {processor.py:161} INFO - Started process (PID=1811) to work on /opt/airflow/dags/dag2.py
[2024-04-28T16:12:45.968+0000] {processor.py:830} INFO - Processing file /opt/airflow/dags/dag2.py for tasks to queue
[2024-04-28T16:12:45.975+0000] {logging_mixin.py:188} INFO - [2024-04-28T16:12:45.974+0000] {dagbag.py:540} INFO - Filling up the DagBag from /opt/airflow/dags/dag2.py
[2024-04-28T16:12:46.012+0000] {processor.py:840} INFO - DAG(s) 'test_scheduled_dag_20minutes' retrieved from /opt/airflow/dags/dag2.py
[2024-04-28T16:12:46.092+0000] {logging_mixin.py:188} INFO - [2024-04-28T16:12:46.091+0000] {dag.py:3096} INFO - Sync 1 DAGs
[2024-04-28T16:12:46.167+0000] {logging_mixin.py:188} INFO - [2024-04-28T16:12:46.167+0000] {dag.py:3954} INFO - Setting next_dagrun for test_scheduled_dag_20minutes to 2024-04-28 16:00:00+00:00, run_after=2024-04-28 16:20:00+00:00
[2024-04-28T16:12:46.618+0000] {processor.py:183} INFO - Processing /opt/airflow/dags/dag2.py took 0.676 seconds
[2024-04-28T16:13:16.967+0000] {processor.py:161} INFO - Started process (PID=1874) to work on /opt/airflow/dags/dag2.py
[2024-04-28T16:13:16.979+0000] {processor.py:830} INFO - Processing file /opt/airflow/dags/dag2.py for tasks to queue
[2024-04-28T16:13:16.998+0000] {logging_mixin.py:188} INFO - [2024-04-28T16:13:16.992+0000] {dagbag.py:540} INFO - Filling up the DagBag from /opt/airflow/dags/dag2.py
[2024-04-28T16:13:17.046+0000] {processor.py:840} INFO - DAG(s) 'test_scheduled_dag_20minutes' retrieved from /opt/airflow/dags/dag2.py
[2024-04-28T16:13:17.145+0000] {logging_mixin.py:188} INFO - [2024-04-28T16:13:17.143+0000] {dag.py:3096} INFO - Sync 1 DAGs
[2024-04-28T16:13:17.267+0000] {logging_mixin.py:188} INFO - [2024-04-28T16:13:17.266+0000] {dag.py:3954} INFO - Setting next_dagrun for test_scheduled_dag_20minutes to 2024-04-28 16:00:00+00:00, run_after=2024-04-28 16:20:00+00:00
[2024-04-28T16:13:17.342+0000] {processor.py:183} INFO - Processing /opt/airflow/dags/dag2.py took 0.407 seconds
[2024-04-28T16:33:10.464+0000] {processor.py:161} INFO - Started process (PID=53) to work on /opt/airflow/dags/dag2.py
[2024-04-28T16:33:10.473+0000] {processor.py:830} INFO - Processing file /opt/airflow/dags/dag2.py for tasks to queue
[2024-04-28T16:33:10.484+0000] {logging_mixin.py:188} INFO - [2024-04-28T16:33:10.483+0000] {dagbag.py:540} INFO - Filling up the DagBag from /opt/airflow/dags/dag2.py
[2024-04-28T16:33:10.644+0000] {processor.py:840} INFO - DAG(s) 'test_scheduled_dag_20minutes' retrieved from /opt/airflow/dags/dag2.py
[2024-04-28T16:33:13.893+0000] {logging_mixin.py:188} INFO - [2024-04-28T16:33:13.891+0000] {dag.py:3096} INFO - Sync 1 DAGs
[2024-04-28T16:34:30.687+0000] {processor.py:161} INFO - Started process (PID=164) to work on /opt/airflow/dags/dag2.py
[2024-04-28T16:34:30.694+0000] {processor.py:830} INFO - Processing file /opt/airflow/dags/dag2.py for tasks to queue
[2024-04-28T16:34:30.715+0000] {logging_mixin.py:188} INFO - [2024-04-28T16:34:30.714+0000] {dagbag.py:540} INFO - Filling up the DagBag from /opt/airflow/dags/dag2.py
[2024-04-28T16:34:30.834+0000] {processor.py:840} INFO - DAG(s) 'test_scheduled_dag_20minutes' retrieved from /opt/airflow/dags/dag2.py
[2024-04-28T16:34:31.931+0000] {logging_mixin.py:188} INFO - [2024-04-28T16:34:31.930+0000] {dag.py:3096} INFO - Sync 1 DAGs
[2024-04-28T16:43:08.836+0000] {processor.py:161} INFO - Started process (PID=45) to work on /opt/airflow/dags/dag2.py
[2024-04-28T16:43:08.841+0000] {processor.py:830} INFO - Processing file /opt/airflow/dags/dag2.py for tasks to queue
[2024-04-28T16:43:08.857+0000] {logging_mixin.py:188} INFO - [2024-04-28T16:43:08.855+0000] {dagbag.py:540} INFO - Filling up the DagBag from /opt/airflow/dags/dag2.py
[2024-04-28T16:43:08.913+0000] {processor.py:840} INFO - DAG(s) 'test_scheduled_dag_20minutes' retrieved from /opt/airflow/dags/dag2.py
[2024-04-28T16:43:10.077+0000] {logging_mixin.py:188} INFO - [2024-04-28T16:43:10.070+0000] {dag.py:3096} INFO - Sync 1 DAGs
[2024-04-28T16:43:10.304+0000] {logging_mixin.py:188} INFO - [2024-04-28T16:43:10.303+0000] {dag.py:3954} INFO - Setting next_dagrun for test_scheduled_dag_20minutes to 2024-04-28 16:20:00+00:00, run_after=2024-04-28 16:40:00+00:00
[2024-04-28T16:43:10.530+0000] {processor.py:183} INFO - Processing /opt/airflow/dags/dag2.py took 1.726 seconds
[2024-04-28T16:43:44.286+0000] {processor.py:161} INFO - Started process (PID=108) to work on /opt/airflow/dags/dag2.py
[2024-04-28T16:43:44.289+0000] {processor.py:830} INFO - Processing file /opt/airflow/dags/dag2.py for tasks to queue
[2024-04-28T16:43:44.295+0000] {logging_mixin.py:188} INFO - [2024-04-28T16:43:44.294+0000] {dagbag.py:540} INFO - Filling up the DagBag from /opt/airflow/dags/dag2.py
[2024-04-28T16:43:44.324+0000] {processor.py:840} INFO - DAG(s) 'test_scheduled_dag_20minutes' retrieved from /opt/airflow/dags/dag2.py
[2024-04-28T16:43:44.391+0000] {logging_mixin.py:188} INFO - [2024-04-28T16:43:44.388+0000] {dag.py:3096} INFO - Sync 1 DAGs
[2024-04-28T16:43:44.486+0000] {logging_mixin.py:188} INFO - [2024-04-28T16:43:44.485+0000] {dag.py:3954} INFO - Setting next_dagrun for test_scheduled_dag_20minutes to 2024-04-28 16:40:00+00:00, run_after=2024-04-28 17:00:00+00:00
[2024-04-28T16:43:44.546+0000] {processor.py:183} INFO - Processing /opt/airflow/dags/dag2.py took 0.276 seconds
[2024-04-28T16:44:14.803+0000] {processor.py:161} INFO - Started process (PID=171) to work on /opt/airflow/dags/dag2.py
[2024-04-28T16:44:14.805+0000] {processor.py:830} INFO - Processing file /opt/airflow/dags/dag2.py for tasks to queue
[2024-04-28T16:44:14.812+0000] {logging_mixin.py:188} INFO - [2024-04-28T16:44:14.810+0000] {dagbag.py:540} INFO - Filling up the DagBag from /opt/airflow/dags/dag2.py
[2024-04-28T16:44:14.844+0000] {processor.py:840} INFO - DAG(s) 'test_scheduled_dag_20minutes' retrieved from /opt/airflow/dags/dag2.py
[2024-04-28T16:44:14.927+0000] {logging_mixin.py:188} INFO - [2024-04-28T16:44:14.926+0000] {dag.py:3096} INFO - Sync 1 DAGs
[2024-04-28T16:44:15.016+0000] {logging_mixin.py:188} INFO - [2024-04-28T16:44:15.015+0000] {dag.py:3954} INFO - Setting next_dagrun for test_scheduled_dag_20minutes to 2024-04-28 16:40:00+00:00, run_after=2024-04-28 17:00:00+00:00
[2024-04-28T16:44:15.085+0000] {processor.py:183} INFO - Processing /opt/airflow/dags/dag2.py took 0.302 seconds
[2024-04-28T16:44:45.474+0000] {processor.py:161} INFO - Started process (PID=234) to work on /opt/airflow/dags/dag2.py
[2024-04-28T16:44:45.477+0000] {processor.py:830} INFO - Processing file /opt/airflow/dags/dag2.py for tasks to queue
[2024-04-28T16:44:45.483+0000] {logging_mixin.py:188} INFO - [2024-04-28T16:44:45.482+0000] {dagbag.py:540} INFO - Filling up the DagBag from /opt/airflow/dags/dag2.py
[2024-04-28T16:44:45.511+0000] {processor.py:840} INFO - DAG(s) 'test_scheduled_dag_20minutes' retrieved from /opt/airflow/dags/dag2.py
[2024-04-28T16:44:45.582+0000] {logging_mixin.py:188} INFO - [2024-04-28T16:44:45.580+0000] {dag.py:3096} INFO - Sync 1 DAGs
[2024-04-28T16:44:45.670+0000] {logging_mixin.py:188} INFO - [2024-04-28T16:44:45.669+0000] {dag.py:3954} INFO - Setting next_dagrun for test_scheduled_dag_20minutes to 2024-04-28 16:40:00+00:00, run_after=2024-04-28 17:00:00+00:00
[2024-04-28T16:44:45.732+0000] {processor.py:183} INFO - Processing /opt/airflow/dags/dag2.py took 0.275 seconds
[2024-04-28T16:45:17.174+0000] {processor.py:161} INFO - Started process (PID=293) to work on /opt/airflow/dags/dag2.py
[2024-04-28T16:45:17.211+0000] {processor.py:830} INFO - Processing file /opt/airflow/dags/dag2.py for tasks to queue
[2024-04-28T16:45:17.219+0000] {logging_mixin.py:188} INFO - [2024-04-28T16:45:17.218+0000] {dagbag.py:540} INFO - Filling up the DagBag from /opt/airflow/dags/dag2.py
[2024-04-28T16:45:17.259+0000] {processor.py:840} INFO - DAG(s) 'test_scheduled_dag_20minutes' retrieved from /opt/airflow/dags/dag2.py
[2024-04-28T16:45:17.346+0000] {logging_mixin.py:188} INFO - [2024-04-28T16:45:17.344+0000] {dag.py:3096} INFO - Sync 1 DAGs
[2024-04-28T16:45:17.619+0000] {logging_mixin.py:188} INFO - [2024-04-28T16:45:17.618+0000] {dag.py:3954} INFO - Setting next_dagrun for test_scheduled_dag_20minutes to 2024-04-28 16:40:00+00:00, run_after=2024-04-28 17:00:00+00:00
[2024-04-28T16:45:17.770+0000] {processor.py:183} INFO - Processing /opt/airflow/dags/dag2.py took 0.643 seconds
[2024-04-28T16:45:48.415+0000] {processor.py:161} INFO - Started process (PID=356) to work on /opt/airflow/dags/dag2.py
[2024-04-28T16:45:48.419+0000] {processor.py:830} INFO - Processing file /opt/airflow/dags/dag2.py for tasks to queue
[2024-04-28T16:45:48.428+0000] {logging_mixin.py:188} INFO - [2024-04-28T16:45:48.427+0000] {dagbag.py:540} INFO - Filling up the DagBag from /opt/airflow/dags/dag2.py
[2024-04-28T16:45:48.467+0000] {processor.py:840} INFO - DAG(s) 'test_scheduled_dag_20minutes' retrieved from /opt/airflow/dags/dag2.py
[2024-04-28T16:45:48.549+0000] {logging_mixin.py:188} INFO - [2024-04-28T16:45:48.547+0000] {dag.py:3096} INFO - Sync 1 DAGs
[2024-04-28T16:45:48.658+0000] {logging_mixin.py:188} INFO - [2024-04-28T16:45:48.657+0000] {dag.py:3954} INFO - Setting next_dagrun for test_scheduled_dag_20minutes to 2024-04-28 16:40:00+00:00, run_after=2024-04-28 17:00:00+00:00
[2024-04-28T16:45:48.748+0000] {processor.py:183} INFO - Processing /opt/airflow/dags/dag2.py took 0.357 seconds
[2024-04-28T16:46:19.062+0000] {processor.py:161} INFO - Started process (PID=419) to work on /opt/airflow/dags/dag2.py
[2024-04-28T16:46:19.065+0000] {processor.py:830} INFO - Processing file /opt/airflow/dags/dag2.py for tasks to queue
[2024-04-28T16:46:19.071+0000] {logging_mixin.py:188} INFO - [2024-04-28T16:46:19.070+0000] {dagbag.py:540} INFO - Filling up the DagBag from /opt/airflow/dags/dag2.py
[2024-04-28T16:46:19.101+0000] {processor.py:840} INFO - DAG(s) 'test_scheduled_dag_20minutes' retrieved from /opt/airflow/dags/dag2.py
[2024-04-28T16:46:19.168+0000] {logging_mixin.py:188} INFO - [2024-04-28T16:46:19.166+0000] {dag.py:3096} INFO - Sync 1 DAGs
[2024-04-28T16:46:19.256+0000] {logging_mixin.py:188} INFO - [2024-04-28T16:46:19.255+0000] {dag.py:3954} INFO - Setting next_dagrun for test_scheduled_dag_20minutes to 2024-04-28 16:40:00+00:00, run_after=2024-04-28 17:00:00+00:00
[2024-04-28T16:46:19.323+0000] {processor.py:183} INFO - Processing /opt/airflow/dags/dag2.py took 0.279 seconds
[2024-04-28T16:46:49.732+0000] {processor.py:161} INFO - Started process (PID=482) to work on /opt/airflow/dags/dag2.py
[2024-04-28T16:46:49.736+0000] {processor.py:830} INFO - Processing file /opt/airflow/dags/dag2.py for tasks to queue
[2024-04-28T16:46:49.742+0000] {logging_mixin.py:188} INFO - [2024-04-28T16:46:49.741+0000] {dagbag.py:540} INFO - Filling up the DagBag from /opt/airflow/dags/dag2.py
[2024-04-28T16:46:49.770+0000] {processor.py:840} INFO - DAG(s) 'test_scheduled_dag_20minutes' retrieved from /opt/airflow/dags/dag2.py
[2024-04-28T16:46:49.843+0000] {logging_mixin.py:188} INFO - [2024-04-28T16:46:49.841+0000] {dag.py:3096} INFO - Sync 1 DAGs
[2024-04-28T16:46:49.923+0000] {logging_mixin.py:188} INFO - [2024-04-28T16:46:49.922+0000] {dag.py:3954} INFO - Setting next_dagrun for test_scheduled_dag_20minutes to 2024-04-28 16:40:00+00:00, run_after=2024-04-28 17:00:00+00:00
[2024-04-28T16:46:50.017+0000] {processor.py:183} INFO - Processing /opt/airflow/dags/dag2.py took 0.302 seconds
[2024-04-28T16:47:20.614+0000] {processor.py:161} INFO - Started process (PID=545) to work on /opt/airflow/dags/dag2.py
[2024-04-28T16:47:20.618+0000] {processor.py:830} INFO - Processing file /opt/airflow/dags/dag2.py for tasks to queue
[2024-04-28T16:47:20.630+0000] {logging_mixin.py:188} INFO - [2024-04-28T16:47:20.628+0000] {dagbag.py:540} INFO - Filling up the DagBag from /opt/airflow/dags/dag2.py
[2024-04-28T16:47:20.674+0000] {processor.py:840} INFO - DAG(s) 'test_scheduled_dag_20minutes' retrieved from /opt/airflow/dags/dag2.py
[2024-04-28T16:47:20.807+0000] {logging_mixin.py:188} INFO - [2024-04-28T16:47:20.800+0000] {dag.py:3096} INFO - Sync 1 DAGs
[2024-04-28T16:47:20.999+0000] {logging_mixin.py:188} INFO - [2024-04-28T16:47:20.998+0000] {dag.py:3954} INFO - Setting next_dagrun for test_scheduled_dag_20minutes to 2024-04-28 16:40:00+00:00, run_after=2024-04-28 17:00:00+00:00
[2024-04-28T16:47:21.115+0000] {processor.py:183} INFO - Processing /opt/airflow/dags/dag2.py took 0.536 seconds
[2024-04-28T16:47:51.653+0000] {processor.py:161} INFO - Started process (PID=608) to work on /opt/airflow/dags/dag2.py
[2024-04-28T16:47:51.657+0000] {processor.py:830} INFO - Processing file /opt/airflow/dags/dag2.py for tasks to queue
[2024-04-28T16:47:51.664+0000] {logging_mixin.py:188} INFO - [2024-04-28T16:47:51.663+0000] {dagbag.py:540} INFO - Filling up the DagBag from /opt/airflow/dags/dag2.py
[2024-04-28T16:47:51.711+0000] {processor.py:840} INFO - DAG(s) 'test_scheduled_dag_20minutes' retrieved from /opt/airflow/dags/dag2.py
[2024-04-28T16:47:51.832+0000] {logging_mixin.py:188} INFO - [2024-04-28T16:47:51.829+0000] {dag.py:3096} INFO - Sync 1 DAGs
[2024-04-28T16:47:51.964+0000] {logging_mixin.py:188} INFO - [2024-04-28T16:47:51.963+0000] {dag.py:3954} INFO - Setting next_dagrun for test_scheduled_dag_20minutes to 2024-04-28 16:40:00+00:00, run_after=2024-04-28 17:00:00+00:00
[2024-04-28T16:47:52.045+0000] {processor.py:183} INFO - Processing /opt/airflow/dags/dag2.py took 0.414 seconds
[2024-04-28T16:48:22.217+0000] {processor.py:161} INFO - Started process (PID=672) to work on /opt/airflow/dags/dag2.py
[2024-04-28T16:48:22.222+0000] {processor.py:830} INFO - Processing file /opt/airflow/dags/dag2.py for tasks to queue
[2024-04-28T16:48:22.229+0000] {logging_mixin.py:188} INFO - [2024-04-28T16:48:22.227+0000] {dagbag.py:540} INFO - Filling up the DagBag from /opt/airflow/dags/dag2.py
[2024-04-28T16:48:22.260+0000] {processor.py:840} INFO - DAG(s) 'test_scheduled_dag_20minutes' retrieved from /opt/airflow/dags/dag2.py
[2024-04-28T16:48:22.326+0000] {logging_mixin.py:188} INFO - [2024-04-28T16:48:22.324+0000] {dag.py:3096} INFO - Sync 1 DAGs
[2024-04-28T16:48:22.407+0000] {logging_mixin.py:188} INFO - [2024-04-28T16:48:22.407+0000] {dag.py:3954} INFO - Setting next_dagrun for test_scheduled_dag_20minutes to 2024-04-28 16:40:00+00:00, run_after=2024-04-28 17:00:00+00:00
[2024-04-28T16:48:22.466+0000] {processor.py:183} INFO - Processing /opt/airflow/dags/dag2.py took 0.268 seconds
[2024-04-28T16:48:53.471+0000] {processor.py:161} INFO - Started process (PID=735) to work on /opt/airflow/dags/dag2.py
[2024-04-28T16:48:53.474+0000] {processor.py:830} INFO - Processing file /opt/airflow/dags/dag2.py for tasks to queue
[2024-04-28T16:48:53.480+0000] {logging_mixin.py:188} INFO - [2024-04-28T16:48:53.478+0000] {dagbag.py:540} INFO - Filling up the DagBag from /opt/airflow/dags/dag2.py
[2024-04-28T16:48:53.508+0000] {processor.py:840} INFO - DAG(s) 'test_scheduled_dag_20minutes' retrieved from /opt/airflow/dags/dag2.py
[2024-04-28T16:48:53.572+0000] {logging_mixin.py:188} INFO - [2024-04-28T16:48:53.570+0000] {dag.py:3096} INFO - Sync 1 DAGs
[2024-04-28T16:48:53.651+0000] {logging_mixin.py:188} INFO - [2024-04-28T16:48:53.650+0000] {dag.py:3954} INFO - Setting next_dagrun for test_scheduled_dag_20minutes to 2024-04-28 16:40:00+00:00, run_after=2024-04-28 17:00:00+00:00
[2024-04-28T16:48:53.713+0000] {processor.py:183} INFO - Processing /opt/airflow/dags/dag2.py took 0.258 seconds
[2024-04-28T16:49:24.077+0000] {processor.py:161} INFO - Started process (PID=795) to work on /opt/airflow/dags/dag2.py
[2024-04-28T16:49:24.080+0000] {processor.py:830} INFO - Processing file /opt/airflow/dags/dag2.py for tasks to queue
[2024-04-28T16:49:24.086+0000] {logging_mixin.py:188} INFO - [2024-04-28T16:49:24.085+0000] {dagbag.py:540} INFO - Filling up the DagBag from /opt/airflow/dags/dag2.py
[2024-04-28T16:49:24.124+0000] {processor.py:840} INFO - DAG(s) 'test_scheduled_dag_20minutes' retrieved from /opt/airflow/dags/dag2.py
[2024-04-28T16:49:24.216+0000] {logging_mixin.py:188} INFO - [2024-04-28T16:49:24.213+0000] {dag.py:3096} INFO - Sync 1 DAGs
[2024-04-28T16:49:24.321+0000] {logging_mixin.py:188} INFO - [2024-04-28T16:49:24.320+0000] {dag.py:3954} INFO - Setting next_dagrun for test_scheduled_dag_20minutes to 2024-04-28 16:40:00+00:00, run_after=2024-04-28 17:00:00+00:00
[2024-04-28T16:49:24.382+0000] {processor.py:183} INFO - Processing /opt/airflow/dags/dag2.py took 0.326 seconds
[2024-04-28T16:49:54.883+0000] {processor.py:161} INFO - Started process (PID=857) to work on /opt/airflow/dags/dag2.py
[2024-04-28T16:49:54.886+0000] {processor.py:830} INFO - Processing file /opt/airflow/dags/dag2.py for tasks to queue
[2024-04-28T16:49:54.894+0000] {logging_mixin.py:188} INFO - [2024-04-28T16:49:54.893+0000] {dagbag.py:540} INFO - Filling up the DagBag from /opt/airflow/dags/dag2.py
[2024-04-28T16:49:54.939+0000] {processor.py:840} INFO - DAG(s) 'test_scheduled_dag_20minutes' retrieved from /opt/airflow/dags/dag2.py
[2024-04-28T16:49:55.022+0000] {logging_mixin.py:188} INFO - [2024-04-28T16:49:55.020+0000] {dag.py:3096} INFO - Sync 1 DAGs
[2024-04-28T16:49:55.141+0000] {logging_mixin.py:188} INFO - [2024-04-28T16:49:55.140+0000] {dag.py:3954} INFO - Setting next_dagrun for test_scheduled_dag_20minutes to 2024-04-28 16:40:00+00:00, run_after=2024-04-28 17:00:00+00:00
[2024-04-28T16:49:55.234+0000] {processor.py:183} INFO - Processing /opt/airflow/dags/dag2.py took 0.379 seconds
[2024-04-28T16:50:25.409+0000] {processor.py:161} INFO - Started process (PID=920) to work on /opt/airflow/dags/dag2.py
[2024-04-28T16:50:25.414+0000] {processor.py:830} INFO - Processing file /opt/airflow/dags/dag2.py for tasks to queue
[2024-04-28T16:50:25.421+0000] {logging_mixin.py:188} INFO - [2024-04-28T16:50:25.419+0000] {dagbag.py:540} INFO - Filling up the DagBag from /opt/airflow/dags/dag2.py
[2024-04-28T16:50:25.451+0000] {processor.py:840} INFO - DAG(s) 'test_scheduled_dag_20minutes' retrieved from /opt/airflow/dags/dag2.py
[2024-04-28T16:50:25.517+0000] {logging_mixin.py:188} INFO - [2024-04-28T16:50:25.515+0000] {dag.py:3096} INFO - Sync 1 DAGs
[2024-04-28T16:50:25.599+0000] {logging_mixin.py:188} INFO - [2024-04-28T16:50:25.598+0000] {dag.py:3954} INFO - Setting next_dagrun for test_scheduled_dag_20minutes to 2024-04-28 16:40:00+00:00, run_after=2024-04-28 17:00:00+00:00
[2024-04-28T16:50:25.661+0000] {processor.py:183} INFO - Processing /opt/airflow/dags/dag2.py took 0.270 seconds
[2024-04-28T16:50:55.946+0000] {processor.py:161} INFO - Started process (PID=983) to work on /opt/airflow/dags/dag2.py
[2024-04-28T16:50:55.948+0000] {processor.py:830} INFO - Processing file /opt/airflow/dags/dag2.py for tasks to queue
[2024-04-28T16:50:55.955+0000] {logging_mixin.py:188} INFO - [2024-04-28T16:50:55.954+0000] {dagbag.py:540} INFO - Filling up the DagBag from /opt/airflow/dags/dag2.py
[2024-04-28T16:50:55.995+0000] {processor.py:840} INFO - DAG(s) 'test_scheduled_dag_20minutes' retrieved from /opt/airflow/dags/dag2.py
[2024-04-28T16:50:56.081+0000] {logging_mixin.py:188} INFO - [2024-04-28T16:50:56.079+0000] {dag.py:3096} INFO - Sync 1 DAGs
[2024-04-28T16:50:56.171+0000] {logging_mixin.py:188} INFO - [2024-04-28T16:50:56.170+0000] {dag.py:3954} INFO - Setting next_dagrun for test_scheduled_dag_20minutes to 2024-04-28 16:40:00+00:00, run_after=2024-04-28 17:00:00+00:00
[2024-04-28T16:50:56.248+0000] {processor.py:183} INFO - Processing /opt/airflow/dags/dag2.py took 0.319 seconds
[2024-04-28T16:51:26.654+0000] {processor.py:161} INFO - Started process (PID=1046) to work on /opt/airflow/dags/dag2.py
[2024-04-28T16:51:26.658+0000] {processor.py:830} INFO - Processing file /opt/airflow/dags/dag2.py for tasks to queue
[2024-04-28T16:51:26.664+0000] {logging_mixin.py:188} INFO - [2024-04-28T16:51:26.663+0000] {dagbag.py:540} INFO - Filling up the DagBag from /opt/airflow/dags/dag2.py
[2024-04-28T16:51:26.699+0000] {processor.py:840} INFO - DAG(s) 'test_scheduled_dag_20minutes' retrieved from /opt/airflow/dags/dag2.py
[2024-04-28T16:51:26.768+0000] {logging_mixin.py:188} INFO - [2024-04-28T16:51:26.767+0000] {dag.py:3096} INFO - Sync 1 DAGs
[2024-04-28T16:51:26.860+0000] {logging_mixin.py:188} INFO - [2024-04-28T16:51:26.860+0000] {dag.py:3954} INFO - Setting next_dagrun for test_scheduled_dag_20minutes to 2024-04-28 16:40:00+00:00, run_after=2024-04-28 17:00:00+00:00
[2024-04-28T16:51:26.930+0000] {processor.py:183} INFO - Processing /opt/airflow/dags/dag2.py took 0.297 seconds
[2024-04-28T16:51:57.398+0000] {processor.py:161} INFO - Started process (PID=1109) to work on /opt/airflow/dags/dag2.py
[2024-04-28T16:51:57.404+0000] {processor.py:830} INFO - Processing file /opt/airflow/dags/dag2.py for tasks to queue
[2024-04-28T16:51:57.410+0000] {logging_mixin.py:188} INFO - [2024-04-28T16:51:57.409+0000] {dagbag.py:540} INFO - Filling up the DagBag from /opt/airflow/dags/dag2.py
[2024-04-28T16:51:57.443+0000] {processor.py:840} INFO - DAG(s) 'test_scheduled_dag_20minutes' retrieved from /opt/airflow/dags/dag2.py
[2024-04-28T16:51:57.514+0000] {logging_mixin.py:188} INFO - [2024-04-28T16:51:57.512+0000] {dag.py:3096} INFO - Sync 1 DAGs
[2024-04-28T16:51:57.612+0000] {logging_mixin.py:188} INFO - [2024-04-28T16:51:57.611+0000] {dag.py:3954} INFO - Setting next_dagrun for test_scheduled_dag_20minutes to 2024-04-28 16:40:00+00:00, run_after=2024-04-28 17:00:00+00:00
[2024-04-28T16:51:57.676+0000] {processor.py:183} INFO - Processing /opt/airflow/dags/dag2.py took 0.298 seconds
[2024-04-28T16:52:28.465+0000] {processor.py:161} INFO - Started process (PID=1171) to work on /opt/airflow/dags/dag2.py
[2024-04-28T16:52:28.468+0000] {processor.py:830} INFO - Processing file /opt/airflow/dags/dag2.py for tasks to queue
[2024-04-28T16:52:28.473+0000] {logging_mixin.py:188} INFO - [2024-04-28T16:52:28.472+0000] {dagbag.py:540} INFO - Filling up the DagBag from /opt/airflow/dags/dag2.py
[2024-04-28T16:52:28.498+0000] {processor.py:840} INFO - DAG(s) 'test_scheduled_dag_20minutes' retrieved from /opt/airflow/dags/dag2.py
[2024-04-28T16:52:28.550+0000] {logging_mixin.py:188} INFO - [2024-04-28T16:52:28.548+0000] {dag.py:3096} INFO - Sync 1 DAGs
[2024-04-28T16:52:28.616+0000] {logging_mixin.py:188} INFO - [2024-04-28T16:52:28.616+0000] {dag.py:3954} INFO - Setting next_dagrun for test_scheduled_dag_20minutes to 2024-04-28 16:40:00+00:00, run_after=2024-04-28 17:00:00+00:00
[2024-04-28T16:52:28.666+0000] {processor.py:183} INFO - Processing /opt/airflow/dags/dag2.py took 0.215 seconds
[2024-04-28T16:52:59.672+0000] {processor.py:161} INFO - Started process (PID=1234) to work on /opt/airflow/dags/dag2.py
[2024-04-28T16:52:59.675+0000] {processor.py:830} INFO - Processing file /opt/airflow/dags/dag2.py for tasks to queue
[2024-04-28T16:52:59.682+0000] {logging_mixin.py:188} INFO - [2024-04-28T16:52:59.681+0000] {dagbag.py:540} INFO - Filling up the DagBag from /opt/airflow/dags/dag2.py
[2024-04-28T16:52:59.711+0000] {processor.py:840} INFO - DAG(s) 'test_scheduled_dag_20minutes' retrieved from /opt/airflow/dags/dag2.py
[2024-04-28T16:52:59.773+0000] {logging_mixin.py:188} INFO - [2024-04-28T16:52:59.772+0000] {dag.py:3096} INFO - Sync 1 DAGs
[2024-04-28T16:52:59.854+0000] {logging_mixin.py:188} INFO - [2024-04-28T16:52:59.853+0000] {dag.py:3954} INFO - Setting next_dagrun for test_scheduled_dag_20minutes to 2024-04-28 16:40:00+00:00, run_after=2024-04-28 17:00:00+00:00
[2024-04-28T16:52:59.931+0000] {processor.py:183} INFO - Processing /opt/airflow/dags/dag2.py took 0.276 seconds
[2024-04-28T16:53:30.650+0000] {processor.py:161} INFO - Started process (PID=1297) to work on /opt/airflow/dags/dag2.py
[2024-04-28T16:53:30.654+0000] {processor.py:830} INFO - Processing file /opt/airflow/dags/dag2.py for tasks to queue
[2024-04-28T16:53:30.660+0000] {logging_mixin.py:188} INFO - [2024-04-28T16:53:30.659+0000] {dagbag.py:540} INFO - Filling up the DagBag from /opt/airflow/dags/dag2.py
[2024-04-28T16:53:30.685+0000] {processor.py:840} INFO - DAG(s) 'test_scheduled_dag_20minutes' retrieved from /opt/airflow/dags/dag2.py
[2024-04-28T16:53:30.736+0000] {logging_mixin.py:188} INFO - [2024-04-28T16:53:30.735+0000] {dag.py:3096} INFO - Sync 1 DAGs
[2024-04-28T16:53:30.801+0000] {logging_mixin.py:188} INFO - [2024-04-28T16:53:30.801+0000] {dag.py:3954} INFO - Setting next_dagrun for test_scheduled_dag_20minutes to 2024-04-28 16:40:00+00:00, run_after=2024-04-28 17:00:00+00:00
[2024-04-28T16:53:30.849+0000] {processor.py:183} INFO - Processing /opt/airflow/dags/dag2.py took 0.215 seconds
[2024-04-28T16:54:01.709+0000] {processor.py:161} INFO - Started process (PID=1360) to work on /opt/airflow/dags/dag2.py
[2024-04-28T16:54:01.712+0000] {processor.py:830} INFO - Processing file /opt/airflow/dags/dag2.py for tasks to queue
[2024-04-28T16:54:01.720+0000] {logging_mixin.py:188} INFO - [2024-04-28T16:54:01.718+0000] {dagbag.py:540} INFO - Filling up the DagBag from /opt/airflow/dags/dag2.py
[2024-04-28T16:54:01.756+0000] {processor.py:840} INFO - DAG(s) 'test_scheduled_dag_20minutes' retrieved from /opt/airflow/dags/dag2.py
[2024-04-28T16:54:01.832+0000] {logging_mixin.py:188} INFO - [2024-04-28T16:54:01.830+0000] {dag.py:3096} INFO - Sync 1 DAGs
[2024-04-28T16:54:01.946+0000] {logging_mixin.py:188} INFO - [2024-04-28T16:54:01.946+0000] {dag.py:3954} INFO - Setting next_dagrun for test_scheduled_dag_20minutes to 2024-04-28 16:40:00+00:00, run_after=2024-04-28 17:00:00+00:00
[2024-04-28T16:54:02.004+0000] {processor.py:183} INFO - Processing /opt/airflow/dags/dag2.py took 0.320 seconds
[2024-04-28T16:54:32.885+0000] {processor.py:161} INFO - Started process (PID=1428) to work on /opt/airflow/dags/dag2.py
[2024-04-28T16:54:32.894+0000] {processor.py:830} INFO - Processing file /opt/airflow/dags/dag2.py for tasks to queue
[2024-04-28T16:54:32.928+0000] {logging_mixin.py:188} INFO - [2024-04-28T16:54:32.908+0000] {dagbag.py:540} INFO - Filling up the DagBag from /opt/airflow/dags/dag2.py
[2024-04-28T16:54:32.981+0000] {processor.py:840} INFO - DAG(s) 'test_scheduled_dag_20minutes' retrieved from /opt/airflow/dags/dag2.py
[2024-04-28T16:54:33.103+0000] {logging_mixin.py:188} INFO - [2024-04-28T16:54:33.101+0000] {dag.py:3096} INFO - Sync 1 DAGs
[2024-04-28T16:54:33.304+0000] {logging_mixin.py:188} INFO - [2024-04-28T16:54:33.303+0000] {dag.py:3954} INFO - Setting next_dagrun for test_scheduled_dag_20minutes to 2024-04-28 16:40:00+00:00, run_after=2024-04-28 17:00:00+00:00
[2024-04-28T16:54:33.507+0000] {processor.py:183} INFO - Processing /opt/airflow/dags/dag2.py took 0.676 seconds
[2024-04-28T16:55:03.872+0000] {processor.py:161} INFO - Started process (PID=1491) to work on /opt/airflow/dags/dag2.py
[2024-04-28T16:55:03.876+0000] {processor.py:830} INFO - Processing file /opt/airflow/dags/dag2.py for tasks to queue
[2024-04-28T16:55:03.882+0000] {logging_mixin.py:188} INFO - [2024-04-28T16:55:03.881+0000] {dagbag.py:540} INFO - Filling up the DagBag from /opt/airflow/dags/dag2.py
[2024-04-28T16:55:03.912+0000] {processor.py:840} INFO - DAG(s) 'test_scheduled_dag_20minutes' retrieved from /opt/airflow/dags/dag2.py
[2024-04-28T16:55:03.980+0000] {logging_mixin.py:188} INFO - [2024-04-28T16:55:03.979+0000] {dag.py:3096} INFO - Sync 1 DAGs
[2024-04-28T16:55:04.073+0000] {logging_mixin.py:188} INFO - [2024-04-28T16:55:04.072+0000] {dag.py:3954} INFO - Setting next_dagrun for test_scheduled_dag_20minutes to 2024-04-28 16:40:00+00:00, run_after=2024-04-28 17:00:00+00:00
[2024-04-28T16:55:04.128+0000] {processor.py:183} INFO - Processing /opt/airflow/dags/dag2.py took 0.273 seconds
[2024-04-28T16:55:34.532+0000] {processor.py:161} INFO - Started process (PID=1554) to work on /opt/airflow/dags/dag2.py
[2024-04-28T16:55:34.535+0000] {processor.py:830} INFO - Processing file /opt/airflow/dags/dag2.py for tasks to queue
[2024-04-28T16:55:34.543+0000] {logging_mixin.py:188} INFO - [2024-04-28T16:55:34.542+0000] {dagbag.py:540} INFO - Filling up the DagBag from /opt/airflow/dags/dag2.py
[2024-04-28T16:55:34.573+0000] {processor.py:840} INFO - DAG(s) 'test_scheduled_dag_20minutes' retrieved from /opt/airflow/dags/dag2.py
[2024-04-28T16:55:34.637+0000] {logging_mixin.py:188} INFO - [2024-04-28T16:55:34.636+0000] {dag.py:3096} INFO - Sync 1 DAGs
[2024-04-28T16:55:34.714+0000] {logging_mixin.py:188} INFO - [2024-04-28T16:55:34.713+0000] {dag.py:3954} INFO - Setting next_dagrun for test_scheduled_dag_20minutes to 2024-04-28 16:40:00+00:00, run_after=2024-04-28 17:00:00+00:00
[2024-04-28T16:55:34.771+0000] {processor.py:183} INFO - Processing /opt/airflow/dags/dag2.py took 0.258 seconds
[2024-04-28T16:56:05.341+0000] {processor.py:161} INFO - Started process (PID=1618) to work on /opt/airflow/dags/dag2.py
[2024-04-28T16:56:05.345+0000] {processor.py:830} INFO - Processing file /opt/airflow/dags/dag2.py for tasks to queue
[2024-04-28T16:56:05.355+0000] {logging_mixin.py:188} INFO - [2024-04-28T16:56:05.353+0000] {dagbag.py:540} INFO - Filling up the DagBag from /opt/airflow/dags/dag2.py
[2024-04-28T16:56:05.402+0000] {processor.py:840} INFO - DAG(s) 'test_scheduled_dag_20minutes' retrieved from /opt/airflow/dags/dag2.py
[2024-04-28T16:56:05.504+0000] {logging_mixin.py:188} INFO - [2024-04-28T16:56:05.502+0000] {dag.py:3096} INFO - Sync 1 DAGs
[2024-04-28T16:56:05.651+0000] {logging_mixin.py:188} INFO - [2024-04-28T16:56:05.650+0000] {dag.py:3954} INFO - Setting next_dagrun for test_scheduled_dag_20minutes to 2024-04-28 16:40:00+00:00, run_after=2024-04-28 17:00:00+00:00
[2024-04-28T16:56:05.764+0000] {processor.py:183} INFO - Processing /opt/airflow/dags/dag2.py took 0.447 seconds
[2024-04-28T16:56:36.911+0000] {processor.py:161} INFO - Started process (PID=1681) to work on /opt/airflow/dags/dag2.py
[2024-04-28T16:56:36.920+0000] {processor.py:830} INFO - Processing file /opt/airflow/dags/dag2.py for tasks to queue
[2024-04-28T16:56:36.956+0000] {logging_mixin.py:188} INFO - [2024-04-28T16:56:36.955+0000] {dagbag.py:540} INFO - Filling up the DagBag from /opt/airflow/dags/dag2.py
[2024-04-28T16:56:37.197+0000] {processor.py:840} INFO - DAG(s) 'test_scheduled_dag_20minutes' retrieved from /opt/airflow/dags/dag2.py
[2024-04-28T16:56:37.499+0000] {logging_mixin.py:188} INFO - [2024-04-28T16:56:37.497+0000] {dag.py:3096} INFO - Sync 1 DAGs
[2024-04-28T16:56:37.889+0000] {logging_mixin.py:188} INFO - [2024-04-28T16:56:37.877+0000] {dag.py:3954} INFO - Setting next_dagrun for test_scheduled_dag_20minutes to 2024-04-28 16:40:00+00:00, run_after=2024-04-28 17:00:00+00:00
[2024-04-28T16:56:38.178+0000] {processor.py:183} INFO - Processing /opt/airflow/dags/dag2.py took 1.404 seconds
[2024-04-28T16:57:08.472+0000] {processor.py:161} INFO - Started process (PID=1744) to work on /opt/airflow/dags/dag2.py
[2024-04-28T16:57:08.480+0000] {processor.py:830} INFO - Processing file /opt/airflow/dags/dag2.py for tasks to queue
[2024-04-28T16:57:08.491+0000] {logging_mixin.py:188} INFO - [2024-04-28T16:57:08.489+0000] {dagbag.py:540} INFO - Filling up the DagBag from /opt/airflow/dags/dag2.py
[2024-04-28T16:57:08.538+0000] {processor.py:840} INFO - DAG(s) 'test_scheduled_dag_20minutes' retrieved from /opt/airflow/dags/dag2.py
[2024-04-28T16:57:08.726+0000] {logging_mixin.py:188} INFO - [2024-04-28T16:57:08.724+0000] {dag.py:3096} INFO - Sync 1 DAGs
[2024-04-28T16:57:08.864+0000] {logging_mixin.py:188} INFO - [2024-04-28T16:57:08.863+0000] {dag.py:3954} INFO - Setting next_dagrun for test_scheduled_dag_20minutes to 2024-04-28 16:40:00+00:00, run_after=2024-04-28 17:00:00+00:00
[2024-04-28T16:57:09.011+0000] {processor.py:183} INFO - Processing /opt/airflow/dags/dag2.py took 0.565 seconds
[2024-04-28T16:57:39.267+0000] {processor.py:161} INFO - Started process (PID=1806) to work on /opt/airflow/dags/dag2.py
[2024-04-28T16:57:39.270+0000] {processor.py:830} INFO - Processing file /opt/airflow/dags/dag2.py for tasks to queue
[2024-04-28T16:57:39.276+0000] {logging_mixin.py:188} INFO - [2024-04-28T16:57:39.275+0000] {dagbag.py:540} INFO - Filling up the DagBag from /opt/airflow/dags/dag2.py
[2024-04-28T16:57:39.316+0000] {processor.py:840} INFO - DAG(s) 'test_scheduled_dag_20minutes' retrieved from /opt/airflow/dags/dag2.py
[2024-04-28T16:57:39.380+0000] {logging_mixin.py:188} INFO - [2024-04-28T16:57:39.378+0000] {dag.py:3096} INFO - Sync 1 DAGs
[2024-04-28T16:57:39.471+0000] {logging_mixin.py:188} INFO - [2024-04-28T16:57:39.470+0000] {dag.py:3954} INFO - Setting next_dagrun for test_scheduled_dag_20minutes to 2024-04-28 16:40:00+00:00, run_after=2024-04-28 17:00:00+00:00
[2024-04-28T16:57:39.546+0000] {processor.py:183} INFO - Processing /opt/airflow/dags/dag2.py took 0.297 seconds
[2024-04-28T16:58:09.854+0000] {processor.py:161} INFO - Started process (PID=1870) to work on /opt/airflow/dags/dag2.py
[2024-04-28T16:58:09.857+0000] {processor.py:830} INFO - Processing file /opt/airflow/dags/dag2.py for tasks to queue
[2024-04-28T16:58:09.864+0000] {logging_mixin.py:188} INFO - [2024-04-28T16:58:09.862+0000] {dagbag.py:540} INFO - Filling up the DagBag from /opt/airflow/dags/dag2.py
[2024-04-28T16:58:09.890+0000] {processor.py:840} INFO - DAG(s) 'test_scheduled_dag_20minutes' retrieved from /opt/airflow/dags/dag2.py
[2024-04-28T16:58:09.944+0000] {logging_mixin.py:188} INFO - [2024-04-28T16:58:09.943+0000] {dag.py:3096} INFO - Sync 1 DAGs
[2024-04-28T16:58:10.010+0000] {logging_mixin.py:188} INFO - [2024-04-28T16:58:10.009+0000] {dag.py:3954} INFO - Setting next_dagrun for test_scheduled_dag_20minutes to 2024-04-28 16:40:00+00:00, run_after=2024-04-28 17:00:00+00:00
[2024-04-28T16:58:10.088+0000] {processor.py:183} INFO - Processing /opt/airflow/dags/dag2.py took 0.251 seconds
[2024-04-28T16:58:40.431+0000] {processor.py:161} INFO - Started process (PID=1933) to work on /opt/airflow/dags/dag2.py
[2024-04-28T16:58:40.434+0000] {processor.py:830} INFO - Processing file /opt/airflow/dags/dag2.py for tasks to queue
[2024-04-28T16:58:40.441+0000] {logging_mixin.py:188} INFO - [2024-04-28T16:58:40.440+0000] {dagbag.py:540} INFO - Filling up the DagBag from /opt/airflow/dags/dag2.py
[2024-04-28T16:58:40.478+0000] {processor.py:840} INFO - DAG(s) 'test_scheduled_dag_20minutes' retrieved from /opt/airflow/dags/dag2.py
[2024-04-28T16:58:40.549+0000] {logging_mixin.py:188} INFO - [2024-04-28T16:58:40.547+0000] {dag.py:3096} INFO - Sync 1 DAGs
[2024-04-28T16:58:40.650+0000] {logging_mixin.py:188} INFO - [2024-04-28T16:58:40.649+0000] {dag.py:3954} INFO - Setting next_dagrun for test_scheduled_dag_20minutes to 2024-04-28 16:40:00+00:00, run_after=2024-04-28 17:00:00+00:00
[2024-04-28T16:58:40.714+0000] {processor.py:183} INFO - Processing /opt/airflow/dags/dag2.py took 0.303 seconds
