[2024-04-28T15:35:42.938+0000] {processor.py:161} INFO - Started process (PID=57) to work on /opt/airflow/dags/dag4.py
[2024-04-28T15:35:42.941+0000] {processor.py:830} INFO - Processing file /opt/airflow/dags/dag4.py for tasks to queue
[2024-04-28T15:35:42.982+0000] {logging_mixin.py:188} INFO - [2024-04-28T15:35:42.974+0000] {dagbag.py:540} INFO - Filling up the DagBag from /opt/airflow/dags/dag4.py
[2024-04-28T15:35:43.276+0000] {processor.py:840} INFO - DAG(s) 'Dan_dag_1' retrieved from /opt/airflow/dags/dag4.py
[2024-04-28T15:35:44.704+0000] {logging_mixin.py:188} INFO - [2024-04-28T15:35:44.702+0000] {dag.py:3096} INFO - Sync 1 DAGs
[2024-04-28T15:35:44.931+0000] {logging_mixin.py:188} INFO - [2024-04-28T15:35:44.930+0000] {dag.py:3954} INFO - Setting next_dagrun for Dan_dag_1 to 2024-03-29 07:30:15.000100+00:00, run_after=2024-03-30 07:30:15.000100+00:00
[2024-04-28T15:35:45.140+0000] {processor.py:183} INFO - Processing /opt/airflow/dags/dag4.py took 2.286 seconds
[2024-04-28T15:36:28.038+0000] {processor.py:161} INFO - Started process (PID=120) to work on /opt/airflow/dags/dag4.py
[2024-04-28T15:36:28.042+0000] {processor.py:830} INFO - Processing file /opt/airflow/dags/dag4.py for tasks to queue
[2024-04-28T15:36:28.056+0000] {logging_mixin.py:188} INFO - [2024-04-28T15:36:28.054+0000] {dagbag.py:540} INFO - Filling up the DagBag from /opt/airflow/dags/dag4.py
[2024-04-28T15:36:28.108+0000] {processor.py:840} INFO - DAG(s) 'Dan_dag_1' retrieved from /opt/airflow/dags/dag4.py
[2024-04-28T15:36:28.226+0000] {logging_mixin.py:188} INFO - [2024-04-28T15:36:28.220+0000] {dag.py:3096} INFO - Sync 1 DAGs
[2024-04-28T15:36:28.414+0000] {logging_mixin.py:188} INFO - [2024-04-28T15:36:28.412+0000] {dag.py:3954} INFO - Setting next_dagrun for Dan_dag_1 to 2024-03-29 07:30:15.000100+00:00, run_after=2024-03-30 07:30:15.000100+00:00
[2024-04-28T15:36:28.529+0000] {processor.py:183} INFO - Processing /opt/airflow/dags/dag4.py took 0.517 seconds
[2024-04-28T15:36:59.712+0000] {processor.py:161} INFO - Started process (PID=183) to work on /opt/airflow/dags/dag4.py
[2024-04-28T15:36:59.726+0000] {processor.py:830} INFO - Processing file /opt/airflow/dags/dag4.py for tasks to queue
[2024-04-28T15:36:59.741+0000] {logging_mixin.py:188} INFO - [2024-04-28T15:36:59.738+0000] {dagbag.py:540} INFO - Filling up the DagBag from /opt/airflow/dags/dag4.py
[2024-04-28T15:36:59.839+0000] {processor.py:840} INFO - DAG(s) 'Dan_dag_1' retrieved from /opt/airflow/dags/dag4.py
[2024-04-28T15:37:00.204+0000] {logging_mixin.py:188} INFO - [2024-04-28T15:37:00.197+0000] {dag.py:3096} INFO - Sync 1 DAGs
[2024-04-28T15:37:00.466+0000] {logging_mixin.py:188} INFO - [2024-04-28T15:37:00.464+0000] {dag.py:3954} INFO - Setting next_dagrun for Dan_dag_1 to 2024-03-29 07:30:15.000100+00:00, run_after=2024-03-30 07:30:15.000100+00:00
[2024-04-28T15:37:00.607+0000] {processor.py:183} INFO - Processing /opt/airflow/dags/dag4.py took 0.948 seconds
[2024-04-28T15:37:35.448+0000] {processor.py:161} INFO - Started process (PID=252) to work on /opt/airflow/dags/dag4.py
[2024-04-28T15:37:35.453+0000] {processor.py:830} INFO - Processing file /opt/airflow/dags/dag4.py for tasks to queue
[2024-04-28T15:37:35.473+0000] {logging_mixin.py:188} INFO - [2024-04-28T15:37:35.468+0000] {dagbag.py:540} INFO - Filling up the DagBag from /opt/airflow/dags/dag4.py
[2024-04-28T15:37:35.525+0000] {processor.py:840} INFO - DAG(s) 'Dan_dag_1' retrieved from /opt/airflow/dags/dag4.py
[2024-04-28T15:37:35.673+0000] {logging_mixin.py:188} INFO - [2024-04-28T15:37:35.670+0000] {dag.py:3096} INFO - Sync 1 DAGs
[2024-04-28T15:37:35.804+0000] {logging_mixin.py:188} INFO - [2024-04-28T15:37:35.803+0000] {dag.py:3954} INFO - Setting next_dagrun for Dan_dag_1 to 2024-03-29 07:30:15.000100+00:00, run_after=2024-03-30 07:30:15.000100+00:00
[2024-04-28T15:37:35.931+0000] {processor.py:183} INFO - Processing /opt/airflow/dags/dag4.py took 0.543 seconds
[2024-04-28T15:38:06.674+0000] {processor.py:161} INFO - Started process (PID=315) to work on /opt/airflow/dags/dag4.py
[2024-04-28T15:38:06.678+0000] {processor.py:830} INFO - Processing file /opt/airflow/dags/dag4.py for tasks to queue
[2024-04-28T15:38:06.685+0000] {logging_mixin.py:188} INFO - [2024-04-28T15:38:06.684+0000] {dagbag.py:540} INFO - Filling up the DagBag from /opt/airflow/dags/dag4.py
[2024-04-28T15:38:06.715+0000] {processor.py:840} INFO - DAG(s) 'Dan_dag_1' retrieved from /opt/airflow/dags/dag4.py
[2024-04-28T15:38:06.853+0000] {logging_mixin.py:188} INFO - [2024-04-28T15:38:06.851+0000] {dag.py:3096} INFO - Sync 1 DAGs
[2024-04-28T15:38:07.025+0000] {logging_mixin.py:188} INFO - [2024-04-28T15:38:07.024+0000] {dag.py:3954} INFO - Setting next_dagrun for Dan_dag_1 to 2024-03-29 07:30:15.000100+00:00, run_after=2024-03-30 07:30:15.000100+00:00
[2024-04-28T15:38:07.119+0000] {processor.py:183} INFO - Processing /opt/airflow/dags/dag4.py took 0.471 seconds
[2024-04-28T15:38:37.267+0000] {processor.py:161} INFO - Started process (PID=378) to work on /opt/airflow/dags/dag4.py
[2024-04-28T15:38:37.270+0000] {processor.py:830} INFO - Processing file /opt/airflow/dags/dag4.py for tasks to queue
[2024-04-28T15:38:37.278+0000] {logging_mixin.py:188} INFO - [2024-04-28T15:38:37.276+0000] {dagbag.py:540} INFO - Filling up the DagBag from /opt/airflow/dags/dag4.py
[2024-04-28T15:38:37.308+0000] {processor.py:840} INFO - DAG(s) 'Dan_dag_1' retrieved from /opt/airflow/dags/dag4.py
[2024-04-28T15:38:37.387+0000] {logging_mixin.py:188} INFO - [2024-04-28T15:38:37.385+0000] {dag.py:3096} INFO - Sync 1 DAGs
[2024-04-28T15:38:37.462+0000] {logging_mixin.py:188} INFO - [2024-04-28T15:38:37.461+0000] {dag.py:3954} INFO - Setting next_dagrun for Dan_dag_1 to 2024-03-29 07:30:15.000100+00:00, run_after=2024-03-30 07:30:15.000100+00:00
[2024-04-28T15:38:37.514+0000] {processor.py:183} INFO - Processing /opt/airflow/dags/dag4.py took 0.262 seconds
[2024-04-28T15:39:08.102+0000] {processor.py:161} INFO - Started process (PID=441) to work on /opt/airflow/dags/dag4.py
[2024-04-28T15:39:08.106+0000] {processor.py:830} INFO - Processing file /opt/airflow/dags/dag4.py for tasks to queue
[2024-04-28T15:39:08.117+0000] {logging_mixin.py:188} INFO - [2024-04-28T15:39:08.115+0000] {dagbag.py:540} INFO - Filling up the DagBag from /opt/airflow/dags/dag4.py
[2024-04-28T15:39:08.144+0000] {processor.py:840} INFO - DAG(s) 'Dan_dag_1' retrieved from /opt/airflow/dags/dag4.py
[2024-04-28T15:39:08.220+0000] {logging_mixin.py:188} INFO - [2024-04-28T15:39:08.218+0000] {dag.py:3096} INFO - Sync 1 DAGs
[2024-04-28T15:39:08.309+0000] {logging_mixin.py:188} INFO - [2024-04-28T15:39:08.308+0000] {dag.py:3954} INFO - Setting next_dagrun for Dan_dag_1 to 2024-03-29 07:30:15.000100+00:00, run_after=2024-03-30 07:30:15.000100+00:00
[2024-04-28T15:39:08.384+0000] {processor.py:183} INFO - Processing /opt/airflow/dags/dag4.py took 0.304 seconds
[2024-04-28T15:39:39.307+0000] {processor.py:161} INFO - Started process (PID=505) to work on /opt/airflow/dags/dag4.py
[2024-04-28T15:39:39.312+0000] {processor.py:830} INFO - Processing file /opt/airflow/dags/dag4.py for tasks to queue
[2024-04-28T15:39:39.320+0000] {logging_mixin.py:188} INFO - [2024-04-28T15:39:39.319+0000] {dagbag.py:540} INFO - Filling up the DagBag from /opt/airflow/dags/dag4.py
[2024-04-28T15:39:39.350+0000] {processor.py:840} INFO - DAG(s) 'Dan_dag_1' retrieved from /opt/airflow/dags/dag4.py
[2024-04-28T15:39:39.455+0000] {logging_mixin.py:188} INFO - [2024-04-28T15:39:39.453+0000] {dag.py:3096} INFO - Sync 1 DAGs
[2024-04-28T15:39:39.539+0000] {logging_mixin.py:188} INFO - [2024-04-28T15:39:39.539+0000] {dag.py:3954} INFO - Setting next_dagrun for Dan_dag_1 to 2024-03-29 07:30:15.000100+00:00, run_after=2024-03-30 07:30:15.000100+00:00
[2024-04-28T15:39:39.608+0000] {processor.py:183} INFO - Processing /opt/airflow/dags/dag4.py took 0.321 seconds
[2024-04-28T15:40:11.072+0000] {processor.py:161} INFO - Started process (PID=568) to work on /opt/airflow/dags/dag4.py
[2024-04-28T15:40:11.083+0000] {processor.py:830} INFO - Processing file /opt/airflow/dags/dag4.py for tasks to queue
[2024-04-28T15:40:11.100+0000] {logging_mixin.py:188} INFO - [2024-04-28T15:40:11.099+0000] {dagbag.py:540} INFO - Filling up the DagBag from /opt/airflow/dags/dag4.py
[2024-04-28T15:40:11.243+0000] {processor.py:840} INFO - DAG(s) 'Dan_dag_1' retrieved from /opt/airflow/dags/dag4.py
[2024-04-28T15:40:11.422+0000] {logging_mixin.py:188} INFO - [2024-04-28T15:40:11.421+0000] {dag.py:3096} INFO - Sync 1 DAGs
[2024-04-28T15:40:11.643+0000] {logging_mixin.py:188} INFO - [2024-04-28T15:40:11.642+0000] {dag.py:3954} INFO - Setting next_dagrun for Dan_dag_1 to 2024-03-29 07:30:15.000100+00:00, run_after=2024-03-30 07:30:15.000100+00:00
[2024-04-28T15:40:11.862+0000] {processor.py:183} INFO - Processing /opt/airflow/dags/dag4.py took 0.831 seconds
[2024-04-28T15:40:42.675+0000] {processor.py:161} INFO - Started process (PID=630) to work on /opt/airflow/dags/dag4.py
[2024-04-28T15:40:42.696+0000] {processor.py:830} INFO - Processing file /opt/airflow/dags/dag4.py for tasks to queue
[2024-04-28T15:40:42.753+0000] {logging_mixin.py:188} INFO - [2024-04-28T15:40:42.732+0000] {dagbag.py:540} INFO - Filling up the DagBag from /opt/airflow/dags/dag4.py
[2024-04-28T15:40:42.916+0000] {processor.py:840} INFO - DAG(s) 'Dan_dag_1' retrieved from /opt/airflow/dags/dag4.py
[2024-04-28T15:40:43.235+0000] {logging_mixin.py:188} INFO - [2024-04-28T15:40:43.231+0000] {dag.py:3096} INFO - Sync 1 DAGs
[2024-04-28T15:40:43.483+0000] {logging_mixin.py:188} INFO - [2024-04-28T15:40:43.482+0000] {dag.py:3954} INFO - Setting next_dagrun for Dan_dag_1 to 2024-03-29 07:30:15.000100+00:00, run_after=2024-03-30 07:30:15.000100+00:00
[2024-04-28T15:40:43.702+0000] {processor.py:183} INFO - Processing /opt/airflow/dags/dag4.py took 1.137 seconds
[2024-04-28T15:41:14.293+0000] {processor.py:161} INFO - Started process (PID=692) to work on /opt/airflow/dags/dag4.py
[2024-04-28T15:41:14.296+0000] {processor.py:830} INFO - Processing file /opt/airflow/dags/dag4.py for tasks to queue
[2024-04-28T15:41:14.302+0000] {logging_mixin.py:188} INFO - [2024-04-28T15:41:14.301+0000] {dagbag.py:540} INFO - Filling up the DagBag from /opt/airflow/dags/dag4.py
[2024-04-28T15:41:14.323+0000] {processor.py:840} INFO - DAG(s) 'Dan_dag_1' retrieved from /opt/airflow/dags/dag4.py
[2024-04-28T15:41:14.379+0000] {logging_mixin.py:188} INFO - [2024-04-28T15:41:14.378+0000] {dag.py:3096} INFO - Sync 1 DAGs
[2024-04-28T15:41:14.439+0000] {logging_mixin.py:188} INFO - [2024-04-28T15:41:14.439+0000] {dag.py:3954} INFO - Setting next_dagrun for Dan_dag_1 to 2024-03-29 07:30:15.000100+00:00, run_after=2024-03-30 07:30:15.000100+00:00
[2024-04-28T15:41:14.488+0000] {processor.py:183} INFO - Processing /opt/airflow/dags/dag4.py took 0.216 seconds
[2024-04-28T15:41:44.895+0000] {processor.py:161} INFO - Started process (PID=755) to work on /opt/airflow/dags/dag4.py
[2024-04-28T15:41:44.899+0000] {processor.py:830} INFO - Processing file /opt/airflow/dags/dag4.py for tasks to queue
[2024-04-28T15:41:44.909+0000] {logging_mixin.py:188} INFO - [2024-04-28T15:41:44.908+0000] {dagbag.py:540} INFO - Filling up the DagBag from /opt/airflow/dags/dag4.py
[2024-04-28T15:41:44.931+0000] {processor.py:840} INFO - DAG(s) 'Dan_dag_1' retrieved from /opt/airflow/dags/dag4.py
[2024-04-28T15:41:44.991+0000] {logging_mixin.py:188} INFO - [2024-04-28T15:41:44.990+0000] {dag.py:3096} INFO - Sync 1 DAGs
[2024-04-28T15:41:45.050+0000] {logging_mixin.py:188} INFO - [2024-04-28T15:41:45.050+0000] {dag.py:3954} INFO - Setting next_dagrun for Dan_dag_1 to 2024-03-29 07:30:15.000100+00:00, run_after=2024-03-30 07:30:15.000100+00:00
[2024-04-28T15:41:45.098+0000] {processor.py:183} INFO - Processing /opt/airflow/dags/dag4.py took 0.235 seconds
[2024-04-28T15:42:15.690+0000] {processor.py:161} INFO - Started process (PID=818) to work on /opt/airflow/dags/dag4.py
[2024-04-28T15:42:15.695+0000] {processor.py:830} INFO - Processing file /opt/airflow/dags/dag4.py for tasks to queue
[2024-04-28T15:42:15.701+0000] {logging_mixin.py:188} INFO - [2024-04-28T15:42:15.700+0000] {dagbag.py:540} INFO - Filling up the DagBag from /opt/airflow/dags/dag4.py
[2024-04-28T15:42:15.725+0000] {processor.py:840} INFO - DAG(s) 'Dan_dag_1' retrieved from /opt/airflow/dags/dag4.py
[2024-04-28T15:42:15.794+0000] {logging_mixin.py:188} INFO - [2024-04-28T15:42:15.792+0000] {dag.py:3096} INFO - Sync 1 DAGs
[2024-04-28T15:42:15.869+0000] {logging_mixin.py:188} INFO - [2024-04-28T15:42:15.869+0000] {dag.py:3954} INFO - Setting next_dagrun for Dan_dag_1 to 2024-03-29 07:30:15.000100+00:00, run_after=2024-03-30 07:30:15.000100+00:00
[2024-04-28T15:42:15.948+0000] {processor.py:183} INFO - Processing /opt/airflow/dags/dag4.py took 0.276 seconds
[2024-04-28T15:42:46.329+0000] {processor.py:161} INFO - Started process (PID=882) to work on /opt/airflow/dags/dag4.py
[2024-04-28T15:42:46.334+0000] {processor.py:830} INFO - Processing file /opt/airflow/dags/dag4.py for tasks to queue
[2024-04-28T15:42:46.344+0000] {logging_mixin.py:188} INFO - [2024-04-28T15:42:46.342+0000] {dagbag.py:540} INFO - Filling up the DagBag from /opt/airflow/dags/dag4.py
[2024-04-28T15:42:46.399+0000] {processor.py:840} INFO - DAG(s) 'Dan_dag_1' retrieved from /opt/airflow/dags/dag4.py
[2024-04-28T15:42:46.633+0000] {logging_mixin.py:188} INFO - [2024-04-28T15:42:46.631+0000] {dag.py:3096} INFO - Sync 1 DAGs
[2024-04-28T15:42:46.847+0000] {logging_mixin.py:188} INFO - [2024-04-28T15:42:46.846+0000] {dag.py:3954} INFO - Setting next_dagrun for Dan_dag_1 to 2024-03-29 07:30:15.000100+00:00, run_after=2024-03-30 07:30:15.000100+00:00
[2024-04-28T15:42:46.950+0000] {processor.py:183} INFO - Processing /opt/airflow/dags/dag4.py took 0.654 seconds
[2024-04-28T15:43:17.184+0000] {processor.py:161} INFO - Started process (PID=945) to work on /opt/airflow/dags/dag4.py
[2024-04-28T15:43:17.187+0000] {processor.py:830} INFO - Processing file /opt/airflow/dags/dag4.py for tasks to queue
[2024-04-28T15:43:17.193+0000] {logging_mixin.py:188} INFO - [2024-04-28T15:43:17.192+0000] {dagbag.py:540} INFO - Filling up the DagBag from /opt/airflow/dags/dag4.py
[2024-04-28T15:43:17.220+0000] {processor.py:840} INFO - DAG(s) 'Dan_dag_1' retrieved from /opt/airflow/dags/dag4.py
[2024-04-28T15:43:17.292+0000] {logging_mixin.py:188} INFO - [2024-04-28T15:43:17.290+0000] {dag.py:3096} INFO - Sync 1 DAGs
[2024-04-28T15:43:17.355+0000] {logging_mixin.py:188} INFO - [2024-04-28T15:43:17.355+0000] {dag.py:3954} INFO - Setting next_dagrun for Dan_dag_1 to 2024-03-29 07:30:15.000100+00:00, run_after=2024-03-30 07:30:15.000100+00:00
[2024-04-28T15:43:17.434+0000] {processor.py:183} INFO - Processing /opt/airflow/dags/dag4.py took 0.266 seconds
[2024-04-28T15:57:53.222+0000] {processor.py:161} INFO - Started process (PID=51) to work on /opt/airflow/dags/dag4.py
[2024-04-28T15:57:53.234+0000] {processor.py:830} INFO - Processing file /opt/airflow/dags/dag4.py for tasks to queue
[2024-04-28T15:57:53.266+0000] {logging_mixin.py:188} INFO - [2024-04-28T15:57:53.252+0000] {dagbag.py:540} INFO - Filling up the DagBag from /opt/airflow/dags/dag4.py
[2024-04-28T15:57:53.410+0000] {processor.py:840} INFO - DAG(s) 'Dan_dag_1' retrieved from /opt/airflow/dags/dag4.py
[2024-04-28T15:57:54.554+0000] {logging_mixin.py:188} INFO - [2024-04-28T15:57:54.544+0000] {dag.py:3096} INFO - Sync 1 DAGs
[2024-04-28T15:57:54.910+0000] {logging_mixin.py:188} INFO - [2024-04-28T15:57:54.901+0000] {dag.py:3954} INFO - Setting next_dagrun for Dan_dag_1 to 2024-03-29 07:30:15.000100+00:00, run_after=2024-03-30 07:30:15.000100+00:00
[2024-04-28T15:57:55.218+0000] {processor.py:183} INFO - Processing /opt/airflow/dags/dag4.py took 2.056 seconds
[2024-04-28T15:58:46.682+0000] {processor.py:161} INFO - Started process (PID=119) to work on /opt/airflow/dags/dag4.py
[2024-04-28T15:58:46.690+0000] {processor.py:830} INFO - Processing file /opt/airflow/dags/dag4.py for tasks to queue
[2024-04-28T15:58:46.698+0000] {logging_mixin.py:188} INFO - [2024-04-28T15:58:46.697+0000] {dagbag.py:540} INFO - Filling up the DagBag from /opt/airflow/dags/dag4.py
[2024-04-28T15:58:46.728+0000] {processor.py:840} INFO - DAG(s) 'Dan_dag_1' retrieved from /opt/airflow/dags/dag4.py
[2024-04-28T15:58:46.819+0000] {logging_mixin.py:188} INFO - [2024-04-28T15:58:46.816+0000] {dag.py:3096} INFO - Sync 1 DAGs
[2024-04-28T15:58:46.901+0000] {logging_mixin.py:188} INFO - [2024-04-28T15:58:46.900+0000] {dag.py:3954} INFO - Setting next_dagrun for Dan_dag_1 to 2024-03-29 07:30:15.000100+00:00, run_after=2024-03-30 07:30:15.000100+00:00
[2024-04-28T15:58:46.988+0000] {processor.py:183} INFO - Processing /opt/airflow/dags/dag4.py took 0.328 seconds
[2024-04-28T15:59:18.283+0000] {processor.py:161} INFO - Started process (PID=180) to work on /opt/airflow/dags/dag4.py
[2024-04-28T15:59:18.291+0000] {processor.py:830} INFO - Processing file /opt/airflow/dags/dag4.py for tasks to queue
[2024-04-28T15:59:18.306+0000] {logging_mixin.py:188} INFO - [2024-04-28T15:59:18.304+0000] {dagbag.py:540} INFO - Filling up the DagBag from /opt/airflow/dags/dag4.py
[2024-04-28T15:59:18.360+0000] {processor.py:840} INFO - DAG(s) 'Dan_dag_1' retrieved from /opt/airflow/dags/dag4.py
[2024-04-28T15:59:18.522+0000] {logging_mixin.py:188} INFO - [2024-04-28T15:59:18.520+0000] {dag.py:3096} INFO - Sync 1 DAGs
[2024-04-28T15:59:18.789+0000] {logging_mixin.py:188} INFO - [2024-04-28T15:59:18.787+0000] {dag.py:3954} INFO - Setting next_dagrun for Dan_dag_1 to 2024-03-29 07:30:15.000100+00:00, run_after=2024-03-30 07:30:15.000100+00:00
[2024-04-28T15:59:18.982+0000] {processor.py:183} INFO - Processing /opt/airflow/dags/dag4.py took 0.734 seconds
[2024-04-28T15:59:50.428+0000] {processor.py:161} INFO - Started process (PID=243) to work on /opt/airflow/dags/dag4.py
[2024-04-28T15:59:50.464+0000] {processor.py:830} INFO - Processing file /opt/airflow/dags/dag4.py for tasks to queue
[2024-04-28T15:59:50.516+0000] {logging_mixin.py:188} INFO - [2024-04-28T15:59:50.511+0000] {dagbag.py:540} INFO - Filling up the DagBag from /opt/airflow/dags/dag4.py
[2024-04-28T15:59:50.583+0000] {processor.py:840} INFO - DAG(s) 'Dan_dag_1' retrieved from /opt/airflow/dags/dag4.py
[2024-04-28T15:59:50.945+0000] {logging_mixin.py:188} INFO - [2024-04-28T15:59:50.943+0000] {dag.py:3096} INFO - Sync 1 DAGs
[2024-04-28T15:59:51.078+0000] {logging_mixin.py:188} INFO - [2024-04-28T15:59:51.069+0000] {dag.py:3954} INFO - Setting next_dagrun for Dan_dag_1 to 2024-03-29 07:30:15.000100+00:00, run_after=2024-03-30 07:30:15.000100+00:00
[2024-04-28T15:59:51.342+0000] {processor.py:183} INFO - Processing /opt/airflow/dags/dag4.py took 1.044 seconds
[2024-04-28T16:00:22.246+0000] {processor.py:161} INFO - Started process (PID=307) to work on /opt/airflow/dags/dag4.py
[2024-04-28T16:00:22.383+0000] {processor.py:830} INFO - Processing file /opt/airflow/dags/dag4.py for tasks to queue
[2024-04-28T16:00:22.392+0000] {logging_mixin.py:188} INFO - [2024-04-28T16:00:22.391+0000] {dagbag.py:540} INFO - Filling up the DagBag from /opt/airflow/dags/dag4.py
[2024-04-28T16:00:22.445+0000] {processor.py:840} INFO - DAG(s) 'Dan_dag_1' retrieved from /opt/airflow/dags/dag4.py
[2024-04-28T16:00:22.528+0000] {logging_mixin.py:188} INFO - [2024-04-28T16:00:22.526+0000] {dag.py:3096} INFO - Sync 1 DAGs
[2024-04-28T16:00:22.630+0000] {logging_mixin.py:188} INFO - [2024-04-28T16:00:22.629+0000] {dag.py:3954} INFO - Setting next_dagrun for Dan_dag_1 to 2024-03-29 07:30:15.000100+00:00, run_after=2024-03-30 07:30:15.000100+00:00
[2024-04-28T16:00:22.718+0000] {processor.py:183} INFO - Processing /opt/airflow/dags/dag4.py took 0.489 seconds
[2024-04-28T16:00:52.838+0000] {processor.py:161} INFO - Started process (PID=370) to work on /opt/airflow/dags/dag4.py
[2024-04-28T16:00:52.840+0000] {processor.py:830} INFO - Processing file /opt/airflow/dags/dag4.py for tasks to queue
[2024-04-28T16:00:52.846+0000] {logging_mixin.py:188} INFO - [2024-04-28T16:00:52.845+0000] {dagbag.py:540} INFO - Filling up the DagBag from /opt/airflow/dags/dag4.py
[2024-04-28T16:00:52.865+0000] {processor.py:840} INFO - DAG(s) 'Dan_dag_1' retrieved from /opt/airflow/dags/dag4.py
[2024-04-28T16:00:52.919+0000] {logging_mixin.py:188} INFO - [2024-04-28T16:00:52.917+0000] {dag.py:3096} INFO - Sync 1 DAGs
[2024-04-28T16:00:52.980+0000] {logging_mixin.py:188} INFO - [2024-04-28T16:00:52.980+0000] {dag.py:3954} INFO - Setting next_dagrun for Dan_dag_1 to 2024-03-29 07:30:15.000100+00:00, run_after=2024-03-30 07:30:15.000100+00:00
[2024-04-28T16:00:53.030+0000] {processor.py:183} INFO - Processing /opt/airflow/dags/dag4.py took 0.207 seconds
[2024-04-28T16:01:23.213+0000] {processor.py:161} INFO - Started process (PID=432) to work on /opt/airflow/dags/dag4.py
[2024-04-28T16:01:23.216+0000] {processor.py:830} INFO - Processing file /opt/airflow/dags/dag4.py for tasks to queue
[2024-04-28T16:01:23.221+0000] {logging_mixin.py:188} INFO - [2024-04-28T16:01:23.220+0000] {dagbag.py:540} INFO - Filling up the DagBag from /opt/airflow/dags/dag4.py
[2024-04-28T16:01:23.240+0000] {processor.py:840} INFO - DAG(s) 'Dan_dag_1' retrieved from /opt/airflow/dags/dag4.py
[2024-04-28T16:01:23.293+0000] {logging_mixin.py:188} INFO - [2024-04-28T16:01:23.292+0000] {dag.py:3096} INFO - Sync 1 DAGs
[2024-04-28T16:01:23.364+0000] {logging_mixin.py:188} INFO - [2024-04-28T16:01:23.363+0000] {dag.py:3954} INFO - Setting next_dagrun for Dan_dag_1 to 2024-03-29 07:30:15.000100+00:00, run_after=2024-03-30 07:30:15.000100+00:00
[2024-04-28T16:01:23.416+0000] {processor.py:183} INFO - Processing /opt/airflow/dags/dag4.py took 0.219 seconds
[2024-04-28T16:01:53.762+0000] {processor.py:161} INFO - Started process (PID=494) to work on /opt/airflow/dags/dag4.py
[2024-04-28T16:01:53.766+0000] {processor.py:830} INFO - Processing file /opt/airflow/dags/dag4.py for tasks to queue
[2024-04-28T16:01:53.775+0000] {logging_mixin.py:188} INFO - [2024-04-28T16:01:53.773+0000] {dagbag.py:540} INFO - Filling up the DagBag from /opt/airflow/dags/dag4.py
[2024-04-28T16:01:53.818+0000] {processor.py:840} INFO - DAG(s) 'Dan_dag_1' retrieved from /opt/airflow/dags/dag4.py
[2024-04-28T16:01:53.939+0000] {logging_mixin.py:188} INFO - [2024-04-28T16:01:53.937+0000] {dag.py:3096} INFO - Sync 1 DAGs
[2024-04-28T16:01:54.083+0000] {logging_mixin.py:188} INFO - [2024-04-28T16:01:54.081+0000] {dag.py:3954} INFO - Setting next_dagrun for Dan_dag_1 to 2024-03-29 07:30:15.000100+00:00, run_after=2024-03-30 07:30:15.000100+00:00
[2024-04-28T16:01:54.198+0000] {processor.py:183} INFO - Processing /opt/airflow/dags/dag4.py took 0.494 seconds
[2024-04-28T16:02:24.407+0000] {processor.py:161} INFO - Started process (PID=558) to work on /opt/airflow/dags/dag4.py
[2024-04-28T16:02:24.410+0000] {processor.py:830} INFO - Processing file /opt/airflow/dags/dag4.py for tasks to queue
[2024-04-28T16:02:24.418+0000] {logging_mixin.py:188} INFO - [2024-04-28T16:02:24.416+0000] {dagbag.py:540} INFO - Filling up the DagBag from /opt/airflow/dags/dag4.py
[2024-04-28T16:02:24.452+0000] {processor.py:840} INFO - DAG(s) 'Dan_dag_1' retrieved from /opt/airflow/dags/dag4.py
[2024-04-28T16:02:24.517+0000] {logging_mixin.py:188} INFO - [2024-04-28T16:02:24.516+0000] {dag.py:3096} INFO - Sync 1 DAGs
[2024-04-28T16:02:24.577+0000] {logging_mixin.py:188} INFO - [2024-04-28T16:02:24.577+0000] {dag.py:3954} INFO - Setting next_dagrun for Dan_dag_1 to 2024-03-29 07:30:15.000100+00:00, run_after=2024-03-30 07:30:15.000100+00:00
[2024-04-28T16:02:24.665+0000] {processor.py:183} INFO - Processing /opt/airflow/dags/dag4.py took 0.279 seconds
[2024-04-28T16:02:55.536+0000] {processor.py:161} INFO - Started process (PID=618) to work on /opt/airflow/dags/dag4.py
[2024-04-28T16:02:55.539+0000] {processor.py:830} INFO - Processing file /opt/airflow/dags/dag4.py for tasks to queue
[2024-04-28T16:02:55.545+0000] {logging_mixin.py:188} INFO - [2024-04-28T16:02:55.544+0000] {dagbag.py:540} INFO - Filling up the DagBag from /opt/airflow/dags/dag4.py
[2024-04-28T16:02:55.568+0000] {processor.py:840} INFO - DAG(s) 'Dan_dag_1' retrieved from /opt/airflow/dags/dag4.py
[2024-04-28T16:02:55.648+0000] {logging_mixin.py:188} INFO - [2024-04-28T16:02:55.646+0000] {dag.py:3096} INFO - Sync 1 DAGs
[2024-04-28T16:02:55.735+0000] {logging_mixin.py:188} INFO - [2024-04-28T16:02:55.734+0000] {dag.py:3954} INFO - Setting next_dagrun for Dan_dag_1 to 2024-03-29 07:30:15.000100+00:00, run_after=2024-03-30 07:30:15.000100+00:00
[2024-04-28T16:02:55.797+0000] {processor.py:183} INFO - Processing /opt/airflow/dags/dag4.py took 0.281 seconds
[2024-04-28T16:03:26.121+0000] {processor.py:161} INFO - Started process (PID=681) to work on /opt/airflow/dags/dag4.py
[2024-04-28T16:03:26.123+0000] {processor.py:830} INFO - Processing file /opt/airflow/dags/dag4.py for tasks to queue
[2024-04-28T16:03:26.129+0000] {logging_mixin.py:188} INFO - [2024-04-28T16:03:26.128+0000] {dagbag.py:540} INFO - Filling up the DagBag from /opt/airflow/dags/dag4.py
[2024-04-28T16:03:26.151+0000] {processor.py:840} INFO - DAG(s) 'Dan_dag_1' retrieved from /opt/airflow/dags/dag4.py
[2024-04-28T16:03:26.220+0000] {logging_mixin.py:188} INFO - [2024-04-28T16:03:26.218+0000] {dag.py:3096} INFO - Sync 1 DAGs
[2024-04-28T16:03:26.297+0000] {logging_mixin.py:188} INFO - [2024-04-28T16:03:26.296+0000] {dag.py:3954} INFO - Setting next_dagrun for Dan_dag_1 to 2024-03-29 07:30:15.000100+00:00, run_after=2024-03-30 07:30:15.000100+00:00
[2024-04-28T16:03:26.404+0000] {processor.py:183} INFO - Processing /opt/airflow/dags/dag4.py took 0.302 seconds
[2024-04-28T16:03:57.942+0000] {processor.py:161} INFO - Started process (PID=743) to work on /opt/airflow/dags/dag4.py
[2024-04-28T16:03:57.958+0000] {processor.py:830} INFO - Processing file /opt/airflow/dags/dag4.py for tasks to queue
[2024-04-28T16:03:57.989+0000] {logging_mixin.py:188} INFO - [2024-04-28T16:03:57.976+0000] {dagbag.py:540} INFO - Filling up the DagBag from /opt/airflow/dags/dag4.py
[2024-04-28T16:03:58.092+0000] {processor.py:840} INFO - DAG(s) 'Dan_dag_1' retrieved from /opt/airflow/dags/dag4.py
[2024-04-28T16:03:58.385+0000] {logging_mixin.py:188} INFO - [2024-04-28T16:03:58.379+0000] {dag.py:3096} INFO - Sync 1 DAGs
[2024-04-28T16:03:58.542+0000] {logging_mixin.py:188} INFO - [2024-04-28T16:03:58.541+0000] {dag.py:3954} INFO - Setting next_dagrun for Dan_dag_1 to 2024-03-29 07:30:15.000100+00:00, run_after=2024-03-30 07:30:15.000100+00:00
[2024-04-28T16:03:58.717+0000] {processor.py:183} INFO - Processing /opt/airflow/dags/dag4.py took 0.860 seconds
[2024-04-28T16:04:28.986+0000] {processor.py:161} INFO - Started process (PID=806) to work on /opt/airflow/dags/dag4.py
[2024-04-28T16:04:28.988+0000] {processor.py:830} INFO - Processing file /opt/airflow/dags/dag4.py for tasks to queue
[2024-04-28T16:04:28.995+0000] {logging_mixin.py:188} INFO - [2024-04-28T16:04:28.994+0000] {dagbag.py:540} INFO - Filling up the DagBag from /opt/airflow/dags/dag4.py
[2024-04-28T16:04:29.019+0000] {processor.py:840} INFO - DAG(s) 'Dan_dag_1' retrieved from /opt/airflow/dags/dag4.py
[2024-04-28T16:04:29.088+0000] {logging_mixin.py:188} INFO - [2024-04-28T16:04:29.086+0000] {dag.py:3096} INFO - Sync 1 DAGs
[2024-04-28T16:04:29.164+0000] {logging_mixin.py:188} INFO - [2024-04-28T16:04:29.163+0000] {dag.py:3954} INFO - Setting next_dagrun for Dan_dag_1 to 2024-03-29 07:30:15.000100+00:00, run_after=2024-03-30 07:30:15.000100+00:00
[2024-04-28T16:04:29.238+0000] {processor.py:183} INFO - Processing /opt/airflow/dags/dag4.py took 0.270 seconds
[2024-04-28T16:05:00.164+0000] {processor.py:161} INFO - Started process (PID=869) to work on /opt/airflow/dags/dag4.py
[2024-04-28T16:05:00.167+0000] {processor.py:830} INFO - Processing file /opt/airflow/dags/dag4.py for tasks to queue
[2024-04-28T16:05:00.173+0000] {logging_mixin.py:188} INFO - [2024-04-28T16:05:00.172+0000] {dagbag.py:540} INFO - Filling up the DagBag from /opt/airflow/dags/dag4.py
[2024-04-28T16:05:00.196+0000] {processor.py:840} INFO - DAG(s) 'Dan_dag_1' retrieved from /opt/airflow/dags/dag4.py
[2024-04-28T16:05:00.266+0000] {logging_mixin.py:188} INFO - [2024-04-28T16:05:00.264+0000] {dag.py:3096} INFO - Sync 1 DAGs
[2024-04-28T16:05:00.343+0000] {logging_mixin.py:188} INFO - [2024-04-28T16:05:00.342+0000] {dag.py:3954} INFO - Setting next_dagrun for Dan_dag_1 to 2024-03-29 07:30:15.000100+00:00, run_after=2024-03-30 07:30:15.000100+00:00
[2024-04-28T16:05:00.440+0000] {processor.py:183} INFO - Processing /opt/airflow/dags/dag4.py took 0.295 seconds
[2024-04-28T16:05:30.814+0000] {processor.py:161} INFO - Started process (PID=933) to work on /opt/airflow/dags/dag4.py
[2024-04-28T16:05:30.818+0000] {processor.py:830} INFO - Processing file /opt/airflow/dags/dag4.py for tasks to queue
[2024-04-28T16:05:30.824+0000] {logging_mixin.py:188} INFO - [2024-04-28T16:05:30.823+0000] {dagbag.py:540} INFO - Filling up the DagBag from /opt/airflow/dags/dag4.py
[2024-04-28T16:05:30.848+0000] {processor.py:840} INFO - DAG(s) 'Dan_dag_1' retrieved from /opt/airflow/dags/dag4.py
[2024-04-28T16:05:30.912+0000] {logging_mixin.py:188} INFO - [2024-04-28T16:05:30.911+0000] {dag.py:3096} INFO - Sync 1 DAGs
[2024-04-28T16:05:30.982+0000] {logging_mixin.py:188} INFO - [2024-04-28T16:05:30.981+0000] {dag.py:3954} INFO - Setting next_dagrun for Dan_dag_1 to 2024-03-29 07:30:15.000100+00:00, run_after=2024-03-30 07:30:15.000100+00:00
[2024-04-28T16:05:31.037+0000] {processor.py:183} INFO - Processing /opt/airflow/dags/dag4.py took 0.240 seconds
[2024-04-28T16:06:01.406+0000] {processor.py:161} INFO - Started process (PID=997) to work on /opt/airflow/dags/dag4.py
[2024-04-28T16:06:01.409+0000] {processor.py:830} INFO - Processing file /opt/airflow/dags/dag4.py for tasks to queue
[2024-04-28T16:06:01.419+0000] {logging_mixin.py:188} INFO - [2024-04-28T16:06:01.418+0000] {dagbag.py:540} INFO - Filling up the DagBag from /opt/airflow/dags/dag4.py
[2024-04-28T16:06:01.456+0000] {processor.py:840} INFO - DAG(s) 'Dan_dag_1' retrieved from /opt/airflow/dags/dag4.py
[2024-04-28T16:06:01.569+0000] {logging_mixin.py:188} INFO - [2024-04-28T16:06:01.567+0000] {dag.py:3096} INFO - Sync 1 DAGs
[2024-04-28T16:06:01.667+0000] {logging_mixin.py:188} INFO - [2024-04-28T16:06:01.666+0000] {dag.py:3954} INFO - Setting next_dagrun for Dan_dag_1 to 2024-03-29 07:30:15.000100+00:00, run_after=2024-03-30 07:30:15.000100+00:00
[2024-04-28T16:06:01.757+0000] {processor.py:183} INFO - Processing /opt/airflow/dags/dag4.py took 0.388 seconds
[2024-04-28T16:06:32.111+0000] {processor.py:161} INFO - Started process (PID=1066) to work on /opt/airflow/dags/dag4.py
[2024-04-28T16:06:32.116+0000] {processor.py:830} INFO - Processing file /opt/airflow/dags/dag4.py for tasks to queue
[2024-04-28T16:06:32.125+0000] {logging_mixin.py:188} INFO - [2024-04-28T16:06:32.123+0000] {dagbag.py:540} INFO - Filling up the DagBag from /opt/airflow/dags/dag4.py
[2024-04-28T16:06:32.156+0000] {processor.py:840} INFO - DAG(s) 'Dan_dag_1' retrieved from /opt/airflow/dags/dag4.py
[2024-04-28T16:06:32.324+0000] {logging_mixin.py:188} INFO - [2024-04-28T16:06:32.323+0000] {dag.py:3096} INFO - Sync 1 DAGs
[2024-04-28T16:06:32.535+0000] {logging_mixin.py:188} INFO - [2024-04-28T16:06:32.534+0000] {dag.py:3954} INFO - Setting next_dagrun for Dan_dag_1 to 2024-03-29 07:30:15.000100+00:00, run_after=2024-03-30 07:30:15.000100+00:00
[2024-04-28T16:06:32.614+0000] {processor.py:183} INFO - Processing /opt/airflow/dags/dag4.py took 0.525 seconds
[2024-04-28T16:07:03.337+0000] {processor.py:161} INFO - Started process (PID=1131) to work on /opt/airflow/dags/dag4.py
[2024-04-28T16:07:03.340+0000] {processor.py:830} INFO - Processing file /opt/airflow/dags/dag4.py for tasks to queue
[2024-04-28T16:07:03.347+0000] {logging_mixin.py:188} INFO - [2024-04-28T16:07:03.346+0000] {dagbag.py:540} INFO - Filling up the DagBag from /opt/airflow/dags/dag4.py
[2024-04-28T16:07:03.370+0000] {processor.py:840} INFO - DAG(s) 'Dan_dag_1' retrieved from /opt/airflow/dags/dag4.py
[2024-04-28T16:07:03.436+0000] {logging_mixin.py:188} INFO - [2024-04-28T16:07:03.434+0000] {dag.py:3096} INFO - Sync 1 DAGs
[2024-04-28T16:07:03.510+0000] {logging_mixin.py:188} INFO - [2024-04-28T16:07:03.509+0000] {dag.py:3954} INFO - Setting next_dagrun for Dan_dag_1 to 2024-03-29 07:30:15.000100+00:00, run_after=2024-03-30 07:30:15.000100+00:00
[2024-04-28T16:07:03.566+0000] {processor.py:183} INFO - Processing /opt/airflow/dags/dag4.py took 0.247 seconds
[2024-04-28T16:07:33.663+0000] {processor.py:161} INFO - Started process (PID=1194) to work on /opt/airflow/dags/dag4.py
[2024-04-28T16:07:33.666+0000] {processor.py:830} INFO - Processing file /opt/airflow/dags/dag4.py for tasks to queue
[2024-04-28T16:07:33.671+0000] {logging_mixin.py:188} INFO - [2024-04-28T16:07:33.670+0000] {dagbag.py:540} INFO - Filling up the DagBag from /opt/airflow/dags/dag4.py
[2024-04-28T16:07:33.690+0000] {processor.py:840} INFO - DAG(s) 'Dan_dag_1' retrieved from /opt/airflow/dags/dag4.py
[2024-04-28T16:07:33.745+0000] {logging_mixin.py:188} INFO - [2024-04-28T16:07:33.744+0000] {dag.py:3096} INFO - Sync 1 DAGs
[2024-04-28T16:07:33.804+0000] {logging_mixin.py:188} INFO - [2024-04-28T16:07:33.804+0000] {dag.py:3954} INFO - Setting next_dagrun for Dan_dag_1 to 2024-03-29 07:30:15.000100+00:00, run_after=2024-03-30 07:30:15.000100+00:00
[2024-04-28T16:07:33.853+0000] {processor.py:183} INFO - Processing /opt/airflow/dags/dag4.py took 0.205 seconds
[2024-04-28T16:08:06.083+0000] {processor.py:161} INFO - Started process (PID=1244) to work on /opt/airflow/dags/dag4.py
[2024-04-28T16:08:06.088+0000] {processor.py:830} INFO - Processing file /opt/airflow/dags/dag4.py for tasks to queue
[2024-04-28T16:08:06.096+0000] {logging_mixin.py:188} INFO - [2024-04-28T16:08:06.095+0000] {dagbag.py:540} INFO - Filling up the DagBag from /opt/airflow/dags/dag4.py
[2024-04-28T16:08:06.743+0000] {processor.py:840} INFO - DAG(s) 'Dan_dag_1' retrieved from /opt/airflow/dags/dag4.py
[2024-04-28T16:08:06.817+0000] {logging_mixin.py:188} INFO - [2024-04-28T16:08:06.815+0000] {dag.py:3096} INFO - Sync 1 DAGs
[2024-04-28T16:08:06.913+0000] {logging_mixin.py:188} INFO - [2024-04-28T16:08:06.912+0000] {dag.py:3954} INFO - Setting next_dagrun for Dan_dag_1 to 2024-03-29 07:30:15.000100+00:00, run_after=2024-03-30 07:30:15.000100+00:00
[2024-04-28T16:08:07.016+0000] {processor.py:183} INFO - Processing /opt/airflow/dags/dag4.py took 0.955 seconds
[2024-04-28T16:08:37.770+0000] {processor.py:161} INFO - Started process (PID=1307) to work on /opt/airflow/dags/dag4.py
[2024-04-28T16:08:37.775+0000] {processor.py:830} INFO - Processing file /opt/airflow/dags/dag4.py for tasks to queue
[2024-04-28T16:08:37.785+0000] {logging_mixin.py:188} INFO - [2024-04-28T16:08:37.783+0000] {dagbag.py:540} INFO - Filling up the DagBag from /opt/airflow/dags/dag4.py
[2024-04-28T16:08:37.825+0000] {processor.py:840} INFO - DAG(s) 'Dan_dag_1' retrieved from /opt/airflow/dags/dag4.py
[2024-04-28T16:08:37.923+0000] {logging_mixin.py:188} INFO - [2024-04-28T16:08:37.921+0000] {dag.py:3096} INFO - Sync 1 DAGs
[2024-04-28T16:08:38.030+0000] {logging_mixin.py:188} INFO - [2024-04-28T16:08:38.029+0000] {dag.py:3954} INFO - Setting next_dagrun for Dan_dag_1 to 2024-03-29 07:30:15.000100+00:00, run_after=2024-03-30 07:30:15.000100+00:00
[2024-04-28T16:08:38.115+0000] {processor.py:183} INFO - Processing /opt/airflow/dags/dag4.py took 0.434 seconds
[2024-04-28T16:09:08.388+0000] {processor.py:161} INFO - Started process (PID=1370) to work on /opt/airflow/dags/dag4.py
[2024-04-28T16:09:08.391+0000] {processor.py:830} INFO - Processing file /opt/airflow/dags/dag4.py for tasks to queue
[2024-04-28T16:09:08.398+0000] {logging_mixin.py:188} INFO - [2024-04-28T16:09:08.397+0000] {dagbag.py:540} INFO - Filling up the DagBag from /opt/airflow/dags/dag4.py
[2024-04-28T16:09:08.434+0000] {processor.py:840} INFO - DAG(s) 'Dan_dag_1' retrieved from /opt/airflow/dags/dag4.py
[2024-04-28T16:09:08.510+0000] {logging_mixin.py:188} INFO - [2024-04-28T16:09:08.508+0000] {dag.py:3096} INFO - Sync 1 DAGs
[2024-04-28T16:09:08.593+0000] {logging_mixin.py:188} INFO - [2024-04-28T16:09:08.592+0000] {dag.py:3954} INFO - Setting next_dagrun for Dan_dag_1 to 2024-03-29 07:30:15.000100+00:00, run_after=2024-03-30 07:30:15.000100+00:00
[2024-04-28T16:09:08.685+0000] {processor.py:183} INFO - Processing /opt/airflow/dags/dag4.py took 0.318 seconds
[2024-04-28T16:09:39.051+0000] {processor.py:161} INFO - Started process (PID=1433) to work on /opt/airflow/dags/dag4.py
[2024-04-28T16:09:39.054+0000] {processor.py:830} INFO - Processing file /opt/airflow/dags/dag4.py for tasks to queue
[2024-04-28T16:09:39.059+0000] {logging_mixin.py:188} INFO - [2024-04-28T16:09:39.058+0000] {dagbag.py:540} INFO - Filling up the DagBag from /opt/airflow/dags/dag4.py
[2024-04-28T16:09:39.079+0000] {processor.py:840} INFO - DAG(s) 'Dan_dag_1' retrieved from /opt/airflow/dags/dag4.py
[2024-04-28T16:09:39.134+0000] {logging_mixin.py:188} INFO - [2024-04-28T16:09:39.133+0000] {dag.py:3096} INFO - Sync 1 DAGs
[2024-04-28T16:09:39.200+0000] {logging_mixin.py:188} INFO - [2024-04-28T16:09:39.199+0000] {dag.py:3954} INFO - Setting next_dagrun for Dan_dag_1 to 2024-03-29 07:30:15.000100+00:00, run_after=2024-03-30 07:30:15.000100+00:00
[2024-04-28T16:09:39.261+0000] {processor.py:183} INFO - Processing /opt/airflow/dags/dag4.py took 0.225 seconds
[2024-04-28T16:10:09.504+0000] {processor.py:161} INFO - Started process (PID=1496) to work on /opt/airflow/dags/dag4.py
[2024-04-28T16:10:09.507+0000] {processor.py:830} INFO - Processing file /opt/airflow/dags/dag4.py for tasks to queue
[2024-04-28T16:10:09.513+0000] {logging_mixin.py:188} INFO - [2024-04-28T16:10:09.512+0000] {dagbag.py:540} INFO - Filling up the DagBag from /opt/airflow/dags/dag4.py
[2024-04-28T16:10:09.537+0000] {processor.py:840} INFO - DAG(s) 'Dan_dag_1' retrieved from /opt/airflow/dags/dag4.py
[2024-04-28T16:10:09.605+0000] {logging_mixin.py:188} INFO - [2024-04-28T16:10:09.603+0000] {dag.py:3096} INFO - Sync 1 DAGs
[2024-04-28T16:10:09.675+0000] {logging_mixin.py:188} INFO - [2024-04-28T16:10:09.674+0000] {dag.py:3954} INFO - Setting next_dagrun for Dan_dag_1 to 2024-03-29 07:30:15.000100+00:00, run_after=2024-03-30 07:30:15.000100+00:00
[2024-04-28T16:10:09.795+0000] {processor.py:183} INFO - Processing /opt/airflow/dags/dag4.py took 0.309 seconds
[2024-04-28T16:10:40.577+0000] {processor.py:161} INFO - Started process (PID=1559) to work on /opt/airflow/dags/dag4.py
[2024-04-28T16:10:40.580+0000] {processor.py:830} INFO - Processing file /opt/airflow/dags/dag4.py for tasks to queue
[2024-04-28T16:10:40.591+0000] {logging_mixin.py:188} INFO - [2024-04-28T16:10:40.585+0000] {dagbag.py:540} INFO - Filling up the DagBag from /opt/airflow/dags/dag4.py
[2024-04-28T16:10:40.619+0000] {processor.py:840} INFO - DAG(s) 'Dan_dag_1' retrieved from /opt/airflow/dags/dag4.py
[2024-04-28T16:10:40.692+0000] {logging_mixin.py:188} INFO - [2024-04-28T16:10:40.690+0000] {dag.py:3096} INFO - Sync 1 DAGs
[2024-04-28T16:10:40.771+0000] {logging_mixin.py:188} INFO - [2024-04-28T16:10:40.770+0000] {dag.py:3954} INFO - Setting next_dagrun for Dan_dag_1 to 2024-03-29 07:30:15.000100+00:00, run_after=2024-03-30 07:30:15.000100+00:00
[2024-04-28T16:10:40.837+0000] {processor.py:183} INFO - Processing /opt/airflow/dags/dag4.py took 0.281 seconds
[2024-04-28T16:11:11.372+0000] {processor.py:161} INFO - Started process (PID=1621) to work on /opt/airflow/dags/dag4.py
[2024-04-28T16:11:11.378+0000] {processor.py:830} INFO - Processing file /opt/airflow/dags/dag4.py for tasks to queue
[2024-04-28T16:11:11.389+0000] {logging_mixin.py:188} INFO - [2024-04-28T16:11:11.387+0000] {dagbag.py:540} INFO - Filling up the DagBag from /opt/airflow/dags/dag4.py
[2024-04-28T16:11:11.431+0000] {processor.py:840} INFO - DAG(s) 'Dan_dag_1' retrieved from /opt/airflow/dags/dag4.py
[2024-04-28T16:11:11.651+0000] {logging_mixin.py:188} INFO - [2024-04-28T16:11:11.649+0000] {dag.py:3096} INFO - Sync 1 DAGs
[2024-04-28T16:11:11.982+0000] {logging_mixin.py:188} INFO - [2024-04-28T16:11:11.981+0000] {dag.py:3954} INFO - Setting next_dagrun for Dan_dag_1 to 2024-03-29 07:30:15.000100+00:00, run_after=2024-03-30 07:30:15.000100+00:00
[2024-04-28T16:11:12.158+0000] {processor.py:183} INFO - Processing /opt/airflow/dags/dag4.py took 0.846 seconds
[2024-04-28T16:11:42.533+0000] {processor.py:161} INFO - Started process (PID=1684) to work on /opt/airflow/dags/dag4.py
[2024-04-28T16:11:42.535+0000] {processor.py:830} INFO - Processing file /opt/airflow/dags/dag4.py for tasks to queue
[2024-04-28T16:11:42.541+0000] {logging_mixin.py:188} INFO - [2024-04-28T16:11:42.540+0000] {dagbag.py:540} INFO - Filling up the DagBag from /opt/airflow/dags/dag4.py
[2024-04-28T16:11:42.564+0000] {processor.py:840} INFO - DAG(s) 'Dan_dag_1' retrieved from /opt/airflow/dags/dag4.py
[2024-04-28T16:11:42.626+0000] {logging_mixin.py:188} INFO - [2024-04-28T16:11:42.624+0000] {dag.py:3096} INFO - Sync 1 DAGs
[2024-04-28T16:11:42.696+0000] {logging_mixin.py:188} INFO - [2024-04-28T16:11:42.696+0000] {dag.py:3954} INFO - Setting next_dagrun for Dan_dag_1 to 2024-03-29 07:30:15.000100+00:00, run_after=2024-03-30 07:30:15.000100+00:00
[2024-04-28T16:11:42.752+0000] {processor.py:183} INFO - Processing /opt/airflow/dags/dag4.py took 0.237 seconds
[2024-04-28T16:12:13.070+0000] {processor.py:161} INFO - Started process (PID=1747) to work on /opt/airflow/dags/dag4.py
[2024-04-28T16:12:13.074+0000] {processor.py:830} INFO - Processing file /opt/airflow/dags/dag4.py for tasks to queue
[2024-04-28T16:12:13.081+0000] {logging_mixin.py:188} INFO - [2024-04-28T16:12:13.080+0000] {dagbag.py:540} INFO - Filling up the DagBag from /opt/airflow/dags/dag4.py
[2024-04-28T16:12:13.109+0000] {processor.py:840} INFO - DAG(s) 'Dan_dag_1' retrieved from /opt/airflow/dags/dag4.py
[2024-04-28T16:12:13.249+0000] {logging_mixin.py:188} INFO - [2024-04-28T16:12:13.247+0000] {dag.py:3096} INFO - Sync 1 DAGs
[2024-04-28T16:12:13.367+0000] {logging_mixin.py:188} INFO - [2024-04-28T16:12:13.366+0000] {dag.py:3954} INFO - Setting next_dagrun for Dan_dag_1 to 2024-03-29 07:30:15.000100+00:00, run_after=2024-03-30 07:30:15.000100+00:00
[2024-04-28T16:12:13.449+0000] {processor.py:183} INFO - Processing /opt/airflow/dags/dag4.py took 0.404 seconds
[2024-04-28T16:12:45.887+0000] {processor.py:161} INFO - Started process (PID=1810) to work on /opt/airflow/dags/dag4.py
[2024-04-28T16:12:45.891+0000] {processor.py:830} INFO - Processing file /opt/airflow/dags/dag4.py for tasks to queue
[2024-04-28T16:12:45.897+0000] {logging_mixin.py:188} INFO - [2024-04-28T16:12:45.896+0000] {dagbag.py:540} INFO - Filling up the DagBag from /opt/airflow/dags/dag4.py
[2024-04-28T16:12:45.923+0000] {processor.py:840} INFO - DAG(s) 'Dan_dag_1' retrieved from /opt/airflow/dags/dag4.py
[2024-04-28T16:12:45.998+0000] {logging_mixin.py:188} INFO - [2024-04-28T16:12:45.996+0000] {dag.py:3096} INFO - Sync 1 DAGs
[2024-04-28T16:12:46.077+0000] {logging_mixin.py:188} INFO - [2024-04-28T16:12:46.076+0000] {dag.py:3954} INFO - Setting next_dagrun for Dan_dag_1 to 2024-03-29 07:30:15.000100+00:00, run_after=2024-03-30 07:30:15.000100+00:00
[2024-04-28T16:12:46.477+0000] {processor.py:183} INFO - Processing /opt/airflow/dags/dag4.py took 0.614 seconds
[2024-04-28T16:13:16.885+0000] {processor.py:161} INFO - Started process (PID=1873) to work on /opt/airflow/dags/dag4.py
[2024-04-28T16:13:16.893+0000] {processor.py:830} INFO - Processing file /opt/airflow/dags/dag4.py for tasks to queue
[2024-04-28T16:13:16.903+0000] {logging_mixin.py:188} INFO - [2024-04-28T16:13:16.901+0000] {dagbag.py:540} INFO - Filling up the DagBag from /opt/airflow/dags/dag4.py
[2024-04-28T16:13:16.945+0000] {processor.py:840} INFO - DAG(s) 'Dan_dag_1' retrieved from /opt/airflow/dags/dag4.py
[2024-04-28T16:13:17.060+0000] {logging_mixin.py:188} INFO - [2024-04-28T16:13:17.058+0000] {dag.py:3096} INFO - Sync 1 DAGs
[2024-04-28T16:13:17.293+0000] {logging_mixin.py:188} INFO - [2024-04-28T16:13:17.292+0000] {dag.py:3954} INFO - Setting next_dagrun for Dan_dag_1 to 2024-03-29 07:30:15.000100+00:00, run_after=2024-03-30 07:30:15.000100+00:00
[2024-04-28T16:13:17.396+0000] {processor.py:183} INFO - Processing /opt/airflow/dags/dag4.py took 0.535 seconds
[2024-04-28T16:33:06.519+0000] {processor.py:161} INFO - Started process (PID=52) to work on /opt/airflow/dags/dag4.py
[2024-04-28T16:33:06.524+0000] {processor.py:830} INFO - Processing file /opt/airflow/dags/dag4.py for tasks to queue
[2024-04-28T16:33:06.534+0000] {logging_mixin.py:188} INFO - [2024-04-28T16:33:06.532+0000] {dagbag.py:540} INFO - Filling up the DagBag from /opt/airflow/dags/dag4.py
[2024-04-28T16:33:06.596+0000] {processor.py:840} INFO - DAG(s) 'Dan_dag_1' retrieved from /opt/airflow/dags/dag4.py
[2024-04-28T16:33:09.642+0000] {logging_mixin.py:188} INFO - [2024-04-28T16:33:09.640+0000] {dag.py:3096} INFO - Sync 1 DAGs
[2024-04-28T16:33:09.851+0000] {logging_mixin.py:188} INFO - [2024-04-28T16:33:09.850+0000] {dag.py:3954} INFO - Setting next_dagrun for Dan_dag_1 to 2024-03-29 07:30:15.000100+00:00, run_after=2024-03-30 07:30:15.000100+00:00
[2024-04-28T16:33:10.115+0000] {processor.py:183} INFO - Processing /opt/airflow/dags/dag4.py took 3.621 seconds
[2024-04-28T16:34:05.528+0000] {processor.py:161} INFO - Started process (PID=121) to work on /opt/airflow/dags/dag4.py
[2024-04-28T16:34:05.532+0000] {processor.py:830} INFO - Processing file /opt/airflow/dags/dag4.py for tasks to queue
[2024-04-28T16:34:05.540+0000] {logging_mixin.py:188} INFO - [2024-04-28T16:34:05.538+0000] {dagbag.py:540} INFO - Filling up the DagBag from /opt/airflow/dags/dag4.py
[2024-04-28T16:34:05.578+0000] {processor.py:840} INFO - DAG(s) 'Dan_dag_1' retrieved from /opt/airflow/dags/dag4.py
[2024-04-28T16:34:05.671+0000] {logging_mixin.py:188} INFO - [2024-04-28T16:34:05.670+0000] {dag.py:3096} INFO - Sync 1 DAGs
[2024-04-28T16:34:05.806+0000] {logging_mixin.py:188} INFO - [2024-04-28T16:34:05.805+0000] {dag.py:3954} INFO - Setting next_dagrun for Dan_dag_1 to 2024-03-29 07:30:15.000100+00:00, run_after=2024-03-30 07:30:15.000100+00:00
[2024-04-28T16:34:05.949+0000] {processor.py:183} INFO - Processing /opt/airflow/dags/dag4.py took 0.446 seconds
[2024-04-28T16:34:37.357+0000] {processor.py:161} INFO - Started process (PID=176) to work on /opt/airflow/dags/dag4.py
[2024-04-28T16:34:37.360+0000] {processor.py:830} INFO - Processing file /opt/airflow/dags/dag4.py for tasks to queue
[2024-04-28T16:34:37.366+0000] {logging_mixin.py:188} INFO - [2024-04-28T16:34:37.365+0000] {dagbag.py:540} INFO - Filling up the DagBag from /opt/airflow/dags/dag4.py
[2024-04-28T16:34:37.388+0000] {processor.py:840} INFO - DAG(s) 'Dan_dag_1' retrieved from /opt/airflow/dags/dag4.py
[2024-04-28T16:34:37.449+0000] {logging_mixin.py:188} INFO - [2024-04-28T16:34:37.448+0000] {dag.py:3096} INFO - Sync 1 DAGs
[2024-04-28T16:34:37.522+0000] {logging_mixin.py:188} INFO - [2024-04-28T16:34:37.521+0000] {dag.py:3954} INFO - Setting next_dagrun for Dan_dag_1 to 2024-03-29 07:30:15.000100+00:00, run_after=2024-03-30 07:30:15.000100+00:00
[2024-04-28T16:34:37.581+0000] {processor.py:183} INFO - Processing /opt/airflow/dags/dag4.py took 0.242 seconds
[2024-04-28T16:43:07.507+0000] {processor.py:161} INFO - Started process (PID=44) to work on /opt/airflow/dags/dag4.py
[2024-04-28T16:43:07.515+0000] {processor.py:830} INFO - Processing file /opt/airflow/dags/dag4.py for tasks to queue
[2024-04-28T16:43:07.525+0000] {logging_mixin.py:188} INFO - [2024-04-28T16:43:07.524+0000] {dagbag.py:540} INFO - Filling up the DagBag from /opt/airflow/dags/dag4.py
[2024-04-28T16:43:07.567+0000] {processor.py:840} INFO - DAG(s) 'Dan_dag_1' retrieved from /opt/airflow/dags/dag4.py
[2024-04-28T16:43:08.129+0000] {logging_mixin.py:188} INFO - [2024-04-28T16:43:08.127+0000] {dag.py:3096} INFO - Sync 1 DAGs
[2024-04-28T16:43:08.341+0000] {logging_mixin.py:188} INFO - [2024-04-28T16:43:08.334+0000] {dag.py:3954} INFO - Setting next_dagrun for Dan_dag_1 to 2024-03-29 07:30:15.000100+00:00, run_after=2024-03-30 07:30:15.000100+00:00
[2024-04-28T16:43:08.600+0000] {processor.py:183} INFO - Processing /opt/airflow/dags/dag4.py took 1.119 seconds
[2024-04-28T16:43:44.151+0000] {processor.py:161} INFO - Started process (PID=107) to work on /opt/airflow/dags/dag4.py
[2024-04-28T16:43:44.154+0000] {processor.py:830} INFO - Processing file /opt/airflow/dags/dag4.py for tasks to queue
[2024-04-28T16:43:44.161+0000] {logging_mixin.py:188} INFO - [2024-04-28T16:43:44.159+0000] {dagbag.py:540} INFO - Filling up the DagBag from /opt/airflow/dags/dag4.py
[2024-04-28T16:43:44.184+0000] {processor.py:840} INFO - DAG(s) 'Dan_dag_1' retrieved from /opt/airflow/dags/dag4.py
[2024-04-28T16:43:44.254+0000] {logging_mixin.py:188} INFO - [2024-04-28T16:43:44.253+0000] {dag.py:3096} INFO - Sync 1 DAGs
[2024-04-28T16:43:44.331+0000] {logging_mixin.py:188} INFO - [2024-04-28T16:43:44.330+0000] {dag.py:3954} INFO - Setting next_dagrun for Dan_dag_1 to 2024-03-29 07:30:15.000100+00:00, run_after=2024-03-30 07:30:15.000100+00:00
[2024-04-28T16:43:44.388+0000] {processor.py:183} INFO - Processing /opt/airflow/dags/dag4.py took 0.254 seconds
[2024-04-28T16:44:14.736+0000] {processor.py:161} INFO - Started process (PID=170) to work on /opt/airflow/dags/dag4.py
[2024-04-28T16:44:14.739+0000] {processor.py:830} INFO - Processing file /opt/airflow/dags/dag4.py for tasks to queue
[2024-04-28T16:44:14.745+0000] {logging_mixin.py:188} INFO - [2024-04-28T16:44:14.744+0000] {dagbag.py:540} INFO - Filling up the DagBag from /opt/airflow/dags/dag4.py
[2024-04-28T16:44:14.768+0000] {processor.py:840} INFO - DAG(s) 'Dan_dag_1' retrieved from /opt/airflow/dags/dag4.py
[2024-04-28T16:44:14.850+0000] {logging_mixin.py:188} INFO - [2024-04-28T16:44:14.849+0000] {dag.py:3096} INFO - Sync 1 DAGs
[2024-04-28T16:44:14.940+0000] {logging_mixin.py:188} INFO - [2024-04-28T16:44:14.939+0000] {dag.py:3954} INFO - Setting next_dagrun for Dan_dag_1 to 2024-03-29 07:30:15.000100+00:00, run_after=2024-03-30 07:30:15.000100+00:00
[2024-04-28T16:44:15.002+0000] {processor.py:183} INFO - Processing /opt/airflow/dags/dag4.py took 0.284 seconds
[2024-04-28T16:44:45.411+0000] {processor.py:161} INFO - Started process (PID=233) to work on /opt/airflow/dags/dag4.py
[2024-04-28T16:44:45.414+0000] {processor.py:830} INFO - Processing file /opt/airflow/dags/dag4.py for tasks to queue
[2024-04-28T16:44:45.422+0000] {logging_mixin.py:188} INFO - [2024-04-28T16:44:45.419+0000] {dagbag.py:540} INFO - Filling up the DagBag from /opt/airflow/dags/dag4.py
[2024-04-28T16:44:45.444+0000] {processor.py:840} INFO - DAG(s) 'Dan_dag_1' retrieved from /opt/airflow/dags/dag4.py
[2024-04-28T16:44:45.507+0000] {logging_mixin.py:188} INFO - [2024-04-28T16:44:45.506+0000] {dag.py:3096} INFO - Sync 1 DAGs
[2024-04-28T16:44:45.593+0000] {logging_mixin.py:188} INFO - [2024-04-28T16:44:45.593+0000] {dag.py:3954} INFO - Setting next_dagrun for Dan_dag_1 to 2024-03-29 07:30:15.000100+00:00, run_after=2024-03-30 07:30:15.000100+00:00
[2024-04-28T16:44:45.660+0000] {processor.py:183} INFO - Processing /opt/airflow/dags/dag4.py took 0.269 seconds
[2024-04-28T16:45:16.779+0000] {processor.py:161} INFO - Started process (PID=292) to work on /opt/airflow/dags/dag4.py
[2024-04-28T16:45:16.782+0000] {processor.py:830} INFO - Processing file /opt/airflow/dags/dag4.py for tasks to queue
[2024-04-28T16:45:16.790+0000] {logging_mixin.py:188} INFO - [2024-04-28T16:45:16.788+0000] {dagbag.py:540} INFO - Filling up the DagBag from /opt/airflow/dags/dag4.py
[2024-04-28T16:45:16.815+0000] {processor.py:840} INFO - DAG(s) 'Dan_dag_1' retrieved from /opt/airflow/dags/dag4.py
[2024-04-28T16:45:16.889+0000] {logging_mixin.py:188} INFO - [2024-04-28T16:45:16.887+0000] {dag.py:3096} INFO - Sync 1 DAGs
[2024-04-28T16:45:16.969+0000] {logging_mixin.py:188} INFO - [2024-04-28T16:45:16.968+0000] {dag.py:3954} INFO - Setting next_dagrun for Dan_dag_1 to 2024-03-29 07:30:15.000100+00:00, run_after=2024-03-30 07:30:15.000100+00:00
[2024-04-28T16:45:17.041+0000] {processor.py:183} INFO - Processing /opt/airflow/dags/dag4.py took 0.283 seconds
[2024-04-28T16:45:48.085+0000] {processor.py:161} INFO - Started process (PID=355) to work on /opt/airflow/dags/dag4.py
[2024-04-28T16:45:48.088+0000] {processor.py:830} INFO - Processing file /opt/airflow/dags/dag4.py for tasks to queue
[2024-04-28T16:45:48.095+0000] {logging_mixin.py:188} INFO - [2024-04-28T16:45:48.093+0000] {dagbag.py:540} INFO - Filling up the DagBag from /opt/airflow/dags/dag4.py
[2024-04-28T16:45:48.118+0000] {processor.py:840} INFO - DAG(s) 'Dan_dag_1' retrieved from /opt/airflow/dags/dag4.py
[2024-04-28T16:45:48.183+0000] {logging_mixin.py:188} INFO - [2024-04-28T16:45:48.182+0000] {dag.py:3096} INFO - Sync 1 DAGs
[2024-04-28T16:45:48.255+0000] {logging_mixin.py:188} INFO - [2024-04-28T16:45:48.254+0000] {dag.py:3954} INFO - Setting next_dagrun for Dan_dag_1 to 2024-03-29 07:30:15.000100+00:00, run_after=2024-03-30 07:30:15.000100+00:00
[2024-04-28T16:45:48.320+0000] {processor.py:183} INFO - Processing /opt/airflow/dags/dag4.py took 0.252 seconds
[2024-04-28T16:46:18.750+0000] {processor.py:161} INFO - Started process (PID=418) to work on /opt/airflow/dags/dag4.py
[2024-04-28T16:46:18.752+0000] {processor.py:830} INFO - Processing file /opt/airflow/dags/dag4.py for tasks to queue
[2024-04-28T16:46:18.757+0000] {logging_mixin.py:188} INFO - [2024-04-28T16:46:18.756+0000] {dagbag.py:540} INFO - Filling up the DagBag from /opt/airflow/dags/dag4.py
[2024-04-28T16:46:18.776+0000] {processor.py:840} INFO - DAG(s) 'Dan_dag_1' retrieved from /opt/airflow/dags/dag4.py
[2024-04-28T16:46:18.833+0000] {logging_mixin.py:188} INFO - [2024-04-28T16:46:18.832+0000] {dag.py:3096} INFO - Sync 1 DAGs
[2024-04-28T16:46:18.893+0000] {logging_mixin.py:188} INFO - [2024-04-28T16:46:18.892+0000] {dag.py:3954} INFO - Setting next_dagrun for Dan_dag_1 to 2024-03-29 07:30:15.000100+00:00, run_after=2024-03-30 07:30:15.000100+00:00
[2024-04-28T16:46:18.981+0000] {processor.py:183} INFO - Processing /opt/airflow/dags/dag4.py took 0.246 seconds
[2024-04-28T16:46:49.434+0000] {processor.py:161} INFO - Started process (PID=481) to work on /opt/airflow/dags/dag4.py
[2024-04-28T16:46:49.437+0000] {processor.py:830} INFO - Processing file /opt/airflow/dags/dag4.py for tasks to queue
[2024-04-28T16:46:49.442+0000] {logging_mixin.py:188} INFO - [2024-04-28T16:46:49.441+0000] {dagbag.py:540} INFO - Filling up the DagBag from /opt/airflow/dags/dag4.py
[2024-04-28T16:46:49.462+0000] {processor.py:840} INFO - DAG(s) 'Dan_dag_1' retrieved from /opt/airflow/dags/dag4.py
[2024-04-28T16:46:49.538+0000] {logging_mixin.py:188} INFO - [2024-04-28T16:46:49.537+0000] {dag.py:3096} INFO - Sync 1 DAGs
[2024-04-28T16:46:49.604+0000] {logging_mixin.py:188} INFO - [2024-04-28T16:46:49.603+0000] {dag.py:3954} INFO - Setting next_dagrun for Dan_dag_1 to 2024-03-29 07:30:15.000100+00:00, run_after=2024-03-30 07:30:15.000100+00:00
[2024-04-28T16:46:49.654+0000] {processor.py:183} INFO - Processing /opt/airflow/dags/dag4.py took 0.235 seconds
[2024-04-28T16:47:20.556+0000] {processor.py:161} INFO - Started process (PID=544) to work on /opt/airflow/dags/dag4.py
[2024-04-28T16:47:20.570+0000] {processor.py:830} INFO - Processing file /opt/airflow/dags/dag4.py for tasks to queue
[2024-04-28T16:47:20.583+0000] {logging_mixin.py:188} INFO - [2024-04-28T16:47:20.581+0000] {dagbag.py:540} INFO - Filling up the DagBag from /opt/airflow/dags/dag4.py
[2024-04-28T16:47:20.624+0000] {processor.py:840} INFO - DAG(s) 'Dan_dag_1' retrieved from /opt/airflow/dags/dag4.py
[2024-04-28T16:47:20.760+0000] {logging_mixin.py:188} INFO - [2024-04-28T16:47:20.753+0000] {dag.py:3096} INFO - Sync 1 DAGs
[2024-04-28T16:47:20.907+0000] {logging_mixin.py:188} INFO - [2024-04-28T16:47:20.904+0000] {dag.py:3954} INFO - Setting next_dagrun for Dan_dag_1 to 2024-03-29 07:30:15.000100+00:00, run_after=2024-03-30 07:30:15.000100+00:00
[2024-04-28T16:47:21.072+0000] {processor.py:183} INFO - Processing /opt/airflow/dags/dag4.py took 0.541 seconds
[2024-04-28T16:47:51.253+0000] {processor.py:161} INFO - Started process (PID=607) to work on /opt/airflow/dags/dag4.py
[2024-04-28T16:47:51.255+0000] {processor.py:830} INFO - Processing file /opt/airflow/dags/dag4.py for tasks to queue
[2024-04-28T16:47:51.265+0000] {logging_mixin.py:188} INFO - [2024-04-28T16:47:51.263+0000] {dagbag.py:540} INFO - Filling up the DagBag from /opt/airflow/dags/dag4.py
[2024-04-28T16:47:51.294+0000] {processor.py:840} INFO - DAG(s) 'Dan_dag_1' retrieved from /opt/airflow/dags/dag4.py
[2024-04-28T16:47:51.376+0000] {logging_mixin.py:188} INFO - [2024-04-28T16:47:51.374+0000] {dag.py:3096} INFO - Sync 1 DAGs
[2024-04-28T16:47:51.468+0000] {logging_mixin.py:188} INFO - [2024-04-28T16:47:51.467+0000] {dag.py:3954} INFO - Setting next_dagrun for Dan_dag_1 to 2024-03-29 07:30:15.000100+00:00, run_after=2024-03-30 07:30:15.000100+00:00
[2024-04-28T16:47:51.545+0000] {processor.py:183} INFO - Processing /opt/airflow/dags/dag4.py took 0.317 seconds
[2024-04-28T16:48:21.945+0000] {processor.py:161} INFO - Started process (PID=671) to work on /opt/airflow/dags/dag4.py
[2024-04-28T16:48:21.948+0000] {processor.py:830} INFO - Processing file /opt/airflow/dags/dag4.py for tasks to queue
[2024-04-28T16:48:21.953+0000] {logging_mixin.py:188} INFO - [2024-04-28T16:48:21.952+0000] {dagbag.py:540} INFO - Filling up the DagBag from /opt/airflow/dags/dag4.py
[2024-04-28T16:48:21.972+0000] {processor.py:840} INFO - DAG(s) 'Dan_dag_1' retrieved from /opt/airflow/dags/dag4.py
[2024-04-28T16:48:22.026+0000] {logging_mixin.py:188} INFO - [2024-04-28T16:48:22.025+0000] {dag.py:3096} INFO - Sync 1 DAGs
[2024-04-28T16:48:22.085+0000] {logging_mixin.py:188} INFO - [2024-04-28T16:48:22.084+0000] {dag.py:3954} INFO - Setting next_dagrun for Dan_dag_1 to 2024-03-29 07:30:15.000100+00:00, run_after=2024-03-30 07:30:15.000100+00:00
[2024-04-28T16:48:22.134+0000] {processor.py:183} INFO - Processing /opt/airflow/dags/dag4.py took 0.204 seconds
[2024-04-28T16:48:53.427+0000] {processor.py:161} INFO - Started process (PID=734) to work on /opt/airflow/dags/dag4.py
[2024-04-28T16:48:53.430+0000] {processor.py:830} INFO - Processing file /opt/airflow/dags/dag4.py for tasks to queue
[2024-04-28T16:48:53.437+0000] {logging_mixin.py:188} INFO - [2024-04-28T16:48:53.435+0000] {dagbag.py:540} INFO - Filling up the DagBag from /opt/airflow/dags/dag4.py
[2024-04-28T16:48:53.461+0000] {processor.py:840} INFO - DAG(s) 'Dan_dag_1' retrieved from /opt/airflow/dags/dag4.py
[2024-04-28T16:48:53.525+0000] {logging_mixin.py:188} INFO - [2024-04-28T16:48:53.522+0000] {dag.py:3096} INFO - Sync 1 DAGs
[2024-04-28T16:48:53.601+0000] {logging_mixin.py:188} INFO - [2024-04-28T16:48:53.600+0000] {dag.py:3954} INFO - Setting next_dagrun for Dan_dag_1 to 2024-03-29 07:30:15.000100+00:00, run_after=2024-03-30 07:30:15.000100+00:00
[2024-04-28T16:48:53.657+0000] {processor.py:183} INFO - Processing /opt/airflow/dags/dag4.py took 0.247 seconds
[2024-04-28T16:49:24.043+0000] {processor.py:161} INFO - Started process (PID=794) to work on /opt/airflow/dags/dag4.py
[2024-04-28T16:49:24.048+0000] {processor.py:830} INFO - Processing file /opt/airflow/dags/dag4.py for tasks to queue
[2024-04-28T16:49:24.056+0000] {logging_mixin.py:188} INFO - [2024-04-28T16:49:24.054+0000] {dagbag.py:540} INFO - Filling up the DagBag from /opt/airflow/dags/dag4.py
[2024-04-28T16:49:24.084+0000] {processor.py:840} INFO - DAG(s) 'Dan_dag_1' retrieved from /opt/airflow/dags/dag4.py
[2024-04-28T16:49:24.163+0000] {logging_mixin.py:188} INFO - [2024-04-28T16:49:24.162+0000] {dag.py:3096} INFO - Sync 1 DAGs
[2024-04-28T16:49:24.278+0000] {logging_mixin.py:188} INFO - [2024-04-28T16:49:24.277+0000] {dag.py:3954} INFO - Setting next_dagrun for Dan_dag_1 to 2024-03-29 07:30:15.000100+00:00, run_after=2024-03-30 07:30:15.000100+00:00
[2024-04-28T16:49:24.339+0000] {processor.py:183} INFO - Processing /opt/airflow/dags/dag4.py took 0.319 seconds
[2024-04-28T16:49:54.825+0000] {processor.py:161} INFO - Started process (PID=856) to work on /opt/airflow/dags/dag4.py
[2024-04-28T16:49:54.828+0000] {processor.py:830} INFO - Processing file /opt/airflow/dags/dag4.py for tasks to queue
[2024-04-28T16:49:54.837+0000] {logging_mixin.py:188} INFO - [2024-04-28T16:49:54.835+0000] {dagbag.py:540} INFO - Filling up the DagBag from /opt/airflow/dags/dag4.py
[2024-04-28T16:49:54.870+0000] {processor.py:840} INFO - DAG(s) 'Dan_dag_1' retrieved from /opt/airflow/dags/dag4.py
[2024-04-28T16:49:54.961+0000] {logging_mixin.py:188} INFO - [2024-04-28T16:49:54.959+0000] {dag.py:3096} INFO - Sync 1 DAGs
[2024-04-28T16:49:55.057+0000] {logging_mixin.py:188} INFO - [2024-04-28T16:49:55.056+0000] {dag.py:3954} INFO - Setting next_dagrun for Dan_dag_1 to 2024-03-29 07:30:15.000100+00:00, run_after=2024-03-30 07:30:15.000100+00:00
[2024-04-28T16:49:55.152+0000] {processor.py:183} INFO - Processing /opt/airflow/dags/dag4.py took 0.349 seconds
[2024-04-28T16:50:25.380+0000] {processor.py:161} INFO - Started process (PID=919) to work on /opt/airflow/dags/dag4.py
[2024-04-28T16:50:25.384+0000] {processor.py:830} INFO - Processing file /opt/airflow/dags/dag4.py for tasks to queue
[2024-04-28T16:50:25.390+0000] {logging_mixin.py:188} INFO - [2024-04-28T16:50:25.389+0000] {dagbag.py:540} INFO - Filling up the DagBag from /opt/airflow/dags/dag4.py
[2024-04-28T16:50:25.413+0000] {processor.py:840} INFO - DAG(s) 'Dan_dag_1' retrieved from /opt/airflow/dags/dag4.py
[2024-04-28T16:50:25.476+0000] {logging_mixin.py:188} INFO - [2024-04-28T16:50:25.475+0000] {dag.py:3096} INFO - Sync 1 DAGs
[2024-04-28T16:50:25.551+0000] {logging_mixin.py:188} INFO - [2024-04-28T16:50:25.550+0000] {dag.py:3954} INFO - Setting next_dagrun for Dan_dag_1 to 2024-03-29 07:30:15.000100+00:00, run_after=2024-03-30 07:30:15.000100+00:00
[2024-04-28T16:50:25.607+0000] {processor.py:183} INFO - Processing /opt/airflow/dags/dag4.py took 0.244 seconds
[2024-04-28T16:50:55.922+0000] {processor.py:161} INFO - Started process (PID=982) to work on /opt/airflow/dags/dag4.py
[2024-04-28T16:50:55.924+0000] {processor.py:830} INFO - Processing file /opt/airflow/dags/dag4.py for tasks to queue
[2024-04-28T16:50:55.930+0000] {logging_mixin.py:188} INFO - [2024-04-28T16:50:55.929+0000] {dagbag.py:540} INFO - Filling up the DagBag from /opt/airflow/dags/dag4.py
[2024-04-28T16:50:55.953+0000] {processor.py:840} INFO - DAG(s) 'Dan_dag_1' retrieved from /opt/airflow/dags/dag4.py
[2024-04-28T16:50:56.047+0000] {logging_mixin.py:188} INFO - [2024-04-28T16:50:56.045+0000] {dag.py:3096} INFO - Sync 1 DAGs
[2024-04-28T16:50:56.131+0000] {logging_mixin.py:188} INFO - [2024-04-28T16:50:56.130+0000] {dag.py:3954} INFO - Setting next_dagrun for Dan_dag_1 to 2024-03-29 07:30:15.000100+00:00, run_after=2024-03-30 07:30:15.000100+00:00
[2024-04-28T16:50:56.195+0000] {processor.py:183} INFO - Processing /opt/airflow/dags/dag4.py took 0.291 seconds
[2024-04-28T16:51:26.619+0000] {processor.py:161} INFO - Started process (PID=1045) to work on /opt/airflow/dags/dag4.py
[2024-04-28T16:51:26.626+0000] {processor.py:830} INFO - Processing file /opt/airflow/dags/dag4.py for tasks to queue
[2024-04-28T16:51:26.635+0000] {logging_mixin.py:188} INFO - [2024-04-28T16:51:26.633+0000] {dagbag.py:540} INFO - Filling up the DagBag from /opt/airflow/dags/dag4.py
[2024-04-28T16:51:26.664+0000] {processor.py:840} INFO - DAG(s) 'Dan_dag_1' retrieved from /opt/airflow/dags/dag4.py
[2024-04-28T16:51:26.743+0000] {logging_mixin.py:188} INFO - [2024-04-28T16:51:26.742+0000] {dag.py:3096} INFO - Sync 1 DAGs
[2024-04-28T16:51:26.827+0000] {logging_mixin.py:188} INFO - [2024-04-28T16:51:26.826+0000] {dag.py:3954} INFO - Setting next_dagrun for Dan_dag_1 to 2024-03-29 07:30:15.000100+00:00, run_after=2024-03-30 07:30:15.000100+00:00
[2024-04-28T16:51:26.897+0000] {processor.py:183} INFO - Processing /opt/airflow/dags/dag4.py took 0.297 seconds
[2024-04-28T16:51:57.029+0000] {processor.py:161} INFO - Started process (PID=1108) to work on /opt/airflow/dags/dag4.py
[2024-04-28T16:51:57.033+0000] {processor.py:830} INFO - Processing file /opt/airflow/dags/dag4.py for tasks to queue
[2024-04-28T16:51:57.041+0000] {logging_mixin.py:188} INFO - [2024-04-28T16:51:57.039+0000] {dagbag.py:540} INFO - Filling up the DagBag from /opt/airflow/dags/dag4.py
[2024-04-28T16:51:57.070+0000] {processor.py:840} INFO - DAG(s) 'Dan_dag_1' retrieved from /opt/airflow/dags/dag4.py
[2024-04-28T16:51:57.154+0000] {logging_mixin.py:188} INFO - [2024-04-28T16:51:57.151+0000] {dag.py:3096} INFO - Sync 1 DAGs
[2024-04-28T16:51:57.234+0000] {logging_mixin.py:188} INFO - [2024-04-28T16:51:57.234+0000] {dag.py:3954} INFO - Setting next_dagrun for Dan_dag_1 to 2024-03-29 07:30:15.000100+00:00, run_after=2024-03-30 07:30:15.000100+00:00
[2024-04-28T16:51:57.301+0000] {processor.py:183} INFO - Processing /opt/airflow/dags/dag4.py took 0.292 seconds
[2024-04-28T16:52:27.437+0000] {processor.py:161} INFO - Started process (PID=1170) to work on /opt/airflow/dags/dag4.py
[2024-04-28T16:52:27.439+0000] {processor.py:830} INFO - Processing file /opt/airflow/dags/dag4.py for tasks to queue
[2024-04-28T16:52:27.445+0000] {logging_mixin.py:188} INFO - [2024-04-28T16:52:27.444+0000] {dagbag.py:540} INFO - Filling up the DagBag from /opt/airflow/dags/dag4.py
[2024-04-28T16:52:27.468+0000] {processor.py:840} INFO - DAG(s) 'Dan_dag_1' retrieved from /opt/airflow/dags/dag4.py
[2024-04-28T16:52:27.530+0000] {logging_mixin.py:188} INFO - [2024-04-28T16:52:27.529+0000] {dag.py:3096} INFO - Sync 1 DAGs
[2024-04-28T16:52:27.591+0000] {logging_mixin.py:188} INFO - [2024-04-28T16:52:27.591+0000] {dag.py:3954} INFO - Setting next_dagrun for Dan_dag_1 to 2024-03-29 07:30:15.000100+00:00, run_after=2024-03-30 07:30:15.000100+00:00
[2024-04-28T16:52:27.641+0000] {processor.py:183} INFO - Processing /opt/airflow/dags/dag4.py took 0.219 seconds
[2024-04-28T16:52:58.078+0000] {processor.py:161} INFO - Started process (PID=1231) to work on /opt/airflow/dags/dag4.py
[2024-04-28T16:52:58.080+0000] {processor.py:830} INFO - Processing file /opt/airflow/dags/dag4.py for tasks to queue
[2024-04-28T16:52:58.085+0000] {logging_mixin.py:188} INFO - [2024-04-28T16:52:58.084+0000] {dagbag.py:540} INFO - Filling up the DagBag from /opt/airflow/dags/dag4.py
[2024-04-28T16:52:58.106+0000] {processor.py:840} INFO - DAG(s) 'Dan_dag_1' retrieved from /opt/airflow/dags/dag4.py
[2024-04-28T16:52:58.173+0000] {logging_mixin.py:188} INFO - [2024-04-28T16:52:58.172+0000] {dag.py:3096} INFO - Sync 1 DAGs
[2024-04-28T16:52:58.240+0000] {logging_mixin.py:188} INFO - [2024-04-28T16:52:58.239+0000] {dag.py:3954} INFO - Setting next_dagrun for Dan_dag_1 to 2024-03-29 07:30:15.000100+00:00, run_after=2024-03-30 07:30:15.000100+00:00
[2024-04-28T16:52:58.287+0000] {processor.py:183} INFO - Processing /opt/airflow/dags/dag4.py took 0.224 seconds
[2024-04-28T16:53:28.944+0000] {processor.py:161} INFO - Started process (PID=1294) to work on /opt/airflow/dags/dag4.py
[2024-04-28T16:53:28.947+0000] {processor.py:830} INFO - Processing file /opt/airflow/dags/dag4.py for tasks to queue
[2024-04-28T16:53:28.953+0000] {logging_mixin.py:188} INFO - [2024-04-28T16:53:28.952+0000] {dagbag.py:540} INFO - Filling up the DagBag from /opt/airflow/dags/dag4.py
[2024-04-28T16:53:28.975+0000] {processor.py:840} INFO - DAG(s) 'Dan_dag_1' retrieved from /opt/airflow/dags/dag4.py
[2024-04-28T16:53:29.043+0000] {logging_mixin.py:188} INFO - [2024-04-28T16:53:29.041+0000] {dag.py:3096} INFO - Sync 1 DAGs
[2024-04-28T16:53:29.116+0000] {logging_mixin.py:188} INFO - [2024-04-28T16:53:29.116+0000] {dag.py:3954} INFO - Setting next_dagrun for Dan_dag_1 to 2024-03-29 07:30:15.000100+00:00, run_after=2024-03-30 07:30:15.000100+00:00
[2024-04-28T16:53:29.184+0000] {processor.py:183} INFO - Processing /opt/airflow/dags/dag4.py took 0.259 seconds
[2024-04-28T16:53:59.878+0000] {processor.py:161} INFO - Started process (PID=1357) to work on /opt/airflow/dags/dag4.py
[2024-04-28T16:53:59.882+0000] {processor.py:830} INFO - Processing file /opt/airflow/dags/dag4.py for tasks to queue
[2024-04-28T16:53:59.889+0000] {logging_mixin.py:188} INFO - [2024-04-28T16:53:59.887+0000] {dagbag.py:540} INFO - Filling up the DagBag from /opt/airflow/dags/dag4.py
[2024-04-28T16:53:59.915+0000] {processor.py:840} INFO - DAG(s) 'Dan_dag_1' retrieved from /opt/airflow/dags/dag4.py
[2024-04-28T16:53:59.982+0000] {logging_mixin.py:188} INFO - [2024-04-28T16:53:59.980+0000] {dag.py:3096} INFO - Sync 1 DAGs
[2024-04-28T16:54:00.062+0000] {logging_mixin.py:188} INFO - [2024-04-28T16:54:00.061+0000] {dag.py:3954} INFO - Setting next_dagrun for Dan_dag_1 to 2024-03-29 07:30:15.000100+00:00, run_after=2024-03-30 07:30:15.000100+00:00
[2024-04-28T16:54:00.127+0000] {processor.py:183} INFO - Processing /opt/airflow/dags/dag4.py took 0.267 seconds
[2024-04-28T16:54:31.137+0000] {processor.py:161} INFO - Started process (PID=1419) to work on /opt/airflow/dags/dag4.py
[2024-04-28T16:54:31.140+0000] {processor.py:830} INFO - Processing file /opt/airflow/dags/dag4.py for tasks to queue
[2024-04-28T16:54:31.148+0000] {logging_mixin.py:188} INFO - [2024-04-28T16:54:31.147+0000] {dagbag.py:540} INFO - Filling up the DagBag from /opt/airflow/dags/dag4.py
[2024-04-28T16:54:31.171+0000] {processor.py:840} INFO - DAG(s) 'Dan_dag_1' retrieved from /opt/airflow/dags/dag4.py
[2024-04-28T16:54:31.235+0000] {logging_mixin.py:188} INFO - [2024-04-28T16:54:31.233+0000] {dag.py:3096} INFO - Sync 1 DAGs
[2024-04-28T16:54:31.306+0000] {logging_mixin.py:188} INFO - [2024-04-28T16:54:31.305+0000] {dag.py:3954} INFO - Setting next_dagrun for Dan_dag_1 to 2024-03-29 07:30:15.000100+00:00, run_after=2024-03-30 07:30:15.000100+00:00
[2024-04-28T16:54:31.396+0000] {processor.py:183} INFO - Processing /opt/airflow/dags/dag4.py took 0.279 seconds
[2024-04-28T16:55:01.480+0000] {processor.py:161} INFO - Started process (PID=1482) to work on /opt/airflow/dags/dag4.py
[2024-04-28T16:55:01.482+0000] {processor.py:830} INFO - Processing file /opt/airflow/dags/dag4.py for tasks to queue
[2024-04-28T16:55:01.487+0000] {logging_mixin.py:188} INFO - [2024-04-28T16:55:01.486+0000] {dagbag.py:540} INFO - Filling up the DagBag from /opt/airflow/dags/dag4.py
[2024-04-28T16:55:01.506+0000] {processor.py:840} INFO - DAG(s) 'Dan_dag_1' retrieved from /opt/airflow/dags/dag4.py
[2024-04-28T16:55:01.563+0000] {logging_mixin.py:188} INFO - [2024-04-28T16:55:01.562+0000] {dag.py:3096} INFO - Sync 1 DAGs
[2024-04-28T16:55:01.623+0000] {logging_mixin.py:188} INFO - [2024-04-28T16:55:01.623+0000] {dag.py:3954} INFO - Setting next_dagrun for Dan_dag_1 to 2024-03-29 07:30:15.000100+00:00, run_after=2024-03-30 07:30:15.000100+00:00
[2024-04-28T16:55:01.674+0000] {processor.py:183} INFO - Processing /opt/airflow/dags/dag4.py took 0.209 seconds
[2024-04-28T16:55:32.179+0000] {processor.py:161} INFO - Started process (PID=1545) to work on /opt/airflow/dags/dag4.py
[2024-04-28T16:55:32.213+0000] {processor.py:830} INFO - Processing file /opt/airflow/dags/dag4.py for tasks to queue
[2024-04-28T16:55:32.219+0000] {logging_mixin.py:188} INFO - [2024-04-28T16:55:32.218+0000] {dagbag.py:540} INFO - Filling up the DagBag from /opt/airflow/dags/dag4.py
[2024-04-28T16:55:32.241+0000] {processor.py:840} INFO - DAG(s) 'Dan_dag_1' retrieved from /opt/airflow/dags/dag4.py
[2024-04-28T16:55:32.303+0000] {logging_mixin.py:188} INFO - [2024-04-28T16:55:32.301+0000] {dag.py:3096} INFO - Sync 1 DAGs
[2024-04-28T16:55:32.372+0000] {logging_mixin.py:188} INFO - [2024-04-28T16:55:32.372+0000] {dag.py:3954} INFO - Setting next_dagrun for Dan_dag_1 to 2024-03-29 07:30:15.000100+00:00, run_after=2024-03-30 07:30:15.000100+00:00
[2024-04-28T16:55:32.435+0000] {processor.py:183} INFO - Processing /opt/airflow/dags/dag4.py took 0.283 seconds
[2024-04-28T16:56:03.248+0000] {processor.py:161} INFO - Started process (PID=1608) to work on /opt/airflow/dags/dag4.py
[2024-04-28T16:56:03.260+0000] {processor.py:830} INFO - Processing file /opt/airflow/dags/dag4.py for tasks to queue
[2024-04-28T16:56:03.271+0000] {logging_mixin.py:188} INFO - [2024-04-28T16:56:03.268+0000] {dagbag.py:540} INFO - Filling up the DagBag from /opt/airflow/dags/dag4.py
[2024-04-28T16:56:03.312+0000] {processor.py:840} INFO - DAG(s) 'Dan_dag_1' retrieved from /opt/airflow/dags/dag4.py
[2024-04-28T16:56:03.466+0000] {logging_mixin.py:188} INFO - [2024-04-28T16:56:03.464+0000] {dag.py:3096} INFO - Sync 1 DAGs
[2024-04-28T16:56:03.603+0000] {logging_mixin.py:188} INFO - [2024-04-28T16:56:03.601+0000] {dag.py:3954} INFO - Setting next_dagrun for Dan_dag_1 to 2024-03-29 07:30:15.000100+00:00, run_after=2024-03-30 07:30:15.000100+00:00
[2024-04-28T16:56:03.693+0000] {processor.py:183} INFO - Processing /opt/airflow/dags/dag4.py took 0.478 seconds
[2024-04-28T16:56:35.086+0000] {processor.py:161} INFO - Started process (PID=1678) to work on /opt/airflow/dags/dag4.py
[2024-04-28T16:56:35.094+0000] {processor.py:830} INFO - Processing file /opt/airflow/dags/dag4.py for tasks to queue
[2024-04-28T16:56:35.122+0000] {logging_mixin.py:188} INFO - [2024-04-28T16:56:35.108+0000] {dagbag.py:540} INFO - Filling up the DagBag from /opt/airflow/dags/dag4.py
[2024-04-28T16:56:35.217+0000] {processor.py:840} INFO - DAG(s) 'Dan_dag_1' retrieved from /opt/airflow/dags/dag4.py
[2024-04-28T16:56:35.502+0000] {logging_mixin.py:188} INFO - [2024-04-28T16:56:35.496+0000] {dag.py:3096} INFO - Sync 1 DAGs
[2024-04-28T16:56:35.865+0000] {logging_mixin.py:188} INFO - [2024-04-28T16:56:35.864+0000] {dag.py:3954} INFO - Setting next_dagrun for Dan_dag_1 to 2024-03-29 07:30:15.000100+00:00, run_after=2024-03-30 07:30:15.000100+00:00
[2024-04-28T16:56:36.128+0000] {processor.py:183} INFO - Processing /opt/airflow/dags/dag4.py took 1.111 seconds
[2024-04-28T16:57:06.715+0000] {processor.py:161} INFO - Started process (PID=1741) to work on /opt/airflow/dags/dag4.py
[2024-04-28T16:57:06.719+0000] {processor.py:830} INFO - Processing file /opt/airflow/dags/dag4.py for tasks to queue
[2024-04-28T16:57:06.728+0000] {logging_mixin.py:188} INFO - [2024-04-28T16:57:06.726+0000] {dagbag.py:540} INFO - Filling up the DagBag from /opt/airflow/dags/dag4.py
[2024-04-28T16:57:06.773+0000] {processor.py:840} INFO - DAG(s) 'Dan_dag_1' retrieved from /opt/airflow/dags/dag4.py
[2024-04-28T16:57:06.892+0000] {logging_mixin.py:188} INFO - [2024-04-28T16:57:06.890+0000] {dag.py:3096} INFO - Sync 1 DAGs
[2024-04-28T16:57:07.010+0000] {logging_mixin.py:188} INFO - [2024-04-28T16:57:07.009+0000] {dag.py:3954} INFO - Setting next_dagrun for Dan_dag_1 to 2024-03-29 07:30:15.000100+00:00, run_after=2024-03-30 07:30:15.000100+00:00
[2024-04-28T16:57:07.114+0000] {processor.py:183} INFO - Processing /opt/airflow/dags/dag4.py took 0.421 seconds
[2024-04-28T16:57:37.712+0000] {processor.py:161} INFO - Started process (PID=1804) to work on /opt/airflow/dags/dag4.py
[2024-04-28T16:57:37.717+0000] {processor.py:830} INFO - Processing file /opt/airflow/dags/dag4.py for tasks to queue
[2024-04-28T16:57:37.726+0000] {logging_mixin.py:188} INFO - [2024-04-28T16:57:37.725+0000] {dagbag.py:540} INFO - Filling up the DagBag from /opt/airflow/dags/dag4.py
[2024-04-28T16:57:37.776+0000] {processor.py:840} INFO - DAG(s) 'Dan_dag_1' retrieved from /opt/airflow/dags/dag4.py
[2024-04-28T16:57:37.914+0000] {logging_mixin.py:188} INFO - [2024-04-28T16:57:37.910+0000] {dag.py:3096} INFO - Sync 1 DAGs
[2024-04-28T16:57:38.057+0000] {logging_mixin.py:188} INFO - [2024-04-28T16:57:38.056+0000] {dag.py:3954} INFO - Setting next_dagrun for Dan_dag_1 to 2024-03-29 07:30:15.000100+00:00, run_after=2024-03-30 07:30:15.000100+00:00
[2024-04-28T16:57:38.156+0000] {processor.py:183} INFO - Processing /opt/airflow/dags/dag4.py took 0.479 seconds
[2024-04-28T16:58:08.304+0000] {processor.py:161} INFO - Started process (PID=1867) to work on /opt/airflow/dags/dag4.py
[2024-04-28T16:58:08.307+0000] {processor.py:830} INFO - Processing file /opt/airflow/dags/dag4.py for tasks to queue
[2024-04-28T16:58:08.313+0000] {logging_mixin.py:188} INFO - [2024-04-28T16:58:08.312+0000] {dagbag.py:540} INFO - Filling up the DagBag from /opt/airflow/dags/dag4.py
[2024-04-28T16:58:08.339+0000] {processor.py:840} INFO - DAG(s) 'Dan_dag_1' retrieved from /opt/airflow/dags/dag4.py
[2024-04-28T16:58:08.400+0000] {logging_mixin.py:188} INFO - [2024-04-28T16:58:08.399+0000] {dag.py:3096} INFO - Sync 1 DAGs
[2024-04-28T16:58:08.461+0000] {logging_mixin.py:188} INFO - [2024-04-28T16:58:08.460+0000] {dag.py:3954} INFO - Setting next_dagrun for Dan_dag_1 to 2024-03-29 07:30:15.000100+00:00, run_after=2024-03-30 07:30:15.000100+00:00
[2024-04-28T16:58:08.510+0000] {processor.py:183} INFO - Processing /opt/airflow/dags/dag4.py took 0.221 seconds
[2024-04-28T16:58:38.638+0000] {processor.py:161} INFO - Started process (PID=1929) to work on /opt/airflow/dags/dag4.py
[2024-04-28T16:58:38.641+0000] {processor.py:830} INFO - Processing file /opt/airflow/dags/dag4.py for tasks to queue
[2024-04-28T16:58:38.648+0000] {logging_mixin.py:188} INFO - [2024-04-28T16:58:38.647+0000] {dagbag.py:540} INFO - Filling up the DagBag from /opt/airflow/dags/dag4.py
[2024-04-28T16:58:38.688+0000] {processor.py:840} INFO - DAG(s) 'Dan_dag_1' retrieved from /opt/airflow/dags/dag4.py
[2024-04-28T16:58:38.830+0000] {logging_mixin.py:188} INFO - [2024-04-28T16:58:38.827+0000] {dag.py:3096} INFO - Sync 1 DAGs
[2024-04-28T16:58:38.935+0000] {logging_mixin.py:188} INFO - [2024-04-28T16:58:38.934+0000] {dag.py:3954} INFO - Setting next_dagrun for Dan_dag_1 to 2024-03-29 07:30:15.000100+00:00, run_after=2024-03-30 07:30:15.000100+00:00
[2024-04-28T16:58:39.042+0000] {processor.py:183} INFO - Processing /opt/airflow/dags/dag4.py took 0.424 seconds
