[2024-04-28T15:35:18.396+0000] {processor.py:161} INFO - Started process (PID=46) to work on /opt/airflow/dags/parquet_dag.py
[2024-04-28T15:35:18.399+0000] {processor.py:830} INFO - Processing file /opt/airflow/dags/parquet_dag.py for tasks to queue
[2024-04-28T15:35:18.407+0000] {logging_mixin.py:188} INFO - [2024-04-28T15:35:18.406+0000] {dagbag.py:540} INFO - Filling up the DagBag from /opt/airflow/dags/parquet_dag.py
[2024-04-28T15:35:34.018+0000] {processor.py:840} INFO - DAG(s) 'Orders_Backup' retrieved from /opt/airflow/dags/parquet_dag.py
[2024-04-28T15:35:38.323+0000] {logging_mixin.py:188} INFO - [2024-04-28T15:35:38.312+0000] {dag.py:3096} INFO - Sync 1 DAGs
[2024-04-28T15:35:38.604+0000] {logging_mixin.py:188} INFO - [2024-04-28T15:35:38.602+0000] {dag.py:3954} INFO - Setting next_dagrun for Orders_Backup to 2024-04-21 00:00:00+00:00, run_after=2024-04-28 00:00:00+00:00
[2024-04-28T15:35:38.882+0000] {processor.py:183} INFO - Processing /opt/airflow/dags/parquet_dag.py took 20.507 seconds
[2024-04-28T15:36:27.456+0000] {processor.py:161} INFO - Started process (PID=118) to work on /opt/airflow/dags/parquet_dag.py
[2024-04-28T15:36:27.466+0000] {processor.py:830} INFO - Processing file /opt/airflow/dags/parquet_dag.py for tasks to queue
[2024-04-28T15:36:27.481+0000] {logging_mixin.py:188} INFO - [2024-04-28T15:36:27.476+0000] {dagbag.py:540} INFO - Filling up the DagBag from /opt/airflow/dags/parquet_dag.py
[2024-04-28T15:36:27.551+0000] {processor.py:840} INFO - DAG(s) 'Orders_Backup' retrieved from /opt/airflow/dags/parquet_dag.py
[2024-04-28T15:36:27.680+0000] {logging_mixin.py:188} INFO - [2024-04-28T15:36:27.671+0000] {dag.py:3096} INFO - Sync 1 DAGs
[2024-04-28T15:36:27.811+0000] {logging_mixin.py:188} INFO - [2024-04-28T15:36:27.810+0000] {dag.py:3954} INFO - Setting next_dagrun for Orders_Backup to 2024-04-21 00:00:00+00:00, run_after=2024-04-28 00:00:00+00:00
[2024-04-28T15:36:27.914+0000] {processor.py:183} INFO - Processing /opt/airflow/dags/parquet_dag.py took 0.497 seconds
[2024-04-28T15:36:58.896+0000] {processor.py:161} INFO - Started process (PID=181) to work on /opt/airflow/dags/parquet_dag.py
[2024-04-28T15:36:58.899+0000] {processor.py:830} INFO - Processing file /opt/airflow/dags/parquet_dag.py for tasks to queue
[2024-04-28T15:36:58.914+0000] {logging_mixin.py:188} INFO - [2024-04-28T15:36:58.906+0000] {dagbag.py:540} INFO - Filling up the DagBag from /opt/airflow/dags/parquet_dag.py
[2024-04-28T15:36:58.975+0000] {processor.py:840} INFO - DAG(s) 'Orders_Backup' retrieved from /opt/airflow/dags/parquet_dag.py
[2024-04-28T15:36:59.121+0000] {logging_mixin.py:188} INFO - [2024-04-28T15:36:59.119+0000] {dag.py:3096} INFO - Sync 1 DAGs
[2024-04-28T15:36:59.308+0000] {logging_mixin.py:188} INFO - [2024-04-28T15:36:59.306+0000] {dag.py:3954} INFO - Setting next_dagrun for Orders_Backup to 2024-04-21 00:00:00+00:00, run_after=2024-04-28 00:00:00+00:00
[2024-04-28T15:36:59.416+0000] {processor.py:183} INFO - Processing /opt/airflow/dags/parquet_dag.py took 0.557 seconds
[2024-04-28T15:37:31.285+0000] {processor.py:161} INFO - Started process (PID=239) to work on /opt/airflow/dags/parquet_dag.py
[2024-04-28T15:37:31.326+0000] {processor.py:830} INFO - Processing file /opt/airflow/dags/parquet_dag.py for tasks to queue
[2024-04-28T15:37:31.380+0000] {logging_mixin.py:188} INFO - [2024-04-28T15:37:31.378+0000] {dagbag.py:540} INFO - Filling up the DagBag from /opt/airflow/dags/parquet_dag.py
[2024-04-28T15:37:31.902+0000] {processor.py:840} INFO - DAG(s) 'Orders_Backup' retrieved from /opt/airflow/dags/parquet_dag.py
[2024-04-28T15:37:32.489+0000] {logging_mixin.py:188} INFO - [2024-04-28T15:37:32.487+0000] {dag.py:3096} INFO - Sync 1 DAGs
[2024-04-28T15:37:32.693+0000] {logging_mixin.py:188} INFO - [2024-04-28T15:37:32.692+0000] {dag.py:3954} INFO - Setting next_dagrun for Orders_Backup to 2024-04-21 00:00:00+00:00, run_after=2024-04-28 00:00:00+00:00
[2024-04-28T15:37:32.790+0000] {processor.py:183} INFO - Processing /opt/airflow/dags/parquet_dag.py took 1.612 seconds
[2024-04-28T15:38:03.177+0000] {processor.py:161} INFO - Started process (PID=302) to work on /opt/airflow/dags/parquet_dag.py
[2024-04-28T15:38:03.185+0000] {processor.py:830} INFO - Processing file /opt/airflow/dags/parquet_dag.py for tasks to queue
[2024-04-28T15:38:03.205+0000] {logging_mixin.py:188} INFO - [2024-04-28T15:38:03.200+0000] {dagbag.py:540} INFO - Filling up the DagBag from /opt/airflow/dags/parquet_dag.py
[2024-04-28T15:38:03.287+0000] {processor.py:840} INFO - DAG(s) 'Orders_Backup' retrieved from /opt/airflow/dags/parquet_dag.py
[2024-04-28T15:38:03.472+0000] {logging_mixin.py:188} INFO - [2024-04-28T15:38:03.470+0000] {dag.py:3096} INFO - Sync 1 DAGs
[2024-04-28T15:38:03.732+0000] {logging_mixin.py:188} INFO - [2024-04-28T15:38:03.731+0000] {dag.py:3954} INFO - Setting next_dagrun for Orders_Backup to 2024-04-21 00:00:00+00:00, run_after=2024-04-28 00:00:00+00:00
[2024-04-28T15:38:03.816+0000] {processor.py:183} INFO - Processing /opt/airflow/dags/parquet_dag.py took 0.697 seconds
[2024-04-28T15:38:34.482+0000] {processor.py:161} INFO - Started process (PID=371) to work on /opt/airflow/dags/parquet_dag.py
[2024-04-28T15:38:34.486+0000] {processor.py:830} INFO - Processing file /opt/airflow/dags/parquet_dag.py for tasks to queue
[2024-04-28T15:38:34.492+0000] {logging_mixin.py:188} INFO - [2024-04-28T15:38:34.490+0000] {dagbag.py:540} INFO - Filling up the DagBag from /opt/airflow/dags/parquet_dag.py
[2024-04-28T15:38:34.522+0000] {processor.py:840} INFO - DAG(s) 'Orders_Backup' retrieved from /opt/airflow/dags/parquet_dag.py
[2024-04-28T15:38:34.587+0000] {logging_mixin.py:188} INFO - [2024-04-28T15:38:34.585+0000] {dag.py:3096} INFO - Sync 1 DAGs
[2024-04-28T15:38:34.663+0000] {logging_mixin.py:188} INFO - [2024-04-28T15:38:34.662+0000] {dag.py:3954} INFO - Setting next_dagrun for Orders_Backup to 2024-04-21 00:00:00+00:00, run_after=2024-04-28 00:00:00+00:00
[2024-04-28T15:38:34.724+0000] {processor.py:183} INFO - Processing /opt/airflow/dags/parquet_dag.py took 0.260 seconds
[2024-04-28T15:39:05.241+0000] {processor.py:161} INFO - Started process (PID=434) to work on /opt/airflow/dags/parquet_dag.py
[2024-04-28T15:39:05.250+0000] {processor.py:830} INFO - Processing file /opt/airflow/dags/parquet_dag.py for tasks to queue
[2024-04-28T15:39:05.256+0000] {logging_mixin.py:188} INFO - [2024-04-28T15:39:05.255+0000] {dagbag.py:540} INFO - Filling up the DagBag from /opt/airflow/dags/parquet_dag.py
[2024-04-28T15:39:05.285+0000] {processor.py:840} INFO - DAG(s) 'Orders_Backup' retrieved from /opt/airflow/dags/parquet_dag.py
[2024-04-28T15:39:05.353+0000] {logging_mixin.py:188} INFO - [2024-04-28T15:39:05.351+0000] {dag.py:3096} INFO - Sync 1 DAGs
[2024-04-28T15:39:05.429+0000] {logging_mixin.py:188} INFO - [2024-04-28T15:39:05.429+0000] {dag.py:3954} INFO - Setting next_dagrun for Orders_Backup to 2024-04-21 00:00:00+00:00, run_after=2024-04-28 00:00:00+00:00
[2024-04-28T15:39:05.485+0000] {processor.py:183} INFO - Processing /opt/airflow/dags/parquet_dag.py took 0.261 seconds
[2024-04-28T15:39:36.190+0000] {processor.py:161} INFO - Started process (PID=498) to work on /opt/airflow/dags/parquet_dag.py
[2024-04-28T15:39:36.194+0000] {processor.py:830} INFO - Processing file /opt/airflow/dags/parquet_dag.py for tasks to queue
[2024-04-28T15:39:36.201+0000] {logging_mixin.py:188} INFO - [2024-04-28T15:39:36.200+0000] {dagbag.py:540} INFO - Filling up the DagBag from /opt/airflow/dags/parquet_dag.py
[2024-04-28T15:39:36.232+0000] {processor.py:840} INFO - DAG(s) 'Orders_Backup' retrieved from /opt/airflow/dags/parquet_dag.py
[2024-04-28T15:39:36.309+0000] {logging_mixin.py:188} INFO - [2024-04-28T15:39:36.308+0000] {dag.py:3096} INFO - Sync 1 DAGs
[2024-04-28T15:39:36.394+0000] {logging_mixin.py:188} INFO - [2024-04-28T15:39:36.394+0000] {dag.py:3954} INFO - Setting next_dagrun for Orders_Backup to 2024-04-21 00:00:00+00:00, run_after=2024-04-28 00:00:00+00:00
[2024-04-28T15:39:36.472+0000] {processor.py:183} INFO - Processing /opt/airflow/dags/parquet_dag.py took 0.300 seconds
[2024-04-28T15:40:07.380+0000] {processor.py:161} INFO - Started process (PID=560) to work on /opt/airflow/dags/parquet_dag.py
[2024-04-28T15:40:07.402+0000] {processor.py:830} INFO - Processing file /opt/airflow/dags/parquet_dag.py for tasks to queue
[2024-04-28T15:40:07.424+0000] {logging_mixin.py:188} INFO - [2024-04-28T15:40:07.416+0000] {dagbag.py:540} INFO - Filling up the DagBag from /opt/airflow/dags/parquet_dag.py
[2024-04-28T15:40:07.499+0000] {processor.py:840} INFO - DAG(s) 'Orders_Backup' retrieved from /opt/airflow/dags/parquet_dag.py
[2024-04-28T15:40:07.749+0000] {logging_mixin.py:188} INFO - [2024-04-28T15:40:07.742+0000] {dag.py:3096} INFO - Sync 1 DAGs
[2024-04-28T15:40:08.127+0000] {logging_mixin.py:188} INFO - [2024-04-28T15:40:08.126+0000] {dag.py:3954} INFO - Setting next_dagrun for Orders_Backup to 2024-04-21 00:00:00+00:00, run_after=2024-04-28 00:00:00+00:00
[2024-04-28T15:40:08.390+0000] {processor.py:183} INFO - Processing /opt/airflow/dags/parquet_dag.py took 1.096 seconds
[2024-04-28T15:40:38.818+0000] {processor.py:161} INFO - Started process (PID=622) to work on /opt/airflow/dags/parquet_dag.py
[2024-04-28T15:40:38.821+0000] {processor.py:830} INFO - Processing file /opt/airflow/dags/parquet_dag.py for tasks to queue
[2024-04-28T15:40:38.828+0000] {logging_mixin.py:188} INFO - [2024-04-28T15:40:38.827+0000] {dagbag.py:540} INFO - Filling up the DagBag from /opt/airflow/dags/parquet_dag.py
[2024-04-28T15:40:38.859+0000] {processor.py:840} INFO - DAG(s) 'Orders_Backup' retrieved from /opt/airflow/dags/parquet_dag.py
[2024-04-28T15:40:38.928+0000] {logging_mixin.py:188} INFO - [2024-04-28T15:40:38.926+0000] {dag.py:3096} INFO - Sync 1 DAGs
[2024-04-28T15:40:39.026+0000] {logging_mixin.py:188} INFO - [2024-04-28T15:40:39.025+0000] {dag.py:3954} INFO - Setting next_dagrun for Orders_Backup to 2024-04-21 00:00:00+00:00, run_after=2024-04-28 00:00:00+00:00
[2024-04-28T15:40:39.153+0000] {processor.py:183} INFO - Processing /opt/airflow/dags/parquet_dag.py took 0.354 seconds
[2024-04-28T15:41:09.412+0000] {processor.py:161} INFO - Started process (PID=685) to work on /opt/airflow/dags/parquet_dag.py
[2024-04-28T15:41:09.415+0000] {processor.py:830} INFO - Processing file /opt/airflow/dags/parquet_dag.py for tasks to queue
[2024-04-28T15:41:09.421+0000] {logging_mixin.py:188} INFO - [2024-04-28T15:41:09.420+0000] {dagbag.py:540} INFO - Filling up the DagBag from /opt/airflow/dags/parquet_dag.py
[2024-04-28T15:41:09.446+0000] {processor.py:840} INFO - DAG(s) 'Orders_Backup' retrieved from /opt/airflow/dags/parquet_dag.py
[2024-04-28T15:41:09.499+0000] {logging_mixin.py:188} INFO - [2024-04-28T15:41:09.498+0000] {dag.py:3096} INFO - Sync 1 DAGs
[2024-04-28T15:41:09.566+0000] {logging_mixin.py:188} INFO - [2024-04-28T15:41:09.565+0000] {dag.py:3954} INFO - Setting next_dagrun for Orders_Backup to 2024-04-21 00:00:00+00:00, run_after=2024-04-28 00:00:00+00:00
[2024-04-28T15:41:09.633+0000] {processor.py:183} INFO - Processing /opt/airflow/dags/parquet_dag.py took 0.235 seconds
[2024-04-28T15:41:40.139+0000] {processor.py:161} INFO - Started process (PID=748) to work on /opt/airflow/dags/parquet_dag.py
[2024-04-28T15:41:40.142+0000] {processor.py:830} INFO - Processing file /opt/airflow/dags/parquet_dag.py for tasks to queue
[2024-04-28T15:41:40.149+0000] {logging_mixin.py:188} INFO - [2024-04-28T15:41:40.148+0000] {dagbag.py:540} INFO - Filling up the DagBag from /opt/airflow/dags/parquet_dag.py
[2024-04-28T15:41:40.179+0000] {processor.py:840} INFO - DAG(s) 'Orders_Backup' retrieved from /opt/airflow/dags/parquet_dag.py
[2024-04-28T15:41:40.247+0000] {logging_mixin.py:188} INFO - [2024-04-28T15:41:40.246+0000] {dag.py:3096} INFO - Sync 1 DAGs
[2024-04-28T15:41:40.324+0000] {logging_mixin.py:188} INFO - [2024-04-28T15:41:40.323+0000] {dag.py:3954} INFO - Setting next_dagrun for Orders_Backup to 2024-04-21 00:00:00+00:00, run_after=2024-04-28 00:00:00+00:00
[2024-04-28T15:41:40.388+0000] {processor.py:183} INFO - Processing /opt/airflow/dags/parquet_dag.py took 0.267 seconds
[2024-04-28T15:42:10.604+0000] {processor.py:161} INFO - Started process (PID=811) to work on /opt/airflow/dags/parquet_dag.py
[2024-04-28T15:42:10.610+0000] {processor.py:830} INFO - Processing file /opt/airflow/dags/parquet_dag.py for tasks to queue
[2024-04-28T15:42:10.620+0000] {logging_mixin.py:188} INFO - [2024-04-28T15:42:10.619+0000] {dagbag.py:540} INFO - Filling up the DagBag from /opt/airflow/dags/parquet_dag.py
[2024-04-28T15:42:10.680+0000] {processor.py:840} INFO - DAG(s) 'Orders_Backup' retrieved from /opt/airflow/dags/parquet_dag.py
[2024-04-28T15:42:10.833+0000] {logging_mixin.py:188} INFO - [2024-04-28T15:42:10.827+0000] {dag.py:3096} INFO - Sync 1 DAGs
[2024-04-28T15:42:10.955+0000] {logging_mixin.py:188} INFO - [2024-04-28T15:42:10.955+0000] {dag.py:3954} INFO - Setting next_dagrun for Orders_Backup to 2024-04-21 00:00:00+00:00, run_after=2024-04-28 00:00:00+00:00
[2024-04-28T15:42:11.034+0000] {processor.py:183} INFO - Processing /opt/airflow/dags/parquet_dag.py took 0.451 seconds
[2024-04-28T15:42:41.250+0000] {processor.py:161} INFO - Started process (PID=874) to work on /opt/airflow/dags/parquet_dag.py
[2024-04-28T15:42:41.258+0000] {processor.py:830} INFO - Processing file /opt/airflow/dags/parquet_dag.py for tasks to queue
[2024-04-28T15:42:41.267+0000] {logging_mixin.py:188} INFO - [2024-04-28T15:42:41.265+0000] {dagbag.py:540} INFO - Filling up the DagBag from /opt/airflow/dags/parquet_dag.py
[2024-04-28T15:42:41.301+0000] {processor.py:840} INFO - DAG(s) 'Orders_Backup' retrieved from /opt/airflow/dags/parquet_dag.py
[2024-04-28T15:42:41.375+0000] {logging_mixin.py:188} INFO - [2024-04-28T15:42:41.373+0000] {dag.py:3096} INFO - Sync 1 DAGs
[2024-04-28T15:42:41.481+0000] {logging_mixin.py:188} INFO - [2024-04-28T15:42:41.480+0000] {dag.py:3954} INFO - Setting next_dagrun for Orders_Backup to 2024-04-21 00:00:00+00:00, run_after=2024-04-28 00:00:00+00:00
[2024-04-28T15:42:41.562+0000] {processor.py:183} INFO - Processing /opt/airflow/dags/parquet_dag.py took 0.333 seconds
[2024-04-28T15:43:11.876+0000] {processor.py:161} INFO - Started process (PID=937) to work on /opt/airflow/dags/parquet_dag.py
[2024-04-28T15:43:11.879+0000] {processor.py:830} INFO - Processing file /opt/airflow/dags/parquet_dag.py for tasks to queue
[2024-04-28T15:43:11.887+0000] {logging_mixin.py:188} INFO - [2024-04-28T15:43:11.886+0000] {dagbag.py:540} INFO - Filling up the DagBag from /opt/airflow/dags/parquet_dag.py
[2024-04-28T15:43:11.917+0000] {processor.py:840} INFO - DAG(s) 'Orders_Backup' retrieved from /opt/airflow/dags/parquet_dag.py
[2024-04-28T15:43:12.000+0000] {logging_mixin.py:188} INFO - [2024-04-28T15:43:11.998+0000] {dag.py:3096} INFO - Sync 1 DAGs
[2024-04-28T15:43:12.108+0000] {logging_mixin.py:188} INFO - [2024-04-28T15:43:12.107+0000] {dag.py:3954} INFO - Setting next_dagrun for Orders_Backup to 2024-04-21 00:00:00+00:00, run_after=2024-04-28 00:00:00+00:00
[2024-04-28T15:43:12.193+0000] {processor.py:183} INFO - Processing /opt/airflow/dags/parquet_dag.py took 0.337 seconds
[2024-04-28T15:57:40.831+0000] {processor.py:161} INFO - Started process (PID=46) to work on /opt/airflow/dags/parquet_dag.py
[2024-04-28T15:57:40.838+0000] {processor.py:830} INFO - Processing file /opt/airflow/dags/parquet_dag.py for tasks to queue
[2024-04-28T15:57:40.851+0000] {logging_mixin.py:188} INFO - [2024-04-28T15:57:40.850+0000] {dagbag.py:540} INFO - Filling up the DagBag from /opt/airflow/dags/parquet_dag.py
[2024-04-28T15:57:48.166+0000] {processor.py:840} INFO - DAG(s) 'Orders_Backup' retrieved from /opt/airflow/dags/parquet_dag.py
[2024-04-28T15:57:50.467+0000] {logging_mixin.py:188} INFO - [2024-04-28T15:57:50.466+0000] {dag.py:3096} INFO - Sync 1 DAGs
[2024-04-28T15:57:50.612+0000] {logging_mixin.py:188} INFO - [2024-04-28T15:57:50.611+0000] {dag.py:3954} INFO - Setting next_dagrun for Orders_Backup to 2024-04-21 00:00:00+00:00, run_after=2024-04-28 00:00:00+00:00
[2024-04-28T15:57:50.720+0000] {processor.py:183} INFO - Processing /opt/airflow/dags/parquet_dag.py took 9.930 seconds
[2024-04-28T15:58:46.262+0000] {processor.py:161} INFO - Started process (PID=117) to work on /opt/airflow/dags/parquet_dag.py
[2024-04-28T15:58:46.265+0000] {processor.py:830} INFO - Processing file /opt/airflow/dags/parquet_dag.py for tasks to queue
[2024-04-28T15:58:46.272+0000] {logging_mixin.py:188} INFO - [2024-04-28T15:58:46.271+0000] {dagbag.py:540} INFO - Filling up the DagBag from /opt/airflow/dags/parquet_dag.py
[2024-04-28T15:58:46.316+0000] {processor.py:840} INFO - DAG(s) 'Orders_Backup' retrieved from /opt/airflow/dags/parquet_dag.py
[2024-04-28T15:58:46.400+0000] {logging_mixin.py:188} INFO - [2024-04-28T15:58:46.398+0000] {dag.py:3096} INFO - Sync 1 DAGs
[2024-04-28T15:58:46.488+0000] {logging_mixin.py:188} INFO - [2024-04-28T15:58:46.487+0000] {dag.py:3954} INFO - Setting next_dagrun for Orders_Backup to 2024-04-21 00:00:00+00:00, run_after=2024-04-28 00:00:00+00:00
[2024-04-28T15:58:46.566+0000] {processor.py:183} INFO - Processing /opt/airflow/dags/parquet_dag.py took 0.327 seconds
[2024-04-28T15:59:17.672+0000] {processor.py:161} INFO - Started process (PID=178) to work on /opt/airflow/dags/parquet_dag.py
[2024-04-28T15:59:17.680+0000] {processor.py:830} INFO - Processing file /opt/airflow/dags/parquet_dag.py for tasks to queue
[2024-04-28T15:59:17.689+0000] {logging_mixin.py:188} INFO - [2024-04-28T15:59:17.688+0000] {dagbag.py:540} INFO - Filling up the DagBag from /opt/airflow/dags/parquet_dag.py
[2024-04-28T15:59:17.731+0000] {processor.py:840} INFO - DAG(s) 'Orders_Backup' retrieved from /opt/airflow/dags/parquet_dag.py
[2024-04-28T15:59:17.818+0000] {logging_mixin.py:188} INFO - [2024-04-28T15:59:17.816+0000] {dag.py:3096} INFO - Sync 1 DAGs
[2024-04-28T15:59:17.955+0000] {logging_mixin.py:188} INFO - [2024-04-28T15:59:17.955+0000] {dag.py:3954} INFO - Setting next_dagrun for Orders_Backup to 2024-04-21 00:00:00+00:00, run_after=2024-04-28 00:00:00+00:00
[2024-04-28T15:59:18.098+0000] {processor.py:183} INFO - Processing /opt/airflow/dags/parquet_dag.py took 0.471 seconds
[2024-04-28T15:59:49.426+0000] {processor.py:161} INFO - Started process (PID=241) to work on /opt/airflow/dags/parquet_dag.py
[2024-04-28T15:59:49.428+0000] {processor.py:830} INFO - Processing file /opt/airflow/dags/parquet_dag.py for tasks to queue
[2024-04-28T15:59:49.455+0000] {logging_mixin.py:188} INFO - [2024-04-28T15:59:49.454+0000] {dagbag.py:540} INFO - Filling up the DagBag from /opt/airflow/dags/parquet_dag.py
[2024-04-28T15:59:49.541+0000] {processor.py:840} INFO - DAG(s) 'Orders_Backup' retrieved from /opt/airflow/dags/parquet_dag.py
[2024-04-28T15:59:49.809+0000] {logging_mixin.py:188} INFO - [2024-04-28T15:59:49.802+0000] {dag.py:3096} INFO - Sync 1 DAGs
[2024-04-28T15:59:50.005+0000] {logging_mixin.py:188} INFO - [2024-04-28T15:59:50.004+0000] {dag.py:3954} INFO - Setting next_dagrun for Orders_Backup to 2024-04-21 00:00:00+00:00, run_after=2024-04-28 00:00:00+00:00
[2024-04-28T15:59:50.375+0000] {processor.py:183} INFO - Processing /opt/airflow/dags/parquet_dag.py took 1.064 seconds
[2024-04-28T16:00:20.805+0000] {processor.py:161} INFO - Started process (PID=304) to work on /opt/airflow/dags/parquet_dag.py
[2024-04-28T16:00:20.814+0000] {processor.py:830} INFO - Processing file /opt/airflow/dags/parquet_dag.py for tasks to queue
[2024-04-28T16:00:20.820+0000] {logging_mixin.py:188} INFO - [2024-04-28T16:00:20.819+0000] {dagbag.py:540} INFO - Filling up the DagBag from /opt/airflow/dags/parquet_dag.py
[2024-04-28T16:00:20.856+0000] {processor.py:840} INFO - DAG(s) 'Orders_Backup' retrieved from /opt/airflow/dags/parquet_dag.py
[2024-04-28T16:00:20.941+0000] {logging_mixin.py:188} INFO - [2024-04-28T16:00:20.939+0000] {dag.py:3096} INFO - Sync 1 DAGs
[2024-04-28T16:00:21.030+0000] {logging_mixin.py:188} INFO - [2024-04-28T16:00:21.029+0000] {dag.py:3954} INFO - Setting next_dagrun for Orders_Backup to 2024-04-21 00:00:00+00:00, run_after=2024-04-28 00:00:00+00:00
[2024-04-28T16:00:21.115+0000] {processor.py:183} INFO - Processing /opt/airflow/dags/parquet_dag.py took 0.330 seconds
[2024-04-28T16:00:51.406+0000] {processor.py:161} INFO - Started process (PID=367) to work on /opt/airflow/dags/parquet_dag.py
[2024-04-28T16:00:51.410+0000] {processor.py:830} INFO - Processing file /opt/airflow/dags/parquet_dag.py for tasks to queue
[2024-04-28T16:00:51.418+0000] {logging_mixin.py:188} INFO - [2024-04-28T16:00:51.416+0000] {dagbag.py:540} INFO - Filling up the DagBag from /opt/airflow/dags/parquet_dag.py
[2024-04-28T16:00:51.455+0000] {processor.py:840} INFO - DAG(s) 'Orders_Backup' retrieved from /opt/airflow/dags/parquet_dag.py
[2024-04-28T16:00:51.532+0000] {logging_mixin.py:188} INFO - [2024-04-28T16:00:51.530+0000] {dag.py:3096} INFO - Sync 1 DAGs
[2024-04-28T16:00:51.643+0000] {logging_mixin.py:188} INFO - [2024-04-28T16:00:51.642+0000] {dag.py:3954} INFO - Setting next_dagrun for Orders_Backup to 2024-04-21 00:00:00+00:00, run_after=2024-04-28 00:00:00+00:00
[2024-04-28T16:00:51.713+0000] {processor.py:183} INFO - Processing /opt/airflow/dags/parquet_dag.py took 0.328 seconds
[2024-04-28T16:01:21.840+0000] {processor.py:161} INFO - Started process (PID=429) to work on /opt/airflow/dags/parquet_dag.py
[2024-04-28T16:01:21.844+0000] {processor.py:830} INFO - Processing file /opt/airflow/dags/parquet_dag.py for tasks to queue
[2024-04-28T16:01:21.850+0000] {logging_mixin.py:188} INFO - [2024-04-28T16:01:21.849+0000] {dagbag.py:540} INFO - Filling up the DagBag from /opt/airflow/dags/parquet_dag.py
[2024-04-28T16:01:21.880+0000] {processor.py:840} INFO - DAG(s) 'Orders_Backup' retrieved from /opt/airflow/dags/parquet_dag.py
[2024-04-28T16:01:21.951+0000] {logging_mixin.py:188} INFO - [2024-04-28T16:01:21.949+0000] {dag.py:3096} INFO - Sync 1 DAGs
[2024-04-28T16:01:22.026+0000] {logging_mixin.py:188} INFO - [2024-04-28T16:01:22.025+0000] {dag.py:3954} INFO - Setting next_dagrun for Orders_Backup to 2024-04-21 00:00:00+00:00, run_after=2024-04-28 00:00:00+00:00
[2024-04-28T16:01:22.091+0000] {processor.py:183} INFO - Processing /opt/airflow/dags/parquet_dag.py took 0.269 seconds
[2024-04-28T16:01:52.519+0000] {processor.py:161} INFO - Started process (PID=490) to work on /opt/airflow/dags/parquet_dag.py
[2024-04-28T16:01:52.522+0000] {processor.py:830} INFO - Processing file /opt/airflow/dags/parquet_dag.py for tasks to queue
[2024-04-28T16:01:52.528+0000] {logging_mixin.py:188} INFO - [2024-04-28T16:01:52.527+0000] {dagbag.py:540} INFO - Filling up the DagBag from /opt/airflow/dags/parquet_dag.py
[2024-04-28T16:01:52.584+0000] {processor.py:840} INFO - DAG(s) 'Orders_Backup' retrieved from /opt/airflow/dags/parquet_dag.py
[2024-04-28T16:01:52.682+0000] {logging_mixin.py:188} INFO - [2024-04-28T16:01:52.680+0000] {dag.py:3096} INFO - Sync 1 DAGs
[2024-04-28T16:01:52.796+0000] {logging_mixin.py:188} INFO - [2024-04-28T16:01:52.796+0000] {dag.py:3954} INFO - Setting next_dagrun for Orders_Backup to 2024-04-21 00:00:00+00:00, run_after=2024-04-28 00:00:00+00:00
[2024-04-28T16:01:52.901+0000] {processor.py:183} INFO - Processing /opt/airflow/dags/parquet_dag.py took 0.400 seconds
[2024-04-28T16:02:23.815+0000] {processor.py:161} INFO - Started process (PID=553) to work on /opt/airflow/dags/parquet_dag.py
[2024-04-28T16:02:23.817+0000] {processor.py:830} INFO - Processing file /opt/airflow/dags/parquet_dag.py for tasks to queue
[2024-04-28T16:02:23.823+0000] {logging_mixin.py:188} INFO - [2024-04-28T16:02:23.822+0000] {dagbag.py:540} INFO - Filling up the DagBag from /opt/airflow/dags/parquet_dag.py
[2024-04-28T16:02:23.852+0000] {processor.py:840} INFO - DAG(s) 'Orders_Backup' retrieved from /opt/airflow/dags/parquet_dag.py
[2024-04-28T16:02:23.921+0000] {logging_mixin.py:188} INFO - [2024-04-28T16:02:23.919+0000] {dag.py:3096} INFO - Sync 1 DAGs
[2024-04-28T16:02:23.998+0000] {logging_mixin.py:188} INFO - [2024-04-28T16:02:23.997+0000] {dag.py:3954} INFO - Setting next_dagrun for Orders_Backup to 2024-04-21 00:00:00+00:00, run_after=2024-04-28 00:00:00+00:00
[2024-04-28T16:02:24.067+0000] {processor.py:183} INFO - Processing /opt/airflow/dags/parquet_dag.py took 0.270 seconds
[2024-04-28T16:02:55.034+0000] {processor.py:161} INFO - Started process (PID=616) to work on /opt/airflow/dags/parquet_dag.py
[2024-04-28T16:02:55.037+0000] {processor.py:830} INFO - Processing file /opt/airflow/dags/parquet_dag.py for tasks to queue
[2024-04-28T16:02:55.044+0000] {logging_mixin.py:188} INFO - [2024-04-28T16:02:55.042+0000] {dagbag.py:540} INFO - Filling up the DagBag from /opt/airflow/dags/parquet_dag.py
[2024-04-28T16:02:55.075+0000] {processor.py:840} INFO - DAG(s) 'Orders_Backup' retrieved from /opt/airflow/dags/parquet_dag.py
[2024-04-28T16:02:55.135+0000] {logging_mixin.py:188} INFO - [2024-04-28T16:02:55.134+0000] {dag.py:3096} INFO - Sync 1 DAGs
[2024-04-28T16:02:55.205+0000] {logging_mixin.py:188} INFO - [2024-04-28T16:02:55.205+0000] {dag.py:3954} INFO - Setting next_dagrun for Orders_Backup to 2024-04-21 00:00:00+00:00, run_after=2024-04-28 00:00:00+00:00
[2024-04-28T16:02:55.263+0000] {processor.py:183} INFO - Processing /opt/airflow/dags/parquet_dag.py took 0.249 seconds
[2024-04-28T16:03:25.404+0000] {processor.py:161} INFO - Started process (PID=678) to work on /opt/airflow/dags/parquet_dag.py
[2024-04-28T16:03:25.406+0000] {processor.py:830} INFO - Processing file /opt/airflow/dags/parquet_dag.py for tasks to queue
[2024-04-28T16:03:25.412+0000] {logging_mixin.py:188} INFO - [2024-04-28T16:03:25.411+0000] {dagbag.py:540} INFO - Filling up the DagBag from /opt/airflow/dags/parquet_dag.py
[2024-04-28T16:03:25.441+0000] {processor.py:840} INFO - DAG(s) 'Orders_Backup' retrieved from /opt/airflow/dags/parquet_dag.py
[2024-04-28T16:03:25.503+0000] {logging_mixin.py:188} INFO - [2024-04-28T16:03:25.501+0000] {dag.py:3096} INFO - Sync 1 DAGs
[2024-04-28T16:03:25.579+0000] {logging_mixin.py:188} INFO - [2024-04-28T16:03:25.578+0000] {dag.py:3954} INFO - Setting next_dagrun for Orders_Backup to 2024-04-21 00:00:00+00:00, run_after=2024-04-28 00:00:00+00:00
[2024-04-28T16:03:25.640+0000] {processor.py:183} INFO - Processing /opt/airflow/dags/parquet_dag.py took 0.253 seconds
[2024-04-28T16:03:56.876+0000] {processor.py:161} INFO - Started process (PID=741) to work on /opt/airflow/dags/parquet_dag.py
[2024-04-28T16:03:56.881+0000] {processor.py:830} INFO - Processing file /opt/airflow/dags/parquet_dag.py for tasks to queue
[2024-04-28T16:03:56.888+0000] {logging_mixin.py:188} INFO - [2024-04-28T16:03:56.887+0000] {dagbag.py:540} INFO - Filling up the DagBag from /opt/airflow/dags/parquet_dag.py
[2024-04-28T16:03:56.924+0000] {processor.py:840} INFO - DAG(s) 'Orders_Backup' retrieved from /opt/airflow/dags/parquet_dag.py
[2024-04-28T16:03:57.140+0000] {logging_mixin.py:188} INFO - [2024-04-28T16:03:57.139+0000] {dag.py:3096} INFO - Sync 1 DAGs
[2024-04-28T16:03:57.408+0000] {logging_mixin.py:188} INFO - [2024-04-28T16:03:57.407+0000] {dag.py:3954} INFO - Setting next_dagrun for Orders_Backup to 2024-04-21 00:00:00+00:00, run_after=2024-04-28 00:00:00+00:00
[2024-04-28T16:03:57.580+0000] {processor.py:183} INFO - Processing /opt/airflow/dags/parquet_dag.py took 0.724 seconds
[2024-04-28T16:04:28.564+0000] {processor.py:161} INFO - Started process (PID=804) to work on /opt/airflow/dags/parquet_dag.py
[2024-04-28T16:04:28.568+0000] {processor.py:830} INFO - Processing file /opt/airflow/dags/parquet_dag.py for tasks to queue
[2024-04-28T16:04:28.575+0000] {logging_mixin.py:188} INFO - [2024-04-28T16:04:28.573+0000] {dagbag.py:540} INFO - Filling up the DagBag from /opt/airflow/dags/parquet_dag.py
[2024-04-28T16:04:28.611+0000] {processor.py:840} INFO - DAG(s) 'Orders_Backup' retrieved from /opt/airflow/dags/parquet_dag.py
[2024-04-28T16:04:28.694+0000] {logging_mixin.py:188} INFO - [2024-04-28T16:04:28.692+0000] {dag.py:3096} INFO - Sync 1 DAGs
[2024-04-28T16:04:28.782+0000] {logging_mixin.py:188} INFO - [2024-04-28T16:04:28.781+0000] {dag.py:3954} INFO - Setting next_dagrun for Orders_Backup to 2024-04-21 00:00:00+00:00, run_after=2024-04-28 00:00:00+00:00
[2024-04-28T16:04:28.879+0000] {processor.py:183} INFO - Processing /opt/airflow/dags/parquet_dag.py took 0.335 seconds
[2024-04-28T16:04:59.799+0000] {processor.py:161} INFO - Started process (PID=867) to work on /opt/airflow/dags/parquet_dag.py
[2024-04-28T16:04:59.802+0000] {processor.py:830} INFO - Processing file /opt/airflow/dags/parquet_dag.py for tasks to queue
[2024-04-28T16:04:59.808+0000] {logging_mixin.py:188} INFO - [2024-04-28T16:04:59.807+0000] {dagbag.py:540} INFO - Filling up the DagBag from /opt/airflow/dags/parquet_dag.py
[2024-04-28T16:04:59.838+0000] {processor.py:840} INFO - DAG(s) 'Orders_Backup' retrieved from /opt/airflow/dags/parquet_dag.py
[2024-04-28T16:04:59.910+0000] {logging_mixin.py:188} INFO - [2024-04-28T16:04:59.908+0000] {dag.py:3096} INFO - Sync 1 DAGs
[2024-04-28T16:04:59.987+0000] {logging_mixin.py:188} INFO - [2024-04-28T16:04:59.986+0000] {dag.py:3954} INFO - Setting next_dagrun for Orders_Backup to 2024-04-21 00:00:00+00:00, run_after=2024-04-28 00:00:00+00:00
[2024-04-28T16:05:00.078+0000] {processor.py:183} INFO - Processing /opt/airflow/dags/parquet_dag.py took 0.298 seconds
[2024-04-28T16:05:30.329+0000] {processor.py:161} INFO - Started process (PID=930) to work on /opt/airflow/dags/parquet_dag.py
[2024-04-28T16:05:30.331+0000] {processor.py:830} INFO - Processing file /opt/airflow/dags/parquet_dag.py for tasks to queue
[2024-04-28T16:05:30.337+0000] {logging_mixin.py:188} INFO - [2024-04-28T16:05:30.336+0000] {dagbag.py:540} INFO - Filling up the DagBag from /opt/airflow/dags/parquet_dag.py
[2024-04-28T16:05:30.367+0000] {processor.py:840} INFO - DAG(s) 'Orders_Backup' retrieved from /opt/airflow/dags/parquet_dag.py
[2024-04-28T16:05:30.437+0000] {logging_mixin.py:188} INFO - [2024-04-28T16:05:30.436+0000] {dag.py:3096} INFO - Sync 1 DAGs
[2024-04-28T16:05:30.510+0000] {logging_mixin.py:188} INFO - [2024-04-28T16:05:30.509+0000] {dag.py:3954} INFO - Setting next_dagrun for Orders_Backup to 2024-04-21 00:00:00+00:00, run_after=2024-04-28 00:00:00+00:00
[2024-04-28T16:05:30.566+0000] {processor.py:183} INFO - Processing /opt/airflow/dags/parquet_dag.py took 0.256 seconds
[2024-04-28T16:06:00.826+0000] {processor.py:161} INFO - Started process (PID=994) to work on /opt/airflow/dags/parquet_dag.py
[2024-04-28T16:06:00.829+0000] {processor.py:830} INFO - Processing file /opt/airflow/dags/parquet_dag.py for tasks to queue
[2024-04-28T16:06:00.837+0000] {logging_mixin.py:188} INFO - [2024-04-28T16:06:00.835+0000] {dagbag.py:540} INFO - Filling up the DagBag from /opt/airflow/dags/parquet_dag.py
[2024-04-28T16:06:00.876+0000] {processor.py:840} INFO - DAG(s) 'Orders_Backup' retrieved from /opt/airflow/dags/parquet_dag.py
[2024-04-28T16:06:00.967+0000] {logging_mixin.py:188} INFO - [2024-04-28T16:06:00.966+0000] {dag.py:3096} INFO - Sync 1 DAGs
[2024-04-28T16:06:01.042+0000] {logging_mixin.py:188} INFO - [2024-04-28T16:06:01.040+0000] {dag.py:3954} INFO - Setting next_dagrun for Orders_Backup to 2024-04-21 00:00:00+00:00, run_after=2024-04-28 00:00:00+00:00
[2024-04-28T16:06:01.138+0000] {processor.py:183} INFO - Processing /opt/airflow/dags/parquet_dag.py took 0.335 seconds
[2024-04-28T16:06:31.298+0000] {processor.py:161} INFO - Started process (PID=1057) to work on /opt/airflow/dags/parquet_dag.py
[2024-04-28T16:06:31.302+0000] {processor.py:830} INFO - Processing file /opt/airflow/dags/parquet_dag.py for tasks to queue
[2024-04-28T16:06:31.311+0000] {logging_mixin.py:188} INFO - [2024-04-28T16:06:31.309+0000] {dagbag.py:540} INFO - Filling up the DagBag from /opt/airflow/dags/parquet_dag.py
[2024-04-28T16:06:31.354+0000] {processor.py:840} INFO - DAG(s) 'Orders_Backup' retrieved from /opt/airflow/dags/parquet_dag.py
[2024-04-28T16:06:31.492+0000] {logging_mixin.py:188} INFO - [2024-04-28T16:06:31.490+0000] {dag.py:3096} INFO - Sync 1 DAGs
[2024-04-28T16:06:31.646+0000] {logging_mixin.py:188} INFO - [2024-04-28T16:06:31.641+0000] {dag.py:3954} INFO - Setting next_dagrun for Orders_Backup to 2024-04-21 00:00:00+00:00, run_after=2024-04-28 00:00:00+00:00
[2024-04-28T16:06:31.747+0000] {processor.py:183} INFO - Processing /opt/airflow/dags/parquet_dag.py took 0.476 seconds
[2024-04-28T16:07:01.931+0000] {processor.py:161} INFO - Started process (PID=1120) to work on /opt/airflow/dags/parquet_dag.py
[2024-04-28T16:07:01.934+0000] {processor.py:830} INFO - Processing file /opt/airflow/dags/parquet_dag.py for tasks to queue
[2024-04-28T16:07:01.946+0000] {logging_mixin.py:188} INFO - [2024-04-28T16:07:01.945+0000] {dagbag.py:540} INFO - Filling up the DagBag from /opt/airflow/dags/parquet_dag.py
[2024-04-28T16:07:01.993+0000] {processor.py:840} INFO - DAG(s) 'Orders_Backup' retrieved from /opt/airflow/dags/parquet_dag.py
[2024-04-28T16:07:02.084+0000] {logging_mixin.py:188} INFO - [2024-04-28T16:07:02.079+0000] {dag.py:3096} INFO - Sync 1 DAGs
[2024-04-28T16:07:02.160+0000] {logging_mixin.py:188} INFO - [2024-04-28T16:07:02.159+0000] {dag.py:3954} INFO - Setting next_dagrun for Orders_Backup to 2024-04-21 00:00:00+00:00, run_after=2024-04-28 00:00:00+00:00
[2024-04-28T16:07:02.218+0000] {processor.py:183} INFO - Processing /opt/airflow/dags/parquet_dag.py took 0.312 seconds
[2024-04-28T16:07:33.146+0000] {processor.py:161} INFO - Started process (PID=1191) to work on /opt/airflow/dags/parquet_dag.py
[2024-04-28T16:07:33.154+0000] {processor.py:830} INFO - Processing file /opt/airflow/dags/parquet_dag.py for tasks to queue
[2024-04-28T16:07:33.160+0000] {logging_mixin.py:188} INFO - [2024-04-28T16:07:33.159+0000] {dagbag.py:540} INFO - Filling up the DagBag from /opt/airflow/dags/parquet_dag.py
[2024-04-28T16:07:33.192+0000] {processor.py:840} INFO - DAG(s) 'Orders_Backup' retrieved from /opt/airflow/dags/parquet_dag.py
[2024-04-28T16:07:33.257+0000] {logging_mixin.py:188} INFO - [2024-04-28T16:07:33.256+0000] {dag.py:3096} INFO - Sync 1 DAGs
[2024-04-28T16:07:33.330+0000] {logging_mixin.py:188} INFO - [2024-04-28T16:07:33.329+0000] {dag.py:3954} INFO - Setting next_dagrun for Orders_Backup to 2024-04-21 00:00:00+00:00, run_after=2024-04-28 00:00:00+00:00
[2024-04-28T16:07:33.449+0000] {processor.py:183} INFO - Processing /opt/airflow/dags/parquet_dag.py took 0.321 seconds
[2024-04-28T16:08:04.688+0000] {processor.py:161} INFO - Started process (PID=1242) to work on /opt/airflow/dags/parquet_dag.py
[2024-04-28T16:08:04.693+0000] {processor.py:830} INFO - Processing file /opt/airflow/dags/parquet_dag.py for tasks to queue
[2024-04-28T16:08:04.702+0000] {logging_mixin.py:188} INFO - [2024-04-28T16:08:04.700+0000] {dagbag.py:540} INFO - Filling up the DagBag from /opt/airflow/dags/parquet_dag.py
[2024-04-28T16:08:04.805+0000] {processor.py:840} INFO - DAG(s) 'Orders_Backup' retrieved from /opt/airflow/dags/parquet_dag.py
[2024-04-28T16:08:05.736+0000] {logging_mixin.py:188} INFO - [2024-04-28T16:08:05.734+0000] {dag.py:3096} INFO - Sync 1 DAGs
[2024-04-28T16:08:05.843+0000] {logging_mixin.py:188} INFO - [2024-04-28T16:08:05.842+0000] {dag.py:3954} INFO - Setting next_dagrun for Orders_Backup to 2024-04-21 00:00:00+00:00, run_after=2024-04-28 00:00:00+00:00
[2024-04-28T16:08:05.952+0000] {processor.py:183} INFO - Processing /opt/airflow/dags/parquet_dag.py took 1.303 seconds
[2024-04-28T16:08:36.122+0000] {processor.py:161} INFO - Started process (PID=1304) to work on /opt/airflow/dags/parquet_dag.py
[2024-04-28T16:08:36.126+0000] {processor.py:830} INFO - Processing file /opt/airflow/dags/parquet_dag.py for tasks to queue
[2024-04-28T16:08:36.134+0000] {logging_mixin.py:188} INFO - [2024-04-28T16:08:36.132+0000] {dagbag.py:540} INFO - Filling up the DagBag from /opt/airflow/dags/parquet_dag.py
[2024-04-28T16:08:36.168+0000] {processor.py:840} INFO - DAG(s) 'Orders_Backup' retrieved from /opt/airflow/dags/parquet_dag.py
[2024-04-28T16:08:36.276+0000] {logging_mixin.py:188} INFO - [2024-04-28T16:08:36.274+0000] {dag.py:3096} INFO - Sync 1 DAGs
[2024-04-28T16:08:36.383+0000] {logging_mixin.py:188} INFO - [2024-04-28T16:08:36.382+0000] {dag.py:3954} INFO - Setting next_dagrun for Orders_Backup to 2024-04-21 00:00:00+00:00, run_after=2024-04-28 00:00:00+00:00
[2024-04-28T16:08:36.473+0000] {processor.py:183} INFO - Processing /opt/airflow/dags/parquet_dag.py took 0.375 seconds
[2024-04-28T16:09:06.990+0000] {processor.py:161} INFO - Started process (PID=1367) to work on /opt/airflow/dags/parquet_dag.py
[2024-04-28T16:09:06.993+0000] {processor.py:830} INFO - Processing file /opt/airflow/dags/parquet_dag.py for tasks to queue
[2024-04-28T16:09:06.999+0000] {logging_mixin.py:188} INFO - [2024-04-28T16:09:06.998+0000] {dagbag.py:540} INFO - Filling up the DagBag from /opt/airflow/dags/parquet_dag.py
[2024-04-28T16:09:07.031+0000] {processor.py:840} INFO - DAG(s) 'Orders_Backup' retrieved from /opt/airflow/dags/parquet_dag.py
[2024-04-28T16:09:07.097+0000] {logging_mixin.py:188} INFO - [2024-04-28T16:09:07.095+0000] {dag.py:3096} INFO - Sync 1 DAGs
[2024-04-28T16:09:07.172+0000] {logging_mixin.py:188} INFO - [2024-04-28T16:09:07.171+0000] {dag.py:3954} INFO - Setting next_dagrun for Orders_Backup to 2024-04-21 00:00:00+00:00, run_after=2024-04-28 00:00:00+00:00
[2024-04-28T16:09:07.231+0000] {processor.py:183} INFO - Processing /opt/airflow/dags/parquet_dag.py took 0.260 seconds
[2024-04-28T16:09:37.380+0000] {processor.py:161} INFO - Started process (PID=1430) to work on /opt/airflow/dags/parquet_dag.py
[2024-04-28T16:09:37.383+0000] {processor.py:830} INFO - Processing file /opt/airflow/dags/parquet_dag.py for tasks to queue
[2024-04-28T16:09:37.389+0000] {logging_mixin.py:188} INFO - [2024-04-28T16:09:37.388+0000] {dagbag.py:540} INFO - Filling up the DagBag from /opt/airflow/dags/parquet_dag.py
[2024-04-28T16:09:37.418+0000] {processor.py:840} INFO - DAG(s) 'Orders_Backup' retrieved from /opt/airflow/dags/parquet_dag.py
[2024-04-28T16:09:37.487+0000] {logging_mixin.py:188} INFO - [2024-04-28T16:09:37.486+0000] {dag.py:3096} INFO - Sync 1 DAGs
[2024-04-28T16:09:37.562+0000] {logging_mixin.py:188} INFO - [2024-04-28T16:09:37.561+0000] {dag.py:3954} INFO - Setting next_dagrun for Orders_Backup to 2024-04-21 00:00:00+00:00, run_after=2024-04-28 00:00:00+00:00
[2024-04-28T16:09:37.619+0000] {processor.py:183} INFO - Processing /opt/airflow/dags/parquet_dag.py took 0.258 seconds
[2024-04-28T16:10:08.135+0000] {processor.py:161} INFO - Started process (PID=1493) to work on /opt/airflow/dags/parquet_dag.py
[2024-04-28T16:10:08.142+0000] {processor.py:830} INFO - Processing file /opt/airflow/dags/parquet_dag.py for tasks to queue
[2024-04-28T16:10:08.150+0000] {logging_mixin.py:188} INFO - [2024-04-28T16:10:08.148+0000] {dagbag.py:540} INFO - Filling up the DagBag from /opt/airflow/dags/parquet_dag.py
[2024-04-28T16:10:08.185+0000] {processor.py:840} INFO - DAG(s) 'Orders_Backup' retrieved from /opt/airflow/dags/parquet_dag.py
[2024-04-28T16:10:08.248+0000] {logging_mixin.py:188} INFO - [2024-04-28T16:10:08.246+0000] {dag.py:3096} INFO - Sync 1 DAGs
[2024-04-28T16:10:08.325+0000] {logging_mixin.py:188} INFO - [2024-04-28T16:10:08.324+0000] {dag.py:3954} INFO - Setting next_dagrun for Orders_Backup to 2024-04-21 00:00:00+00:00, run_after=2024-04-28 00:00:00+00:00
[2024-04-28T16:10:08.381+0000] {processor.py:183} INFO - Processing /opt/airflow/dags/parquet_dag.py took 0.266 seconds
[2024-04-28T16:10:38.964+0000] {processor.py:161} INFO - Started process (PID=1556) to work on /opt/airflow/dags/parquet_dag.py
[2024-04-28T16:10:38.969+0000] {processor.py:830} INFO - Processing file /opt/airflow/dags/parquet_dag.py for tasks to queue
[2024-04-28T16:10:38.979+0000] {logging_mixin.py:188} INFO - [2024-04-28T16:10:38.978+0000] {dagbag.py:540} INFO - Filling up the DagBag from /opt/airflow/dags/parquet_dag.py
[2024-04-28T16:10:39.030+0000] {processor.py:840} INFO - DAG(s) 'Orders_Backup' retrieved from /opt/airflow/dags/parquet_dag.py
[2024-04-28T16:10:39.158+0000] {logging_mixin.py:188} INFO - [2024-04-28T16:10:39.156+0000] {dag.py:3096} INFO - Sync 1 DAGs
[2024-04-28T16:10:39.284+0000] {logging_mixin.py:188} INFO - [2024-04-28T16:10:39.283+0000] {dag.py:3954} INFO - Setting next_dagrun for Orders_Backup to 2024-04-21 00:00:00+00:00, run_after=2024-04-28 00:00:00+00:00
[2024-04-28T16:10:39.388+0000] {processor.py:183} INFO - Processing /opt/airflow/dags/parquet_dag.py took 0.450 seconds
[2024-04-28T16:11:09.628+0000] {processor.py:161} INFO - Started process (PID=1618) to work on /opt/airflow/dags/parquet_dag.py
[2024-04-28T16:11:09.632+0000] {processor.py:830} INFO - Processing file /opt/airflow/dags/parquet_dag.py for tasks to queue
[2024-04-28T16:11:09.676+0000] {logging_mixin.py:188} INFO - [2024-04-28T16:11:09.675+0000] {dagbag.py:540} INFO - Filling up the DagBag from /opt/airflow/dags/parquet_dag.py
[2024-04-28T16:11:09.773+0000] {processor.py:840} INFO - DAG(s) 'Orders_Backup' retrieved from /opt/airflow/dags/parquet_dag.py
[2024-04-28T16:11:09.920+0000] {logging_mixin.py:188} INFO - [2024-04-28T16:11:09.917+0000] {dag.py:3096} INFO - Sync 1 DAGs
[2024-04-28T16:11:10.032+0000] {logging_mixin.py:188} INFO - [2024-04-28T16:11:10.030+0000] {dag.py:3954} INFO - Setting next_dagrun for Orders_Backup to 2024-04-21 00:00:00+00:00, run_after=2024-04-28 00:00:00+00:00
[2024-04-28T16:11:10.138+0000] {processor.py:183} INFO - Processing /opt/airflow/dags/parquet_dag.py took 0.534 seconds
[2024-04-28T16:11:40.820+0000] {processor.py:161} INFO - Started process (PID=1681) to work on /opt/airflow/dags/parquet_dag.py
[2024-04-28T16:11:40.823+0000] {processor.py:830} INFO - Processing file /opt/airflow/dags/parquet_dag.py for tasks to queue
[2024-04-28T16:11:40.830+0000] {logging_mixin.py:188} INFO - [2024-04-28T16:11:40.829+0000] {dagbag.py:540} INFO - Filling up the DagBag from /opt/airflow/dags/parquet_dag.py
[2024-04-28T16:11:40.868+0000] {processor.py:840} INFO - DAG(s) 'Orders_Backup' retrieved from /opt/airflow/dags/parquet_dag.py
[2024-04-28T16:11:40.961+0000] {logging_mixin.py:188} INFO - [2024-04-28T16:11:40.960+0000] {dag.py:3096} INFO - Sync 1 DAGs
[2024-04-28T16:11:41.054+0000] {logging_mixin.py:188} INFO - [2024-04-28T16:11:41.053+0000] {dag.py:3954} INFO - Setting next_dagrun for Orders_Backup to 2024-04-21 00:00:00+00:00, run_after=2024-04-28 00:00:00+00:00
[2024-04-28T16:11:41.123+0000] {processor.py:183} INFO - Processing /opt/airflow/dags/parquet_dag.py took 0.334 seconds
[2024-04-28T16:12:11.475+0000] {processor.py:161} INFO - Started process (PID=1744) to work on /opt/airflow/dags/parquet_dag.py
[2024-04-28T16:12:11.483+0000] {processor.py:830} INFO - Processing file /opt/airflow/dags/parquet_dag.py for tasks to queue
[2024-04-28T16:12:11.502+0000] {logging_mixin.py:188} INFO - [2024-04-28T16:12:11.496+0000] {dagbag.py:540} INFO - Filling up the DagBag from /opt/airflow/dags/parquet_dag.py
[2024-04-28T16:12:11.547+0000] {processor.py:840} INFO - DAG(s) 'Orders_Backup' retrieved from /opt/airflow/dags/parquet_dag.py
[2024-04-28T16:12:11.640+0000] {logging_mixin.py:188} INFO - [2024-04-28T16:12:11.638+0000] {dag.py:3096} INFO - Sync 1 DAGs
[2024-04-28T16:12:11.775+0000] {logging_mixin.py:188} INFO - [2024-04-28T16:12:11.774+0000] {dag.py:3954} INFO - Setting next_dagrun for Orders_Backup to 2024-04-21 00:00:00+00:00, run_after=2024-04-28 00:00:00+00:00
[2024-04-28T16:12:11.903+0000] {processor.py:183} INFO - Processing /opt/airflow/dags/parquet_dag.py took 0.451 seconds
[2024-04-28T16:12:42.569+0000] {processor.py:161} INFO - Started process (PID=1806) to work on /opt/airflow/dags/parquet_dag.py
[2024-04-28T16:12:42.587+0000] {processor.py:830} INFO - Processing file /opt/airflow/dags/parquet_dag.py for tasks to queue
[2024-04-28T16:12:42.624+0000] {logging_mixin.py:188} INFO - [2024-04-28T16:12:42.622+0000] {dagbag.py:540} INFO - Filling up the DagBag from /opt/airflow/dags/parquet_dag.py
[2024-04-28T16:12:42.715+0000] {processor.py:840} INFO - DAG(s) 'Orders_Backup' retrieved from /opt/airflow/dags/parquet_dag.py
[2024-04-28T16:12:43.016+0000] {logging_mixin.py:188} INFO - [2024-04-28T16:12:43.011+0000] {dag.py:3096} INFO - Sync 1 DAGs
[2024-04-28T16:12:43.166+0000] {logging_mixin.py:188} INFO - [2024-04-28T16:12:43.165+0000] {dag.py:3954} INFO - Setting next_dagrun for Orders_Backup to 2024-04-21 00:00:00+00:00, run_after=2024-04-28 00:00:00+00:00
[2024-04-28T16:12:43.946+0000] {processor.py:183} INFO - Processing /opt/airflow/dags/parquet_dag.py took 1.432 seconds
[2024-04-28T16:13:14.603+0000] {processor.py:161} INFO - Started process (PID=1869) to work on /opt/airflow/dags/parquet_dag.py
[2024-04-28T16:13:14.614+0000] {processor.py:830} INFO - Processing file /opt/airflow/dags/parquet_dag.py for tasks to queue
[2024-04-28T16:13:14.639+0000] {logging_mixin.py:188} INFO - [2024-04-28T16:13:14.637+0000] {dagbag.py:540} INFO - Filling up the DagBag from /opt/airflow/dags/parquet_dag.py
[2024-04-28T16:13:14.780+0000] {processor.py:840} INFO - DAG(s) 'Orders_Backup' retrieved from /opt/airflow/dags/parquet_dag.py
[2024-04-28T16:13:14.891+0000] {logging_mixin.py:188} INFO - [2024-04-28T16:13:14.887+0000] {dag.py:3096} INFO - Sync 1 DAGs
[2024-04-28T16:13:15.031+0000] {logging_mixin.py:188} INFO - [2024-04-28T16:13:15.030+0000] {dag.py:3954} INFO - Setting next_dagrun for Orders_Backup to 2024-04-21 00:00:00+00:00, run_after=2024-04-28 00:00:00+00:00
[2024-04-28T16:13:15.122+0000] {processor.py:183} INFO - Processing /opt/airflow/dags/parquet_dag.py took 0.602 seconds
[2024-04-28T16:32:53.877+0000] {processor.py:161} INFO - Started process (PID=48) to work on /opt/airflow/dags/parquet_dag.py
[2024-04-28T16:32:53.882+0000] {processor.py:830} INFO - Processing file /opt/airflow/dags/parquet_dag.py for tasks to queue
[2024-04-28T16:32:53.888+0000] {logging_mixin.py:188} INFO - [2024-04-28T16:32:53.886+0000] {dagbag.py:540} INFO - Filling up the DagBag from /opt/airflow/dags/parquet_dag.py
[2024-04-28T16:33:00.240+0000] {processor.py:840} INFO - DAG(s) 'Orders_Backup' retrieved from /opt/airflow/dags/parquet_dag.py
[2024-04-28T16:33:01.960+0000] {logging_mixin.py:188} INFO - [2024-04-28T16:33:01.953+0000] {dag.py:3096} INFO - Sync 1 DAGs
[2024-04-28T16:33:02.126+0000] {logging_mixin.py:188} INFO - [2024-04-28T16:33:02.124+0000] {dag.py:3954} INFO - Setting next_dagrun for Orders_Backup to 2024-04-21 00:00:00+00:00, run_after=2024-04-28 00:00:00+00:00
[2024-04-28T16:33:02.278+0000] {processor.py:183} INFO - Processing /opt/airflow/dags/parquet_dag.py took 8.423 seconds
[2024-04-28T16:34:04.882+0000] {processor.py:161} INFO - Started process (PID=119) to work on /opt/airflow/dags/parquet_dag.py
[2024-04-28T16:34:04.886+0000] {processor.py:830} INFO - Processing file /opt/airflow/dags/parquet_dag.py for tasks to queue
[2024-04-28T16:34:04.895+0000] {logging_mixin.py:188} INFO - [2024-04-28T16:34:04.893+0000] {dagbag.py:540} INFO - Filling up the DagBag from /opt/airflow/dags/parquet_dag.py
[2024-04-28T16:34:05.042+0000] {processor.py:840} INFO - DAG(s) 'Orders_Backup' retrieved from /opt/airflow/dags/parquet_dag.py
[2024-04-28T16:34:05.121+0000] {logging_mixin.py:188} INFO - [2024-04-28T16:34:05.120+0000] {dag.py:3096} INFO - Sync 1 DAGs
[2024-04-28T16:34:05.203+0000] {logging_mixin.py:188} INFO - [2024-04-28T16:34:05.202+0000] {dag.py:3954} INFO - Setting next_dagrun for Orders_Backup to 2024-04-21 00:00:00+00:00, run_after=2024-04-28 00:00:00+00:00
[2024-04-28T16:34:05.383+0000] {processor.py:183} INFO - Processing /opt/airflow/dags/parquet_dag.py took 0.526 seconds
[2024-04-28T16:34:36.670+0000] {processor.py:161} INFO - Started process (PID=174) to work on /opt/airflow/dags/parquet_dag.py
[2024-04-28T16:34:36.673+0000] {processor.py:830} INFO - Processing file /opt/airflow/dags/parquet_dag.py for tasks to queue
[2024-04-28T16:34:36.679+0000] {logging_mixin.py:188} INFO - [2024-04-28T16:34:36.678+0000] {dagbag.py:540} INFO - Filling up the DagBag from /opt/airflow/dags/parquet_dag.py
[2024-04-28T16:34:36.711+0000] {processor.py:840} INFO - DAG(s) 'Orders_Backup' retrieved from /opt/airflow/dags/parquet_dag.py
[2024-04-28T16:34:36.776+0000] {logging_mixin.py:188} INFO - [2024-04-28T16:34:36.775+0000] {dag.py:3096} INFO - Sync 1 DAGs
[2024-04-28T16:34:36.859+0000] {logging_mixin.py:188} INFO - [2024-04-28T16:34:36.858+0000] {dag.py:3954} INFO - Setting next_dagrun for Orders_Backup to 2024-04-21 00:00:00+00:00, run_after=2024-04-28 00:00:00+00:00
[2024-04-28T16:34:36.921+0000] {processor.py:183} INFO - Processing /opt/airflow/dags/parquet_dag.py took 0.269 seconds
[2024-04-28T16:43:03.113+0000] {processor.py:161} INFO - Started process (PID=40) to work on /opt/airflow/dags/parquet_dag.py
[2024-04-28T16:43:03.117+0000] {processor.py:830} INFO - Processing file /opt/airflow/dags/parquet_dag.py for tasks to queue
[2024-04-28T16:43:03.125+0000] {logging_mixin.py:188} INFO - [2024-04-28T16:43:03.124+0000] {dagbag.py:540} INFO - Filling up the DagBag from /opt/airflow/dags/parquet_dag.py
[2024-04-28T16:43:04.824+0000] {processor.py:840} INFO - DAG(s) 'Orders_Backup' retrieved from /opt/airflow/dags/parquet_dag.py
[2024-04-28T16:43:06.701+0000] {logging_mixin.py:188} INFO - [2024-04-28T16:43:06.699+0000] {dag.py:3096} INFO - Sync 1 DAGs
[2024-04-28T16:43:06.875+0000] {logging_mixin.py:188} INFO - [2024-04-28T16:43:06.873+0000] {dag.py:3954} INFO - Setting next_dagrun for Orders_Backup to 2024-04-21 00:00:00+00:00, run_after=2024-04-28 00:00:00+00:00
[2024-04-28T16:43:06.983+0000] {processor.py:183} INFO - Processing /opt/airflow/dags/parquet_dag.py took 3.891 seconds
[2024-04-28T16:43:43.811+0000] {processor.py:161} INFO - Started process (PID=105) to work on /opt/airflow/dags/parquet_dag.py
[2024-04-28T16:43:43.814+0000] {processor.py:830} INFO - Processing file /opt/airflow/dags/parquet_dag.py for tasks to queue
[2024-04-28T16:43:43.820+0000] {logging_mixin.py:188} INFO - [2024-04-28T16:43:43.819+0000] {dagbag.py:540} INFO - Filling up the DagBag from /opt/airflow/dags/parquet_dag.py
[2024-04-28T16:43:43.851+0000] {processor.py:840} INFO - DAG(s) 'Orders_Backup' retrieved from /opt/airflow/dags/parquet_dag.py
[2024-04-28T16:43:43.923+0000] {logging_mixin.py:188} INFO - [2024-04-28T16:43:43.921+0000] {dag.py:3096} INFO - Sync 1 DAGs
[2024-04-28T16:43:44.004+0000] {logging_mixin.py:188} INFO - [2024-04-28T16:43:44.003+0000] {dag.py:3954} INFO - Setting next_dagrun for Orders_Backup to 2024-04-21 00:00:00+00:00, run_after=2024-04-28 00:00:00+00:00
[2024-04-28T16:43:44.069+0000] {processor.py:183} INFO - Processing /opt/airflow/dags/parquet_dag.py took 0.275 seconds
[2024-04-28T16:44:14.321+0000] {processor.py:161} INFO - Started process (PID=168) to work on /opt/airflow/dags/parquet_dag.py
[2024-04-28T16:44:14.324+0000] {processor.py:830} INFO - Processing file /opt/airflow/dags/parquet_dag.py for tasks to queue
[2024-04-28T16:44:14.331+0000] {logging_mixin.py:188} INFO - [2024-04-28T16:44:14.329+0000] {dagbag.py:540} INFO - Filling up the DagBag from /opt/airflow/dags/parquet_dag.py
[2024-04-28T16:44:14.366+0000] {processor.py:840} INFO - DAG(s) 'Orders_Backup' retrieved from /opt/airflow/dags/parquet_dag.py
[2024-04-28T16:44:14.440+0000] {logging_mixin.py:188} INFO - [2024-04-28T16:44:14.438+0000] {dag.py:3096} INFO - Sync 1 DAGs
[2024-04-28T16:44:14.541+0000] {logging_mixin.py:188} INFO - [2024-04-28T16:44:14.539+0000] {dag.py:3954} INFO - Setting next_dagrun for Orders_Backup to 2024-04-21 00:00:00+00:00, run_after=2024-04-28 00:00:00+00:00
[2024-04-28T16:44:14.641+0000] {processor.py:183} INFO - Processing /opt/airflow/dags/parquet_dag.py took 0.347 seconds
[2024-04-28T16:44:45.044+0000] {processor.py:161} INFO - Started process (PID=231) to work on /opt/airflow/dags/parquet_dag.py
[2024-04-28T16:44:45.051+0000] {processor.py:830} INFO - Processing file /opt/airflow/dags/parquet_dag.py for tasks to queue
[2024-04-28T16:44:45.058+0000] {logging_mixin.py:188} INFO - [2024-04-28T16:44:45.057+0000] {dagbag.py:540} INFO - Filling up the DagBag from /opt/airflow/dags/parquet_dag.py
[2024-04-28T16:44:45.090+0000] {processor.py:840} INFO - DAG(s) 'Orders_Backup' retrieved from /opt/airflow/dags/parquet_dag.py
[2024-04-28T16:44:45.160+0000] {logging_mixin.py:188} INFO - [2024-04-28T16:44:45.158+0000] {dag.py:3096} INFO - Sync 1 DAGs
[2024-04-28T16:44:45.242+0000] {logging_mixin.py:188} INFO - [2024-04-28T16:44:45.241+0000] {dag.py:3954} INFO - Setting next_dagrun for Orders_Backup to 2024-04-21 00:00:00+00:00, run_after=2024-04-28 00:00:00+00:00
[2024-04-28T16:44:45.316+0000] {processor.py:183} INFO - Processing /opt/airflow/dags/parquet_dag.py took 0.288 seconds
[2024-04-28T16:45:16.220+0000] {processor.py:161} INFO - Started process (PID=290) to work on /opt/airflow/dags/parquet_dag.py
[2024-04-28T16:45:16.223+0000] {processor.py:830} INFO - Processing file /opt/airflow/dags/parquet_dag.py for tasks to queue
[2024-04-28T16:45:16.232+0000] {logging_mixin.py:188} INFO - [2024-04-28T16:45:16.230+0000] {dagbag.py:540} INFO - Filling up the DagBag from /opt/airflow/dags/parquet_dag.py
[2024-04-28T16:45:16.276+0000] {processor.py:840} INFO - DAG(s) 'Orders_Backup' retrieved from /opt/airflow/dags/parquet_dag.py
[2024-04-28T16:45:16.396+0000] {logging_mixin.py:188} INFO - [2024-04-28T16:45:16.394+0000] {dag.py:3096} INFO - Sync 1 DAGs
[2024-04-28T16:45:16.523+0000] {logging_mixin.py:188} INFO - [2024-04-28T16:45:16.523+0000] {dag.py:3954} INFO - Setting next_dagrun for Orders_Backup to 2024-04-21 00:00:00+00:00, run_after=2024-04-28 00:00:00+00:00
[2024-04-28T16:45:16.660+0000] {processor.py:183} INFO - Processing /opt/airflow/dags/parquet_dag.py took 0.462 seconds
[2024-04-28T16:45:47.527+0000] {processor.py:161} INFO - Started process (PID=353) to work on /opt/airflow/dags/parquet_dag.py
[2024-04-28T16:45:47.541+0000] {processor.py:830} INFO - Processing file /opt/airflow/dags/parquet_dag.py for tasks to queue
[2024-04-28T16:45:47.552+0000] {logging_mixin.py:188} INFO - [2024-04-28T16:45:47.551+0000] {dagbag.py:540} INFO - Filling up the DagBag from /opt/airflow/dags/parquet_dag.py
[2024-04-28T16:45:47.611+0000] {processor.py:840} INFO - DAG(s) 'Orders_Backup' retrieved from /opt/airflow/dags/parquet_dag.py
[2024-04-28T16:45:47.753+0000] {logging_mixin.py:188} INFO - [2024-04-28T16:45:47.750+0000] {dag.py:3096} INFO - Sync 1 DAGs
[2024-04-28T16:45:47.893+0000] {logging_mixin.py:188} INFO - [2024-04-28T16:45:47.891+0000] {dag.py:3954} INFO - Setting next_dagrun for Orders_Backup to 2024-04-21 00:00:00+00:00, run_after=2024-04-28 00:00:00+00:00
[2024-04-28T16:45:47.981+0000] {processor.py:183} INFO - Processing /opt/airflow/dags/parquet_dag.py took 0.477 seconds
[2024-04-28T16:46:18.419+0000] {processor.py:161} INFO - Started process (PID=416) to work on /opt/airflow/dags/parquet_dag.py
[2024-04-28T16:46:18.422+0000] {processor.py:830} INFO - Processing file /opt/airflow/dags/parquet_dag.py for tasks to queue
[2024-04-28T16:46:18.428+0000] {logging_mixin.py:188} INFO - [2024-04-28T16:46:18.427+0000] {dagbag.py:540} INFO - Filling up the DagBag from /opt/airflow/dags/parquet_dag.py
[2024-04-28T16:46:18.457+0000] {processor.py:840} INFO - DAG(s) 'Orders_Backup' retrieved from /opt/airflow/dags/parquet_dag.py
[2024-04-28T16:46:18.524+0000] {logging_mixin.py:188} INFO - [2024-04-28T16:46:18.522+0000] {dag.py:3096} INFO - Sync 1 DAGs
[2024-04-28T16:46:18.601+0000] {logging_mixin.py:188} INFO - [2024-04-28T16:46:18.600+0000] {dag.py:3954} INFO - Setting next_dagrun for Orders_Backup to 2024-04-21 00:00:00+00:00, run_after=2024-04-28 00:00:00+00:00
[2024-04-28T16:46:18.663+0000] {processor.py:183} INFO - Processing /opt/airflow/dags/parquet_dag.py took 0.262 seconds
[2024-04-28T16:46:49.113+0000] {processor.py:161} INFO - Started process (PID=479) to work on /opt/airflow/dags/parquet_dag.py
[2024-04-28T16:46:49.117+0000] {processor.py:830} INFO - Processing file /opt/airflow/dags/parquet_dag.py for tasks to queue
[2024-04-28T16:46:49.124+0000] {logging_mixin.py:188} INFO - [2024-04-28T16:46:49.123+0000] {dagbag.py:540} INFO - Filling up the DagBag from /opt/airflow/dags/parquet_dag.py
[2024-04-28T16:46:49.154+0000] {processor.py:840} INFO - DAG(s) 'Orders_Backup' retrieved from /opt/airflow/dags/parquet_dag.py
[2024-04-28T16:46:49.217+0000] {logging_mixin.py:188} INFO - [2024-04-28T16:46:49.215+0000] {dag.py:3096} INFO - Sync 1 DAGs
[2024-04-28T16:46:49.289+0000] {logging_mixin.py:188} INFO - [2024-04-28T16:46:49.289+0000] {dag.py:3954} INFO - Setting next_dagrun for Orders_Backup to 2024-04-21 00:00:00+00:00, run_after=2024-04-28 00:00:00+00:00
[2024-04-28T16:46:49.350+0000] {processor.py:183} INFO - Processing /opt/airflow/dags/parquet_dag.py took 0.255 seconds
[2024-04-28T16:47:19.524+0000] {processor.py:161} INFO - Started process (PID=542) to work on /opt/airflow/dags/parquet_dag.py
[2024-04-28T16:47:19.527+0000] {processor.py:830} INFO - Processing file /opt/airflow/dags/parquet_dag.py for tasks to queue
[2024-04-28T16:47:19.538+0000] {logging_mixin.py:188} INFO - [2024-04-28T16:47:19.537+0000] {dagbag.py:540} INFO - Filling up the DagBag from /opt/airflow/dags/parquet_dag.py
[2024-04-28T16:47:19.569+0000] {processor.py:840} INFO - DAG(s) 'Orders_Backup' retrieved from /opt/airflow/dags/parquet_dag.py
[2024-04-28T16:47:19.640+0000] {logging_mixin.py:188} INFO - [2024-04-28T16:47:19.637+0000] {dag.py:3096} INFO - Sync 1 DAGs
[2024-04-28T16:47:19.796+0000] {logging_mixin.py:188} INFO - [2024-04-28T16:47:19.795+0000] {dag.py:3954} INFO - Setting next_dagrun for Orders_Backup to 2024-04-21 00:00:00+00:00, run_after=2024-04-28 00:00:00+00:00
[2024-04-28T16:47:19.892+0000] {processor.py:183} INFO - Processing /opt/airflow/dags/parquet_dag.py took 0.388 seconds
[2024-04-28T16:47:50.730+0000] {processor.py:161} INFO - Started process (PID=605) to work on /opt/airflow/dags/parquet_dag.py
[2024-04-28T16:47:50.734+0000] {processor.py:830} INFO - Processing file /opt/airflow/dags/parquet_dag.py for tasks to queue
[2024-04-28T16:47:50.743+0000] {logging_mixin.py:188} INFO - [2024-04-28T16:47:50.742+0000] {dagbag.py:540} INFO - Filling up the DagBag from /opt/airflow/dags/parquet_dag.py
[2024-04-28T16:47:50.784+0000] {processor.py:840} INFO - DAG(s) 'Orders_Backup' retrieved from /opt/airflow/dags/parquet_dag.py
[2024-04-28T16:47:50.894+0000] {logging_mixin.py:188} INFO - [2024-04-28T16:47:50.892+0000] {dag.py:3096} INFO - Sync 1 DAGs
[2024-04-28T16:47:51.010+0000] {logging_mixin.py:188} INFO - [2024-04-28T16:47:51.009+0000] {dag.py:3954} INFO - Setting next_dagrun for Orders_Backup to 2024-04-21 00:00:00+00:00, run_after=2024-04-28 00:00:00+00:00
[2024-04-28T16:47:51.101+0000] {processor.py:183} INFO - Processing /opt/airflow/dags/parquet_dag.py took 0.391 seconds
[2024-04-28T16:48:21.470+0000] {processor.py:161} INFO - Started process (PID=668) to work on /opt/airflow/dags/parquet_dag.py
[2024-04-28T16:48:21.473+0000] {processor.py:830} INFO - Processing file /opt/airflow/dags/parquet_dag.py for tasks to queue
[2024-04-28T16:48:21.480+0000] {logging_mixin.py:188} INFO - [2024-04-28T16:48:21.478+0000] {dagbag.py:540} INFO - Filling up the DagBag from /opt/airflow/dags/parquet_dag.py
[2024-04-28T16:48:21.507+0000] {processor.py:840} INFO - DAG(s) 'Orders_Backup' retrieved from /opt/airflow/dags/parquet_dag.py
[2024-04-28T16:48:21.575+0000] {logging_mixin.py:188} INFO - [2024-04-28T16:48:21.573+0000] {dag.py:3096} INFO - Sync 1 DAGs
[2024-04-28T16:48:21.655+0000] {logging_mixin.py:188} INFO - [2024-04-28T16:48:21.654+0000] {dag.py:3954} INFO - Setting next_dagrun for Orders_Backup to 2024-04-21 00:00:00+00:00, run_after=2024-04-28 00:00:00+00:00
[2024-04-28T16:48:21.717+0000] {processor.py:183} INFO - Processing /opt/airflow/dags/parquet_dag.py took 0.268 seconds
[2024-04-28T16:48:52.056+0000] {processor.py:161} INFO - Started process (PID=728) to work on /opt/airflow/dags/parquet_dag.py
[2024-04-28T16:48:52.058+0000] {processor.py:830} INFO - Processing file /opt/airflow/dags/parquet_dag.py for tasks to queue
[2024-04-28T16:48:52.064+0000] {logging_mixin.py:188} INFO - [2024-04-28T16:48:52.063+0000] {dagbag.py:540} INFO - Filling up the DagBag from /opt/airflow/dags/parquet_dag.py
[2024-04-28T16:48:52.094+0000] {processor.py:840} INFO - DAG(s) 'Orders_Backup' retrieved from /opt/airflow/dags/parquet_dag.py
[2024-04-28T16:48:52.162+0000] {logging_mixin.py:188} INFO - [2024-04-28T16:48:52.160+0000] {dag.py:3096} INFO - Sync 1 DAGs
[2024-04-28T16:48:52.235+0000] {logging_mixin.py:188} INFO - [2024-04-28T16:48:52.234+0000] {dag.py:3954} INFO - Setting next_dagrun for Orders_Backup to 2024-04-21 00:00:00+00:00, run_after=2024-04-28 00:00:00+00:00
[2024-04-28T16:48:52.308+0000] {processor.py:183} INFO - Processing /opt/airflow/dags/parquet_dag.py took 0.270 seconds
[2024-04-28T16:49:22.604+0000] {processor.py:161} INFO - Started process (PID=791) to work on /opt/airflow/dags/parquet_dag.py
[2024-04-28T16:49:22.609+0000] {processor.py:830} INFO - Processing file /opt/airflow/dags/parquet_dag.py for tasks to queue
[2024-04-28T16:49:22.617+0000] {logging_mixin.py:188} INFO - [2024-04-28T16:49:22.615+0000] {dagbag.py:540} INFO - Filling up the DagBag from /opt/airflow/dags/parquet_dag.py
[2024-04-28T16:49:22.667+0000] {processor.py:840} INFO - DAG(s) 'Orders_Backup' retrieved from /opt/airflow/dags/parquet_dag.py
[2024-04-28T16:49:22.774+0000] {logging_mixin.py:188} INFO - [2024-04-28T16:49:22.771+0000] {dag.py:3096} INFO - Sync 1 DAGs
[2024-04-28T16:49:22.928+0000] {logging_mixin.py:188} INFO - [2024-04-28T16:49:22.927+0000] {dag.py:3954} INFO - Setting next_dagrun for Orders_Backup to 2024-04-21 00:00:00+00:00, run_after=2024-04-28 00:00:00+00:00
[2024-04-28T16:49:23.035+0000] {processor.py:183} INFO - Processing /opt/airflow/dags/parquet_dag.py took 0.456 seconds
[2024-04-28T16:49:53.253+0000] {processor.py:161} INFO - Started process (PID=854) to work on /opt/airflow/dags/parquet_dag.py
[2024-04-28T16:49:53.260+0000] {processor.py:830} INFO - Processing file /opt/airflow/dags/parquet_dag.py for tasks to queue
[2024-04-28T16:49:53.272+0000] {logging_mixin.py:188} INFO - [2024-04-28T16:49:53.271+0000] {dagbag.py:540} INFO - Filling up the DagBag from /opt/airflow/dags/parquet_dag.py
[2024-04-28T16:49:53.333+0000] {processor.py:840} INFO - DAG(s) 'Orders_Backup' retrieved from /opt/airflow/dags/parquet_dag.py
[2024-04-28T16:49:53.477+0000] {logging_mixin.py:188} INFO - [2024-04-28T16:49:53.475+0000] {dag.py:3096} INFO - Sync 1 DAGs
[2024-04-28T16:49:53.619+0000] {logging_mixin.py:188} INFO - [2024-04-28T16:49:53.618+0000] {dag.py:3954} INFO - Setting next_dagrun for Orders_Backup to 2024-04-21 00:00:00+00:00, run_after=2024-04-28 00:00:00+00:00
[2024-04-28T16:49:53.705+0000] {processor.py:183} INFO - Processing /opt/airflow/dags/parquet_dag.py took 0.488 seconds
[2024-04-28T16:50:23.812+0000] {processor.py:161} INFO - Started process (PID=917) to work on /opt/airflow/dags/parquet_dag.py
[2024-04-28T16:50:23.815+0000] {processor.py:830} INFO - Processing file /opt/airflow/dags/parquet_dag.py for tasks to queue
[2024-04-28T16:50:23.821+0000] {logging_mixin.py:188} INFO - [2024-04-28T16:50:23.820+0000] {dagbag.py:540} INFO - Filling up the DagBag from /opt/airflow/dags/parquet_dag.py
[2024-04-28T16:50:23.847+0000] {processor.py:840} INFO - DAG(s) 'Orders_Backup' retrieved from /opt/airflow/dags/parquet_dag.py
[2024-04-28T16:50:23.900+0000] {logging_mixin.py:188} INFO - [2024-04-28T16:50:23.898+0000] {dag.py:3096} INFO - Sync 1 DAGs
[2024-04-28T16:50:23.961+0000] {logging_mixin.py:188} INFO - [2024-04-28T16:50:23.960+0000] {dag.py:3954} INFO - Setting next_dagrun for Orders_Backup to 2024-04-21 00:00:00+00:00, run_after=2024-04-28 00:00:00+00:00
[2024-04-28T16:50:24.011+0000] {processor.py:183} INFO - Processing /opt/airflow/dags/parquet_dag.py took 0.213 seconds
[2024-04-28T16:50:54.353+0000] {processor.py:161} INFO - Started process (PID=980) to work on /opt/airflow/dags/parquet_dag.py
[2024-04-28T16:50:54.355+0000] {processor.py:830} INFO - Processing file /opt/airflow/dags/parquet_dag.py for tasks to queue
[2024-04-28T16:50:54.361+0000] {logging_mixin.py:188} INFO - [2024-04-28T16:50:54.360+0000] {dagbag.py:540} INFO - Filling up the DagBag from /opt/airflow/dags/parquet_dag.py
[2024-04-28T16:50:54.386+0000] {processor.py:840} INFO - DAG(s) 'Orders_Backup' retrieved from /opt/airflow/dags/parquet_dag.py
[2024-04-28T16:50:54.441+0000] {logging_mixin.py:188} INFO - [2024-04-28T16:50:54.439+0000] {dag.py:3096} INFO - Sync 1 DAGs
[2024-04-28T16:50:54.503+0000] {logging_mixin.py:188} INFO - [2024-04-28T16:50:54.503+0000] {dag.py:3954} INFO - Setting next_dagrun for Orders_Backup to 2024-04-21 00:00:00+00:00, run_after=2024-04-28 00:00:00+00:00
[2024-04-28T16:50:54.555+0000] {processor.py:183} INFO - Processing /opt/airflow/dags/parquet_dag.py took 0.216 seconds
[2024-04-28T16:51:25.272+0000] {processor.py:161} INFO - Started process (PID=1043) to work on /opt/airflow/dags/parquet_dag.py
[2024-04-28T16:51:25.276+0000] {processor.py:830} INFO - Processing file /opt/airflow/dags/parquet_dag.py for tasks to queue
[2024-04-28T16:51:25.282+0000] {logging_mixin.py:188} INFO - [2024-04-28T16:51:25.281+0000] {dagbag.py:540} INFO - Filling up the DagBag from /opt/airflow/dags/parquet_dag.py
[2024-04-28T16:51:25.312+0000] {processor.py:840} INFO - DAG(s) 'Orders_Backup' retrieved from /opt/airflow/dags/parquet_dag.py
[2024-04-28T16:51:25.387+0000] {logging_mixin.py:188} INFO - [2024-04-28T16:51:25.385+0000] {dag.py:3096} INFO - Sync 1 DAGs
[2024-04-28T16:51:25.462+0000] {logging_mixin.py:188} INFO - [2024-04-28T16:51:25.461+0000] {dag.py:3954} INFO - Setting next_dagrun for Orders_Backup to 2024-04-21 00:00:00+00:00, run_after=2024-04-28 00:00:00+00:00
[2024-04-28T16:51:25.518+0000] {processor.py:183} INFO - Processing /opt/airflow/dags/parquet_dag.py took 0.263 seconds
[2024-04-28T16:51:56.253+0000] {processor.py:161} INFO - Started process (PID=1106) to work on /opt/airflow/dags/parquet_dag.py
[2024-04-28T16:51:56.270+0000] {processor.py:830} INFO - Processing file /opt/airflow/dags/parquet_dag.py for tasks to queue
[2024-04-28T16:51:56.289+0000] {logging_mixin.py:188} INFO - [2024-04-28T16:51:56.286+0000] {dagbag.py:540} INFO - Filling up the DagBag from /opt/airflow/dags/parquet_dag.py
[2024-04-28T16:51:56.333+0000] {processor.py:840} INFO - DAG(s) 'Orders_Backup' retrieved from /opt/airflow/dags/parquet_dag.py
[2024-04-28T16:51:56.502+0000] {logging_mixin.py:188} INFO - [2024-04-28T16:51:56.497+0000] {dag.py:3096} INFO - Sync 1 DAGs
[2024-04-28T16:51:56.665+0000] {logging_mixin.py:188} INFO - [2024-04-28T16:51:56.664+0000] {dag.py:3954} INFO - Setting next_dagrun for Orders_Backup to 2024-04-21 00:00:00+00:00, run_after=2024-04-28 00:00:00+00:00
[2024-04-28T16:51:56.858+0000] {processor.py:183} INFO - Processing /opt/airflow/dags/parquet_dag.py took 0.670 seconds
[2024-04-28T16:52:27.030+0000] {processor.py:161} INFO - Started process (PID=1168) to work on /opt/airflow/dags/parquet_dag.py
[2024-04-28T16:52:27.033+0000] {processor.py:830} INFO - Processing file /opt/airflow/dags/parquet_dag.py for tasks to queue
[2024-04-28T16:52:27.040+0000] {logging_mixin.py:188} INFO - [2024-04-28T16:52:27.039+0000] {dagbag.py:540} INFO - Filling up the DagBag from /opt/airflow/dags/parquet_dag.py
[2024-04-28T16:52:27.076+0000] {processor.py:840} INFO - DAG(s) 'Orders_Backup' retrieved from /opt/airflow/dags/parquet_dag.py
[2024-04-28T16:52:27.148+0000] {logging_mixin.py:188} INFO - [2024-04-28T16:52:27.146+0000] {dag.py:3096} INFO - Sync 1 DAGs
[2024-04-28T16:52:27.238+0000] {logging_mixin.py:188} INFO - [2024-04-28T16:52:27.238+0000] {dag.py:3954} INFO - Setting next_dagrun for Orders_Backup to 2024-04-21 00:00:00+00:00, run_after=2024-04-28 00:00:00+00:00
[2024-04-28T16:52:27.294+0000] {processor.py:183} INFO - Processing /opt/airflow/dags/parquet_dag.py took 0.289 seconds
[2024-04-28T16:52:57.754+0000] {processor.py:161} INFO - Started process (PID=1229) to work on /opt/airflow/dags/parquet_dag.py
[2024-04-28T16:52:57.758+0000] {processor.py:830} INFO - Processing file /opt/airflow/dags/parquet_dag.py for tasks to queue
[2024-04-28T16:52:57.766+0000] {logging_mixin.py:188} INFO - [2024-04-28T16:52:57.765+0000] {dagbag.py:540} INFO - Filling up the DagBag from /opt/airflow/dags/parquet_dag.py
[2024-04-28T16:52:57.797+0000] {processor.py:840} INFO - DAG(s) 'Orders_Backup' retrieved from /opt/airflow/dags/parquet_dag.py
[2024-04-28T16:52:57.862+0000] {logging_mixin.py:188} INFO - [2024-04-28T16:52:57.858+0000] {dag.py:3096} INFO - Sync 1 DAGs
[2024-04-28T16:52:57.934+0000] {logging_mixin.py:188} INFO - [2024-04-28T16:52:57.934+0000] {dag.py:3954} INFO - Setting next_dagrun for Orders_Backup to 2024-04-21 00:00:00+00:00, run_after=2024-04-28 00:00:00+00:00
[2024-04-28T16:52:57.995+0000] {processor.py:183} INFO - Processing /opt/airflow/dags/parquet_dag.py took 0.259 seconds
[2024-04-28T16:53:28.558+0000] {processor.py:161} INFO - Started process (PID=1292) to work on /opt/airflow/dags/parquet_dag.py
[2024-04-28T16:53:28.560+0000] {processor.py:830} INFO - Processing file /opt/airflow/dags/parquet_dag.py for tasks to queue
[2024-04-28T16:53:28.566+0000] {logging_mixin.py:188} INFO - [2024-04-28T16:53:28.565+0000] {dagbag.py:540} INFO - Filling up the DagBag from /opt/airflow/dags/parquet_dag.py
[2024-04-28T16:53:28.599+0000] {processor.py:840} INFO - DAG(s) 'Orders_Backup' retrieved from /opt/airflow/dags/parquet_dag.py
[2024-04-28T16:53:28.682+0000] {logging_mixin.py:188} INFO - [2024-04-28T16:53:28.677+0000] {dag.py:3096} INFO - Sync 1 DAGs
[2024-04-28T16:53:28.778+0000] {logging_mixin.py:188} INFO - [2024-04-28T16:53:28.777+0000] {dag.py:3954} INFO - Setting next_dagrun for Orders_Backup to 2024-04-21 00:00:00+00:00, run_after=2024-04-28 00:00:00+00:00
[2024-04-28T16:53:28.849+0000] {processor.py:183} INFO - Processing /opt/airflow/dags/parquet_dag.py took 0.311 seconds
[2024-04-28T16:53:59.321+0000] {processor.py:161} INFO - Started process (PID=1355) to work on /opt/airflow/dags/parquet_dag.py
[2024-04-28T16:53:59.326+0000] {processor.py:830} INFO - Processing file /opt/airflow/dags/parquet_dag.py for tasks to queue
[2024-04-28T16:53:59.335+0000] {logging_mixin.py:188} INFO - [2024-04-28T16:53:59.334+0000] {dagbag.py:540} INFO - Filling up the DagBag from /opt/airflow/dags/parquet_dag.py
[2024-04-28T16:53:59.374+0000] {processor.py:840} INFO - DAG(s) 'Orders_Backup' retrieved from /opt/airflow/dags/parquet_dag.py
[2024-04-28T16:53:59.506+0000] {logging_mixin.py:188} INFO - [2024-04-28T16:53:59.500+0000] {dag.py:3096} INFO - Sync 1 DAGs
[2024-04-28T16:53:59.655+0000] {logging_mixin.py:188} INFO - [2024-04-28T16:53:59.654+0000] {dag.py:3954} INFO - Setting next_dagrun for Orders_Backup to 2024-04-21 00:00:00+00:00, run_after=2024-04-28 00:00:00+00:00
[2024-04-28T16:53:59.743+0000] {processor.py:183} INFO - Processing /opt/airflow/dags/parquet_dag.py took 0.441 seconds
[2024-04-28T16:54:30.746+0000] {processor.py:161} INFO - Started process (PID=1417) to work on /opt/airflow/dags/parquet_dag.py
[2024-04-28T16:54:30.750+0000] {processor.py:830} INFO - Processing file /opt/airflow/dags/parquet_dag.py for tasks to queue
[2024-04-28T16:54:30.759+0000] {logging_mixin.py:188} INFO - [2024-04-28T16:54:30.758+0000] {dagbag.py:540} INFO - Filling up the DagBag from /opt/airflow/dags/parquet_dag.py
[2024-04-28T16:54:30.796+0000] {processor.py:840} INFO - DAG(s) 'Orders_Backup' retrieved from /opt/airflow/dags/parquet_dag.py
[2024-04-28T16:54:30.885+0000] {logging_mixin.py:188} INFO - [2024-04-28T16:54:30.883+0000] {dag.py:3096} INFO - Sync 1 DAGs
[2024-04-28T16:54:30.973+0000] {logging_mixin.py:188} INFO - [2024-04-28T16:54:30.973+0000] {dag.py:3954} INFO - Setting next_dagrun for Orders_Backup to 2024-04-21 00:00:00+00:00, run_after=2024-04-28 00:00:00+00:00
[2024-04-28T16:54:31.046+0000] {processor.py:183} INFO - Processing /opt/airflow/dags/parquet_dag.py took 0.325 seconds
[2024-04-28T16:55:01.161+0000] {processor.py:161} INFO - Started process (PID=1480) to work on /opt/airflow/dags/parquet_dag.py
[2024-04-28T16:55:01.165+0000] {processor.py:830} INFO - Processing file /opt/airflow/dags/parquet_dag.py for tasks to queue
[2024-04-28T16:55:01.171+0000] {logging_mixin.py:188} INFO - [2024-04-28T16:55:01.169+0000] {dagbag.py:540} INFO - Filling up the DagBag from /opt/airflow/dags/parquet_dag.py
[2024-04-28T16:55:01.200+0000] {processor.py:840} INFO - DAG(s) 'Orders_Backup' retrieved from /opt/airflow/dags/parquet_dag.py
[2024-04-28T16:55:01.264+0000] {logging_mixin.py:188} INFO - [2024-04-28T16:55:01.262+0000] {dag.py:3096} INFO - Sync 1 DAGs
[2024-04-28T16:55:01.335+0000] {logging_mixin.py:188} INFO - [2024-04-28T16:55:01.334+0000] {dag.py:3954} INFO - Setting next_dagrun for Orders_Backup to 2024-04-21 00:00:00+00:00, run_after=2024-04-28 00:00:00+00:00
[2024-04-28T16:55:01.395+0000] {processor.py:183} INFO - Processing /opt/airflow/dags/parquet_dag.py took 0.252 seconds
[2024-04-28T16:55:31.738+0000] {processor.py:161} INFO - Started process (PID=1543) to work on /opt/airflow/dags/parquet_dag.py
[2024-04-28T16:55:31.740+0000] {processor.py:830} INFO - Processing file /opt/airflow/dags/parquet_dag.py for tasks to queue
[2024-04-28T16:55:31.746+0000] {logging_mixin.py:188} INFO - [2024-04-28T16:55:31.745+0000] {dagbag.py:540} INFO - Filling up the DagBag from /opt/airflow/dags/parquet_dag.py
[2024-04-28T16:55:31.776+0000] {processor.py:840} INFO - DAG(s) 'Orders_Backup' retrieved from /opt/airflow/dags/parquet_dag.py
[2024-04-28T16:55:31.864+0000] {logging_mixin.py:188} INFO - [2024-04-28T16:55:31.862+0000] {dag.py:3096} INFO - Sync 1 DAGs
[2024-04-28T16:55:31.979+0000] {logging_mixin.py:188} INFO - [2024-04-28T16:55:31.979+0000] {dag.py:3954} INFO - Setting next_dagrun for Orders_Backup to 2024-04-21 00:00:00+00:00, run_after=2024-04-28 00:00:00+00:00
[2024-04-28T16:55:32.063+0000] {processor.py:183} INFO - Processing /opt/airflow/dags/parquet_dag.py took 0.343 seconds
[2024-04-28T16:56:02.571+0000] {processor.py:161} INFO - Started process (PID=1606) to work on /opt/airflow/dags/parquet_dag.py
[2024-04-28T16:56:02.575+0000] {processor.py:830} INFO - Processing file /opt/airflow/dags/parquet_dag.py for tasks to queue
[2024-04-28T16:56:02.589+0000] {logging_mixin.py:188} INFO - [2024-04-28T16:56:02.588+0000] {dagbag.py:540} INFO - Filling up the DagBag from /opt/airflow/dags/parquet_dag.py
[2024-04-28T16:56:02.671+0000] {processor.py:840} INFO - DAG(s) 'Orders_Backup' retrieved from /opt/airflow/dags/parquet_dag.py
[2024-04-28T16:56:02.819+0000] {logging_mixin.py:188} INFO - [2024-04-28T16:56:02.816+0000] {dag.py:3096} INFO - Sync 1 DAGs
[2024-04-28T16:56:02.946+0000] {logging_mixin.py:188} INFO - [2024-04-28T16:56:02.945+0000] {dag.py:3954} INFO - Setting next_dagrun for Orders_Backup to 2024-04-21 00:00:00+00:00, run_after=2024-04-28 00:00:00+00:00
[2024-04-28T16:56:03.052+0000] {processor.py:183} INFO - Processing /opt/airflow/dags/parquet_dag.py took 0.531 seconds
[2024-04-28T16:56:34.039+0000] {processor.py:161} INFO - Started process (PID=1676) to work on /opt/airflow/dags/parquet_dag.py
[2024-04-28T16:56:34.058+0000] {processor.py:830} INFO - Processing file /opt/airflow/dags/parquet_dag.py for tasks to queue
[2024-04-28T16:56:34.107+0000] {logging_mixin.py:188} INFO - [2024-04-28T16:56:34.087+0000] {dagbag.py:540} INFO - Filling up the DagBag from /opt/airflow/dags/parquet_dag.py
[2024-04-28T16:56:34.241+0000] {processor.py:840} INFO - DAG(s) 'Orders_Backup' retrieved from /opt/airflow/dags/parquet_dag.py
[2024-04-28T16:56:34.422+0000] {logging_mixin.py:188} INFO - [2024-04-28T16:56:34.419+0000] {dag.py:3096} INFO - Sync 1 DAGs
[2024-04-28T16:56:34.674+0000] {logging_mixin.py:188} INFO - [2024-04-28T16:56:34.669+0000] {dag.py:3954} INFO - Setting next_dagrun for Orders_Backup to 2024-04-21 00:00:00+00:00, run_after=2024-04-28 00:00:00+00:00
[2024-04-28T16:56:34.941+0000] {processor.py:183} INFO - Processing /opt/airflow/dags/parquet_dag.py took 0.932 seconds
[2024-04-28T16:57:05.148+0000] {processor.py:161} INFO - Started process (PID=1739) to work on /opt/airflow/dags/parquet_dag.py
[2024-04-28T16:57:05.152+0000] {processor.py:830} INFO - Processing file /opt/airflow/dags/parquet_dag.py for tasks to queue
[2024-04-28T16:57:05.164+0000] {logging_mixin.py:188} INFO - [2024-04-28T16:57:05.163+0000] {dagbag.py:540} INFO - Filling up the DagBag from /opt/airflow/dags/parquet_dag.py
[2024-04-28T16:57:05.216+0000] {processor.py:840} INFO - DAG(s) 'Orders_Backup' retrieved from /opt/airflow/dags/parquet_dag.py
[2024-04-28T16:57:05.308+0000] {logging_mixin.py:188} INFO - [2024-04-28T16:57:05.307+0000] {dag.py:3096} INFO - Sync 1 DAGs
[2024-04-28T16:57:05.538+0000] {logging_mixin.py:188} INFO - [2024-04-28T16:57:05.537+0000] {dag.py:3954} INFO - Setting next_dagrun for Orders_Backup to 2024-04-21 00:00:00+00:00, run_after=2024-04-28 00:00:00+00:00
[2024-04-28T16:57:05.658+0000] {processor.py:183} INFO - Processing /opt/airflow/dags/parquet_dag.py took 0.533 seconds
[2024-04-28T16:57:36.326+0000] {processor.py:161} INFO - Started process (PID=1802) to work on /opt/airflow/dags/parquet_dag.py
[2024-04-28T16:57:36.329+0000] {processor.py:830} INFO - Processing file /opt/airflow/dags/parquet_dag.py for tasks to queue
[2024-04-28T16:57:36.336+0000] {logging_mixin.py:188} INFO - [2024-04-28T16:57:36.334+0000] {dagbag.py:540} INFO - Filling up the DagBag from /opt/airflow/dags/parquet_dag.py
[2024-04-28T16:57:36.373+0000] {processor.py:840} INFO - DAG(s) 'Orders_Backup' retrieved from /opt/airflow/dags/parquet_dag.py
[2024-04-28T16:57:36.501+0000] {logging_mixin.py:188} INFO - [2024-04-28T16:57:36.498+0000] {dag.py:3096} INFO - Sync 1 DAGs
[2024-04-28T16:57:36.640+0000] {logging_mixin.py:188} INFO - [2024-04-28T16:57:36.639+0000] {dag.py:3954} INFO - Setting next_dagrun for Orders_Backup to 2024-04-21 00:00:00+00:00, run_after=2024-04-28 00:00:00+00:00
[2024-04-28T16:57:36.757+0000] {processor.py:183} INFO - Processing /opt/airflow/dags/parquet_dag.py took 0.451 seconds
[2024-04-28T16:58:07.376+0000] {processor.py:161} INFO - Started process (PID=1864) to work on /opt/airflow/dags/parquet_dag.py
[2024-04-28T16:58:07.381+0000] {processor.py:830} INFO - Processing file /opt/airflow/dags/parquet_dag.py for tasks to queue
[2024-04-28T16:58:07.392+0000] {logging_mixin.py:188} INFO - [2024-04-28T16:58:07.391+0000] {dagbag.py:540} INFO - Filling up the DagBag from /opt/airflow/dags/parquet_dag.py
[2024-04-28T16:58:07.445+0000] {processor.py:840} INFO - DAG(s) 'Orders_Backup' retrieved from /opt/airflow/dags/parquet_dag.py
[2024-04-28T16:58:07.566+0000] {logging_mixin.py:188} INFO - [2024-04-28T16:58:07.563+0000] {dag.py:3096} INFO - Sync 1 DAGs
[2024-04-28T16:58:07.716+0000] {logging_mixin.py:188} INFO - [2024-04-28T16:58:07.715+0000] {dag.py:3954} INFO - Setting next_dagrun for Orders_Backup to 2024-04-21 00:00:00+00:00, run_after=2024-04-28 00:00:00+00:00
[2024-04-28T16:58:07.794+0000] {processor.py:183} INFO - Processing /opt/airflow/dags/parquet_dag.py took 0.457 seconds
[2024-04-28T16:58:38.204+0000] {processor.py:161} INFO - Started process (PID=1927) to work on /opt/airflow/dags/parquet_dag.py
[2024-04-28T16:58:38.206+0000] {processor.py:830} INFO - Processing file /opt/airflow/dags/parquet_dag.py for tasks to queue
[2024-04-28T16:58:38.213+0000] {logging_mixin.py:188} INFO - [2024-04-28T16:58:38.212+0000] {dagbag.py:540} INFO - Filling up the DagBag from /opt/airflow/dags/parquet_dag.py
[2024-04-28T16:58:38.255+0000] {processor.py:840} INFO - DAG(s) 'Orders_Backup' retrieved from /opt/airflow/dags/parquet_dag.py
[2024-04-28T16:58:38.346+0000] {logging_mixin.py:188} INFO - [2024-04-28T16:58:38.344+0000] {dag.py:3096} INFO - Sync 1 DAGs
[2024-04-28T16:58:38.442+0000] {logging_mixin.py:188} INFO - [2024-04-28T16:58:38.440+0000] {dag.py:3954} INFO - Setting next_dagrun for Orders_Backup to 2024-04-21 00:00:00+00:00, run_after=2024-04-28 00:00:00+00:00
[2024-04-28T16:58:38.511+0000] {processor.py:183} INFO - Processing /opt/airflow/dags/parquet_dag.py took 0.325 seconds
