[2024-04-28T15:35:42.777+0000] {processor.py:161} INFO - Started process (PID=56) to work on /opt/airflow/dags/sparksubmitdag.py
[2024-04-28T15:35:42.780+0000] {processor.py:830} INFO - Processing file /opt/airflow/dags/sparksubmitdag.py for tasks to queue
[2024-04-28T15:35:42.796+0000] {logging_mixin.py:188} INFO - [2024-04-28T15:35:42.795+0000] {dagbag.py:540} INFO - Filling up the DagBag from /opt/airflow/dags/sparksubmitdag.py
[2024-04-28T15:35:42.910+0000] {processor.py:840} INFO - DAG(s) 'spark_submit_job' retrieved from /opt/airflow/dags/sparksubmitdag.py
[2024-04-28T15:35:43.948+0000] {logging_mixin.py:188} INFO - [2024-04-28T15:35:43.945+0000] {override.py:1829} INFO - Created Permission View: can edit on DAG:spark_submit_job
[2024-04-28T15:35:43.999+0000] {logging_mixin.py:188} INFO - [2024-04-28T15:35:43.998+0000] {override.py:1829} INFO - Created Permission View: can delete on DAG:spark_submit_job
[2024-04-28T15:35:44.031+0000] {logging_mixin.py:188} INFO - [2024-04-28T15:35:44.029+0000] {override.py:1829} INFO - Created Permission View: can read on DAG:spark_submit_job
[2024-04-28T15:35:44.034+0000] {logging_mixin.py:188} INFO - [2024-04-28T15:35:44.032+0000] {dag.py:3096} INFO - Sync 1 DAGs
[2024-04-28T15:35:44.088+0000] {logging_mixin.py:188} INFO - [2024-04-28T15:35:44.087+0000] {dag.py:3118} INFO - Creating ORM DAG for spark_submit_job
[2024-04-28T15:35:44.142+0000] {logging_mixin.py:188} INFO - [2024-04-28T15:35:44.141+0000] {dag.py:3954} INFO - Setting next_dagrun for spark_submit_job to 2024-05-28 00:00:00+00:00, run_after=2024-05-28 01:00:00+00:00
[2024-04-28T15:35:44.237+0000] {processor.py:183} INFO - Processing /opt/airflow/dags/sparksubmitdag.py took 1.517 seconds
[2024-04-28T15:36:27.694+0000] {processor.py:161} INFO - Started process (PID=119) to work on /opt/airflow/dags/sparksubmitdag.py
[2024-04-28T15:36:27.697+0000] {processor.py:830} INFO - Processing file /opt/airflow/dags/sparksubmitdag.py for tasks to queue
[2024-04-28T15:36:27.708+0000] {logging_mixin.py:188} INFO - [2024-04-28T15:36:27.703+0000] {dagbag.py:540} INFO - Filling up the DagBag from /opt/airflow/dags/sparksubmitdag.py
[2024-04-28T15:36:27.751+0000] {processor.py:840} INFO - DAG(s) 'spark_submit_job' retrieved from /opt/airflow/dags/sparksubmitdag.py
[2024-04-28T15:36:27.841+0000] {logging_mixin.py:188} INFO - [2024-04-28T15:36:27.838+0000] {dag.py:3096} INFO - Sync 1 DAGs
[2024-04-28T15:36:27.981+0000] {logging_mixin.py:188} INFO - [2024-04-28T15:36:27.979+0000] {dag.py:3954} INFO - Setting next_dagrun for spark_submit_job to 2024-05-28 00:00:00+00:00, run_after=2024-05-28 01:00:00+00:00
[2024-04-28T15:36:28.081+0000] {processor.py:183} INFO - Processing /opt/airflow/dags/sparksubmitdag.py took 0.414 seconds
[2024-04-28T15:36:59.305+0000] {processor.py:161} INFO - Started process (PID=182) to work on /opt/airflow/dags/sparksubmitdag.py
[2024-04-28T15:36:59.323+0000] {processor.py:830} INFO - Processing file /opt/airflow/dags/sparksubmitdag.py for tasks to queue
[2024-04-28T15:36:59.339+0000] {logging_mixin.py:188} INFO - [2024-04-28T15:36:59.338+0000] {dagbag.py:540} INFO - Filling up the DagBag from /opt/airflow/dags/sparksubmitdag.py
[2024-04-28T15:36:59.434+0000] {processor.py:840} INFO - DAG(s) 'spark_submit_job' retrieved from /opt/airflow/dags/sparksubmitdag.py
[2024-04-28T15:36:59.591+0000] {logging_mixin.py:188} INFO - [2024-04-28T15:36:59.588+0000] {dag.py:3096} INFO - Sync 1 DAGs
[2024-04-28T15:37:00.011+0000] {logging_mixin.py:188} INFO - [2024-04-28T15:37:00.008+0000] {dag.py:3954} INFO - Setting next_dagrun for spark_submit_job to 2024-05-28 00:00:00+00:00, run_after=2024-05-28 01:00:00+00:00
[2024-04-28T15:37:00.165+0000] {processor.py:183} INFO - Processing /opt/airflow/dags/sparksubmitdag.py took 0.931 seconds
[2024-04-28T15:37:34.638+0000] {processor.py:161} INFO - Started process (PID=251) to work on /opt/airflow/dags/sparksubmitdag.py
[2024-04-28T15:37:34.642+0000] {processor.py:830} INFO - Processing file /opt/airflow/dags/sparksubmitdag.py for tasks to queue
[2024-04-28T15:37:34.648+0000] {logging_mixin.py:188} INFO - [2024-04-28T15:37:34.647+0000] {dagbag.py:540} INFO - Filling up the DagBag from /opt/airflow/dags/sparksubmitdag.py
[2024-04-28T15:37:34.683+0000] {processor.py:840} INFO - DAG(s) 'spark_submit_job' retrieved from /opt/airflow/dags/sparksubmitdag.py
[2024-04-28T15:37:34.880+0000] {logging_mixin.py:188} INFO - [2024-04-28T15:37:34.878+0000] {dag.py:3096} INFO - Sync 1 DAGs
[2024-04-28T15:37:35.102+0000] {logging_mixin.py:188} INFO - [2024-04-28T15:37:35.101+0000] {dag.py:3954} INFO - Setting next_dagrun for spark_submit_job to 2024-05-28 00:00:00+00:00, run_after=2024-05-28 01:00:00+00:00
[2024-04-28T15:37:35.243+0000] {processor.py:183} INFO - Processing /opt/airflow/dags/sparksubmitdag.py took 0.636 seconds
[2024-04-28T15:38:05.573+0000] {processor.py:161} INFO - Started process (PID=314) to work on /opt/airflow/dags/sparksubmitdag.py
[2024-04-28T15:38:05.576+0000] {processor.py:830} INFO - Processing file /opt/airflow/dags/sparksubmitdag.py for tasks to queue
[2024-04-28T15:38:05.585+0000] {logging_mixin.py:188} INFO - [2024-04-28T15:38:05.583+0000] {dagbag.py:540} INFO - Filling up the DagBag from /opt/airflow/dags/sparksubmitdag.py
[2024-04-28T15:38:05.616+0000] {processor.py:840} INFO - DAG(s) 'spark_submit_job' retrieved from /opt/airflow/dags/sparksubmitdag.py
[2024-04-28T15:38:05.683+0000] {logging_mixin.py:188} INFO - [2024-04-28T15:38:05.681+0000] {dag.py:3096} INFO - Sync 1 DAGs
[2024-04-28T15:38:05.786+0000] {logging_mixin.py:188} INFO - [2024-04-28T15:38:05.785+0000] {dag.py:3954} INFO - Setting next_dagrun for spark_submit_job to 2024-05-28 00:00:00+00:00, run_after=2024-05-28 01:00:00+00:00
[2024-04-28T15:38:05.863+0000] {processor.py:183} INFO - Processing /opt/airflow/dags/sparksubmitdag.py took 0.323 seconds
[2024-04-28T15:38:35.959+0000] {processor.py:161} INFO - Started process (PID=375) to work on /opt/airflow/dags/sparksubmitdag.py
[2024-04-28T15:38:35.962+0000] {processor.py:830} INFO - Processing file /opt/airflow/dags/sparksubmitdag.py for tasks to queue
[2024-04-28T15:38:35.969+0000] {logging_mixin.py:188} INFO - [2024-04-28T15:38:35.968+0000] {dagbag.py:540} INFO - Filling up the DagBag from /opt/airflow/dags/sparksubmitdag.py
[2024-04-28T15:38:35.996+0000] {processor.py:840} INFO - DAG(s) 'spark_submit_job' retrieved from /opt/airflow/dags/sparksubmitdag.py
[2024-04-28T15:38:36.059+0000] {logging_mixin.py:188} INFO - [2024-04-28T15:38:36.057+0000] {dag.py:3096} INFO - Sync 1 DAGs
[2024-04-28T15:38:36.140+0000] {logging_mixin.py:188} INFO - [2024-04-28T15:38:36.139+0000] {dag.py:3954} INFO - Setting next_dagrun for spark_submit_job to 2024-05-28 00:00:00+00:00, run_after=2024-05-28 01:00:00+00:00
[2024-04-28T15:38:36.214+0000] {processor.py:183} INFO - Processing /opt/airflow/dags/sparksubmitdag.py took 0.275 seconds
[2024-04-28T15:39:06.742+0000] {processor.py:161} INFO - Started process (PID=438) to work on /opt/airflow/dags/sparksubmitdag.py
[2024-04-28T15:39:06.745+0000] {processor.py:830} INFO - Processing file /opt/airflow/dags/sparksubmitdag.py for tasks to queue
[2024-04-28T15:39:06.753+0000] {logging_mixin.py:188} INFO - [2024-04-28T15:39:06.751+0000] {dagbag.py:540} INFO - Filling up the DagBag from /opt/airflow/dags/sparksubmitdag.py
[2024-04-28T15:39:06.778+0000] {processor.py:840} INFO - DAG(s) 'spark_submit_job' retrieved from /opt/airflow/dags/sparksubmitdag.py
[2024-04-28T15:39:06.842+0000] {logging_mixin.py:188} INFO - [2024-04-28T15:39:06.839+0000] {dag.py:3096} INFO - Sync 1 DAGs
[2024-04-28T15:39:06.930+0000] {logging_mixin.py:188} INFO - [2024-04-28T15:39:06.929+0000] {dag.py:3954} INFO - Setting next_dagrun for spark_submit_job to 2024-05-28 00:00:00+00:00, run_after=2024-05-28 01:00:00+00:00
[2024-04-28T15:39:07.006+0000] {processor.py:183} INFO - Processing /opt/airflow/dags/sparksubmitdag.py took 0.284 seconds
[2024-04-28T15:39:37.903+0000] {processor.py:161} INFO - Started process (PID=502) to work on /opt/airflow/dags/sparksubmitdag.py
[2024-04-28T15:39:37.907+0000] {processor.py:830} INFO - Processing file /opt/airflow/dags/sparksubmitdag.py for tasks to queue
[2024-04-28T15:39:37.914+0000] {logging_mixin.py:188} INFO - [2024-04-28T15:39:37.913+0000] {dagbag.py:540} INFO - Filling up the DagBag from /opt/airflow/dags/sparksubmitdag.py
[2024-04-28T15:39:37.944+0000] {processor.py:840} INFO - DAG(s) 'spark_submit_job' retrieved from /opt/airflow/dags/sparksubmitdag.py
[2024-04-28T15:39:38.034+0000] {logging_mixin.py:188} INFO - [2024-04-28T15:39:38.032+0000] {dag.py:3096} INFO - Sync 1 DAGs
[2024-04-28T15:39:38.135+0000] {logging_mixin.py:188} INFO - [2024-04-28T15:39:38.134+0000] {dag.py:3954} INFO - Setting next_dagrun for spark_submit_job to 2024-05-28 00:00:00+00:00, run_after=2024-05-28 01:00:00+00:00
[2024-04-28T15:39:38.223+0000] {processor.py:183} INFO - Processing /opt/airflow/dags/sparksubmitdag.py took 0.344 seconds
[2024-04-28T15:40:09.563+0000] {processor.py:161} INFO - Started process (PID=565) to work on /opt/airflow/dags/sparksubmitdag.py
[2024-04-28T15:40:09.567+0000] {processor.py:830} INFO - Processing file /opt/airflow/dags/sparksubmitdag.py for tasks to queue
[2024-04-28T15:40:09.575+0000] {logging_mixin.py:188} INFO - [2024-04-28T15:40:09.573+0000] {dagbag.py:540} INFO - Filling up the DagBag from /opt/airflow/dags/sparksubmitdag.py
[2024-04-28T15:40:09.606+0000] {processor.py:840} INFO - DAG(s) 'spark_submit_job' retrieved from /opt/airflow/dags/sparksubmitdag.py
[2024-04-28T15:40:09.709+0000] {logging_mixin.py:188} INFO - [2024-04-28T15:40:09.707+0000] {dag.py:3096} INFO - Sync 1 DAGs
[2024-04-28T15:40:09.890+0000] {logging_mixin.py:188} INFO - [2024-04-28T15:40:09.881+0000] {dag.py:3954} INFO - Setting next_dagrun for spark_submit_job to 2024-05-28 00:00:00+00:00, run_after=2024-05-28 01:00:00+00:00
[2024-04-28T15:40:10.162+0000] {processor.py:183} INFO - Processing /opt/airflow/dags/sparksubmitdag.py took 0.621 seconds
[2024-04-28T15:40:40.979+0000] {processor.py:161} INFO - Started process (PID=626) to work on /opt/airflow/dags/sparksubmitdag.py
[2024-04-28T15:40:40.983+0000] {processor.py:830} INFO - Processing file /opt/airflow/dags/sparksubmitdag.py for tasks to queue
[2024-04-28T15:40:40.992+0000] {logging_mixin.py:188} INFO - [2024-04-28T15:40:40.990+0000] {dagbag.py:540} INFO - Filling up the DagBag from /opt/airflow/dags/sparksubmitdag.py
[2024-04-28T15:40:41.030+0000] {processor.py:840} INFO - DAG(s) 'spark_submit_job' retrieved from /opt/airflow/dags/sparksubmitdag.py
[2024-04-28T15:40:41.120+0000] {logging_mixin.py:188} INFO - [2024-04-28T15:40:41.117+0000] {dag.py:3096} INFO - Sync 1 DAGs
[2024-04-28T15:40:41.235+0000] {logging_mixin.py:188} INFO - [2024-04-28T15:40:41.234+0000] {dag.py:3954} INFO - Setting next_dagrun for spark_submit_job to 2024-05-28 00:00:00+00:00, run_after=2024-05-28 01:00:00+00:00
[2024-04-28T15:40:41.321+0000] {processor.py:183} INFO - Processing /opt/airflow/dags/sparksubmitdag.py took 0.380 seconds
[2024-04-28T15:41:12.058+0000] {processor.py:161} INFO - Started process (PID=689) to work on /opt/airflow/dags/sparksubmitdag.py
[2024-04-28T15:41:12.061+0000] {processor.py:830} INFO - Processing file /opt/airflow/dags/sparksubmitdag.py for tasks to queue
[2024-04-28T15:41:12.068+0000] {logging_mixin.py:188} INFO - [2024-04-28T15:41:12.067+0000] {dagbag.py:540} INFO - Filling up the DagBag from /opt/airflow/dags/sparksubmitdag.py
[2024-04-28T15:41:12.100+0000] {processor.py:840} INFO - DAG(s) 'spark_submit_job' retrieved from /opt/airflow/dags/sparksubmitdag.py
[2024-04-28T15:41:12.189+0000] {logging_mixin.py:188} INFO - [2024-04-28T15:41:12.188+0000] {dag.py:3096} INFO - Sync 1 DAGs
[2024-04-28T15:41:12.255+0000] {logging_mixin.py:188} INFO - [2024-04-28T15:41:12.254+0000] {dag.py:3954} INFO - Setting next_dagrun for spark_submit_job to 2024-05-28 00:00:00+00:00, run_after=2024-05-28 01:00:00+00:00
[2024-04-28T15:41:12.303+0000] {processor.py:183} INFO - Processing /opt/airflow/dags/sparksubmitdag.py took 0.264 seconds
[2024-04-28T15:41:42.649+0000] {processor.py:161} INFO - Started process (PID=752) to work on /opt/airflow/dags/sparksubmitdag.py
[2024-04-28T15:41:42.651+0000] {processor.py:830} INFO - Processing file /opt/airflow/dags/sparksubmitdag.py for tasks to queue
[2024-04-28T15:41:42.658+0000] {logging_mixin.py:188} INFO - [2024-04-28T15:41:42.657+0000] {dagbag.py:540} INFO - Filling up the DagBag from /opt/airflow/dags/sparksubmitdag.py
[2024-04-28T15:41:42.686+0000] {processor.py:840} INFO - DAG(s) 'spark_submit_job' retrieved from /opt/airflow/dags/sparksubmitdag.py
[2024-04-28T15:41:42.754+0000] {logging_mixin.py:188} INFO - [2024-04-28T15:41:42.752+0000] {dag.py:3096} INFO - Sync 1 DAGs
[2024-04-28T15:41:42.828+0000] {logging_mixin.py:188} INFO - [2024-04-28T15:41:42.828+0000] {dag.py:3954} INFO - Setting next_dagrun for spark_submit_job to 2024-05-28 00:00:00+00:00, run_after=2024-05-28 01:00:00+00:00
[2024-04-28T15:41:42.879+0000] {processor.py:183} INFO - Processing /opt/airflow/dags/sparksubmitdag.py took 0.249 seconds
[2024-04-28T15:42:13.374+0000] {processor.py:161} INFO - Started process (PID=815) to work on /opt/airflow/dags/sparksubmitdag.py
[2024-04-28T15:42:13.378+0000] {processor.py:830} INFO - Processing file /opt/airflow/dags/sparksubmitdag.py for tasks to queue
[2024-04-28T15:42:13.386+0000] {logging_mixin.py:188} INFO - [2024-04-28T15:42:13.384+0000] {dagbag.py:540} INFO - Filling up the DagBag from /opt/airflow/dags/sparksubmitdag.py
[2024-04-28T15:42:13.419+0000] {processor.py:840} INFO - DAG(s) 'spark_submit_job' retrieved from /opt/airflow/dags/sparksubmitdag.py
[2024-04-28T15:42:13.574+0000] {logging_mixin.py:188} INFO - [2024-04-28T15:42:13.570+0000] {dag.py:3096} INFO - Sync 1 DAGs
[2024-04-28T15:42:13.701+0000] {logging_mixin.py:188} INFO - [2024-04-28T15:42:13.700+0000] {dag.py:3954} INFO - Setting next_dagrun for spark_submit_job to 2024-05-28 00:00:00+00:00, run_after=2024-05-28 01:00:00+00:00
[2024-04-28T15:42:13.815+0000] {processor.py:183} INFO - Processing /opt/airflow/dags/sparksubmitdag.py took 0.470 seconds
[2024-04-28T15:42:43.983+0000] {processor.py:161} INFO - Started process (PID=879) to work on /opt/airflow/dags/sparksubmitdag.py
[2024-04-28T15:42:43.989+0000] {processor.py:830} INFO - Processing file /opt/airflow/dags/sparksubmitdag.py for tasks to queue
[2024-04-28T15:42:44.002+0000] {logging_mixin.py:188} INFO - [2024-04-28T15:42:43.999+0000] {dagbag.py:540} INFO - Filling up the DagBag from /opt/airflow/dags/sparksubmitdag.py
[2024-04-28T15:42:44.035+0000] {processor.py:840} INFO - DAG(s) 'spark_submit_job' retrieved from /opt/airflow/dags/sparksubmitdag.py
[2024-04-28T15:42:44.167+0000] {logging_mixin.py:188} INFO - [2024-04-28T15:42:44.165+0000] {dag.py:3096} INFO - Sync 1 DAGs
[2024-04-28T15:42:44.304+0000] {logging_mixin.py:188} INFO - [2024-04-28T15:42:44.304+0000] {dag.py:3954} INFO - Setting next_dagrun for spark_submit_job to 2024-05-28 00:00:00+00:00, run_after=2024-05-28 01:00:00+00:00
[2024-04-28T15:42:44.398+0000] {processor.py:183} INFO - Processing /opt/airflow/dags/sparksubmitdag.py took 0.479 seconds
[2024-04-28T15:43:14.781+0000] {processor.py:161} INFO - Started process (PID=942) to work on /opt/airflow/dags/sparksubmitdag.py
[2024-04-28T15:43:14.783+0000] {processor.py:830} INFO - Processing file /opt/airflow/dags/sparksubmitdag.py for tasks to queue
[2024-04-28T15:43:14.790+0000] {logging_mixin.py:188} INFO - [2024-04-28T15:43:14.789+0000] {dagbag.py:540} INFO - Filling up the DagBag from /opt/airflow/dags/sparksubmitdag.py
[2024-04-28T15:43:14.817+0000] {processor.py:840} INFO - DAG(s) 'spark_submit_job' retrieved from /opt/airflow/dags/sparksubmitdag.py
[2024-04-28T15:43:14.897+0000] {logging_mixin.py:188} INFO - [2024-04-28T15:43:14.890+0000] {dag.py:3096} INFO - Sync 1 DAGs
[2024-04-28T15:43:15.043+0000] {logging_mixin.py:188} INFO - [2024-04-28T15:43:15.042+0000] {dag.py:3954} INFO - Setting next_dagrun for spark_submit_job to 2024-05-28 00:00:00+00:00, run_after=2024-05-28 01:00:00+00:00
[2024-04-28T15:43:15.143+0000] {processor.py:183} INFO - Processing /opt/airflow/dags/sparksubmitdag.py took 0.380 seconds
[2024-04-28T15:57:53.124+0000] {processor.py:161} INFO - Started process (PID=50) to work on /opt/airflow/dags/sparksubmitdag.py
[2024-04-28T15:57:53.130+0000] {processor.py:830} INFO - Processing file /opt/airflow/dags/sparksubmitdag.py for tasks to queue
[2024-04-28T15:57:53.138+0000] {logging_mixin.py:188} INFO - [2024-04-28T15:57:53.137+0000] {dagbag.py:540} INFO - Filling up the DagBag from /opt/airflow/dags/sparksubmitdag.py
[2024-04-28T15:57:53.188+0000] {processor.py:840} INFO - DAG(s) 'spark_submit_job' retrieved from /opt/airflow/dags/sparksubmitdag.py
[2024-04-28T15:57:54.182+0000] {logging_mixin.py:188} INFO - [2024-04-28T15:57:54.180+0000] {dag.py:3096} INFO - Sync 1 DAGs
[2024-04-28T15:57:54.435+0000] {logging_mixin.py:188} INFO - [2024-04-28T15:57:54.435+0000] {dag.py:3954} INFO - Setting next_dagrun for spark_submit_job to 2024-05-28 00:00:00+00:00, run_after=2024-05-28 01:00:00+00:00
[2024-04-28T15:57:54.822+0000] {processor.py:183} INFO - Processing /opt/airflow/dags/sparksubmitdag.py took 1.740 seconds
[2024-04-28T15:58:46.319+0000] {processor.py:161} INFO - Started process (PID=118) to work on /opt/airflow/dags/sparksubmitdag.py
[2024-04-28T15:58:46.327+0000] {processor.py:830} INFO - Processing file /opt/airflow/dags/sparksubmitdag.py for tasks to queue
[2024-04-28T15:58:46.335+0000] {logging_mixin.py:188} INFO - [2024-04-28T15:58:46.334+0000] {dagbag.py:540} INFO - Filling up the DagBag from /opt/airflow/dags/sparksubmitdag.py
[2024-04-28T15:58:46.368+0000] {processor.py:840} INFO - DAG(s) 'spark_submit_job' retrieved from /opt/airflow/dags/sparksubmitdag.py
[2024-04-28T15:58:46.441+0000] {logging_mixin.py:188} INFO - [2024-04-28T15:58:46.439+0000] {dag.py:3096} INFO - Sync 1 DAGs
[2024-04-28T15:58:46.545+0000] {logging_mixin.py:188} INFO - [2024-04-28T15:58:46.544+0000] {dag.py:3954} INFO - Setting next_dagrun for spark_submit_job to 2024-05-28 00:00:00+00:00, run_after=2024-05-28 01:00:00+00:00
[2024-04-28T15:58:46.623+0000] {processor.py:183} INFO - Processing /opt/airflow/dags/sparksubmitdag.py took 0.325 seconds
[2024-04-28T15:59:17.900+0000] {processor.py:161} INFO - Started process (PID=179) to work on /opt/airflow/dags/sparksubmitdag.py
[2024-04-28T15:59:17.911+0000] {processor.py:830} INFO - Processing file /opt/airflow/dags/sparksubmitdag.py for tasks to queue
[2024-04-28T15:59:17.931+0000] {logging_mixin.py:188} INFO - [2024-04-28T15:59:17.930+0000] {dagbag.py:540} INFO - Filling up the DagBag from /opt/airflow/dags/sparksubmitdag.py
[2024-04-28T15:59:17.990+0000] {processor.py:840} INFO - DAG(s) 'spark_submit_job' retrieved from /opt/airflow/dags/sparksubmitdag.py
[2024-04-28T15:59:18.132+0000] {logging_mixin.py:188} INFO - [2024-04-28T15:59:18.128+0000] {dag.py:3096} INFO - Sync 1 DAGs
[2024-04-28T15:59:18.332+0000] {logging_mixin.py:188} INFO - [2024-04-28T15:59:18.331+0000] {dag.py:3954} INFO - Setting next_dagrun for spark_submit_job to 2024-05-28 00:00:00+00:00, run_after=2024-05-28 01:00:00+00:00
[2024-04-28T15:59:18.454+0000] {processor.py:183} INFO - Processing /opt/airflow/dags/sparksubmitdag.py took 0.620 seconds
[2024-04-28T15:59:49.448+0000] {processor.py:161} INFO - Started process (PID=242) to work on /opt/airflow/dags/sparksubmitdag.py
[2024-04-28T15:59:49.458+0000] {processor.py:830} INFO - Processing file /opt/airflow/dags/sparksubmitdag.py for tasks to queue
[2024-04-28T15:59:49.497+0000] {logging_mixin.py:188} INFO - [2024-04-28T15:59:49.488+0000] {dagbag.py:540} INFO - Filling up the DagBag from /opt/airflow/dags/sparksubmitdag.py
[2024-04-28T15:59:49.552+0000] {processor.py:840} INFO - DAG(s) 'spark_submit_job' retrieved from /opt/airflow/dags/sparksubmitdag.py
[2024-04-28T15:59:49.666+0000] {logging_mixin.py:188} INFO - [2024-04-28T15:59:49.663+0000] {dag.py:3096} INFO - Sync 1 DAGs
[2024-04-28T15:59:49.788+0000] {logging_mixin.py:188} INFO - [2024-04-28T15:59:49.788+0000] {dag.py:3954} INFO - Setting next_dagrun for spark_submit_job to 2024-05-28 00:00:00+00:00, run_after=2024-05-28 01:00:00+00:00
[2024-04-28T15:59:49.954+0000] {processor.py:183} INFO - Processing /opt/airflow/dags/sparksubmitdag.py took 0.582 seconds
[2024-04-28T16:00:20.829+0000] {processor.py:161} INFO - Started process (PID=305) to work on /opt/airflow/dags/sparksubmitdag.py
[2024-04-28T16:00:20.832+0000] {processor.py:830} INFO - Processing file /opt/airflow/dags/sparksubmitdag.py for tasks to queue
[2024-04-28T16:00:20.839+0000] {logging_mixin.py:188} INFO - [2024-04-28T16:00:20.837+0000] {dagbag.py:540} INFO - Filling up the DagBag from /opt/airflow/dags/sparksubmitdag.py
[2024-04-28T16:00:20.871+0000] {processor.py:840} INFO - DAG(s) 'spark_submit_job' retrieved from /opt/airflow/dags/sparksubmitdag.py
[2024-04-28T16:00:20.940+0000] {logging_mixin.py:188} INFO - [2024-04-28T16:00:20.939+0000] {dag.py:3096} INFO - Sync 1 DAGs
[2024-04-28T16:00:21.032+0000] {logging_mixin.py:188} INFO - [2024-04-28T16:00:21.031+0000] {dag.py:3954} INFO - Setting next_dagrun for spark_submit_job to 2024-05-28 00:00:00+00:00, run_after=2024-05-28 01:00:00+00:00
[2024-04-28T16:00:21.109+0000] {processor.py:183} INFO - Processing /opt/airflow/dags/sparksubmitdag.py took 0.299 seconds
[2024-04-28T16:00:51.449+0000] {processor.py:161} INFO - Started process (PID=368) to work on /opt/airflow/dags/sparksubmitdag.py
[2024-04-28T16:00:51.452+0000] {processor.py:830} INFO - Processing file /opt/airflow/dags/sparksubmitdag.py for tasks to queue
[2024-04-28T16:00:51.459+0000] {logging_mixin.py:188} INFO - [2024-04-28T16:00:51.457+0000] {dagbag.py:540} INFO - Filling up the DagBag from /opt/airflow/dags/sparksubmitdag.py
[2024-04-28T16:00:51.492+0000] {processor.py:840} INFO - DAG(s) 'spark_submit_job' retrieved from /opt/airflow/dags/sparksubmitdag.py
[2024-04-28T16:00:51.575+0000] {logging_mixin.py:188} INFO - [2024-04-28T16:00:51.574+0000] {dag.py:3096} INFO - Sync 1 DAGs
[2024-04-28T16:00:51.674+0000] {logging_mixin.py:188} INFO - [2024-04-28T16:00:51.673+0000] {dag.py:3954} INFO - Setting next_dagrun for spark_submit_job to 2024-05-28 00:00:00+00:00, run_after=2024-05-28 01:00:00+00:00
[2024-04-28T16:00:51.747+0000] {processor.py:183} INFO - Processing /opt/airflow/dags/sparksubmitdag.py took 0.331 seconds
[2024-04-28T16:01:21.861+0000] {processor.py:161} INFO - Started process (PID=430) to work on /opt/airflow/dags/sparksubmitdag.py
[2024-04-28T16:01:21.863+0000] {processor.py:830} INFO - Processing file /opt/airflow/dags/sparksubmitdag.py for tasks to queue
[2024-04-28T16:01:21.869+0000] {logging_mixin.py:188} INFO - [2024-04-28T16:01:21.868+0000] {dagbag.py:540} INFO - Filling up the DagBag from /opt/airflow/dags/sparksubmitdag.py
[2024-04-28T16:01:21.896+0000] {processor.py:840} INFO - DAG(s) 'spark_submit_job' retrieved from /opt/airflow/dags/sparksubmitdag.py
[2024-04-28T16:01:21.960+0000] {logging_mixin.py:188} INFO - [2024-04-28T16:01:21.958+0000] {dag.py:3096} INFO - Sync 1 DAGs
[2024-04-28T16:01:22.035+0000] {logging_mixin.py:188} INFO - [2024-04-28T16:01:22.034+0000] {dag.py:3954} INFO - Setting next_dagrun for spark_submit_job to 2024-05-28 00:00:00+00:00, run_after=2024-05-28 01:00:00+00:00
[2024-04-28T16:01:22.096+0000] {processor.py:183} INFO - Processing /opt/airflow/dags/sparksubmitdag.py took 0.253 seconds
[2024-04-28T16:01:53.139+0000] {processor.py:161} INFO - Started process (PID=491) to work on /opt/airflow/dags/sparksubmitdag.py
[2024-04-28T16:01:53.147+0000] {processor.py:830} INFO - Processing file /opt/airflow/dags/sparksubmitdag.py for tasks to queue
[2024-04-28T16:01:53.175+0000] {logging_mixin.py:188} INFO - [2024-04-28T16:01:53.174+0000] {dagbag.py:540} INFO - Filling up the DagBag from /opt/airflow/dags/sparksubmitdag.py
[2024-04-28T16:01:53.275+0000] {processor.py:840} INFO - DAG(s) 'spark_submit_job' retrieved from /opt/airflow/dags/sparksubmitdag.py
[2024-04-28T16:01:53.480+0000] {logging_mixin.py:188} INFO - [2024-04-28T16:01:53.478+0000] {dag.py:3096} INFO - Sync 1 DAGs
[2024-04-28T16:01:53.622+0000] {logging_mixin.py:188} INFO - [2024-04-28T16:01:53.620+0000] {dag.py:3954} INFO - Setting next_dagrun for spark_submit_job to 2024-05-28 00:00:00+00:00, run_after=2024-05-28 01:00:00+00:00
[2024-04-28T16:01:53.787+0000] {processor.py:183} INFO - Processing /opt/airflow/dags/sparksubmitdag.py took 0.750 seconds
[2024-04-28T16:02:24.164+0000] {processor.py:161} INFO - Started process (PID=556) to work on /opt/airflow/dags/sparksubmitdag.py
[2024-04-28T16:02:24.167+0000] {processor.py:830} INFO - Processing file /opt/airflow/dags/sparksubmitdag.py for tasks to queue
[2024-04-28T16:02:24.174+0000] {logging_mixin.py:188} INFO - [2024-04-28T16:02:24.172+0000] {dagbag.py:540} INFO - Filling up the DagBag from /opt/airflow/dags/sparksubmitdag.py
[2024-04-28T16:02:24.201+0000] {processor.py:840} INFO - DAG(s) 'spark_submit_job' retrieved from /opt/airflow/dags/sparksubmitdag.py
[2024-04-28T16:02:24.265+0000] {logging_mixin.py:188} INFO - [2024-04-28T16:02:24.263+0000] {dag.py:3096} INFO - Sync 1 DAGs
[2024-04-28T16:02:24.350+0000] {logging_mixin.py:188} INFO - [2024-04-28T16:02:24.349+0000] {dag.py:3954} INFO - Setting next_dagrun for spark_submit_job to 2024-05-28 00:00:00+00:00, run_after=2024-05-28 01:00:00+00:00
[2024-04-28T16:02:24.427+0000] {processor.py:183} INFO - Processing /opt/airflow/dags/sparksubmitdag.py took 0.281 seconds
[2024-04-28T16:02:55.343+0000] {processor.py:161} INFO - Started process (PID=617) to work on /opt/airflow/dags/sparksubmitdag.py
[2024-04-28T16:02:55.346+0000] {processor.py:830} INFO - Processing file /opt/airflow/dags/sparksubmitdag.py for tasks to queue
[2024-04-28T16:02:55.351+0000] {logging_mixin.py:188} INFO - [2024-04-28T16:02:55.350+0000] {dagbag.py:540} INFO - Filling up the DagBag from /opt/airflow/dags/sparksubmitdag.py
[2024-04-28T16:02:55.376+0000] {processor.py:840} INFO - DAG(s) 'spark_submit_job' retrieved from /opt/airflow/dags/sparksubmitdag.py
[2024-04-28T16:02:55.437+0000] {logging_mixin.py:188} INFO - [2024-04-28T16:02:55.435+0000] {dag.py:3096} INFO - Sync 1 DAGs
[2024-04-28T16:02:55.529+0000] {logging_mixin.py:188} INFO - [2024-04-28T16:02:55.528+0000] {dag.py:3954} INFO - Setting next_dagrun for spark_submit_job to 2024-05-28 00:00:00+00:00, run_after=2024-05-28 01:00:00+00:00
[2024-04-28T16:02:55.589+0000] {processor.py:183} INFO - Processing /opt/airflow/dags/sparksubmitdag.py took 0.263 seconds
[2024-04-28T16:03:25.741+0000] {processor.py:161} INFO - Started process (PID=679) to work on /opt/airflow/dags/sparksubmitdag.py
[2024-04-28T16:03:25.743+0000] {processor.py:830} INFO - Processing file /opt/airflow/dags/sparksubmitdag.py for tasks to queue
[2024-04-28T16:03:25.750+0000] {logging_mixin.py:188} INFO - [2024-04-28T16:03:25.748+0000] {dagbag.py:540} INFO - Filling up the DagBag from /opt/airflow/dags/sparksubmitdag.py
[2024-04-28T16:03:25.780+0000] {processor.py:840} INFO - DAG(s) 'spark_submit_job' retrieved from /opt/airflow/dags/sparksubmitdag.py
[2024-04-28T16:03:25.856+0000] {logging_mixin.py:188} INFO - [2024-04-28T16:03:25.854+0000] {dag.py:3096} INFO - Sync 1 DAGs
[2024-04-28T16:03:25.952+0000] {logging_mixin.py:188} INFO - [2024-04-28T16:03:25.952+0000] {dag.py:3954} INFO - Setting next_dagrun for spark_submit_job to 2024-05-28 00:00:00+00:00, run_after=2024-05-28 01:00:00+00:00
[2024-04-28T16:03:26.018+0000] {processor.py:183} INFO - Processing /opt/airflow/dags/sparksubmitdag.py took 0.302 seconds
[2024-04-28T16:03:57.265+0000] {processor.py:161} INFO - Started process (PID=742) to work on /opt/airflow/dags/sparksubmitdag.py
[2024-04-28T16:03:57.274+0000] {processor.py:830} INFO - Processing file /opt/airflow/dags/sparksubmitdag.py for tasks to queue
[2024-04-28T16:03:57.299+0000] {logging_mixin.py:188} INFO - [2024-04-28T16:03:57.298+0000] {dagbag.py:540} INFO - Filling up the DagBag from /opt/airflow/dags/sparksubmitdag.py
[2024-04-28T16:03:57.427+0000] {processor.py:840} INFO - DAG(s) 'spark_submit_job' retrieved from /opt/airflow/dags/sparksubmitdag.py
[2024-04-28T16:03:57.768+0000] {logging_mixin.py:188} INFO - [2024-04-28T16:03:57.766+0000] {dag.py:3096} INFO - Sync 1 DAGs
[2024-04-28T16:03:58.130+0000] {logging_mixin.py:188} INFO - [2024-04-28T16:03:58.129+0000] {dag.py:3954} INFO - Setting next_dagrun for spark_submit_job to 2024-05-28 00:00:00+00:00, run_after=2024-05-28 01:00:00+00:00
[2024-04-28T16:03:58.360+0000] {processor.py:183} INFO - Processing /opt/airflow/dags/sparksubmitdag.py took 1.179 seconds
[2024-04-28T16:04:28.593+0000] {processor.py:161} INFO - Started process (PID=805) to work on /opt/airflow/dags/sparksubmitdag.py
[2024-04-28T16:04:28.602+0000] {processor.py:830} INFO - Processing file /opt/airflow/dags/sparksubmitdag.py for tasks to queue
[2024-04-28T16:04:28.608+0000] {logging_mixin.py:188} INFO - [2024-04-28T16:04:28.607+0000] {dagbag.py:540} INFO - Filling up the DagBag from /opt/airflow/dags/sparksubmitdag.py
[2024-04-28T16:04:28.645+0000] {processor.py:840} INFO - DAG(s) 'spark_submit_job' retrieved from /opt/airflow/dags/sparksubmitdag.py
[2024-04-28T16:04:28.716+0000] {logging_mixin.py:188} INFO - [2024-04-28T16:04:28.714+0000] {dag.py:3096} INFO - Sync 1 DAGs
[2024-04-28T16:04:28.810+0000] {logging_mixin.py:188} INFO - [2024-04-28T16:04:28.809+0000] {dag.py:3954} INFO - Setting next_dagrun for spark_submit_job to 2024-05-28 00:00:00+00:00, run_after=2024-05-28 01:00:00+00:00
[2024-04-28T16:04:28.895+0000] {processor.py:183} INFO - Processing /opt/airflow/dags/sparksubmitdag.py took 0.322 seconds
[2024-04-28T16:04:59.823+0000] {processor.py:161} INFO - Started process (PID=868) to work on /opt/airflow/dags/sparksubmitdag.py
[2024-04-28T16:04:59.826+0000] {processor.py:830} INFO - Processing file /opt/airflow/dags/sparksubmitdag.py for tasks to queue
[2024-04-28T16:04:59.832+0000] {logging_mixin.py:188} INFO - [2024-04-28T16:04:59.831+0000] {dagbag.py:540} INFO - Filling up the DagBag from /opt/airflow/dags/sparksubmitdag.py
[2024-04-28T16:04:59.862+0000] {processor.py:840} INFO - DAG(s) 'spark_submit_job' retrieved from /opt/airflow/dags/sparksubmitdag.py
[2024-04-28T16:04:59.926+0000] {logging_mixin.py:188} INFO - [2024-04-28T16:04:59.925+0000] {dag.py:3096} INFO - Sync 1 DAGs
[2024-04-28T16:05:00.001+0000] {logging_mixin.py:188} INFO - [2024-04-28T16:05:00.001+0000] {dag.py:3954} INFO - Setting next_dagrun for spark_submit_job to 2024-05-28 00:00:00+00:00, run_after=2024-05-28 01:00:00+00:00
[2024-04-28T16:05:00.079+0000] {processor.py:183} INFO - Processing /opt/airflow/dags/sparksubmitdag.py took 0.274 seconds
[2024-04-28T16:05:30.350+0000] {processor.py:161} INFO - Started process (PID=931) to work on /opt/airflow/dags/sparksubmitdag.py
[2024-04-28T16:05:30.352+0000] {processor.py:830} INFO - Processing file /opt/airflow/dags/sparksubmitdag.py for tasks to queue
[2024-04-28T16:05:30.359+0000] {logging_mixin.py:188} INFO - [2024-04-28T16:05:30.358+0000] {dagbag.py:540} INFO - Filling up the DagBag from /opt/airflow/dags/sparksubmitdag.py
[2024-04-28T16:05:30.388+0000] {processor.py:840} INFO - DAG(s) 'spark_submit_job' retrieved from /opt/airflow/dags/sparksubmitdag.py
[2024-04-28T16:05:30.445+0000] {logging_mixin.py:188} INFO - [2024-04-28T16:05:30.444+0000] {dag.py:3096} INFO - Sync 1 DAGs
[2024-04-28T16:05:30.519+0000] {logging_mixin.py:188} INFO - [2024-04-28T16:05:30.519+0000] {dag.py:3954} INFO - Setting next_dagrun for spark_submit_job to 2024-05-28 00:00:00+00:00, run_after=2024-05-28 01:00:00+00:00
[2024-04-28T16:05:30.579+0000] {processor.py:183} INFO - Processing /opt/airflow/dags/sparksubmitdag.py took 0.245 seconds
[2024-04-28T16:06:00.857+0000] {processor.py:161} INFO - Started process (PID=995) to work on /opt/airflow/dags/sparksubmitdag.py
[2024-04-28T16:06:00.862+0000] {processor.py:830} INFO - Processing file /opt/airflow/dags/sparksubmitdag.py for tasks to queue
[2024-04-28T16:06:00.870+0000] {logging_mixin.py:188} INFO - [2024-04-28T16:06:00.869+0000] {dagbag.py:540} INFO - Filling up the DagBag from /opt/airflow/dags/sparksubmitdag.py
[2024-04-28T16:06:00.908+0000] {processor.py:840} INFO - DAG(s) 'spark_submit_job' retrieved from /opt/airflow/dags/sparksubmitdag.py
[2024-04-28T16:06:00.993+0000] {logging_mixin.py:188} INFO - [2024-04-28T16:06:00.992+0000] {dag.py:3096} INFO - Sync 1 DAGs
[2024-04-28T16:06:01.075+0000] {logging_mixin.py:188} INFO - [2024-04-28T16:06:01.074+0000] {dag.py:3954} INFO - Setting next_dagrun for spark_submit_job to 2024-05-28 00:00:00+00:00, run_after=2024-05-28 01:00:00+00:00
[2024-04-28T16:06:01.160+0000] {processor.py:183} INFO - Processing /opt/airflow/dags/sparksubmitdag.py took 0.325 seconds
[2024-04-28T16:06:31.332+0000] {processor.py:161} INFO - Started process (PID=1058) to work on /opt/airflow/dags/sparksubmitdag.py
[2024-04-28T16:06:31.335+0000] {processor.py:830} INFO - Processing file /opt/airflow/dags/sparksubmitdag.py for tasks to queue
[2024-04-28T16:06:31.343+0000] {logging_mixin.py:188} INFO - [2024-04-28T16:06:31.341+0000] {dagbag.py:540} INFO - Filling up the DagBag from /opt/airflow/dags/sparksubmitdag.py
[2024-04-28T16:06:31.397+0000] {processor.py:840} INFO - DAG(s) 'spark_submit_job' retrieved from /opt/airflow/dags/sparksubmitdag.py
[2024-04-28T16:06:31.489+0000] {logging_mixin.py:188} INFO - [2024-04-28T16:06:31.488+0000] {dag.py:3096} INFO - Sync 1 DAGs
[2024-04-28T16:06:31.600+0000] {logging_mixin.py:188} INFO - [2024-04-28T16:06:31.599+0000] {dag.py:3954} INFO - Setting next_dagrun for spark_submit_job to 2024-05-28 00:00:00+00:00, run_after=2024-05-28 01:00:00+00:00
[2024-04-28T16:06:31.782+0000] {processor.py:183} INFO - Processing /opt/airflow/dags/sparksubmitdag.py took 0.473 seconds
[2024-04-28T16:07:01.975+0000] {processor.py:161} INFO - Started process (PID=1121) to work on /opt/airflow/dags/sparksubmitdag.py
[2024-04-28T16:07:01.978+0000] {processor.py:830} INFO - Processing file /opt/airflow/dags/sparksubmitdag.py for tasks to queue
[2024-04-28T16:07:01.984+0000] {logging_mixin.py:188} INFO - [2024-04-28T16:07:01.983+0000] {dagbag.py:540} INFO - Filling up the DagBag from /opt/airflow/dags/sparksubmitdag.py
[2024-04-28T16:07:02.021+0000] {processor.py:840} INFO - DAG(s) 'spark_submit_job' retrieved from /opt/airflow/dags/sparksubmitdag.py
[2024-04-28T16:07:02.096+0000] {logging_mixin.py:188} INFO - [2024-04-28T16:07:02.095+0000] {dag.py:3096} INFO - Sync 1 DAGs
[2024-04-28T16:07:02.173+0000] {logging_mixin.py:188} INFO - [2024-04-28T16:07:02.172+0000] {dag.py:3954} INFO - Setting next_dagrun for spark_submit_job to 2024-05-28 00:00:00+00:00, run_after=2024-05-28 01:00:00+00:00
[2024-04-28T16:07:02.235+0000] {processor.py:183} INFO - Processing /opt/airflow/dags/sparksubmitdag.py took 0.298 seconds
[2024-04-28T16:07:33.169+0000] {processor.py:161} INFO - Started process (PID=1192) to work on /opt/airflow/dags/sparksubmitdag.py
[2024-04-28T16:07:33.172+0000] {processor.py:830} INFO - Processing file /opt/airflow/dags/sparksubmitdag.py for tasks to queue
[2024-04-28T16:07:33.179+0000] {logging_mixin.py:188} INFO - [2024-04-28T16:07:33.177+0000] {dagbag.py:540} INFO - Filling up the DagBag from /opt/airflow/dags/sparksubmitdag.py
[2024-04-28T16:07:33.205+0000] {processor.py:840} INFO - DAG(s) 'spark_submit_job' retrieved from /opt/airflow/dags/sparksubmitdag.py
[2024-04-28T16:07:33.266+0000] {logging_mixin.py:188} INFO - [2024-04-28T16:07:33.265+0000] {dag.py:3096} INFO - Sync 1 DAGs
[2024-04-28T16:07:33.341+0000] {logging_mixin.py:188} INFO - [2024-04-28T16:07:33.340+0000] {dag.py:3954} INFO - Setting next_dagrun for spark_submit_job to 2024-05-28 00:00:00+00:00, run_after=2024-05-28 01:00:00+00:00
[2024-04-28T16:07:33.435+0000] {processor.py:183} INFO - Processing /opt/airflow/dags/sparksubmitdag.py took 0.283 seconds
[2024-04-28T16:08:05.784+0000] {processor.py:161} INFO - Started process (PID=1243) to work on /opt/airflow/dags/sparksubmitdag.py
[2024-04-28T16:08:05.787+0000] {processor.py:830} INFO - Processing file /opt/airflow/dags/sparksubmitdag.py for tasks to queue
[2024-04-28T16:08:05.794+0000] {logging_mixin.py:188} INFO - [2024-04-28T16:08:05.793+0000] {dagbag.py:540} INFO - Filling up the DagBag from /opt/airflow/dags/sparksubmitdag.py
[2024-04-28T16:08:05.826+0000] {processor.py:840} INFO - DAG(s) 'spark_submit_job' retrieved from /opt/airflow/dags/sparksubmitdag.py
[2024-04-28T16:08:06.565+0000] {logging_mixin.py:188} INFO - [2024-04-28T16:08:06.562+0000] {dag.py:3096} INFO - Sync 1 DAGs
[2024-04-28T16:08:06.665+0000] {logging_mixin.py:188} INFO - [2024-04-28T16:08:06.664+0000] {dag.py:3954} INFO - Setting next_dagrun for spark_submit_job to 2024-05-28 00:00:00+00:00, run_after=2024-05-28 01:00:00+00:00
[2024-04-28T16:08:06.736+0000] {processor.py:183} INFO - Processing /opt/airflow/dags/sparksubmitdag.py took 0.969 seconds
[2024-04-28T16:08:37.631+0000] {processor.py:161} INFO - Started process (PID=1306) to work on /opt/airflow/dags/sparksubmitdag.py
[2024-04-28T16:08:37.637+0000] {processor.py:830} INFO - Processing file /opt/airflow/dags/sparksubmitdag.py for tasks to queue
[2024-04-28T16:08:37.645+0000] {logging_mixin.py:188} INFO - [2024-04-28T16:08:37.644+0000] {dagbag.py:540} INFO - Filling up the DagBag from /opt/airflow/dags/sparksubmitdag.py
[2024-04-28T16:08:37.732+0000] {processor.py:840} INFO - DAG(s) 'spark_submit_job' retrieved from /opt/airflow/dags/sparksubmitdag.py
[2024-04-28T16:08:37.879+0000] {logging_mixin.py:188} INFO - [2024-04-28T16:08:37.877+0000] {dag.py:3096} INFO - Sync 1 DAGs
[2024-04-28T16:08:38.010+0000] {logging_mixin.py:188} INFO - [2024-04-28T16:08:38.008+0000] {dag.py:3954} INFO - Setting next_dagrun for spark_submit_job to 2024-05-28 00:00:00+00:00, run_after=2024-05-28 01:00:00+00:00
[2024-04-28T16:08:38.110+0000] {processor.py:183} INFO - Processing /opt/airflow/dags/sparksubmitdag.py took 0.518 seconds
[2024-04-28T16:09:08.346+0000] {processor.py:161} INFO - Started process (PID=1369) to work on /opt/airflow/dags/sparksubmitdag.py
[2024-04-28T16:09:08.349+0000] {processor.py:830} INFO - Processing file /opt/airflow/dags/sparksubmitdag.py for tasks to queue
[2024-04-28T16:09:08.358+0000] {logging_mixin.py:188} INFO - [2024-04-28T16:09:08.356+0000] {dagbag.py:540} INFO - Filling up the DagBag from /opt/airflow/dags/sparksubmitdag.py
[2024-04-28T16:09:08.390+0000] {processor.py:840} INFO - DAG(s) 'spark_submit_job' retrieved from /opt/airflow/dags/sparksubmitdag.py
[2024-04-28T16:09:08.467+0000] {logging_mixin.py:188} INFO - [2024-04-28T16:09:08.465+0000] {dag.py:3096} INFO - Sync 1 DAGs
[2024-04-28T16:09:08.556+0000] {logging_mixin.py:188} INFO - [2024-04-28T16:09:08.555+0000] {dag.py:3954} INFO - Setting next_dagrun for spark_submit_job to 2024-05-28 00:00:00+00:00, run_after=2024-05-28 01:00:00+00:00
[2024-04-28T16:09:08.631+0000] {processor.py:183} INFO - Processing /opt/airflow/dags/sparksubmitdag.py took 0.311 seconds
[2024-04-28T16:09:38.740+0000] {processor.py:161} INFO - Started process (PID=1432) to work on /opt/airflow/dags/sparksubmitdag.py
[2024-04-28T16:09:38.742+0000] {processor.py:830} INFO - Processing file /opt/airflow/dags/sparksubmitdag.py for tasks to queue
[2024-04-28T16:09:38.747+0000] {logging_mixin.py:188} INFO - [2024-04-28T16:09:38.746+0000] {dagbag.py:540} INFO - Filling up the DagBag from /opt/airflow/dags/sparksubmitdag.py
[2024-04-28T16:09:38.770+0000] {processor.py:840} INFO - DAG(s) 'spark_submit_job' retrieved from /opt/airflow/dags/sparksubmitdag.py
[2024-04-28T16:09:38.821+0000] {logging_mixin.py:188} INFO - [2024-04-28T16:09:38.819+0000] {dag.py:3096} INFO - Sync 1 DAGs
[2024-04-28T16:09:38.888+0000] {logging_mixin.py:188} INFO - [2024-04-28T16:09:38.888+0000] {dag.py:3954} INFO - Setting next_dagrun for spark_submit_job to 2024-05-28 00:00:00+00:00, run_after=2024-05-28 01:00:00+00:00
[2024-04-28T16:09:38.973+0000] {processor.py:183} INFO - Processing /opt/airflow/dags/sparksubmitdag.py took 0.249 seconds
[2024-04-28T16:10:09.473+0000] {processor.py:161} INFO - Started process (PID=1495) to work on /opt/airflow/dags/sparksubmitdag.py
[2024-04-28T16:10:09.477+0000] {processor.py:830} INFO - Processing file /opt/airflow/dags/sparksubmitdag.py for tasks to queue
[2024-04-28T16:10:09.485+0000] {logging_mixin.py:188} INFO - [2024-04-28T16:10:09.483+0000] {dagbag.py:540} INFO - Filling up the DagBag from /opt/airflow/dags/sparksubmitdag.py
[2024-04-28T16:10:09.513+0000] {processor.py:840} INFO - DAG(s) 'spark_submit_job' retrieved from /opt/airflow/dags/sparksubmitdag.py
[2024-04-28T16:10:09.577+0000] {logging_mixin.py:188} INFO - [2024-04-28T16:10:09.575+0000] {dag.py:3096} INFO - Sync 1 DAGs
[2024-04-28T16:10:09.660+0000] {logging_mixin.py:188} INFO - [2024-04-28T16:10:09.659+0000] {dag.py:3954} INFO - Setting next_dagrun for spark_submit_job to 2024-05-28 00:00:00+00:00, run_after=2024-05-28 01:00:00+00:00
[2024-04-28T16:10:09.722+0000] {processor.py:183} INFO - Processing /opt/airflow/dags/sparksubmitdag.py took 0.267 seconds
[2024-04-28T16:10:40.534+0000] {processor.py:161} INFO - Started process (PID=1558) to work on /opt/airflow/dags/sparksubmitdag.py
[2024-04-28T16:10:40.542+0000] {processor.py:830} INFO - Processing file /opt/airflow/dags/sparksubmitdag.py for tasks to queue
[2024-04-28T16:10:40.556+0000] {logging_mixin.py:188} INFO - [2024-04-28T16:10:40.553+0000] {dagbag.py:540} INFO - Filling up the DagBag from /opt/airflow/dags/sparksubmitdag.py
[2024-04-28T16:10:40.596+0000] {processor.py:840} INFO - DAG(s) 'spark_submit_job' retrieved from /opt/airflow/dags/sparksubmitdag.py
[2024-04-28T16:10:40.675+0000] {logging_mixin.py:188} INFO - [2024-04-28T16:10:40.673+0000] {dag.py:3096} INFO - Sync 1 DAGs
[2024-04-28T16:10:40.762+0000] {logging_mixin.py:188} INFO - [2024-04-28T16:10:40.761+0000] {dag.py:3954} INFO - Setting next_dagrun for spark_submit_job to 2024-05-28 00:00:00+00:00, run_after=2024-05-28 01:00:00+00:00
[2024-04-28T16:10:40.833+0000] {processor.py:183} INFO - Processing /opt/airflow/dags/sparksubmitdag.py took 0.327 seconds
[2024-04-28T16:11:11.293+0000] {processor.py:161} INFO - Started process (PID=1620) to work on /opt/airflow/dags/sparksubmitdag.py
[2024-04-28T16:11:11.342+0000] {processor.py:830} INFO - Processing file /opt/airflow/dags/sparksubmitdag.py for tasks to queue
[2024-04-28T16:11:11.382+0000] {logging_mixin.py:188} INFO - [2024-04-28T16:11:11.360+0000] {dagbag.py:540} INFO - Filling up the DagBag from /opt/airflow/dags/sparksubmitdag.py
[2024-04-28T16:11:11.457+0000] {processor.py:840} INFO - DAG(s) 'spark_submit_job' retrieved from /opt/airflow/dags/sparksubmitdag.py
[2024-04-28T16:11:11.554+0000] {logging_mixin.py:188} INFO - [2024-04-28T16:11:11.552+0000] {dag.py:3096} INFO - Sync 1 DAGs
[2024-04-28T16:11:11.720+0000] {logging_mixin.py:188} INFO - [2024-04-28T16:11:11.719+0000] {dag.py:3954} INFO - Setting next_dagrun for spark_submit_job to 2024-05-28 00:00:00+00:00, run_after=2024-05-28 01:00:00+00:00
[2024-04-28T16:11:11.837+0000] {processor.py:183} INFO - Processing /opt/airflow/dags/sparksubmitdag.py took 0.572 seconds
[2024-04-28T16:11:42.214+0000] {processor.py:161} INFO - Started process (PID=1683) to work on /opt/airflow/dags/sparksubmitdag.py
[2024-04-28T16:11:42.216+0000] {processor.py:830} INFO - Processing file /opt/airflow/dags/sparksubmitdag.py for tasks to queue
[2024-04-28T16:11:42.222+0000] {logging_mixin.py:188} INFO - [2024-04-28T16:11:42.221+0000] {dagbag.py:540} INFO - Filling up the DagBag from /opt/airflow/dags/sparksubmitdag.py
[2024-04-28T16:11:42.247+0000] {processor.py:840} INFO - DAG(s) 'spark_submit_job' retrieved from /opt/airflow/dags/sparksubmitdag.py
[2024-04-28T16:11:42.304+0000] {logging_mixin.py:188} INFO - [2024-04-28T16:11:42.302+0000] {dag.py:3096} INFO - Sync 1 DAGs
[2024-04-28T16:11:42.381+0000] {logging_mixin.py:188} INFO - [2024-04-28T16:11:42.380+0000] {dag.py:3954} INFO - Setting next_dagrun for spark_submit_job to 2024-05-28 00:00:00+00:00, run_after=2024-05-28 01:00:00+00:00
[2024-04-28T16:11:42.447+0000] {processor.py:183} INFO - Processing /opt/airflow/dags/sparksubmitdag.py took 0.252 seconds
[2024-04-28T16:12:13.027+0000] {processor.py:161} INFO - Started process (PID=1746) to work on /opt/airflow/dags/sparksubmitdag.py
[2024-04-28T16:12:13.033+0000] {processor.py:830} INFO - Processing file /opt/airflow/dags/sparksubmitdag.py for tasks to queue
[2024-04-28T16:12:13.047+0000] {logging_mixin.py:188} INFO - [2024-04-28T16:12:13.046+0000] {dagbag.py:540} INFO - Filling up the DagBag from /opt/airflow/dags/sparksubmitdag.py
[2024-04-28T16:12:13.098+0000] {processor.py:840} INFO - DAG(s) 'spark_submit_job' retrieved from /opt/airflow/dags/sparksubmitdag.py
[2024-04-28T16:12:13.200+0000] {logging_mixin.py:188} INFO - [2024-04-28T16:12:13.198+0000] {dag.py:3096} INFO - Sync 1 DAGs
[2024-04-28T16:12:13.328+0000] {logging_mixin.py:188} INFO - [2024-04-28T16:12:13.327+0000] {dag.py:3954} INFO - Setting next_dagrun for spark_submit_job to 2024-05-28 00:00:00+00:00, run_after=2024-05-28 01:00:00+00:00
[2024-04-28T16:12:13.404+0000] {processor.py:183} INFO - Processing /opt/airflow/dags/sparksubmitdag.py took 0.404 seconds
[2024-04-28T16:12:44.596+0000] {processor.py:161} INFO - Started process (PID=1809) to work on /opt/airflow/dags/sparksubmitdag.py
[2024-04-28T16:12:44.598+0000] {processor.py:830} INFO - Processing file /opt/airflow/dags/sparksubmitdag.py for tasks to queue
[2024-04-28T16:12:44.604+0000] {logging_mixin.py:188} INFO - [2024-04-28T16:12:44.603+0000] {dagbag.py:540} INFO - Filling up the DagBag from /opt/airflow/dags/sparksubmitdag.py
[2024-04-28T16:12:44.633+0000] {processor.py:840} INFO - DAG(s) 'spark_submit_job' retrieved from /opt/airflow/dags/sparksubmitdag.py
[2024-04-28T16:12:44.697+0000] {logging_mixin.py:188} INFO - [2024-04-28T16:12:44.695+0000] {dag.py:3096} INFO - Sync 1 DAGs
[2024-04-28T16:12:44.784+0000] {logging_mixin.py:188} INFO - [2024-04-28T16:12:44.784+0000] {dag.py:3954} INFO - Setting next_dagrun for spark_submit_job to 2024-05-28 00:00:00+00:00, run_after=2024-05-28 01:00:00+00:00
[2024-04-28T16:12:45.850+0000] {processor.py:183} INFO - Processing /opt/airflow/dags/sparksubmitdag.py took 1.274 seconds
[2024-04-28T16:13:16.164+0000] {processor.py:161} INFO - Started process (PID=1871) to work on /opt/airflow/dags/sparksubmitdag.py
[2024-04-28T16:13:16.171+0000] {processor.py:830} INFO - Processing file /opt/airflow/dags/sparksubmitdag.py for tasks to queue
[2024-04-28T16:13:16.205+0000] {logging_mixin.py:188} INFO - [2024-04-28T16:13:16.199+0000] {dagbag.py:540} INFO - Filling up the DagBag from /opt/airflow/dags/sparksubmitdag.py
[2024-04-28T16:13:16.314+0000] {processor.py:840} INFO - DAG(s) 'spark_submit_job' retrieved from /opt/airflow/dags/sparksubmitdag.py
[2024-04-28T16:13:16.396+0000] {logging_mixin.py:188} INFO - [2024-04-28T16:13:16.395+0000] {dag.py:3096} INFO - Sync 1 DAGs
[2024-04-28T16:13:16.622+0000] {logging_mixin.py:188} INFO - [2024-04-28T16:13:16.621+0000] {dag.py:3954} INFO - Setting next_dagrun for spark_submit_job to 2024-05-28 00:00:00+00:00, run_after=2024-05-28 01:00:00+00:00
[2024-04-28T16:13:16.758+0000] {processor.py:183} INFO - Processing /opt/airflow/dags/sparksubmitdag.py took 0.627 seconds
[2024-04-28T16:33:06.485+0000] {processor.py:161} INFO - Started process (PID=51) to work on /opt/airflow/dags/sparksubmitdag.py
[2024-04-28T16:33:06.506+0000] {processor.py:830} INFO - Processing file /opt/airflow/dags/sparksubmitdag.py for tasks to queue
[2024-04-28T16:33:06.531+0000] {logging_mixin.py:188} INFO - [2024-04-28T16:33:06.530+0000] {dagbag.py:540} INFO - Filling up the DagBag from /opt/airflow/dags/sparksubmitdag.py
[2024-04-28T16:33:06.678+0000] {processor.py:840} INFO - DAG(s) 'spark_submit_job' retrieved from /opt/airflow/dags/sparksubmitdag.py
[2024-04-28T16:33:09.876+0000] {logging_mixin.py:188} INFO - [2024-04-28T16:33:09.868+0000] {dag.py:3096} INFO - Sync 1 DAGs
[2024-04-28T16:33:10.121+0000] {logging_mixin.py:188} INFO - [2024-04-28T16:33:10.120+0000] {dag.py:3954} INFO - Setting next_dagrun for spark_submit_job to 2024-05-28 00:00:00+00:00, run_after=2024-05-28 01:00:00+00:00
[2024-04-28T16:33:10.446+0000] {processor.py:183} INFO - Processing /opt/airflow/dags/sparksubmitdag.py took 4.019 seconds
[2024-04-28T16:34:05.112+0000] {processor.py:161} INFO - Started process (PID=120) to work on /opt/airflow/dags/sparksubmitdag.py
[2024-04-28T16:34:05.314+0000] {processor.py:830} INFO - Processing file /opt/airflow/dags/sparksubmitdag.py for tasks to queue
[2024-04-28T16:34:05.320+0000] {logging_mixin.py:188} INFO - [2024-04-28T16:34:05.319+0000] {dagbag.py:540} INFO - Filling up the DagBag from /opt/airflow/dags/sparksubmitdag.py
[2024-04-28T16:34:05.375+0000] {processor.py:840} INFO - DAG(s) 'spark_submit_job' retrieved from /opt/airflow/dags/sparksubmitdag.py
[2024-04-28T16:34:05.481+0000] {logging_mixin.py:188} INFO - [2024-04-28T16:34:05.480+0000] {dag.py:3096} INFO - Sync 1 DAGs
[2024-04-28T16:34:05.622+0000] {logging_mixin.py:188} INFO - [2024-04-28T16:34:05.621+0000] {dag.py:3954} INFO - Setting next_dagrun for spark_submit_job to 2024-05-28 00:00:00+00:00, run_after=2024-05-28 01:00:00+00:00
[2024-04-28T16:34:05.710+0000] {processor.py:183} INFO - Processing /opt/airflow/dags/sparksubmitdag.py took 0.616 seconds
[2024-04-28T16:34:37.012+0000] {processor.py:161} INFO - Started process (PID=175) to work on /opt/airflow/dags/sparksubmitdag.py
[2024-04-28T16:34:37.015+0000] {processor.py:830} INFO - Processing file /opt/airflow/dags/sparksubmitdag.py for tasks to queue
[2024-04-28T16:34:37.023+0000] {logging_mixin.py:188} INFO - [2024-04-28T16:34:37.022+0000] {dagbag.py:540} INFO - Filling up the DagBag from /opt/airflow/dags/sparksubmitdag.py
[2024-04-28T16:34:37.050+0000] {processor.py:840} INFO - DAG(s) 'spark_submit_job' retrieved from /opt/airflow/dags/sparksubmitdag.py
[2024-04-28T16:34:37.113+0000] {logging_mixin.py:188} INFO - [2024-04-28T16:34:37.112+0000] {dag.py:3096} INFO - Sync 1 DAGs
[2024-04-28T16:34:37.193+0000] {logging_mixin.py:188} INFO - [2024-04-28T16:34:37.192+0000] {dag.py:3954} INFO - Setting next_dagrun for spark_submit_job to 2024-05-28 00:00:00+00:00, run_after=2024-05-28 01:00:00+00:00
[2024-04-28T16:34:37.255+0000] {processor.py:183} INFO - Processing /opt/airflow/dags/sparksubmitdag.py took 0.262 seconds
[2024-04-28T16:43:07.441+0000] {processor.py:161} INFO - Started process (PID=43) to work on /opt/airflow/dags/sparksubmitdag.py
[2024-04-28T16:43:07.455+0000] {processor.py:830} INFO - Processing file /opt/airflow/dags/sparksubmitdag.py for tasks to queue
[2024-04-28T16:43:07.465+0000] {logging_mixin.py:188} INFO - [2024-04-28T16:43:07.463+0000] {dagbag.py:540} INFO - Filling up the DagBag from /opt/airflow/dags/sparksubmitdag.py
[2024-04-28T16:43:07.587+0000] {processor.py:840} INFO - DAG(s) 'spark_submit_job' retrieved from /opt/airflow/dags/sparksubmitdag.py
[2024-04-28T16:43:08.562+0000] {logging_mixin.py:188} INFO - [2024-04-28T16:43:08.547+0000] {dag.py:3096} INFO - Sync 1 DAGs
[2024-04-28T16:43:08.896+0000] {logging_mixin.py:188} INFO - [2024-04-28T16:43:08.895+0000] {dag.py:3954} INFO - Setting next_dagrun for spark_submit_job to 2024-05-28 00:00:00+00:00, run_after=2024-05-28 01:00:00+00:00
[2024-04-28T16:43:09.086+0000] {processor.py:183} INFO - Processing /opt/airflow/dags/sparksubmitdag.py took 1.710 seconds
[2024-04-28T16:43:43.951+0000] {processor.py:161} INFO - Started process (PID=106) to work on /opt/airflow/dags/sparksubmitdag.py
[2024-04-28T16:43:43.954+0000] {processor.py:830} INFO - Processing file /opt/airflow/dags/sparksubmitdag.py for tasks to queue
[2024-04-28T16:43:43.960+0000] {logging_mixin.py:188} INFO - [2024-04-28T16:43:43.959+0000] {dagbag.py:540} INFO - Filling up the DagBag from /opt/airflow/dags/sparksubmitdag.py
[2024-04-28T16:43:43.985+0000] {processor.py:840} INFO - DAG(s) 'spark_submit_job' retrieved from /opt/airflow/dags/sparksubmitdag.py
[2024-04-28T16:43:44.049+0000] {logging_mixin.py:188} INFO - [2024-04-28T16:43:44.047+0000] {dag.py:3096} INFO - Sync 1 DAGs
[2024-04-28T16:43:44.132+0000] {logging_mixin.py:188} INFO - [2024-04-28T16:43:44.131+0000] {dag.py:3954} INFO - Setting next_dagrun for spark_submit_job to 2024-05-28 00:00:00+00:00, run_after=2024-05-28 01:00:00+00:00
[2024-04-28T16:43:44.201+0000] {processor.py:183} INFO - Processing /opt/airflow/dags/sparksubmitdag.py took 0.266 seconds
[2024-04-28T16:44:14.395+0000] {processor.py:161} INFO - Started process (PID=169) to work on /opt/airflow/dags/sparksubmitdag.py
[2024-04-28T16:44:14.398+0000] {processor.py:830} INFO - Processing file /opt/airflow/dags/sparksubmitdag.py for tasks to queue
[2024-04-28T16:44:14.405+0000] {logging_mixin.py:188} INFO - [2024-04-28T16:44:14.404+0000] {dagbag.py:540} INFO - Filling up the DagBag from /opt/airflow/dags/sparksubmitdag.py
[2024-04-28T16:44:14.434+0000] {processor.py:840} INFO - DAG(s) 'spark_submit_job' retrieved from /opt/airflow/dags/sparksubmitdag.py
[2024-04-28T16:44:14.505+0000] {logging_mixin.py:188} INFO - [2024-04-28T16:44:14.503+0000] {dag.py:3096} INFO - Sync 1 DAGs
[2024-04-28T16:44:14.635+0000] {logging_mixin.py:188} INFO - [2024-04-28T16:44:14.634+0000] {dag.py:3954} INFO - Setting next_dagrun for spark_submit_job to 2024-05-28 00:00:00+00:00, run_after=2024-05-28 01:00:00+00:00
[2024-04-28T16:44:14.708+0000] {processor.py:183} INFO - Processing /opt/airflow/dags/sparksubmitdag.py took 0.336 seconds
[2024-04-28T16:44:45.132+0000] {processor.py:161} INFO - Started process (PID=232) to work on /opt/airflow/dags/sparksubmitdag.py
[2024-04-28T16:44:45.134+0000] {processor.py:830} INFO - Processing file /opt/airflow/dags/sparksubmitdag.py for tasks to queue
[2024-04-28T16:44:45.140+0000] {logging_mixin.py:188} INFO - [2024-04-28T16:44:45.139+0000] {dagbag.py:540} INFO - Filling up the DagBag from /opt/airflow/dags/sparksubmitdag.py
[2024-04-28T16:44:45.165+0000] {processor.py:840} INFO - DAG(s) 'spark_submit_job' retrieved from /opt/airflow/dags/sparksubmitdag.py
[2024-04-28T16:44:45.224+0000] {logging_mixin.py:188} INFO - [2024-04-28T16:44:45.223+0000] {dag.py:3096} INFO - Sync 1 DAGs
[2024-04-28T16:44:45.300+0000] {logging_mixin.py:188} INFO - [2024-04-28T16:44:45.300+0000] {dag.py:3954} INFO - Setting next_dagrun for spark_submit_job to 2024-05-28 00:00:00+00:00, run_after=2024-05-28 01:00:00+00:00
[2024-04-28T16:44:45.380+0000] {processor.py:183} INFO - Processing /opt/airflow/dags/sparksubmitdag.py took 0.266 seconds
[2024-04-28T16:45:16.249+0000] {processor.py:161} INFO - Started process (PID=291) to work on /opt/airflow/dags/sparksubmitdag.py
[2024-04-28T16:45:16.252+0000] {processor.py:830} INFO - Processing file /opt/airflow/dags/sparksubmitdag.py for tasks to queue
[2024-04-28T16:45:16.261+0000] {logging_mixin.py:188} INFO - [2024-04-28T16:45:16.259+0000] {dagbag.py:540} INFO - Filling up the DagBag from /opt/airflow/dags/sparksubmitdag.py
[2024-04-28T16:45:16.301+0000] {processor.py:840} INFO - DAG(s) 'spark_submit_job' retrieved from /opt/airflow/dags/sparksubmitdag.py
[2024-04-28T16:45:16.403+0000] {logging_mixin.py:188} INFO - [2024-04-28T16:45:16.400+0000] {dag.py:3096} INFO - Sync 1 DAGs
[2024-04-28T16:45:16.567+0000] {logging_mixin.py:188} INFO - [2024-04-28T16:45:16.566+0000] {dag.py:3954} INFO - Setting next_dagrun for spark_submit_job to 2024-05-28 00:00:00+00:00, run_after=2024-05-28 01:00:00+00:00
[2024-04-28T16:45:16.654+0000] {processor.py:183} INFO - Processing /opt/airflow/dags/sparksubmitdag.py took 0.426 seconds
[2024-04-28T16:45:47.586+0000] {processor.py:161} INFO - Started process (PID=354) to work on /opt/airflow/dags/sparksubmitdag.py
[2024-04-28T16:45:47.590+0000] {processor.py:830} INFO - Processing file /opt/airflow/dags/sparksubmitdag.py for tasks to queue
[2024-04-28T16:45:47.600+0000] {logging_mixin.py:188} INFO - [2024-04-28T16:45:47.599+0000] {dagbag.py:540} INFO - Filling up the DagBag from /opt/airflow/dags/sparksubmitdag.py
[2024-04-28T16:45:47.644+0000] {processor.py:840} INFO - DAG(s) 'spark_submit_job' retrieved from /opt/airflow/dags/sparksubmitdag.py
[2024-04-28T16:45:47.739+0000] {logging_mixin.py:188} INFO - [2024-04-28T16:45:47.736+0000] {dag.py:3096} INFO - Sync 1 DAGs
[2024-04-28T16:45:47.909+0000] {logging_mixin.py:188} INFO - [2024-04-28T16:45:47.908+0000] {dag.py:3954} INFO - Setting next_dagrun for spark_submit_job to 2024-05-28 00:00:00+00:00, run_after=2024-05-28 01:00:00+00:00
[2024-04-28T16:45:48.004+0000] {processor.py:183} INFO - Processing /opt/airflow/dags/sparksubmitdag.py took 0.448 seconds
[2024-04-28T16:46:18.443+0000] {processor.py:161} INFO - Started process (PID=417) to work on /opt/airflow/dags/sparksubmitdag.py
[2024-04-28T16:46:18.446+0000] {processor.py:830} INFO - Processing file /opt/airflow/dags/sparksubmitdag.py for tasks to queue
[2024-04-28T16:46:18.452+0000] {logging_mixin.py:188} INFO - [2024-04-28T16:46:18.451+0000] {dagbag.py:540} INFO - Filling up the DagBag from /opt/airflow/dags/sparksubmitdag.py
[2024-04-28T16:46:18.479+0000] {processor.py:840} INFO - DAG(s) 'spark_submit_job' retrieved from /opt/airflow/dags/sparksubmitdag.py
[2024-04-28T16:46:18.543+0000] {logging_mixin.py:188} INFO - [2024-04-28T16:46:18.541+0000] {dag.py:3096} INFO - Sync 1 DAGs
[2024-04-28T16:46:18.619+0000] {logging_mixin.py:188} INFO - [2024-04-28T16:46:18.618+0000] {dag.py:3954} INFO - Setting next_dagrun for spark_submit_job to 2024-05-28 00:00:00+00:00, run_after=2024-05-28 01:00:00+00:00
[2024-04-28T16:46:18.687+0000] {processor.py:183} INFO - Processing /opt/airflow/dags/sparksubmitdag.py took 0.262 seconds
[2024-04-28T16:46:49.137+0000] {processor.py:161} INFO - Started process (PID=480) to work on /opt/airflow/dags/sparksubmitdag.py
[2024-04-28T16:46:49.142+0000] {processor.py:830} INFO - Processing file /opt/airflow/dags/sparksubmitdag.py for tasks to queue
[2024-04-28T16:46:49.148+0000] {logging_mixin.py:188} INFO - [2024-04-28T16:46:49.147+0000] {dagbag.py:540} INFO - Filling up the DagBag from /opt/airflow/dags/sparksubmitdag.py
[2024-04-28T16:46:49.174+0000] {processor.py:840} INFO - DAG(s) 'spark_submit_job' retrieved from /opt/airflow/dags/sparksubmitdag.py
[2024-04-28T16:46:49.233+0000] {logging_mixin.py:188} INFO - [2024-04-28T16:46:49.231+0000] {dag.py:3096} INFO - Sync 1 DAGs
[2024-04-28T16:46:49.306+0000] {logging_mixin.py:188} INFO - [2024-04-28T16:46:49.305+0000] {dag.py:3954} INFO - Setting next_dagrun for spark_submit_job to 2024-05-28 00:00:00+00:00, run_after=2024-05-28 01:00:00+00:00
[2024-04-28T16:46:49.371+0000] {processor.py:183} INFO - Processing /opt/airflow/dags/sparksubmitdag.py took 0.252 seconds
[2024-04-28T16:47:20.014+0000] {processor.py:161} INFO - Started process (PID=543) to work on /opt/airflow/dags/sparksubmitdag.py
[2024-04-28T16:47:20.018+0000] {processor.py:830} INFO - Processing file /opt/airflow/dags/sparksubmitdag.py for tasks to queue
[2024-04-28T16:47:20.030+0000] {logging_mixin.py:188} INFO - [2024-04-28T16:47:20.028+0000] {dagbag.py:540} INFO - Filling up the DagBag from /opt/airflow/dags/sparksubmitdag.py
[2024-04-28T16:47:20.075+0000] {processor.py:840} INFO - DAG(s) 'spark_submit_job' retrieved from /opt/airflow/dags/sparksubmitdag.py
[2024-04-28T16:47:20.170+0000] {logging_mixin.py:188} INFO - [2024-04-28T16:47:20.168+0000] {dag.py:3096} INFO - Sync 1 DAGs
[2024-04-28T16:47:20.301+0000] {logging_mixin.py:188} INFO - [2024-04-28T16:47:20.299+0000] {dag.py:3954} INFO - Setting next_dagrun for spark_submit_job to 2024-05-28 00:00:00+00:00, run_after=2024-05-28 01:00:00+00:00
[2024-04-28T16:47:20.423+0000] {processor.py:183} INFO - Processing /opt/airflow/dags/sparksubmitdag.py took 0.436 seconds
[2024-04-28T16:47:50.761+0000] {processor.py:161} INFO - Started process (PID=606) to work on /opt/airflow/dags/sparksubmitdag.py
[2024-04-28T16:47:50.765+0000] {processor.py:830} INFO - Processing file /opt/airflow/dags/sparksubmitdag.py for tasks to queue
[2024-04-28T16:47:50.772+0000] {logging_mixin.py:188} INFO - [2024-04-28T16:47:50.771+0000] {dagbag.py:540} INFO - Filling up the DagBag from /opt/airflow/dags/sparksubmitdag.py
[2024-04-28T16:47:50.807+0000] {processor.py:840} INFO - DAG(s) 'spark_submit_job' retrieved from /opt/airflow/dags/sparksubmitdag.py
[2024-04-28T16:47:50.906+0000] {logging_mixin.py:188} INFO - [2024-04-28T16:47:50.903+0000] {dag.py:3096} INFO - Sync 1 DAGs
[2024-04-28T16:47:51.023+0000] {logging_mixin.py:188} INFO - [2024-04-28T16:47:51.023+0000] {dag.py:3954} INFO - Setting next_dagrun for spark_submit_job to 2024-05-28 00:00:00+00:00, run_after=2024-05-28 01:00:00+00:00
[2024-04-28T16:47:51.130+0000] {processor.py:183} INFO - Processing /opt/airflow/dags/sparksubmitdag.py took 0.390 seconds
[2024-04-28T16:48:21.636+0000] {processor.py:161} INFO - Started process (PID=669) to work on /opt/airflow/dags/sparksubmitdag.py
[2024-04-28T16:48:21.639+0000] {processor.py:830} INFO - Processing file /opt/airflow/dags/sparksubmitdag.py for tasks to queue
[2024-04-28T16:48:21.645+0000] {logging_mixin.py:188} INFO - [2024-04-28T16:48:21.644+0000] {dagbag.py:540} INFO - Filling up the DagBag from /opt/airflow/dags/sparksubmitdag.py
[2024-04-28T16:48:21.670+0000] {processor.py:840} INFO - DAG(s) 'spark_submit_job' retrieved from /opt/airflow/dags/sparksubmitdag.py
[2024-04-28T16:48:21.730+0000] {logging_mixin.py:188} INFO - [2024-04-28T16:48:21.728+0000] {dag.py:3096} INFO - Sync 1 DAGs
[2024-04-28T16:48:21.811+0000] {logging_mixin.py:188} INFO - [2024-04-28T16:48:21.810+0000] {dag.py:3954} INFO - Setting next_dagrun for spark_submit_job to 2024-05-28 00:00:00+00:00, run_after=2024-05-28 01:00:00+00:00
[2024-04-28T16:48:21.874+0000] {processor.py:183} INFO - Processing /opt/airflow/dags/sparksubmitdag.py took 0.254 seconds
[2024-04-28T16:48:52.080+0000] {processor.py:161} INFO - Started process (PID=729) to work on /opt/airflow/dags/sparksubmitdag.py
[2024-04-28T16:48:52.082+0000] {processor.py:830} INFO - Processing file /opt/airflow/dags/sparksubmitdag.py for tasks to queue
[2024-04-28T16:48:52.088+0000] {logging_mixin.py:188} INFO - [2024-04-28T16:48:52.087+0000] {dagbag.py:540} INFO - Filling up the DagBag from /opt/airflow/dags/sparksubmitdag.py
[2024-04-28T16:48:52.115+0000] {processor.py:840} INFO - DAG(s) 'spark_submit_job' retrieved from /opt/airflow/dags/sparksubmitdag.py
[2024-04-28T16:48:52.178+0000] {logging_mixin.py:188} INFO - [2024-04-28T16:48:52.176+0000] {dag.py:3096} INFO - Sync 1 DAGs
[2024-04-28T16:48:52.253+0000] {logging_mixin.py:188} INFO - [2024-04-28T16:48:52.252+0000] {dag.py:3954} INFO - Setting next_dagrun for spark_submit_job to 2024-05-28 00:00:00+00:00, run_after=2024-05-28 01:00:00+00:00
[2024-04-28T16:48:52.311+0000] {processor.py:183} INFO - Processing /opt/airflow/dags/sparksubmitdag.py took 0.248 seconds
[2024-04-28T16:49:22.647+0000] {processor.py:161} INFO - Started process (PID=792) to work on /opt/airflow/dags/sparksubmitdag.py
[2024-04-28T16:49:22.654+0000] {processor.py:830} INFO - Processing file /opt/airflow/dags/sparksubmitdag.py for tasks to queue
[2024-04-28T16:49:22.669+0000] {logging_mixin.py:188} INFO - [2024-04-28T16:49:22.663+0000] {dagbag.py:540} INFO - Filling up the DagBag from /opt/airflow/dags/sparksubmitdag.py
[2024-04-28T16:49:22.733+0000] {processor.py:840} INFO - DAG(s) 'spark_submit_job' retrieved from /opt/airflow/dags/sparksubmitdag.py
[2024-04-28T16:49:22.843+0000] {logging_mixin.py:188} INFO - [2024-04-28T16:49:22.839+0000] {dag.py:3096} INFO - Sync 1 DAGs
[2024-04-28T16:49:22.994+0000] {logging_mixin.py:188} INFO - [2024-04-28T16:49:22.993+0000] {dag.py:3954} INFO - Setting next_dagrun for spark_submit_job to 2024-05-28 00:00:00+00:00, run_after=2024-05-28 01:00:00+00:00
[2024-04-28T16:49:23.091+0000] {processor.py:183} INFO - Processing /opt/airflow/dags/sparksubmitdag.py took 0.482 seconds
[2024-04-28T16:49:53.288+0000] {processor.py:161} INFO - Started process (PID=855) to work on /opt/airflow/dags/sparksubmitdag.py
[2024-04-28T16:49:53.294+0000] {processor.py:830} INFO - Processing file /opt/airflow/dags/sparksubmitdag.py for tasks to queue
[2024-04-28T16:49:53.305+0000] {logging_mixin.py:188} INFO - [2024-04-28T16:49:53.304+0000] {dagbag.py:540} INFO - Filling up the DagBag from /opt/airflow/dags/sparksubmitdag.py
[2024-04-28T16:49:53.369+0000] {processor.py:840} INFO - DAG(s) 'spark_submit_job' retrieved from /opt/airflow/dags/sparksubmitdag.py
[2024-04-28T16:49:53.524+0000] {logging_mixin.py:188} INFO - [2024-04-28T16:49:53.522+0000] {dag.py:3096} INFO - Sync 1 DAGs
[2024-04-28T16:49:53.657+0000] {logging_mixin.py:188} INFO - [2024-04-28T16:49:53.656+0000] {dag.py:3954} INFO - Setting next_dagrun for spark_submit_job to 2024-05-28 00:00:00+00:00, run_after=2024-05-28 01:00:00+00:00
[2024-04-28T16:49:53.742+0000] {processor.py:183} INFO - Processing /opt/airflow/dags/sparksubmitdag.py took 0.492 seconds
[2024-04-28T16:50:24.087+0000] {processor.py:161} INFO - Started process (PID=918) to work on /opt/airflow/dags/sparksubmitdag.py
[2024-04-28T16:50:24.090+0000] {processor.py:830} INFO - Processing file /opt/airflow/dags/sparksubmitdag.py for tasks to queue
[2024-04-28T16:50:24.096+0000] {logging_mixin.py:188} INFO - [2024-04-28T16:50:24.095+0000] {dagbag.py:540} INFO - Filling up the DagBag from /opt/airflow/dags/sparksubmitdag.py
[2024-04-28T16:50:24.123+0000] {processor.py:840} INFO - DAG(s) 'spark_submit_job' retrieved from /opt/airflow/dags/sparksubmitdag.py
[2024-04-28T16:50:24.182+0000] {logging_mixin.py:188} INFO - [2024-04-28T16:50:24.181+0000] {dag.py:3096} INFO - Sync 1 DAGs
[2024-04-28T16:50:24.245+0000] {logging_mixin.py:188} INFO - [2024-04-28T16:50:24.244+0000] {dag.py:3954} INFO - Setting next_dagrun for spark_submit_job to 2024-05-28 00:00:00+00:00, run_after=2024-05-28 01:00:00+00:00
[2024-04-28T16:50:24.295+0000] {processor.py:183} INFO - Processing /opt/airflow/dags/sparksubmitdag.py took 0.224 seconds
[2024-04-28T16:50:54.630+0000] {processor.py:161} INFO - Started process (PID=981) to work on /opt/airflow/dags/sparksubmitdag.py
[2024-04-28T16:50:54.632+0000] {processor.py:830} INFO - Processing file /opt/airflow/dags/sparksubmitdag.py for tasks to queue
[2024-04-28T16:50:54.638+0000] {logging_mixin.py:188} INFO - [2024-04-28T16:50:54.636+0000] {dagbag.py:540} INFO - Filling up the DagBag from /opt/airflow/dags/sparksubmitdag.py
[2024-04-28T16:50:54.660+0000] {processor.py:840} INFO - DAG(s) 'spark_submit_job' retrieved from /opt/airflow/dags/sparksubmitdag.py
[2024-04-28T16:50:54.712+0000] {logging_mixin.py:188} INFO - [2024-04-28T16:50:54.710+0000] {dag.py:3096} INFO - Sync 1 DAGs
[2024-04-28T16:50:54.774+0000] {logging_mixin.py:188} INFO - [2024-04-28T16:50:54.774+0000] {dag.py:3954} INFO - Setting next_dagrun for spark_submit_job to 2024-05-28 00:00:00+00:00, run_after=2024-05-28 01:00:00+00:00
[2024-04-28T16:50:54.831+0000] {processor.py:183} INFO - Processing /opt/airflow/dags/sparksubmitdag.py took 0.215 seconds
[2024-04-28T16:51:25.296+0000] {processor.py:161} INFO - Started process (PID=1044) to work on /opt/airflow/dags/sparksubmitdag.py
[2024-04-28T16:51:25.298+0000] {processor.py:830} INFO - Processing file /opt/airflow/dags/sparksubmitdag.py for tasks to queue
[2024-04-28T16:51:25.304+0000] {logging_mixin.py:188} INFO - [2024-04-28T16:51:25.303+0000] {dagbag.py:540} INFO - Filling up the DagBag from /opt/airflow/dags/sparksubmitdag.py
[2024-04-28T16:51:25.334+0000] {processor.py:840} INFO - DAG(s) 'spark_submit_job' retrieved from /opt/airflow/dags/sparksubmitdag.py
[2024-04-28T16:51:25.405+0000] {logging_mixin.py:188} INFO - [2024-04-28T16:51:25.403+0000] {dag.py:3096} INFO - Sync 1 DAGs
[2024-04-28T16:51:25.486+0000] {logging_mixin.py:188} INFO - [2024-04-28T16:51:25.485+0000] {dag.py:3954} INFO - Setting next_dagrun for spark_submit_job to 2024-05-28 00:00:00+00:00, run_after=2024-05-28 01:00:00+00:00
[2024-04-28T16:51:25.548+0000] {processor.py:183} INFO - Processing /opt/airflow/dags/sparksubmitdag.py took 0.269 seconds
[2024-04-28T16:51:56.477+0000] {processor.py:161} INFO - Started process (PID=1107) to work on /opt/airflow/dags/sparksubmitdag.py
[2024-04-28T16:51:56.482+0000] {processor.py:830} INFO - Processing file /opt/airflow/dags/sparksubmitdag.py for tasks to queue
[2024-04-28T16:51:56.490+0000] {logging_mixin.py:188} INFO - [2024-04-28T16:51:56.489+0000] {dagbag.py:540} INFO - Filling up the DagBag from /opt/airflow/dags/sparksubmitdag.py
[2024-04-28T16:51:56.544+0000] {processor.py:840} INFO - DAG(s) 'spark_submit_job' retrieved from /opt/airflow/dags/sparksubmitdag.py
[2024-04-28T16:51:56.647+0000] {logging_mixin.py:188} INFO - [2024-04-28T16:51:56.644+0000] {dag.py:3096} INFO - Sync 1 DAGs
[2024-04-28T16:51:56.791+0000] {logging_mixin.py:188} INFO - [2024-04-28T16:51:56.790+0000] {dag.py:3954} INFO - Setting next_dagrun for spark_submit_job to 2024-05-28 00:00:00+00:00, run_after=2024-05-28 01:00:00+00:00
[2024-04-28T16:51:56.943+0000] {processor.py:183} INFO - Processing /opt/airflow/dags/sparksubmitdag.py took 0.499 seconds
[2024-04-28T16:52:27.114+0000] {processor.py:161} INFO - Started process (PID=1169) to work on /opt/airflow/dags/sparksubmitdag.py
[2024-04-28T16:52:27.117+0000] {processor.py:830} INFO - Processing file /opt/airflow/dags/sparksubmitdag.py for tasks to queue
[2024-04-28T16:52:27.123+0000] {logging_mixin.py:188} INFO - [2024-04-28T16:52:27.122+0000] {dagbag.py:540} INFO - Filling up the DagBag from /opt/airflow/dags/sparksubmitdag.py
[2024-04-28T16:52:27.152+0000] {processor.py:840} INFO - DAG(s) 'spark_submit_job' retrieved from /opt/airflow/dags/sparksubmitdag.py
[2024-04-28T16:52:27.230+0000] {logging_mixin.py:188} INFO - [2024-04-28T16:52:27.228+0000] {dag.py:3096} INFO - Sync 1 DAGs
[2024-04-28T16:52:27.308+0000] {logging_mixin.py:188} INFO - [2024-04-28T16:52:27.308+0000] {dag.py:3954} INFO - Setting next_dagrun for spark_submit_job to 2024-05-28 00:00:00+00:00, run_after=2024-05-28 01:00:00+00:00
[2024-04-28T16:52:27.362+0000] {processor.py:183} INFO - Processing /opt/airflow/dags/sparksubmitdag.py took 0.268 seconds
[2024-04-28T16:52:57.778+0000] {processor.py:161} INFO - Started process (PID=1230) to work on /opt/airflow/dags/sparksubmitdag.py
[2024-04-28T16:52:57.780+0000] {processor.py:830} INFO - Processing file /opt/airflow/dags/sparksubmitdag.py for tasks to queue
[2024-04-28T16:52:57.786+0000] {logging_mixin.py:188} INFO - [2024-04-28T16:52:57.785+0000] {dagbag.py:540} INFO - Filling up the DagBag from /opt/airflow/dags/sparksubmitdag.py
[2024-04-28T16:52:57.812+0000] {processor.py:840} INFO - DAG(s) 'spark_submit_job' retrieved from /opt/airflow/dags/sparksubmitdag.py
[2024-04-28T16:52:57.870+0000] {logging_mixin.py:188} INFO - [2024-04-28T16:52:57.869+0000] {dag.py:3096} INFO - Sync 1 DAGs
[2024-04-28T16:52:57.944+0000] {logging_mixin.py:188} INFO - [2024-04-28T16:52:57.943+0000] {dag.py:3954} INFO - Setting next_dagrun for spark_submit_job to 2024-05-28 00:00:00+00:00, run_after=2024-05-28 01:00:00+00:00
[2024-04-28T16:52:58.000+0000] {processor.py:183} INFO - Processing /opt/airflow/dags/sparksubmitdag.py took 0.239 seconds
[2024-04-28T16:53:28.581+0000] {processor.py:161} INFO - Started process (PID=1293) to work on /opt/airflow/dags/sparksubmitdag.py
[2024-04-28T16:53:28.583+0000] {processor.py:830} INFO - Processing file /opt/airflow/dags/sparksubmitdag.py for tasks to queue
[2024-04-28T16:53:28.589+0000] {logging_mixin.py:188} INFO - [2024-04-28T16:53:28.588+0000] {dagbag.py:540} INFO - Filling up the DagBag from /opt/airflow/dags/sparksubmitdag.py
[2024-04-28T16:53:28.617+0000] {processor.py:840} INFO - DAG(s) 'spark_submit_job' retrieved from /opt/airflow/dags/sparksubmitdag.py
[2024-04-28T16:53:28.695+0000] {logging_mixin.py:188} INFO - [2024-04-28T16:53:28.693+0000] {dag.py:3096} INFO - Sync 1 DAGs
[2024-04-28T16:53:28.794+0000] {logging_mixin.py:188} INFO - [2024-04-28T16:53:28.793+0000] {dag.py:3954} INFO - Setting next_dagrun for spark_submit_job to 2024-05-28 00:00:00+00:00, run_after=2024-05-28 01:00:00+00:00
[2024-04-28T16:53:28.870+0000] {processor.py:183} INFO - Processing /opt/airflow/dags/sparksubmitdag.py took 0.307 seconds
[2024-04-28T16:53:59.352+0000] {processor.py:161} INFO - Started process (PID=1356) to work on /opt/airflow/dags/sparksubmitdag.py
[2024-04-28T16:53:59.358+0000] {processor.py:830} INFO - Processing file /opt/airflow/dags/sparksubmitdag.py for tasks to queue
[2024-04-28T16:53:59.367+0000] {logging_mixin.py:188} INFO - [2024-04-28T16:53:59.365+0000] {dagbag.py:540} INFO - Filling up the DagBag from /opt/airflow/dags/sparksubmitdag.py
[2024-04-28T16:53:59.441+0000] {processor.py:840} INFO - DAG(s) 'spark_submit_job' retrieved from /opt/airflow/dags/sparksubmitdag.py
[2024-04-28T16:53:59.612+0000] {logging_mixin.py:188} INFO - [2024-04-28T16:53:59.610+0000] {dag.py:3096} INFO - Sync 1 DAGs
[2024-04-28T16:53:59.715+0000] {logging_mixin.py:188} INFO - [2024-04-28T16:53:59.715+0000] {dag.py:3954} INFO - Setting next_dagrun for spark_submit_job to 2024-05-28 00:00:00+00:00, run_after=2024-05-28 01:00:00+00:00
[2024-04-28T16:53:59.798+0000] {processor.py:183} INFO - Processing /opt/airflow/dags/sparksubmitdag.py took 0.466 seconds
[2024-04-28T16:54:30.773+0000] {processor.py:161} INFO - Started process (PID=1418) to work on /opt/airflow/dags/sparksubmitdag.py
[2024-04-28T16:54:30.776+0000] {processor.py:830} INFO - Processing file /opt/airflow/dags/sparksubmitdag.py for tasks to queue
[2024-04-28T16:54:30.783+0000] {logging_mixin.py:188} INFO - [2024-04-28T16:54:30.782+0000] {dagbag.py:540} INFO - Filling up the DagBag from /opt/airflow/dags/sparksubmitdag.py
[2024-04-28T16:54:30.814+0000] {processor.py:840} INFO - DAG(s) 'spark_submit_job' retrieved from /opt/airflow/dags/sparksubmitdag.py
[2024-04-28T16:54:30.893+0000] {logging_mixin.py:188} INFO - [2024-04-28T16:54:30.891+0000] {dag.py:3096} INFO - Sync 1 DAGs
[2024-04-28T16:54:30.983+0000] {logging_mixin.py:188} INFO - [2024-04-28T16:54:30.981+0000] {dag.py:3954} INFO - Setting next_dagrun for spark_submit_job to 2024-05-28 00:00:00+00:00, run_after=2024-05-28 01:00:00+00:00
[2024-04-28T16:54:31.057+0000] {processor.py:183} INFO - Processing /opt/airflow/dags/sparksubmitdag.py took 0.305 seconds
[2024-04-28T16:55:01.183+0000] {processor.py:161} INFO - Started process (PID=1481) to work on /opt/airflow/dags/sparksubmitdag.py
[2024-04-28T16:55:01.186+0000] {processor.py:830} INFO - Processing file /opt/airflow/dags/sparksubmitdag.py for tasks to queue
[2024-04-28T16:55:01.192+0000] {logging_mixin.py:188} INFO - [2024-04-28T16:55:01.191+0000] {dagbag.py:540} INFO - Filling up the DagBag from /opt/airflow/dags/sparksubmitdag.py
[2024-04-28T16:55:01.221+0000] {processor.py:840} INFO - DAG(s) 'spark_submit_job' retrieved from /opt/airflow/dags/sparksubmitdag.py
[2024-04-28T16:55:01.284+0000] {logging_mixin.py:188} INFO - [2024-04-28T16:55:01.283+0000] {dag.py:3096} INFO - Sync 1 DAGs
[2024-04-28T16:55:01.359+0000] {logging_mixin.py:188} INFO - [2024-04-28T16:55:01.359+0000] {dag.py:3954} INFO - Setting next_dagrun for spark_submit_job to 2024-05-28 00:00:00+00:00, run_after=2024-05-28 01:00:00+00:00
[2024-04-28T16:55:01.426+0000] {processor.py:183} INFO - Processing /opt/airflow/dags/sparksubmitdag.py took 0.259 seconds
[2024-04-28T16:55:31.760+0000] {processor.py:161} INFO - Started process (PID=1544) to work on /opt/airflow/dags/sparksubmitdag.py
[2024-04-28T16:55:31.762+0000] {processor.py:830} INFO - Processing file /opt/airflow/dags/sparksubmitdag.py for tasks to queue
[2024-04-28T16:55:31.768+0000] {logging_mixin.py:188} INFO - [2024-04-28T16:55:31.767+0000] {dagbag.py:540} INFO - Filling up the DagBag from /opt/airflow/dags/sparksubmitdag.py
[2024-04-28T16:55:31.796+0000] {processor.py:840} INFO - DAG(s) 'spark_submit_job' retrieved from /opt/airflow/dags/sparksubmitdag.py
[2024-04-28T16:55:31.882+0000] {logging_mixin.py:188} INFO - [2024-04-28T16:55:31.881+0000] {dag.py:3096} INFO - Sync 1 DAGs
[2024-04-28T16:55:31.993+0000] {logging_mixin.py:188} INFO - [2024-04-28T16:55:31.992+0000] {dag.py:3954} INFO - Setting next_dagrun for spark_submit_job to 2024-05-28 00:00:00+00:00, run_after=2024-05-28 01:00:00+00:00
[2024-04-28T16:55:32.077+0000] {processor.py:183} INFO - Processing /opt/airflow/dags/sparksubmitdag.py took 0.334 seconds
[2024-04-28T16:56:02.627+0000] {processor.py:161} INFO - Started process (PID=1607) to work on /opt/airflow/dags/sparksubmitdag.py
[2024-04-28T16:56:02.631+0000] {processor.py:830} INFO - Processing file /opt/airflow/dags/sparksubmitdag.py for tasks to queue
[2024-04-28T16:56:02.641+0000] {logging_mixin.py:188} INFO - [2024-04-28T16:56:02.639+0000] {dagbag.py:540} INFO - Filling up the DagBag from /opt/airflow/dags/sparksubmitdag.py
[2024-04-28T16:56:02.692+0000] {processor.py:840} INFO - DAG(s) 'spark_submit_job' retrieved from /opt/airflow/dags/sparksubmitdag.py
[2024-04-28T16:56:02.822+0000] {logging_mixin.py:188} INFO - [2024-04-28T16:56:02.820+0000] {dag.py:3096} INFO - Sync 1 DAGs
[2024-04-28T16:56:02.970+0000] {logging_mixin.py:188} INFO - [2024-04-28T16:56:02.969+0000] {dag.py:3954} INFO - Setting next_dagrun for spark_submit_job to 2024-05-28 00:00:00+00:00, run_after=2024-05-28 01:00:00+00:00
[2024-04-28T16:56:03.069+0000] {processor.py:183} INFO - Processing /opt/airflow/dags/sparksubmitdag.py took 0.472 seconds
[2024-04-28T16:56:34.067+0000] {processor.py:161} INFO - Started process (PID=1677) to work on /opt/airflow/dags/sparksubmitdag.py
[2024-04-28T16:56:34.072+0000] {processor.py:830} INFO - Processing file /opt/airflow/dags/sparksubmitdag.py for tasks to queue
[2024-04-28T16:56:34.087+0000] {logging_mixin.py:188} INFO - [2024-04-28T16:56:34.083+0000] {dagbag.py:540} INFO - Filling up the DagBag from /opt/airflow/dags/sparksubmitdag.py
[2024-04-28T16:56:34.188+0000] {processor.py:840} INFO - DAG(s) 'spark_submit_job' retrieved from /opt/airflow/dags/sparksubmitdag.py
[2024-04-28T16:56:34.432+0000] {logging_mixin.py:188} INFO - [2024-04-28T16:56:34.431+0000] {dag.py:3096} INFO - Sync 1 DAGs
[2024-04-28T16:56:34.692+0000] {logging_mixin.py:188} INFO - [2024-04-28T16:56:34.691+0000] {dag.py:3954} INFO - Setting next_dagrun for spark_submit_job to 2024-05-28 00:00:00+00:00, run_after=2024-05-28 01:00:00+00:00
[2024-04-28T16:56:34.788+0000] {processor.py:183} INFO - Processing /opt/airflow/dags/sparksubmitdag.py took 0.746 seconds
[2024-04-28T16:57:05.189+0000] {processor.py:161} INFO - Started process (PID=1740) to work on /opt/airflow/dags/sparksubmitdag.py
[2024-04-28T16:57:05.193+0000] {processor.py:830} INFO - Processing file /opt/airflow/dags/sparksubmitdag.py for tasks to queue
[2024-04-28T16:57:05.201+0000] {logging_mixin.py:188} INFO - [2024-04-28T16:57:05.200+0000] {dagbag.py:540} INFO - Filling up the DagBag from /opt/airflow/dags/sparksubmitdag.py
[2024-04-28T16:57:05.238+0000] {processor.py:840} INFO - DAG(s) 'spark_submit_job' retrieved from /opt/airflow/dags/sparksubmitdag.py
[2024-04-28T16:57:05.320+0000] {logging_mixin.py:188} INFO - [2024-04-28T16:57:05.318+0000] {dag.py:3096} INFO - Sync 1 DAGs
[2024-04-28T16:57:05.488+0000] {logging_mixin.py:188} INFO - [2024-04-28T16:57:05.487+0000] {dag.py:3954} INFO - Setting next_dagrun for spark_submit_job to 2024-05-28 00:00:00+00:00, run_after=2024-05-28 01:00:00+00:00
[2024-04-28T16:57:05.572+0000] {processor.py:183} INFO - Processing /opt/airflow/dags/sparksubmitdag.py took 0.404 seconds
[2024-04-28T16:57:36.898+0000] {processor.py:161} INFO - Started process (PID=1803) to work on /opt/airflow/dags/sparksubmitdag.py
[2024-04-28T16:57:36.901+0000] {processor.py:830} INFO - Processing file /opt/airflow/dags/sparksubmitdag.py for tasks to queue
[2024-04-28T16:57:36.917+0000] {logging_mixin.py:188} INFO - [2024-04-28T16:57:36.915+0000] {dagbag.py:540} INFO - Filling up the DagBag from /opt/airflow/dags/sparksubmitdag.py
[2024-04-28T16:57:36.979+0000] {processor.py:840} INFO - DAG(s) 'spark_submit_job' retrieved from /opt/airflow/dags/sparksubmitdag.py
[2024-04-28T16:57:37.100+0000] {logging_mixin.py:188} INFO - [2024-04-28T16:57:37.096+0000] {dag.py:3096} INFO - Sync 1 DAGs
[2024-04-28T16:57:37.420+0000] {logging_mixin.py:188} INFO - [2024-04-28T16:57:37.418+0000] {dag.py:3954} INFO - Setting next_dagrun for spark_submit_job to 2024-05-28 00:00:00+00:00, run_after=2024-05-28 01:00:00+00:00
[2024-04-28T16:57:37.557+0000] {processor.py:183} INFO - Processing /opt/airflow/dags/sparksubmitdag.py took 0.687 seconds
[2024-04-28T16:58:07.915+0000] {processor.py:161} INFO - Started process (PID=1866) to work on /opt/airflow/dags/sparksubmitdag.py
[2024-04-28T16:58:07.920+0000] {processor.py:830} INFO - Processing file /opt/airflow/dags/sparksubmitdag.py for tasks to queue
[2024-04-28T16:58:07.931+0000] {logging_mixin.py:188} INFO - [2024-04-28T16:58:07.928+0000] {dagbag.py:540} INFO - Filling up the DagBag from /opt/airflow/dags/sparksubmitdag.py
[2024-04-28T16:58:07.976+0000] {processor.py:840} INFO - DAG(s) 'spark_submit_job' retrieved from /opt/airflow/dags/sparksubmitdag.py
[2024-04-28T16:58:08.059+0000] {logging_mixin.py:188} INFO - [2024-04-28T16:58:08.057+0000] {dag.py:3096} INFO - Sync 1 DAGs
[2024-04-28T16:58:08.178+0000] {logging_mixin.py:188} INFO - [2024-04-28T16:58:08.177+0000] {dag.py:3954} INFO - Setting next_dagrun for spark_submit_job to 2024-05-28 00:00:00+00:00, run_after=2024-05-28 01:00:00+00:00
[2024-04-28T16:58:08.228+0000] {processor.py:183} INFO - Processing /opt/airflow/dags/sparksubmitdag.py took 0.336 seconds
[2024-04-28T16:58:38.605+0000] {processor.py:161} INFO - Started process (PID=1928) to work on /opt/airflow/dags/sparksubmitdag.py
[2024-04-28T16:58:38.609+0000] {processor.py:830} INFO - Processing file /opt/airflow/dags/sparksubmitdag.py for tasks to queue
[2024-04-28T16:58:38.618+0000] {logging_mixin.py:188} INFO - [2024-04-28T16:58:38.616+0000] {dagbag.py:540} INFO - Filling up the DagBag from /opt/airflow/dags/sparksubmitdag.py
[2024-04-28T16:58:38.652+0000] {processor.py:840} INFO - DAG(s) 'spark_submit_job' retrieved from /opt/airflow/dags/sparksubmitdag.py
[2024-04-28T16:58:38.770+0000] {logging_mixin.py:188} INFO - [2024-04-28T16:58:38.765+0000] {dag.py:3096} INFO - Sync 1 DAGs
[2024-04-28T16:58:38.881+0000] {logging_mixin.py:188} INFO - [2024-04-28T16:58:38.880+0000] {dag.py:3954} INFO - Setting next_dagrun for spark_submit_job to 2024-05-28 00:00:00+00:00, run_after=2024-05-28 01:00:00+00:00
[2024-04-28T16:58:38.972+0000] {processor.py:183} INFO - Processing /opt/airflow/dags/sparksubmitdag.py took 0.390 seconds
