[2024-04-28T15:36:17.095+0000] {processor.py:161} INFO - Started process (PID=100) to work on /home/airflow/.local/lib/python3.12/site-packages/airflow/example_dags/example_sensors.py
[2024-04-28T15:36:17.127+0000] {processor.py:830} INFO - Processing file /home/airflow/.local/lib/python3.12/site-packages/airflow/example_dags/example_sensors.py for tasks to queue
[2024-04-28T15:36:17.180+0000] {logging_mixin.py:188} INFO - [2024-04-28T15:36:17.178+0000] {dagbag.py:540} INFO - Filling up the DagBag from /home/airflow/.local/lib/python3.12/site-packages/airflow/example_dags/example_sensors.py
[2024-04-28T15:36:17.413+0000] {processor.py:840} INFO - DAG(s) 'example_sensors' retrieved from /home/airflow/.local/lib/python3.12/site-packages/airflow/example_dags/example_sensors.py
[2024-04-28T15:36:18.860+0000] {logging_mixin.py:188} INFO - [2024-04-28T15:36:18.859+0000] {dag.py:3096} INFO - Sync 1 DAGs
[2024-04-28T15:36:18.954+0000] {logging_mixin.py:188} INFO - [2024-04-28T15:36:18.949+0000] {dag.py:3954} INFO - Setting next_dagrun for example_sensors to None, run_after=None
[2024-04-28T15:36:19.194+0000] {processor.py:183} INFO - Processing /home/airflow/.local/lib/python3.12/site-packages/airflow/example_dags/example_sensors.py took 2.170 seconds
[2024-04-28T15:36:49.700+0000] {processor.py:161} INFO - Started process (PID=163) to work on /home/airflow/.local/lib/python3.12/site-packages/airflow/example_dags/example_sensors.py
[2024-04-28T15:36:49.770+0000] {processor.py:830} INFO - Processing file /home/airflow/.local/lib/python3.12/site-packages/airflow/example_dags/example_sensors.py for tasks to queue
[2024-04-28T15:36:49.862+0000] {logging_mixin.py:188} INFO - [2024-04-28T15:36:49.808+0000] {dagbag.py:540} INFO - Filling up the DagBag from /home/airflow/.local/lib/python3.12/site-packages/airflow/example_dags/example_sensors.py
[2024-04-28T15:36:50.103+0000] {processor.py:840} INFO - DAG(s) 'example_sensors' retrieved from /home/airflow/.local/lib/python3.12/site-packages/airflow/example_dags/example_sensors.py
[2024-04-28T15:36:50.733+0000] {logging_mixin.py:188} INFO - [2024-04-28T15:36:50.732+0000] {dag.py:3096} INFO - Sync 1 DAGs
[2024-04-28T15:36:50.934+0000] {logging_mixin.py:188} INFO - [2024-04-28T15:36:50.933+0000] {dag.py:3954} INFO - Setting next_dagrun for example_sensors to None, run_after=None
[2024-04-28T15:36:51.102+0000] {processor.py:183} INFO - Processing /home/airflow/.local/lib/python3.12/site-packages/airflow/example_dags/example_sensors.py took 1.590 seconds
[2024-04-28T15:37:21.644+0000] {processor.py:161} INFO - Started process (PID=225) to work on /home/airflow/.local/lib/python3.12/site-packages/airflow/example_dags/example_sensors.py
[2024-04-28T15:37:21.647+0000] {processor.py:830} INFO - Processing file /home/airflow/.local/lib/python3.12/site-packages/airflow/example_dags/example_sensors.py for tasks to queue
[2024-04-28T15:37:21.655+0000] {logging_mixin.py:188} INFO - [2024-04-28T15:37:21.653+0000] {dagbag.py:540} INFO - Filling up the DagBag from /home/airflow/.local/lib/python3.12/site-packages/airflow/example_dags/example_sensors.py
[2024-04-28T15:37:21.699+0000] {processor.py:840} INFO - DAG(s) 'example_sensors' retrieved from /home/airflow/.local/lib/python3.12/site-packages/airflow/example_dags/example_sensors.py
[2024-04-28T15:37:21.850+0000] {logging_mixin.py:188} INFO - [2024-04-28T15:37:21.850+0000] {dag.py:3096} INFO - Sync 1 DAGs
[2024-04-28T15:37:22.001+0000] {logging_mixin.py:188} INFO - [2024-04-28T15:37:22.000+0000] {dag.py:3954} INFO - Setting next_dagrun for example_sensors to None, run_after=None
[2024-04-28T15:37:22.135+0000] {processor.py:183} INFO - Processing /home/airflow/.local/lib/python3.12/site-packages/airflow/example_dags/example_sensors.py took 0.512 seconds
[2024-04-28T15:37:52.400+0000] {processor.py:161} INFO - Started process (PID=288) to work on /home/airflow/.local/lib/python3.12/site-packages/airflow/example_dags/example_sensors.py
[2024-04-28T15:37:52.403+0000] {processor.py:830} INFO - Processing file /home/airflow/.local/lib/python3.12/site-packages/airflow/example_dags/example_sensors.py for tasks to queue
[2024-04-28T15:37:52.411+0000] {logging_mixin.py:188} INFO - [2024-04-28T15:37:52.410+0000] {dagbag.py:540} INFO - Filling up the DagBag from /home/airflow/.local/lib/python3.12/site-packages/airflow/example_dags/example_sensors.py
[2024-04-28T15:37:52.442+0000] {processor.py:840} INFO - DAG(s) 'example_sensors' retrieved from /home/airflow/.local/lib/python3.12/site-packages/airflow/example_dags/example_sensors.py
[2024-04-28T15:37:52.530+0000] {logging_mixin.py:188} INFO - [2024-04-28T15:37:52.529+0000] {dag.py:3096} INFO - Sync 1 DAGs
[2024-04-28T15:37:52.576+0000] {logging_mixin.py:188} INFO - [2024-04-28T15:37:52.575+0000] {dag.py:3954} INFO - Setting next_dagrun for example_sensors to None, run_after=None
[2024-04-28T15:37:52.625+0000] {processor.py:183} INFO - Processing /home/airflow/.local/lib/python3.12/site-packages/airflow/example_dags/example_sensors.py took 0.245 seconds
[2024-04-28T15:38:22.852+0000] {processor.py:161} INFO - Started process (PID=351) to work on /home/airflow/.local/lib/python3.12/site-packages/airflow/example_dags/example_sensors.py
[2024-04-28T15:38:22.855+0000] {processor.py:830} INFO - Processing file /home/airflow/.local/lib/python3.12/site-packages/airflow/example_dags/example_sensors.py for tasks to queue
[2024-04-28T15:38:22.860+0000] {logging_mixin.py:188} INFO - [2024-04-28T15:38:22.859+0000] {dagbag.py:540} INFO - Filling up the DagBag from /home/airflow/.local/lib/python3.12/site-packages/airflow/example_dags/example_sensors.py
[2024-04-28T15:38:22.885+0000] {processor.py:840} INFO - DAG(s) 'example_sensors' retrieved from /home/airflow/.local/lib/python3.12/site-packages/airflow/example_dags/example_sensors.py
[2024-04-28T15:38:22.956+0000] {logging_mixin.py:188} INFO - [2024-04-28T15:38:22.955+0000] {dag.py:3096} INFO - Sync 1 DAGs
[2024-04-28T15:38:22.991+0000] {logging_mixin.py:188} INFO - [2024-04-28T15:38:22.991+0000] {dag.py:3954} INFO - Setting next_dagrun for example_sensors to None, run_after=None
[2024-04-28T15:38:23.040+0000] {processor.py:183} INFO - Processing /home/airflow/.local/lib/python3.12/site-packages/airflow/example_dags/example_sensors.py took 0.204 seconds
[2024-04-28T15:38:53.356+0000] {processor.py:161} INFO - Started process (PID=414) to work on /home/airflow/.local/lib/python3.12/site-packages/airflow/example_dags/example_sensors.py
[2024-04-28T15:38:53.360+0000] {processor.py:830} INFO - Processing file /home/airflow/.local/lib/python3.12/site-packages/airflow/example_dags/example_sensors.py for tasks to queue
[2024-04-28T15:38:53.368+0000] {logging_mixin.py:188} INFO - [2024-04-28T15:38:53.366+0000] {dagbag.py:540} INFO - Filling up the DagBag from /home/airflow/.local/lib/python3.12/site-packages/airflow/example_dags/example_sensors.py
[2024-04-28T15:38:53.406+0000] {processor.py:840} INFO - DAG(s) 'example_sensors' retrieved from /home/airflow/.local/lib/python3.12/site-packages/airflow/example_dags/example_sensors.py
[2024-04-28T15:38:53.522+0000] {logging_mixin.py:188} INFO - [2024-04-28T15:38:53.521+0000] {dag.py:3096} INFO - Sync 1 DAGs
[2024-04-28T15:38:53.577+0000] {logging_mixin.py:188} INFO - [2024-04-28T15:38:53.576+0000] {dag.py:3954} INFO - Setting next_dagrun for example_sensors to None, run_after=None
[2024-04-28T15:38:53.649+0000] {processor.py:183} INFO - Processing /home/airflow/.local/lib/python3.12/site-packages/airflow/example_dags/example_sensors.py took 0.315 seconds
[2024-04-28T15:39:23.816+0000] {processor.py:161} INFO - Started process (PID=477) to work on /home/airflow/.local/lib/python3.12/site-packages/airflow/example_dags/example_sensors.py
[2024-04-28T15:39:23.819+0000] {processor.py:830} INFO - Processing file /home/airflow/.local/lib/python3.12/site-packages/airflow/example_dags/example_sensors.py for tasks to queue
[2024-04-28T15:39:23.826+0000] {logging_mixin.py:188} INFO - [2024-04-28T15:39:23.824+0000] {dagbag.py:540} INFO - Filling up the DagBag from /home/airflow/.local/lib/python3.12/site-packages/airflow/example_dags/example_sensors.py
[2024-04-28T15:39:23.865+0000] {processor.py:840} INFO - DAG(s) 'example_sensors' retrieved from /home/airflow/.local/lib/python3.12/site-packages/airflow/example_dags/example_sensors.py
[2024-04-28T15:39:23.981+0000] {logging_mixin.py:188} INFO - [2024-04-28T15:39:23.980+0000] {dag.py:3096} INFO - Sync 1 DAGs
[2024-04-28T15:39:24.043+0000] {logging_mixin.py:188} INFO - [2024-04-28T15:39:24.043+0000] {dag.py:3954} INFO - Setting next_dagrun for example_sensors to None, run_after=None
[2024-04-28T15:39:24.168+0000] {processor.py:183} INFO - Processing /home/airflow/.local/lib/python3.12/site-packages/airflow/example_dags/example_sensors.py took 0.371 seconds
[2024-04-28T15:39:54.401+0000] {processor.py:161} INFO - Started process (PID=541) to work on /home/airflow/.local/lib/python3.12/site-packages/airflow/example_dags/example_sensors.py
[2024-04-28T15:39:54.403+0000] {processor.py:830} INFO - Processing file /home/airflow/.local/lib/python3.12/site-packages/airflow/example_dags/example_sensors.py for tasks to queue
[2024-04-28T15:39:54.408+0000] {logging_mixin.py:188} INFO - [2024-04-28T15:39:54.407+0000] {dagbag.py:540} INFO - Filling up the DagBag from /home/airflow/.local/lib/python3.12/site-packages/airflow/example_dags/example_sensors.py
[2024-04-28T15:39:54.436+0000] {processor.py:840} INFO - DAG(s) 'example_sensors' retrieved from /home/airflow/.local/lib/python3.12/site-packages/airflow/example_dags/example_sensors.py
[2024-04-28T15:39:54.511+0000] {logging_mixin.py:188} INFO - [2024-04-28T15:39:54.510+0000] {dag.py:3096} INFO - Sync 1 DAGs
[2024-04-28T15:39:54.549+0000] {logging_mixin.py:188} INFO - [2024-04-28T15:39:54.548+0000] {dag.py:3954} INFO - Setting next_dagrun for example_sensors to None, run_after=None
[2024-04-28T15:39:54.615+0000] {processor.py:183} INFO - Processing /home/airflow/.local/lib/python3.12/site-packages/airflow/example_dags/example_sensors.py took 0.229 seconds
[2024-04-28T15:40:27.068+0000] {processor.py:161} INFO - Started process (PID=604) to work on /home/airflow/.local/lib/python3.12/site-packages/airflow/example_dags/example_sensors.py
[2024-04-28T15:40:27.073+0000] {processor.py:830} INFO - Processing file /home/airflow/.local/lib/python3.12/site-packages/airflow/example_dags/example_sensors.py for tasks to queue
[2024-04-28T15:40:27.088+0000] {logging_mixin.py:188} INFO - [2024-04-28T15:40:27.087+0000] {dagbag.py:540} INFO - Filling up the DagBag from /home/airflow/.local/lib/python3.12/site-packages/airflow/example_dags/example_sensors.py
[2024-04-28T15:40:27.133+0000] {processor.py:840} INFO - DAG(s) 'example_sensors' retrieved from /home/airflow/.local/lib/python3.12/site-packages/airflow/example_dags/example_sensors.py
[2024-04-28T15:40:27.256+0000] {logging_mixin.py:188} INFO - [2024-04-28T15:40:27.255+0000] {dag.py:3096} INFO - Sync 1 DAGs
[2024-04-28T15:40:27.313+0000] {logging_mixin.py:188} INFO - [2024-04-28T15:40:27.312+0000] {dag.py:3954} INFO - Setting next_dagrun for example_sensors to None, run_after=None
[2024-04-28T15:40:27.400+0000] {processor.py:183} INFO - Processing /home/airflow/.local/lib/python3.12/site-packages/airflow/example_dags/example_sensors.py took 0.356 seconds
[2024-04-28T15:41:00.133+0000] {processor.py:161} INFO - Started process (PID=666) to work on /home/airflow/.local/lib/python3.12/site-packages/airflow/example_dags/example_sensors.py
[2024-04-28T15:41:00.142+0000] {processor.py:830} INFO - Processing file /home/airflow/.local/lib/python3.12/site-packages/airflow/example_dags/example_sensors.py for tasks to queue
[2024-04-28T15:41:00.151+0000] {logging_mixin.py:188} INFO - [2024-04-28T15:41:00.149+0000] {dagbag.py:540} INFO - Filling up the DagBag from /home/airflow/.local/lib/python3.12/site-packages/airflow/example_dags/example_sensors.py
[2024-04-28T15:41:00.200+0000] {processor.py:840} INFO - DAG(s) 'example_sensors' retrieved from /home/airflow/.local/lib/python3.12/site-packages/airflow/example_dags/example_sensors.py
[2024-04-28T15:41:00.351+0000] {logging_mixin.py:188} INFO - [2024-04-28T15:41:00.350+0000] {dag.py:3096} INFO - Sync 1 DAGs
[2024-04-28T15:41:00.430+0000] {logging_mixin.py:188} INFO - [2024-04-28T15:41:00.428+0000] {dag.py:3954} INFO - Setting next_dagrun for example_sensors to None, run_after=None
[2024-04-28T15:41:00.584+0000] {processor.py:183} INFO - Processing /home/airflow/.local/lib/python3.12/site-packages/airflow/example_dags/example_sensors.py took 0.484 seconds
[2024-04-28T15:41:31.189+0000] {processor.py:161} INFO - Started process (PID=729) to work on /home/airflow/.local/lib/python3.12/site-packages/airflow/example_dags/example_sensors.py
[2024-04-28T15:41:31.193+0000] {processor.py:830} INFO - Processing file /home/airflow/.local/lib/python3.12/site-packages/airflow/example_dags/example_sensors.py for tasks to queue
[2024-04-28T15:41:31.206+0000] {logging_mixin.py:188} INFO - [2024-04-28T15:41:31.202+0000] {dagbag.py:540} INFO - Filling up the DagBag from /home/airflow/.local/lib/python3.12/site-packages/airflow/example_dags/example_sensors.py
[2024-04-28T15:41:31.261+0000] {processor.py:840} INFO - DAG(s) 'example_sensors' retrieved from /home/airflow/.local/lib/python3.12/site-packages/airflow/example_dags/example_sensors.py
[2024-04-28T15:41:31.410+0000] {logging_mixin.py:188} INFO - [2024-04-28T15:41:31.409+0000] {dag.py:3096} INFO - Sync 1 DAGs
[2024-04-28T15:41:31.462+0000] {logging_mixin.py:188} INFO - [2024-04-28T15:41:31.461+0000] {dag.py:3954} INFO - Setting next_dagrun for example_sensors to None, run_after=None
[2024-04-28T15:41:31.561+0000] {processor.py:183} INFO - Processing /home/airflow/.local/lib/python3.12/site-packages/airflow/example_dags/example_sensors.py took 0.403 seconds
[2024-04-28T15:42:01.849+0000] {processor.py:161} INFO - Started process (PID=792) to work on /home/airflow/.local/lib/python3.12/site-packages/airflow/example_dags/example_sensors.py
[2024-04-28T15:42:01.852+0000] {processor.py:830} INFO - Processing file /home/airflow/.local/lib/python3.12/site-packages/airflow/example_dags/example_sensors.py for tasks to queue
[2024-04-28T15:42:01.862+0000] {logging_mixin.py:188} INFO - [2024-04-28T15:42:01.860+0000] {dagbag.py:540} INFO - Filling up the DagBag from /home/airflow/.local/lib/python3.12/site-packages/airflow/example_dags/example_sensors.py
[2024-04-28T15:42:01.936+0000] {processor.py:840} INFO - DAG(s) 'example_sensors' retrieved from /home/airflow/.local/lib/python3.12/site-packages/airflow/example_dags/example_sensors.py
[2024-04-28T15:42:02.104+0000] {logging_mixin.py:188} INFO - [2024-04-28T15:42:02.103+0000] {dag.py:3096} INFO - Sync 1 DAGs
[2024-04-28T15:42:02.199+0000] {logging_mixin.py:188} INFO - [2024-04-28T15:42:02.198+0000] {dag.py:3954} INFO - Setting next_dagrun for example_sensors to None, run_after=None
[2024-04-28T15:42:02.321+0000] {processor.py:183} INFO - Processing /home/airflow/.local/lib/python3.12/site-packages/airflow/example_dags/example_sensors.py took 0.505 seconds
[2024-04-28T15:42:33.064+0000] {processor.py:161} INFO - Started process (PID=855) to work on /home/airflow/.local/lib/python3.12/site-packages/airflow/example_dags/example_sensors.py
[2024-04-28T15:42:33.070+0000] {processor.py:830} INFO - Processing file /home/airflow/.local/lib/python3.12/site-packages/airflow/example_dags/example_sensors.py for tasks to queue
[2024-04-28T15:42:33.076+0000] {logging_mixin.py:188} INFO - [2024-04-28T15:42:33.075+0000] {dagbag.py:540} INFO - Filling up the DagBag from /home/airflow/.local/lib/python3.12/site-packages/airflow/example_dags/example_sensors.py
[2024-04-28T15:42:33.115+0000] {processor.py:840} INFO - DAG(s) 'example_sensors' retrieved from /home/airflow/.local/lib/python3.12/site-packages/airflow/example_dags/example_sensors.py
[2024-04-28T15:42:33.206+0000] {logging_mixin.py:188} INFO - [2024-04-28T15:42:33.205+0000] {dag.py:3096} INFO - Sync 1 DAGs
[2024-04-28T15:42:33.254+0000] {logging_mixin.py:188} INFO - [2024-04-28T15:42:33.253+0000] {dag.py:3954} INFO - Setting next_dagrun for example_sensors to None, run_after=None
[2024-04-28T15:42:33.330+0000] {processor.py:183} INFO - Processing /home/airflow/.local/lib/python3.12/site-packages/airflow/example_dags/example_sensors.py took 0.286 seconds
[2024-04-28T15:43:04.016+0000] {processor.py:161} INFO - Started process (PID=919) to work on /home/airflow/.local/lib/python3.12/site-packages/airflow/example_dags/example_sensors.py
[2024-04-28T15:43:04.019+0000] {processor.py:830} INFO - Processing file /home/airflow/.local/lib/python3.12/site-packages/airflow/example_dags/example_sensors.py for tasks to queue
[2024-04-28T15:43:04.024+0000] {logging_mixin.py:188} INFO - [2024-04-28T15:43:04.024+0000] {dagbag.py:540} INFO - Filling up the DagBag from /home/airflow/.local/lib/python3.12/site-packages/airflow/example_dags/example_sensors.py
[2024-04-28T15:43:04.056+0000] {processor.py:840} INFO - DAG(s) 'example_sensors' retrieved from /home/airflow/.local/lib/python3.12/site-packages/airflow/example_dags/example_sensors.py
[2024-04-28T15:43:04.137+0000] {logging_mixin.py:188} INFO - [2024-04-28T15:43:04.136+0000] {dag.py:3096} INFO - Sync 1 DAGs
[2024-04-28T15:43:04.178+0000] {logging_mixin.py:188} INFO - [2024-04-28T15:43:04.177+0000] {dag.py:3954} INFO - Setting next_dagrun for example_sensors to None, run_after=None
[2024-04-28T15:43:04.278+0000] {processor.py:183} INFO - Processing /home/airflow/.local/lib/python3.12/site-packages/airflow/example_dags/example_sensors.py took 0.279 seconds
[2024-04-28T15:58:33.132+0000] {processor.py:161} INFO - Started process (PID=99) to work on /home/airflow/.local/lib/python3.12/site-packages/airflow/example_dags/example_sensors.py
[2024-04-28T15:58:33.142+0000] {processor.py:830} INFO - Processing file /home/airflow/.local/lib/python3.12/site-packages/airflow/example_dags/example_sensors.py for tasks to queue
[2024-04-28T15:58:33.161+0000] {logging_mixin.py:188} INFO - [2024-04-28T15:58:33.160+0000] {dagbag.py:540} INFO - Filling up the DagBag from /home/airflow/.local/lib/python3.12/site-packages/airflow/example_dags/example_sensors.py
[2024-04-28T15:58:33.209+0000] {processor.py:840} INFO - DAG(s) 'example_sensors' retrieved from /home/airflow/.local/lib/python3.12/site-packages/airflow/example_dags/example_sensors.py
[2024-04-28T15:58:34.008+0000] {logging_mixin.py:188} INFO - [2024-04-28T15:58:34.007+0000] {dag.py:3096} INFO - Sync 1 DAGs
[2024-04-28T15:58:34.074+0000] {logging_mixin.py:188} INFO - [2024-04-28T15:58:34.074+0000] {dag.py:3954} INFO - Setting next_dagrun for example_sensors to None, run_after=None
[2024-04-28T15:58:34.169+0000] {processor.py:183} INFO - Processing /home/airflow/.local/lib/python3.12/site-packages/airflow/example_dags/example_sensors.py took 1.096 seconds
[2024-04-28T15:59:04.665+0000] {processor.py:161} INFO - Started process (PID=162) to work on /home/airflow/.local/lib/python3.12/site-packages/airflow/example_dags/example_sensors.py
[2024-04-28T15:59:04.668+0000] {processor.py:830} INFO - Processing file /home/airflow/.local/lib/python3.12/site-packages/airflow/example_dags/example_sensors.py for tasks to queue
[2024-04-28T15:59:04.675+0000] {logging_mixin.py:188} INFO - [2024-04-28T15:59:04.673+0000] {dagbag.py:540} INFO - Filling up the DagBag from /home/airflow/.local/lib/python3.12/site-packages/airflow/example_dags/example_sensors.py
[2024-04-28T15:59:04.753+0000] {processor.py:840} INFO - DAG(s) 'example_sensors' retrieved from /home/airflow/.local/lib/python3.12/site-packages/airflow/example_dags/example_sensors.py
[2024-04-28T15:59:04.860+0000] {logging_mixin.py:188} INFO - [2024-04-28T15:59:04.860+0000] {dag.py:3096} INFO - Sync 1 DAGs
[2024-04-28T15:59:04.910+0000] {logging_mixin.py:188} INFO - [2024-04-28T15:59:04.909+0000] {dag.py:3954} INFO - Setting next_dagrun for example_sensors to None, run_after=None
[2024-04-28T15:59:04.978+0000] {processor.py:183} INFO - Processing /home/airflow/.local/lib/python3.12/site-packages/airflow/example_dags/example_sensors.py took 0.344 seconds
[2024-04-28T15:59:35.311+0000] {processor.py:161} INFO - Started process (PID=224) to work on /home/airflow/.local/lib/python3.12/site-packages/airflow/example_dags/example_sensors.py
[2024-04-28T15:59:35.314+0000] {processor.py:830} INFO - Processing file /home/airflow/.local/lib/python3.12/site-packages/airflow/example_dags/example_sensors.py for tasks to queue
[2024-04-28T15:59:35.320+0000] {logging_mixin.py:188} INFO - [2024-04-28T15:59:35.318+0000] {dagbag.py:540} INFO - Filling up the DagBag from /home/airflow/.local/lib/python3.12/site-packages/airflow/example_dags/example_sensors.py
[2024-04-28T15:59:35.350+0000] {processor.py:840} INFO - DAG(s) 'example_sensors' retrieved from /home/airflow/.local/lib/python3.12/site-packages/airflow/example_dags/example_sensors.py
[2024-04-28T15:59:35.430+0000] {logging_mixin.py:188} INFO - [2024-04-28T15:59:35.429+0000] {dag.py:3096} INFO - Sync 1 DAGs
[2024-04-28T15:59:35.475+0000] {logging_mixin.py:188} INFO - [2024-04-28T15:59:35.475+0000] {dag.py:3954} INFO - Setting next_dagrun for example_sensors to None, run_after=None
[2024-04-28T15:59:35.538+0000] {processor.py:183} INFO - Processing /home/airflow/.local/lib/python3.12/site-packages/airflow/example_dags/example_sensors.py took 0.244 seconds
[2024-04-28T16:00:10.372+0000] {processor.py:161} INFO - Started process (PID=288) to work on /home/airflow/.local/lib/python3.12/site-packages/airflow/example_dags/example_sensors.py
[2024-04-28T16:00:10.376+0000] {processor.py:830} INFO - Processing file /home/airflow/.local/lib/python3.12/site-packages/airflow/example_dags/example_sensors.py for tasks to queue
[2024-04-28T16:00:10.383+0000] {logging_mixin.py:188} INFO - [2024-04-28T16:00:10.381+0000] {dagbag.py:540} INFO - Filling up the DagBag from /home/airflow/.local/lib/python3.12/site-packages/airflow/example_dags/example_sensors.py
[2024-04-28T16:00:10.420+0000] {processor.py:840} INFO - DAG(s) 'example_sensors' retrieved from /home/airflow/.local/lib/python3.12/site-packages/airflow/example_dags/example_sensors.py
[2024-04-28T16:00:10.584+0000] {logging_mixin.py:188} INFO - [2024-04-28T16:00:10.583+0000] {dag.py:3096} INFO - Sync 1 DAGs
[2024-04-28T16:00:10.651+0000] {logging_mixin.py:188} INFO - [2024-04-28T16:00:10.651+0000] {dag.py:3954} INFO - Setting next_dagrun for example_sensors to None, run_after=None
[2024-04-28T16:00:10.744+0000] {processor.py:183} INFO - Processing /home/airflow/.local/lib/python3.12/site-packages/airflow/example_dags/example_sensors.py took 0.395 seconds
[2024-04-28T16:00:40.891+0000] {processor.py:161} INFO - Started process (PID=350) to work on /home/airflow/.local/lib/python3.12/site-packages/airflow/example_dags/example_sensors.py
[2024-04-28T16:00:40.903+0000] {processor.py:830} INFO - Processing file /home/airflow/.local/lib/python3.12/site-packages/airflow/example_dags/example_sensors.py for tasks to queue
[2024-04-28T16:00:40.923+0000] {logging_mixin.py:188} INFO - [2024-04-28T16:00:40.921+0000] {dagbag.py:540} INFO - Filling up the DagBag from /home/airflow/.local/lib/python3.12/site-packages/airflow/example_dags/example_sensors.py
[2024-04-28T16:00:41.002+0000] {processor.py:840} INFO - DAG(s) 'example_sensors' retrieved from /home/airflow/.local/lib/python3.12/site-packages/airflow/example_dags/example_sensors.py
[2024-04-28T16:00:41.131+0000] {logging_mixin.py:188} INFO - [2024-04-28T16:00:41.131+0000] {dag.py:3096} INFO - Sync 1 DAGs
[2024-04-28T16:00:41.185+0000] {logging_mixin.py:188} INFO - [2024-04-28T16:00:41.184+0000] {dag.py:3954} INFO - Setting next_dagrun for example_sensors to None, run_after=None
[2024-04-28T16:00:41.266+0000] {processor.py:183} INFO - Processing /home/airflow/.local/lib/python3.12/site-packages/airflow/example_dags/example_sensors.py took 0.415 seconds
[2024-04-28T16:01:11.574+0000] {processor.py:161} INFO - Started process (PID=412) to work on /home/airflow/.local/lib/python3.12/site-packages/airflow/example_dags/example_sensors.py
[2024-04-28T16:01:11.579+0000] {processor.py:830} INFO - Processing file /home/airflow/.local/lib/python3.12/site-packages/airflow/example_dags/example_sensors.py for tasks to queue
[2024-04-28T16:01:11.587+0000] {logging_mixin.py:188} INFO - [2024-04-28T16:01:11.586+0000] {dagbag.py:540} INFO - Filling up the DagBag from /home/airflow/.local/lib/python3.12/site-packages/airflow/example_dags/example_sensors.py
[2024-04-28T16:01:11.634+0000] {processor.py:840} INFO - DAG(s) 'example_sensors' retrieved from /home/airflow/.local/lib/python3.12/site-packages/airflow/example_dags/example_sensors.py
[2024-04-28T16:01:11.827+0000] {logging_mixin.py:188} INFO - [2024-04-28T16:01:11.827+0000] {dag.py:3096} INFO - Sync 1 DAGs
[2024-04-28T16:01:11.951+0000] {logging_mixin.py:188} INFO - [2024-04-28T16:01:11.950+0000] {dag.py:3954} INFO - Setting next_dagrun for example_sensors to None, run_after=None
[2024-04-28T16:01:12.053+0000] {processor.py:183} INFO - Processing /home/airflow/.local/lib/python3.12/site-packages/airflow/example_dags/example_sensors.py took 0.503 seconds
[2024-04-28T16:01:42.358+0000] {processor.py:161} INFO - Started process (PID=475) to work on /home/airflow/.local/lib/python3.12/site-packages/airflow/example_dags/example_sensors.py
[2024-04-28T16:01:42.360+0000] {processor.py:830} INFO - Processing file /home/airflow/.local/lib/python3.12/site-packages/airflow/example_dags/example_sensors.py for tasks to queue
[2024-04-28T16:01:42.365+0000] {logging_mixin.py:188} INFO - [2024-04-28T16:01:42.364+0000] {dagbag.py:540} INFO - Filling up the DagBag from /home/airflow/.local/lib/python3.12/site-packages/airflow/example_dags/example_sensors.py
[2024-04-28T16:01:42.391+0000] {processor.py:840} INFO - DAG(s) 'example_sensors' retrieved from /home/airflow/.local/lib/python3.12/site-packages/airflow/example_dags/example_sensors.py
[2024-04-28T16:01:42.458+0000] {logging_mixin.py:188} INFO - [2024-04-28T16:01:42.457+0000] {dag.py:3096} INFO - Sync 1 DAGs
[2024-04-28T16:01:42.492+0000] {logging_mixin.py:188} INFO - [2024-04-28T16:01:42.491+0000] {dag.py:3954} INFO - Setting next_dagrun for example_sensors to None, run_after=None
[2024-04-28T16:01:42.541+0000] {processor.py:183} INFO - Processing /home/airflow/.local/lib/python3.12/site-packages/airflow/example_dags/example_sensors.py took 0.200 seconds
[2024-04-28T16:02:12.891+0000] {processor.py:161} INFO - Started process (PID=538) to work on /home/airflow/.local/lib/python3.12/site-packages/airflow/example_dags/example_sensors.py
[2024-04-28T16:02:12.893+0000] {processor.py:830} INFO - Processing file /home/airflow/.local/lib/python3.12/site-packages/airflow/example_dags/example_sensors.py for tasks to queue
[2024-04-28T16:02:12.899+0000] {logging_mixin.py:188} INFO - [2024-04-28T16:02:12.897+0000] {dagbag.py:540} INFO - Filling up the DagBag from /home/airflow/.local/lib/python3.12/site-packages/airflow/example_dags/example_sensors.py
[2024-04-28T16:02:12.930+0000] {processor.py:840} INFO - DAG(s) 'example_sensors' retrieved from /home/airflow/.local/lib/python3.12/site-packages/airflow/example_dags/example_sensors.py
[2024-04-28T16:02:13.012+0000] {logging_mixin.py:188} INFO - [2024-04-28T16:02:13.011+0000] {dag.py:3096} INFO - Sync 1 DAGs
[2024-04-28T16:02:13.051+0000] {logging_mixin.py:188} INFO - [2024-04-28T16:02:13.050+0000] {dag.py:3954} INFO - Setting next_dagrun for example_sensors to None, run_after=None
[2024-04-28T16:02:13.113+0000] {processor.py:183} INFO - Processing /home/airflow/.local/lib/python3.12/site-packages/airflow/example_dags/example_sensors.py took 0.239 seconds
[2024-04-28T16:02:43.246+0000] {processor.py:161} INFO - Started process (PID=601) to work on /home/airflow/.local/lib/python3.12/site-packages/airflow/example_dags/example_sensors.py
[2024-04-28T16:02:43.248+0000] {processor.py:830} INFO - Processing file /home/airflow/.local/lib/python3.12/site-packages/airflow/example_dags/example_sensors.py for tasks to queue
[2024-04-28T16:02:43.254+0000] {logging_mixin.py:188} INFO - [2024-04-28T16:02:43.253+0000] {dagbag.py:540} INFO - Filling up the DagBag from /home/airflow/.local/lib/python3.12/site-packages/airflow/example_dags/example_sensors.py
[2024-04-28T16:02:43.287+0000] {processor.py:840} INFO - DAG(s) 'example_sensors' retrieved from /home/airflow/.local/lib/python3.12/site-packages/airflow/example_dags/example_sensors.py
[2024-04-28T16:02:43.370+0000] {logging_mixin.py:188} INFO - [2024-04-28T16:02:43.369+0000] {dag.py:3096} INFO - Sync 1 DAGs
[2024-04-28T16:02:43.410+0000] {logging_mixin.py:188} INFO - [2024-04-28T16:02:43.410+0000] {dag.py:3954} INFO - Setting next_dagrun for example_sensors to None, run_after=None
[2024-04-28T16:02:43.472+0000] {processor.py:183} INFO - Processing /home/airflow/.local/lib/python3.12/site-packages/airflow/example_dags/example_sensors.py took 0.243 seconds
[2024-04-28T16:03:14.513+0000] {processor.py:161} INFO - Started process (PID=664) to work on /home/airflow/.local/lib/python3.12/site-packages/airflow/example_dags/example_sensors.py
[2024-04-28T16:03:14.518+0000] {processor.py:830} INFO - Processing file /home/airflow/.local/lib/python3.12/site-packages/airflow/example_dags/example_sensors.py for tasks to queue
[2024-04-28T16:03:14.528+0000] {logging_mixin.py:188} INFO - [2024-04-28T16:03:14.527+0000] {dagbag.py:540} INFO - Filling up the DagBag from /home/airflow/.local/lib/python3.12/site-packages/airflow/example_dags/example_sensors.py
[2024-04-28T16:03:14.568+0000] {processor.py:840} INFO - DAG(s) 'example_sensors' retrieved from /home/airflow/.local/lib/python3.12/site-packages/airflow/example_dags/example_sensors.py
[2024-04-28T16:03:14.696+0000] {logging_mixin.py:188} INFO - [2024-04-28T16:03:14.695+0000] {dag.py:3096} INFO - Sync 1 DAGs
[2024-04-28T16:03:14.758+0000] {logging_mixin.py:188} INFO - [2024-04-28T16:03:14.757+0000] {dag.py:3954} INFO - Setting next_dagrun for example_sensors to None, run_after=None
[2024-04-28T16:03:14.852+0000] {processor.py:183} INFO - Processing /home/airflow/.local/lib/python3.12/site-packages/airflow/example_dags/example_sensors.py took 0.376 seconds
[2024-04-28T16:03:45.119+0000] {processor.py:161} INFO - Started process (PID=727) to work on /home/airflow/.local/lib/python3.12/site-packages/airflow/example_dags/example_sensors.py
[2024-04-28T16:03:45.125+0000] {processor.py:830} INFO - Processing file /home/airflow/.local/lib/python3.12/site-packages/airflow/example_dags/example_sensors.py for tasks to queue
[2024-04-28T16:03:45.133+0000] {logging_mixin.py:188} INFO - [2024-04-28T16:03:45.132+0000] {dagbag.py:540} INFO - Filling up the DagBag from /home/airflow/.local/lib/python3.12/site-packages/airflow/example_dags/example_sensors.py
[2024-04-28T16:03:45.171+0000] {processor.py:840} INFO - DAG(s) 'example_sensors' retrieved from /home/airflow/.local/lib/python3.12/site-packages/airflow/example_dags/example_sensors.py
[2024-04-28T16:03:45.301+0000] {logging_mixin.py:188} INFO - [2024-04-28T16:03:45.300+0000] {dag.py:3096} INFO - Sync 1 DAGs
[2024-04-28T16:03:45.362+0000] {logging_mixin.py:188} INFO - [2024-04-28T16:03:45.361+0000] {dag.py:3954} INFO - Setting next_dagrun for example_sensors to None, run_after=None
[2024-04-28T16:03:45.455+0000] {processor.py:183} INFO - Processing /home/airflow/.local/lib/python3.12/site-packages/airflow/example_dags/example_sensors.py took 0.377 seconds
[2024-04-28T16:04:16.139+0000] {processor.py:161} INFO - Started process (PID=790) to work on /home/airflow/.local/lib/python3.12/site-packages/airflow/example_dags/example_sensors.py
[2024-04-28T16:04:16.142+0000] {processor.py:830} INFO - Processing file /home/airflow/.local/lib/python3.12/site-packages/airflow/example_dags/example_sensors.py for tasks to queue
[2024-04-28T16:04:16.148+0000] {logging_mixin.py:188} INFO - [2024-04-28T16:04:16.147+0000] {dagbag.py:540} INFO - Filling up the DagBag from /home/airflow/.local/lib/python3.12/site-packages/airflow/example_dags/example_sensors.py
[2024-04-28T16:04:16.196+0000] {processor.py:840} INFO - DAG(s) 'example_sensors' retrieved from /home/airflow/.local/lib/python3.12/site-packages/airflow/example_dags/example_sensors.py
[2024-04-28T16:04:16.296+0000] {logging_mixin.py:188} INFO - [2024-04-28T16:04:16.295+0000] {dag.py:3096} INFO - Sync 1 DAGs
[2024-04-28T16:04:16.360+0000] {logging_mixin.py:188} INFO - [2024-04-28T16:04:16.359+0000] {dag.py:3954} INFO - Setting next_dagrun for example_sensors to None, run_after=None
[2024-04-28T16:04:16.444+0000] {processor.py:183} INFO - Processing /home/airflow/.local/lib/python3.12/site-packages/airflow/example_dags/example_sensors.py took 0.324 seconds
[2024-04-28T16:04:46.725+0000] {processor.py:161} INFO - Started process (PID=853) to work on /home/airflow/.local/lib/python3.12/site-packages/airflow/example_dags/example_sensors.py
[2024-04-28T16:04:46.728+0000] {processor.py:830} INFO - Processing file /home/airflow/.local/lib/python3.12/site-packages/airflow/example_dags/example_sensors.py for tasks to queue
[2024-04-28T16:04:46.735+0000] {logging_mixin.py:188} INFO - [2024-04-28T16:04:46.734+0000] {dagbag.py:540} INFO - Filling up the DagBag from /home/airflow/.local/lib/python3.12/site-packages/airflow/example_dags/example_sensors.py
[2024-04-28T16:04:46.769+0000] {processor.py:840} INFO - DAG(s) 'example_sensors' retrieved from /home/airflow/.local/lib/python3.12/site-packages/airflow/example_dags/example_sensors.py
[2024-04-28T16:04:46.853+0000] {logging_mixin.py:188} INFO - [2024-04-28T16:04:46.852+0000] {dag.py:3096} INFO - Sync 1 DAGs
[2024-04-28T16:04:46.895+0000] {logging_mixin.py:188} INFO - [2024-04-28T16:04:46.895+0000] {dag.py:3954} INFO - Setting next_dagrun for example_sensors to None, run_after=None
[2024-04-28T16:04:46.953+0000] {processor.py:183} INFO - Processing /home/airflow/.local/lib/python3.12/site-packages/airflow/example_dags/example_sensors.py took 0.245 seconds
[2024-04-28T16:05:17.871+0000] {processor.py:161} INFO - Started process (PID=916) to work on /home/airflow/.local/lib/python3.12/site-packages/airflow/example_dags/example_sensors.py
[2024-04-28T16:05:17.873+0000] {processor.py:830} INFO - Processing file /home/airflow/.local/lib/python3.12/site-packages/airflow/example_dags/example_sensors.py for tasks to queue
[2024-04-28T16:05:17.880+0000] {logging_mixin.py:188} INFO - [2024-04-28T16:05:17.878+0000] {dagbag.py:540} INFO - Filling up the DagBag from /home/airflow/.local/lib/python3.12/site-packages/airflow/example_dags/example_sensors.py
[2024-04-28T16:05:17.916+0000] {processor.py:840} INFO - DAG(s) 'example_sensors' retrieved from /home/airflow/.local/lib/python3.12/site-packages/airflow/example_dags/example_sensors.py
[2024-04-28T16:05:18.026+0000] {logging_mixin.py:188} INFO - [2024-04-28T16:05:18.025+0000] {dag.py:3096} INFO - Sync 1 DAGs
[2024-04-28T16:05:18.078+0000] {logging_mixin.py:188} INFO - [2024-04-28T16:05:18.077+0000] {dag.py:3954} INFO - Setting next_dagrun for example_sensors to None, run_after=None
[2024-04-28T16:05:18.173+0000] {processor.py:183} INFO - Processing /home/airflow/.local/lib/python3.12/site-packages/airflow/example_dags/example_sensors.py took 0.322 seconds
[2024-04-28T16:05:48.449+0000] {processor.py:161} INFO - Started process (PID=980) to work on /home/airflow/.local/lib/python3.12/site-packages/airflow/example_dags/example_sensors.py
[2024-04-28T16:05:48.454+0000] {processor.py:830} INFO - Processing file /home/airflow/.local/lib/python3.12/site-packages/airflow/example_dags/example_sensors.py for tasks to queue
[2024-04-28T16:05:48.460+0000] {logging_mixin.py:188} INFO - [2024-04-28T16:05:48.459+0000] {dagbag.py:540} INFO - Filling up the DagBag from /home/airflow/.local/lib/python3.12/site-packages/airflow/example_dags/example_sensors.py
[2024-04-28T16:05:48.499+0000] {processor.py:840} INFO - DAG(s) 'example_sensors' retrieved from /home/airflow/.local/lib/python3.12/site-packages/airflow/example_dags/example_sensors.py
[2024-04-28T16:05:48.627+0000] {logging_mixin.py:188} INFO - [2024-04-28T16:05:48.626+0000] {dag.py:3096} INFO - Sync 1 DAGs
[2024-04-28T16:05:48.677+0000] {logging_mixin.py:188} INFO - [2024-04-28T16:05:48.677+0000] {dag.py:3954} INFO - Setting next_dagrun for example_sensors to None, run_after=None
[2024-04-28T16:05:48.751+0000] {processor.py:183} INFO - Processing /home/airflow/.local/lib/python3.12/site-packages/airflow/example_dags/example_sensors.py took 0.323 seconds
[2024-04-28T16:06:21.455+0000] {processor.py:161} INFO - Started process (PID=1043) to work on /home/airflow/.local/lib/python3.12/site-packages/airflow/example_dags/example_sensors.py
[2024-04-28T16:06:21.458+0000] {processor.py:830} INFO - Processing file /home/airflow/.local/lib/python3.12/site-packages/airflow/example_dags/example_sensors.py for tasks to queue
[2024-04-28T16:06:21.464+0000] {logging_mixin.py:188} INFO - [2024-04-28T16:06:21.463+0000] {dagbag.py:540} INFO - Filling up the DagBag from /home/airflow/.local/lib/python3.12/site-packages/airflow/example_dags/example_sensors.py
[2024-04-28T16:06:21.492+0000] {processor.py:840} INFO - DAG(s) 'example_sensors' retrieved from /home/airflow/.local/lib/python3.12/site-packages/airflow/example_dags/example_sensors.py
[2024-04-28T16:06:21.591+0000] {logging_mixin.py:188} INFO - [2024-04-28T16:06:21.590+0000] {dag.py:3096} INFO - Sync 1 DAGs
[2024-04-28T16:06:21.640+0000] {logging_mixin.py:188} INFO - [2024-04-28T16:06:21.639+0000] {dag.py:3954} INFO - Setting next_dagrun for example_sensors to None, run_after=None
[2024-04-28T16:06:21.702+0000] {processor.py:183} INFO - Processing /home/airflow/.local/lib/python3.12/site-packages/airflow/example_dags/example_sensors.py took 0.268 seconds
[2024-04-28T16:06:54.185+0000] {processor.py:161} INFO - Started process (PID=1106) to work on /home/airflow/.local/lib/python3.12/site-packages/airflow/example_dags/example_sensors.py
[2024-04-28T16:06:54.188+0000] {processor.py:830} INFO - Processing file /home/airflow/.local/lib/python3.12/site-packages/airflow/example_dags/example_sensors.py for tasks to queue
[2024-04-28T16:06:54.194+0000] {logging_mixin.py:188} INFO - [2024-04-28T16:06:54.193+0000] {dagbag.py:540} INFO - Filling up the DagBag from /home/airflow/.local/lib/python3.12/site-packages/airflow/example_dags/example_sensors.py
[2024-04-28T16:06:54.231+0000] {processor.py:840} INFO - DAG(s) 'example_sensors' retrieved from /home/airflow/.local/lib/python3.12/site-packages/airflow/example_dags/example_sensors.py
[2024-04-28T16:06:55.024+0000] {logging_mixin.py:188} INFO - [2024-04-28T16:06:55.023+0000] {dag.py:3096} INFO - Sync 1 DAGs
[2024-04-28T16:06:55.065+0000] {logging_mixin.py:188} INFO - [2024-04-28T16:06:55.064+0000] {dag.py:3954} INFO - Setting next_dagrun for example_sensors to None, run_after=None
[2024-04-28T16:06:55.132+0000] {processor.py:183} INFO - Processing /home/airflow/.local/lib/python3.12/site-packages/airflow/example_dags/example_sensors.py took 0.968 seconds
[2024-04-28T16:07:28.759+0000] {processor.py:161} INFO - Started process (PID=1172) to work on /home/airflow/.local/lib/python3.12/site-packages/airflow/example_dags/example_sensors.py
[2024-04-28T16:07:28.763+0000] {processor.py:830} INFO - Processing file /home/airflow/.local/lib/python3.12/site-packages/airflow/example_dags/example_sensors.py for tasks to queue
[2024-04-28T16:07:28.770+0000] {logging_mixin.py:188} INFO - [2024-04-28T16:07:28.768+0000] {dagbag.py:540} INFO - Filling up the DagBag from /home/airflow/.local/lib/python3.12/site-packages/airflow/example_dags/example_sensors.py
[2024-04-28T16:07:28.809+0000] {processor.py:840} INFO - DAG(s) 'example_sensors' retrieved from /home/airflow/.local/lib/python3.12/site-packages/airflow/example_dags/example_sensors.py
[2024-04-28T16:07:29.496+0000] {logging_mixin.py:188} INFO - [2024-04-28T16:07:29.495+0000] {dag.py:3096} INFO - Sync 1 DAGs
[2024-04-28T16:07:29.533+0000] {logging_mixin.py:188} INFO - [2024-04-28T16:07:29.532+0000] {dag.py:3954} INFO - Setting next_dagrun for example_sensors to None, run_after=None
[2024-04-28T16:07:29.602+0000] {processor.py:183} INFO - Processing /home/airflow/.local/lib/python3.12/site-packages/airflow/example_dags/example_sensors.py took 0.864 seconds
[2024-04-28T16:08:07.635+0000] {processor.py:161} INFO - Started process (PID=1246) to work on /home/airflow/.local/lib/python3.12/site-packages/airflow/example_dags/example_sensors.py
[2024-04-28T16:08:07.639+0000] {processor.py:830} INFO - Processing file /home/airflow/.local/lib/python3.12/site-packages/airflow/example_dags/example_sensors.py for tasks to queue
[2024-04-28T16:08:07.647+0000] {logging_mixin.py:188} INFO - [2024-04-28T16:08:07.645+0000] {dagbag.py:540} INFO - Filling up the DagBag from /home/airflow/.local/lib/python3.12/site-packages/airflow/example_dags/example_sensors.py
[2024-04-28T16:08:07.684+0000] {processor.py:840} INFO - DAG(s) 'example_sensors' retrieved from /home/airflow/.local/lib/python3.12/site-packages/airflow/example_dags/example_sensors.py
[2024-04-28T16:08:07.845+0000] {logging_mixin.py:188} INFO - [2024-04-28T16:08:07.842+0000] {dag.py:3096} INFO - Sync 1 DAGs
[2024-04-28T16:08:07.931+0000] {logging_mixin.py:188} INFO - [2024-04-28T16:08:07.930+0000] {dag.py:3954} INFO - Setting next_dagrun for example_sensors to None, run_after=None
[2024-04-28T16:08:08.052+0000] {processor.py:183} INFO - Processing /home/airflow/.local/lib/python3.12/site-packages/airflow/example_dags/example_sensors.py took 0.437 seconds
[2024-04-28T16:08:38.676+0000] {processor.py:161} INFO - Started process (PID=1309) to work on /home/airflow/.local/lib/python3.12/site-packages/airflow/example_dags/example_sensors.py
[2024-04-28T16:08:38.690+0000] {processor.py:830} INFO - Processing file /home/airflow/.local/lib/python3.12/site-packages/airflow/example_dags/example_sensors.py for tasks to queue
[2024-04-28T16:08:38.705+0000] {logging_mixin.py:188} INFO - [2024-04-28T16:08:38.700+0000] {dagbag.py:540} INFO - Filling up the DagBag from /home/airflow/.local/lib/python3.12/site-packages/airflow/example_dags/example_sensors.py
[2024-04-28T16:08:38.756+0000] {processor.py:840} INFO - DAG(s) 'example_sensors' retrieved from /home/airflow/.local/lib/python3.12/site-packages/airflow/example_dags/example_sensors.py
[2024-04-28T16:08:39.082+0000] {logging_mixin.py:188} INFO - [2024-04-28T16:08:39.077+0000] {dag.py:3096} INFO - Sync 1 DAGs
[2024-04-28T16:08:39.180+0000] {logging_mixin.py:188} INFO - [2024-04-28T16:08:39.178+0000] {dag.py:3954} INFO - Setting next_dagrun for example_sensors to None, run_after=None
[2024-04-28T16:08:39.292+0000] {processor.py:183} INFO - Processing /home/airflow/.local/lib/python3.12/site-packages/airflow/example_dags/example_sensors.py took 0.661 seconds
[2024-04-28T16:09:09.835+0000] {processor.py:161} INFO - Started process (PID=1372) to work on /home/airflow/.local/lib/python3.12/site-packages/airflow/example_dags/example_sensors.py
[2024-04-28T16:09:09.838+0000] {processor.py:830} INFO - Processing file /home/airflow/.local/lib/python3.12/site-packages/airflow/example_dags/example_sensors.py for tasks to queue
[2024-04-28T16:09:09.848+0000] {logging_mixin.py:188} INFO - [2024-04-28T16:09:09.846+0000] {dagbag.py:540} INFO - Filling up the DagBag from /home/airflow/.local/lib/python3.12/site-packages/airflow/example_dags/example_sensors.py
[2024-04-28T16:09:09.891+0000] {processor.py:840} INFO - DAG(s) 'example_sensors' retrieved from /home/airflow/.local/lib/python3.12/site-packages/airflow/example_dags/example_sensors.py
[2024-04-28T16:09:10.000+0000] {logging_mixin.py:188} INFO - [2024-04-28T16:09:10.000+0000] {dag.py:3096} INFO - Sync 1 DAGs
[2024-04-28T16:09:10.049+0000] {logging_mixin.py:188} INFO - [2024-04-28T16:09:10.048+0000] {dag.py:3954} INFO - Setting next_dagrun for example_sensors to None, run_after=None
[2024-04-28T16:09:10.127+0000] {processor.py:183} INFO - Processing /home/airflow/.local/lib/python3.12/site-packages/airflow/example_dags/example_sensors.py took 0.323 seconds
[2024-04-28T16:09:40.411+0000] {processor.py:161} INFO - Started process (PID=1435) to work on /home/airflow/.local/lib/python3.12/site-packages/airflow/example_dags/example_sensors.py
[2024-04-28T16:09:40.422+0000] {processor.py:830} INFO - Processing file /home/airflow/.local/lib/python3.12/site-packages/airflow/example_dags/example_sensors.py for tasks to queue
[2024-04-28T16:09:40.428+0000] {logging_mixin.py:188} INFO - [2024-04-28T16:09:40.427+0000] {dagbag.py:540} INFO - Filling up the DagBag from /home/airflow/.local/lib/python3.12/site-packages/airflow/example_dags/example_sensors.py
[2024-04-28T16:09:40.460+0000] {processor.py:840} INFO - DAG(s) 'example_sensors' retrieved from /home/airflow/.local/lib/python3.12/site-packages/airflow/example_dags/example_sensors.py
[2024-04-28T16:09:40.540+0000] {logging_mixin.py:188} INFO - [2024-04-28T16:09:40.539+0000] {dag.py:3096} INFO - Sync 1 DAGs
[2024-04-28T16:09:40.580+0000] {logging_mixin.py:188} INFO - [2024-04-28T16:09:40.579+0000] {dag.py:3954} INFO - Setting next_dagrun for example_sensors to None, run_after=None
[2024-04-28T16:09:40.641+0000] {processor.py:183} INFO - Processing /home/airflow/.local/lib/python3.12/site-packages/airflow/example_dags/example_sensors.py took 0.253 seconds
[2024-04-28T16:10:10.922+0000] {processor.py:161} INFO - Started process (PID=1498) to work on /home/airflow/.local/lib/python3.12/site-packages/airflow/example_dags/example_sensors.py
[2024-04-28T16:10:10.926+0000] {processor.py:830} INFO - Processing file /home/airflow/.local/lib/python3.12/site-packages/airflow/example_dags/example_sensors.py for tasks to queue
[2024-04-28T16:10:10.932+0000] {logging_mixin.py:188} INFO - [2024-04-28T16:10:10.931+0000] {dagbag.py:540} INFO - Filling up the DagBag from /home/airflow/.local/lib/python3.12/site-packages/airflow/example_dags/example_sensors.py
[2024-04-28T16:10:10.971+0000] {processor.py:840} INFO - DAG(s) 'example_sensors' retrieved from /home/airflow/.local/lib/python3.12/site-packages/airflow/example_dags/example_sensors.py
[2024-04-28T16:10:11.082+0000] {logging_mixin.py:188} INFO - [2024-04-28T16:10:11.081+0000] {dag.py:3096} INFO - Sync 1 DAGs
[2024-04-28T16:10:11.135+0000] {logging_mixin.py:188} INFO - [2024-04-28T16:10:11.134+0000] {dag.py:3954} INFO - Setting next_dagrun for example_sensors to None, run_after=None
[2024-04-28T16:10:11.210+0000] {processor.py:183} INFO - Processing /home/airflow/.local/lib/python3.12/site-packages/airflow/example_dags/example_sensors.py took 0.310 seconds
[2024-04-28T16:10:42.017+0000] {processor.py:161} INFO - Started process (PID=1561) to work on /home/airflow/.local/lib/python3.12/site-packages/airflow/example_dags/example_sensors.py
[2024-04-28T16:10:42.024+0000] {processor.py:830} INFO - Processing file /home/airflow/.local/lib/python3.12/site-packages/airflow/example_dags/example_sensors.py for tasks to queue
[2024-04-28T16:10:42.034+0000] {logging_mixin.py:188} INFO - [2024-04-28T16:10:42.031+0000] {dagbag.py:540} INFO - Filling up the DagBag from /home/airflow/.local/lib/python3.12/site-packages/airflow/example_dags/example_sensors.py
[2024-04-28T16:10:42.084+0000] {processor.py:840} INFO - DAG(s) 'example_sensors' retrieved from /home/airflow/.local/lib/python3.12/site-packages/airflow/example_dags/example_sensors.py
[2024-04-28T16:10:42.225+0000] {logging_mixin.py:188} INFO - [2024-04-28T16:10:42.224+0000] {dag.py:3096} INFO - Sync 1 DAGs
[2024-04-28T16:10:42.298+0000] {logging_mixin.py:188} INFO - [2024-04-28T16:10:42.297+0000] {dag.py:3954} INFO - Setting next_dagrun for example_sensors to None, run_after=None
[2024-04-28T16:10:42.386+0000] {processor.py:183} INFO - Processing /home/airflow/.local/lib/python3.12/site-packages/airflow/example_dags/example_sensors.py took 0.400 seconds
[2024-04-28T16:11:12.692+0000] {processor.py:161} INFO - Started process (PID=1623) to work on /home/airflow/.local/lib/python3.12/site-packages/airflow/example_dags/example_sensors.py
[2024-04-28T16:11:12.698+0000] {processor.py:830} INFO - Processing file /home/airflow/.local/lib/python3.12/site-packages/airflow/example_dags/example_sensors.py for tasks to queue
[2024-04-28T16:11:12.704+0000] {logging_mixin.py:188} INFO - [2024-04-28T16:11:12.703+0000] {dagbag.py:540} INFO - Filling up the DagBag from /home/airflow/.local/lib/python3.12/site-packages/airflow/example_dags/example_sensors.py
[2024-04-28T16:11:12.750+0000] {processor.py:840} INFO - DAG(s) 'example_sensors' retrieved from /home/airflow/.local/lib/python3.12/site-packages/airflow/example_dags/example_sensors.py
[2024-04-28T16:11:12.926+0000] {logging_mixin.py:188} INFO - [2024-04-28T16:11:12.925+0000] {dag.py:3096} INFO - Sync 1 DAGs
[2024-04-28T16:11:12.980+0000] {logging_mixin.py:188} INFO - [2024-04-28T16:11:12.979+0000] {dag.py:3954} INFO - Setting next_dagrun for example_sensors to None, run_after=None
[2024-04-28T16:11:13.064+0000] {processor.py:183} INFO - Processing /home/airflow/.local/lib/python3.12/site-packages/airflow/example_dags/example_sensors.py took 0.409 seconds
[2024-04-28T16:11:43.872+0000] {processor.py:161} INFO - Started process (PID=1686) to work on /home/airflow/.local/lib/python3.12/site-packages/airflow/example_dags/example_sensors.py
[2024-04-28T16:11:43.874+0000] {processor.py:830} INFO - Processing file /home/airflow/.local/lib/python3.12/site-packages/airflow/example_dags/example_sensors.py for tasks to queue
[2024-04-28T16:11:43.881+0000] {logging_mixin.py:188} INFO - [2024-04-28T16:11:43.880+0000] {dagbag.py:540} INFO - Filling up the DagBag from /home/airflow/.local/lib/python3.12/site-packages/airflow/example_dags/example_sensors.py
[2024-04-28T16:11:43.916+0000] {processor.py:840} INFO - DAG(s) 'example_sensors' retrieved from /home/airflow/.local/lib/python3.12/site-packages/airflow/example_dags/example_sensors.py
[2024-04-28T16:11:44.010+0000] {logging_mixin.py:188} INFO - [2024-04-28T16:11:44.009+0000] {dag.py:3096} INFO - Sync 1 DAGs
[2024-04-28T16:11:44.054+0000] {logging_mixin.py:188} INFO - [2024-04-28T16:11:44.053+0000] {dag.py:3954} INFO - Setting next_dagrun for example_sensors to None, run_after=None
[2024-04-28T16:11:44.126+0000] {processor.py:183} INFO - Processing /home/airflow/.local/lib/python3.12/site-packages/airflow/example_dags/example_sensors.py took 0.275 seconds
[2024-04-28T16:12:14.584+0000] {processor.py:161} INFO - Started process (PID=1749) to work on /home/airflow/.local/lib/python3.12/site-packages/airflow/example_dags/example_sensors.py
[2024-04-28T16:12:14.699+0000] {processor.py:830} INFO - Processing file /home/airflow/.local/lib/python3.12/site-packages/airflow/example_dags/example_sensors.py for tasks to queue
[2024-04-28T16:12:14.710+0000] {logging_mixin.py:188} INFO - [2024-04-28T16:12:14.709+0000] {dagbag.py:540} INFO - Filling up the DagBag from /home/airflow/.local/lib/python3.12/site-packages/airflow/example_dags/example_sensors.py
[2024-04-28T16:12:14.754+0000] {processor.py:840} INFO - DAG(s) 'example_sensors' retrieved from /home/airflow/.local/lib/python3.12/site-packages/airflow/example_dags/example_sensors.py
[2024-04-28T16:12:14.871+0000] {logging_mixin.py:188} INFO - [2024-04-28T16:12:14.871+0000] {dag.py:3096} INFO - Sync 1 DAGs
[2024-04-28T16:12:14.927+0000] {logging_mixin.py:188} INFO - [2024-04-28T16:12:14.927+0000] {dag.py:3954} INFO - Setting next_dagrun for example_sensors to None, run_after=None
[2024-04-28T16:12:15.443+0000] {processor.py:183} INFO - Processing /home/airflow/.local/lib/python3.12/site-packages/airflow/example_dags/example_sensors.py took 0.884 seconds
[2024-04-28T16:12:47.079+0000] {processor.py:161} INFO - Started process (PID=1813) to work on /home/airflow/.local/lib/python3.12/site-packages/airflow/example_dags/example_sensors.py
[2024-04-28T16:12:47.087+0000] {processor.py:830} INFO - Processing file /home/airflow/.local/lib/python3.12/site-packages/airflow/example_dags/example_sensors.py for tasks to queue
[2024-04-28T16:12:47.114+0000] {logging_mixin.py:188} INFO - [2024-04-28T16:12:47.107+0000] {dagbag.py:540} INFO - Filling up the DagBag from /home/airflow/.local/lib/python3.12/site-packages/airflow/example_dags/example_sensors.py
[2024-04-28T16:12:47.240+0000] {processor.py:840} INFO - DAG(s) 'example_sensors' retrieved from /home/airflow/.local/lib/python3.12/site-packages/airflow/example_dags/example_sensors.py
[2024-04-28T16:12:47.606+0000] {logging_mixin.py:188} INFO - [2024-04-28T16:12:47.604+0000] {dag.py:3096} INFO - Sync 1 DAGs
[2024-04-28T16:12:47.670+0000] {logging_mixin.py:188} INFO - [2024-04-28T16:12:47.669+0000] {dag.py:3954} INFO - Setting next_dagrun for example_sensors to None, run_after=None
[2024-04-28T16:12:47.749+0000] {processor.py:183} INFO - Processing /home/airflow/.local/lib/python3.12/site-packages/airflow/example_dags/example_sensors.py took 0.763 seconds
[2024-04-28T16:13:18.576+0000] {processor.py:161} INFO - Started process (PID=1876) to work on /home/airflow/.local/lib/python3.12/site-packages/airflow/example_dags/example_sensors.py
[2024-04-28T16:13:18.579+0000] {processor.py:830} INFO - Processing file /home/airflow/.local/lib/python3.12/site-packages/airflow/example_dags/example_sensors.py for tasks to queue
[2024-04-28T16:13:18.586+0000] {logging_mixin.py:188} INFO - [2024-04-28T16:13:18.585+0000] {dagbag.py:540} INFO - Filling up the DagBag from /home/airflow/.local/lib/python3.12/site-packages/airflow/example_dags/example_sensors.py
[2024-04-28T16:13:18.628+0000] {processor.py:840} INFO - DAG(s) 'example_sensors' retrieved from /home/airflow/.local/lib/python3.12/site-packages/airflow/example_dags/example_sensors.py
[2024-04-28T16:13:18.795+0000] {logging_mixin.py:188} INFO - [2024-04-28T16:13:18.793+0000] {dag.py:3096} INFO - Sync 1 DAGs
[2024-04-28T16:13:18.860+0000] {logging_mixin.py:188} INFO - [2024-04-28T16:13:18.859+0000] {dag.py:3954} INFO - Setting next_dagrun for example_sensors to None, run_after=None
[2024-04-28T16:13:18.964+0000] {processor.py:183} INFO - Processing /home/airflow/.local/lib/python3.12/site-packages/airflow/example_dags/example_sensors.py took 0.416 seconds
[2024-04-28T16:33:59.270+0000] {processor.py:161} INFO - Started process (PID=101) to work on /home/airflow/.local/lib/python3.12/site-packages/airflow/example_dags/example_sensors.py
[2024-04-28T16:33:59.273+0000] {processor.py:830} INFO - Processing file /home/airflow/.local/lib/python3.12/site-packages/airflow/example_dags/example_sensors.py for tasks to queue
[2024-04-28T16:33:59.279+0000] {logging_mixin.py:188} INFO - [2024-04-28T16:33:59.278+0000] {dagbag.py:540} INFO - Filling up the DagBag from /home/airflow/.local/lib/python3.12/site-packages/airflow/example_dags/example_sensors.py
[2024-04-28T16:33:59.313+0000] {processor.py:840} INFO - DAG(s) 'example_sensors' retrieved from /home/airflow/.local/lib/python3.12/site-packages/airflow/example_dags/example_sensors.py
[2024-04-28T16:33:59.658+0000] {logging_mixin.py:188} INFO - [2024-04-28T16:33:59.657+0000] {dag.py:3096} INFO - Sync 1 DAGs
[2024-04-28T16:33:59.692+0000] {logging_mixin.py:188} INFO - [2024-04-28T16:33:59.691+0000] {dag.py:3954} INFO - Setting next_dagrun for example_sensors to None, run_after=None
[2024-04-28T16:33:59.752+0000] {processor.py:183} INFO - Processing /home/airflow/.local/lib/python3.12/site-packages/airflow/example_dags/example_sensors.py took 0.498 seconds
[2024-04-28T16:34:30.313+0000] {processor.py:161} INFO - Started process (PID=163) to work on /home/airflow/.local/lib/python3.12/site-packages/airflow/example_dags/example_sensors.py
[2024-04-28T16:34:30.322+0000] {processor.py:830} INFO - Processing file /home/airflow/.local/lib/python3.12/site-packages/airflow/example_dags/example_sensors.py for tasks to queue
[2024-04-28T16:34:30.333+0000] {logging_mixin.py:188} INFO - [2024-04-28T16:34:30.331+0000] {dagbag.py:540} INFO - Filling up the DagBag from /home/airflow/.local/lib/python3.12/site-packages/airflow/example_dags/example_sensors.py
[2024-04-28T16:34:30.480+0000] {processor.py:840} INFO - DAG(s) 'example_sensors' retrieved from /home/airflow/.local/lib/python3.12/site-packages/airflow/example_dags/example_sensors.py
[2024-04-28T16:34:30.641+0000] {logging_mixin.py:188} INFO - [2024-04-28T16:34:30.640+0000] {dag.py:3096} INFO - Sync 1 DAGs
[2024-04-28T16:34:30.703+0000] {logging_mixin.py:188} INFO - [2024-04-28T16:34:30.702+0000] {dag.py:3954} INFO - Setting next_dagrun for example_sensors to None, run_after=None
[2024-04-28T16:34:30.794+0000] {processor.py:183} INFO - Processing /home/airflow/.local/lib/python3.12/site-packages/airflow/example_dags/example_sensors.py took 0.564 seconds
[2024-04-28T16:43:38.845+0000] {processor.py:161} INFO - Started process (PID=87) to work on /home/airflow/.local/lib/python3.12/site-packages/airflow/example_dags/example_sensors.py
[2024-04-28T16:43:38.849+0000] {processor.py:830} INFO - Processing file /home/airflow/.local/lib/python3.12/site-packages/airflow/example_dags/example_sensors.py for tasks to queue
[2024-04-28T16:43:38.856+0000] {logging_mixin.py:188} INFO - [2024-04-28T16:43:38.855+0000] {dagbag.py:540} INFO - Filling up the DagBag from /home/airflow/.local/lib/python3.12/site-packages/airflow/example_dags/example_sensors.py
[2024-04-28T16:43:38.892+0000] {processor.py:840} INFO - DAG(s) 'example_sensors' retrieved from /home/airflow/.local/lib/python3.12/site-packages/airflow/example_dags/example_sensors.py
[2024-04-28T16:43:39.424+0000] {logging_mixin.py:188} INFO - [2024-04-28T16:43:39.423+0000] {dag.py:3096} INFO - Sync 1 DAGs
[2024-04-28T16:43:39.475+0000] {logging_mixin.py:188} INFO - [2024-04-28T16:43:39.474+0000] {dag.py:3954} INFO - Setting next_dagrun for example_sensors to None, run_after=None
[2024-04-28T16:43:39.553+0000] {processor.py:183} INFO - Processing /home/airflow/.local/lib/python3.12/site-packages/airflow/example_dags/example_sensors.py took 0.730 seconds
[2024-04-28T16:44:09.917+0000] {processor.py:161} INFO - Started process (PID=150) to work on /home/airflow/.local/lib/python3.12/site-packages/airflow/example_dags/example_sensors.py
[2024-04-28T16:44:09.919+0000] {processor.py:830} INFO - Processing file /home/airflow/.local/lib/python3.12/site-packages/airflow/example_dags/example_sensors.py for tasks to queue
[2024-04-28T16:44:09.924+0000] {logging_mixin.py:188} INFO - [2024-04-28T16:44:09.923+0000] {dagbag.py:540} INFO - Filling up the DagBag from /home/airflow/.local/lib/python3.12/site-packages/airflow/example_dags/example_sensors.py
[2024-04-28T16:44:09.955+0000] {processor.py:840} INFO - DAG(s) 'example_sensors' retrieved from /home/airflow/.local/lib/python3.12/site-packages/airflow/example_dags/example_sensors.py
[2024-04-28T16:44:10.037+0000] {logging_mixin.py:188} INFO - [2024-04-28T16:44:10.036+0000] {dag.py:3096} INFO - Sync 1 DAGs
[2024-04-28T16:44:10.076+0000] {logging_mixin.py:188} INFO - [2024-04-28T16:44:10.075+0000] {dag.py:3954} INFO - Setting next_dagrun for example_sensors to None, run_after=None
[2024-04-28T16:44:10.133+0000] {processor.py:183} INFO - Processing /home/airflow/.local/lib/python3.12/site-packages/airflow/example_dags/example_sensors.py took 0.234 seconds
[2024-04-28T16:44:40.325+0000] {processor.py:161} INFO - Started process (PID=212) to work on /home/airflow/.local/lib/python3.12/site-packages/airflow/example_dags/example_sensors.py
[2024-04-28T16:44:40.329+0000] {processor.py:830} INFO - Processing file /home/airflow/.local/lib/python3.12/site-packages/airflow/example_dags/example_sensors.py for tasks to queue
[2024-04-28T16:44:40.338+0000] {logging_mixin.py:188} INFO - [2024-04-28T16:44:40.336+0000] {dagbag.py:540} INFO - Filling up the DagBag from /home/airflow/.local/lib/python3.12/site-packages/airflow/example_dags/example_sensors.py
[2024-04-28T16:44:40.390+0000] {processor.py:840} INFO - DAG(s) 'example_sensors' retrieved from /home/airflow/.local/lib/python3.12/site-packages/airflow/example_dags/example_sensors.py
[2024-04-28T16:44:40.519+0000] {logging_mixin.py:188} INFO - [2024-04-28T16:44:40.518+0000] {dag.py:3096} INFO - Sync 1 DAGs
[2024-04-28T16:44:40.593+0000] {logging_mixin.py:188} INFO - [2024-04-28T16:44:40.592+0000] {dag.py:3954} INFO - Setting next_dagrun for example_sensors to None, run_after=None
[2024-04-28T16:44:40.674+0000] {processor.py:183} INFO - Processing /home/airflow/.local/lib/python3.12/site-packages/airflow/example_dags/example_sensors.py took 0.373 seconds
[2024-04-28T16:45:11.463+0000] {processor.py:161} INFO - Started process (PID=275) to work on /home/airflow/.local/lib/python3.12/site-packages/airflow/example_dags/example_sensors.py
[2024-04-28T16:45:11.466+0000] {processor.py:830} INFO - Processing file /home/airflow/.local/lib/python3.12/site-packages/airflow/example_dags/example_sensors.py for tasks to queue
[2024-04-28T16:45:11.474+0000] {logging_mixin.py:188} INFO - [2024-04-28T16:45:11.472+0000] {dagbag.py:540} INFO - Filling up the DagBag from /home/airflow/.local/lib/python3.12/site-packages/airflow/example_dags/example_sensors.py
[2024-04-28T16:45:11.518+0000] {processor.py:840} INFO - DAG(s) 'example_sensors' retrieved from /home/airflow/.local/lib/python3.12/site-packages/airflow/example_dags/example_sensors.py
[2024-04-28T16:45:11.649+0000] {logging_mixin.py:188} INFO - [2024-04-28T16:45:11.648+0000] {dag.py:3096} INFO - Sync 1 DAGs
[2024-04-28T16:45:11.728+0000] {logging_mixin.py:188} INFO - [2024-04-28T16:45:11.727+0000] {dag.py:3954} INFO - Setting next_dagrun for example_sensors to None, run_after=None
[2024-04-28T16:45:11.832+0000] {processor.py:183} INFO - Processing /home/airflow/.local/lib/python3.12/site-packages/airflow/example_dags/example_sensors.py took 0.388 seconds
[2024-04-28T16:45:42.029+0000] {processor.py:161} INFO - Started process (PID=338) to work on /home/airflow/.local/lib/python3.12/site-packages/airflow/example_dags/example_sensors.py
[2024-04-28T16:45:42.032+0000] {processor.py:830} INFO - Processing file /home/airflow/.local/lib/python3.12/site-packages/airflow/example_dags/example_sensors.py for tasks to queue
[2024-04-28T16:45:42.040+0000] {logging_mixin.py:188} INFO - [2024-04-28T16:45:42.038+0000] {dagbag.py:540} INFO - Filling up the DagBag from /home/airflow/.local/lib/python3.12/site-packages/airflow/example_dags/example_sensors.py
[2024-04-28T16:45:42.085+0000] {processor.py:840} INFO - DAG(s) 'example_sensors' retrieved from /home/airflow/.local/lib/python3.12/site-packages/airflow/example_dags/example_sensors.py
[2024-04-28T16:45:42.164+0000] {logging_mixin.py:188} INFO - [2024-04-28T16:45:42.163+0000] {dag.py:3096} INFO - Sync 1 DAGs
[2024-04-28T16:45:42.207+0000] {logging_mixin.py:188} INFO - [2024-04-28T16:45:42.207+0000] {dag.py:3954} INFO - Setting next_dagrun for example_sensors to None, run_after=None
[2024-04-28T16:45:42.268+0000] {processor.py:183} INFO - Processing /home/airflow/.local/lib/python3.12/site-packages/airflow/example_dags/example_sensors.py took 0.262 seconds
[2024-04-28T16:46:12.587+0000] {processor.py:161} INFO - Started process (PID=401) to work on /home/airflow/.local/lib/python3.12/site-packages/airflow/example_dags/example_sensors.py
[2024-04-28T16:46:12.591+0000] {processor.py:830} INFO - Processing file /home/airflow/.local/lib/python3.12/site-packages/airflow/example_dags/example_sensors.py for tasks to queue
[2024-04-28T16:46:12.596+0000] {logging_mixin.py:188} INFO - [2024-04-28T16:46:12.595+0000] {dagbag.py:540} INFO - Filling up the DagBag from /home/airflow/.local/lib/python3.12/site-packages/airflow/example_dags/example_sensors.py
[2024-04-28T16:46:12.621+0000] {processor.py:840} INFO - DAG(s) 'example_sensors' retrieved from /home/airflow/.local/lib/python3.12/site-packages/airflow/example_dags/example_sensors.py
[2024-04-28T16:46:12.688+0000] {logging_mixin.py:188} INFO - [2024-04-28T16:46:12.688+0000] {dag.py:3096} INFO - Sync 1 DAGs
[2024-04-28T16:46:12.722+0000] {logging_mixin.py:188} INFO - [2024-04-28T16:46:12.721+0000] {dag.py:3954} INFO - Setting next_dagrun for example_sensors to None, run_after=None
[2024-04-28T16:46:12.776+0000] {processor.py:183} INFO - Processing /home/airflow/.local/lib/python3.12/site-packages/airflow/example_dags/example_sensors.py took 0.204 seconds
[2024-04-28T16:46:42.891+0000] {processor.py:161} INFO - Started process (PID=464) to work on /home/airflow/.local/lib/python3.12/site-packages/airflow/example_dags/example_sensors.py
[2024-04-28T16:46:42.895+0000] {processor.py:830} INFO - Processing file /home/airflow/.local/lib/python3.12/site-packages/airflow/example_dags/example_sensors.py for tasks to queue
[2024-04-28T16:46:42.902+0000] {logging_mixin.py:188} INFO - [2024-04-28T16:46:42.901+0000] {dagbag.py:540} INFO - Filling up the DagBag from /home/airflow/.local/lib/python3.12/site-packages/airflow/example_dags/example_sensors.py
[2024-04-28T16:46:42.936+0000] {processor.py:840} INFO - DAG(s) 'example_sensors' retrieved from /home/airflow/.local/lib/python3.12/site-packages/airflow/example_dags/example_sensors.py
[2024-04-28T16:46:43.028+0000] {logging_mixin.py:188} INFO - [2024-04-28T16:46:43.027+0000] {dag.py:3096} INFO - Sync 1 DAGs
[2024-04-28T16:46:43.073+0000] {logging_mixin.py:188} INFO - [2024-04-28T16:46:43.072+0000] {dag.py:3954} INFO - Setting next_dagrun for example_sensors to None, run_after=None
[2024-04-28T16:46:43.128+0000] {processor.py:183} INFO - Processing /home/airflow/.local/lib/python3.12/site-packages/airflow/example_dags/example_sensors.py took 0.257 seconds
[2024-04-28T16:47:14.780+0000] {processor.py:161} INFO - Started process (PID=527) to work on /home/airflow/.local/lib/python3.12/site-packages/airflow/example_dags/example_sensors.py
[2024-04-28T16:47:14.784+0000] {processor.py:830} INFO - Processing file /home/airflow/.local/lib/python3.12/site-packages/airflow/example_dags/example_sensors.py for tasks to queue
[2024-04-28T16:47:14.792+0000] {logging_mixin.py:188} INFO - [2024-04-28T16:47:14.790+0000] {dagbag.py:540} INFO - Filling up the DagBag from /home/airflow/.local/lib/python3.12/site-packages/airflow/example_dags/example_sensors.py
[2024-04-28T16:47:14.832+0000] {processor.py:840} INFO - DAG(s) 'example_sensors' retrieved from /home/airflow/.local/lib/python3.12/site-packages/airflow/example_dags/example_sensors.py
[2024-04-28T16:47:14.957+0000] {logging_mixin.py:188} INFO - [2024-04-28T16:47:14.956+0000] {dag.py:3096} INFO - Sync 1 DAGs
[2024-04-28T16:47:15.022+0000] {logging_mixin.py:188} INFO - [2024-04-28T16:47:15.021+0000] {dag.py:3954} INFO - Setting next_dagrun for example_sensors to None, run_after=None
[2024-04-28T16:47:15.139+0000] {processor.py:183} INFO - Processing /home/airflow/.local/lib/python3.12/site-packages/airflow/example_dags/example_sensors.py took 0.381 seconds
[2024-04-28T16:47:45.287+0000] {processor.py:161} INFO - Started process (PID=590) to work on /home/airflow/.local/lib/python3.12/site-packages/airflow/example_dags/example_sensors.py
[2024-04-28T16:47:45.289+0000] {processor.py:830} INFO - Processing file /home/airflow/.local/lib/python3.12/site-packages/airflow/example_dags/example_sensors.py for tasks to queue
[2024-04-28T16:47:45.294+0000] {logging_mixin.py:188} INFO - [2024-04-28T16:47:45.293+0000] {dagbag.py:540} INFO - Filling up the DagBag from /home/airflow/.local/lib/python3.12/site-packages/airflow/example_dags/example_sensors.py
[2024-04-28T16:47:45.326+0000] {processor.py:840} INFO - DAG(s) 'example_sensors' retrieved from /home/airflow/.local/lib/python3.12/site-packages/airflow/example_dags/example_sensors.py
[2024-04-28T16:47:45.407+0000] {logging_mixin.py:188} INFO - [2024-04-28T16:47:45.406+0000] {dag.py:3096} INFO - Sync 1 DAGs
[2024-04-28T16:47:45.448+0000] {logging_mixin.py:188} INFO - [2024-04-28T16:47:45.446+0000] {dag.py:3954} INFO - Setting next_dagrun for example_sensors to None, run_after=None
[2024-04-28T16:47:45.506+0000] {processor.py:183} INFO - Processing /home/airflow/.local/lib/python3.12/site-packages/airflow/example_dags/example_sensors.py took 0.237 seconds
[2024-04-28T16:48:15.799+0000] {processor.py:161} INFO - Started process (PID=654) to work on /home/airflow/.local/lib/python3.12/site-packages/airflow/example_dags/example_sensors.py
[2024-04-28T16:48:15.801+0000] {processor.py:830} INFO - Processing file /home/airflow/.local/lib/python3.12/site-packages/airflow/example_dags/example_sensors.py for tasks to queue
[2024-04-28T16:48:15.808+0000] {logging_mixin.py:188} INFO - [2024-04-28T16:48:15.806+0000] {dagbag.py:540} INFO - Filling up the DagBag from /home/airflow/.local/lib/python3.12/site-packages/airflow/example_dags/example_sensors.py
[2024-04-28T16:48:15.839+0000] {processor.py:840} INFO - DAG(s) 'example_sensors' retrieved from /home/airflow/.local/lib/python3.12/site-packages/airflow/example_dags/example_sensors.py
[2024-04-28T16:48:15.924+0000] {logging_mixin.py:188} INFO - [2024-04-28T16:48:15.923+0000] {dag.py:3096} INFO - Sync 1 DAGs
[2024-04-28T16:48:15.970+0000] {logging_mixin.py:188} INFO - [2024-04-28T16:48:15.969+0000] {dag.py:3954} INFO - Setting next_dagrun for example_sensors to None, run_after=None
[2024-04-28T16:48:16.038+0000] {processor.py:183} INFO - Processing /home/airflow/.local/lib/python3.12/site-packages/airflow/example_dags/example_sensors.py took 0.257 seconds
[2024-04-28T16:48:46.205+0000] {processor.py:161} INFO - Started process (PID=717) to work on /home/airflow/.local/lib/python3.12/site-packages/airflow/example_dags/example_sensors.py
[2024-04-28T16:48:46.208+0000] {processor.py:830} INFO - Processing file /home/airflow/.local/lib/python3.12/site-packages/airflow/example_dags/example_sensors.py for tasks to queue
[2024-04-28T16:48:46.214+0000] {logging_mixin.py:188} INFO - [2024-04-28T16:48:46.213+0000] {dagbag.py:540} INFO - Filling up the DagBag from /home/airflow/.local/lib/python3.12/site-packages/airflow/example_dags/example_sensors.py
[2024-04-28T16:48:46.252+0000] {processor.py:840} INFO - DAG(s) 'example_sensors' retrieved from /home/airflow/.local/lib/python3.12/site-packages/airflow/example_dags/example_sensors.py
[2024-04-28T16:48:46.346+0000] {logging_mixin.py:188} INFO - [2024-04-28T16:48:46.345+0000] {dag.py:3096} INFO - Sync 1 DAGs
[2024-04-28T16:48:46.385+0000] {logging_mixin.py:188} INFO - [2024-04-28T16:48:46.384+0000] {dag.py:3954} INFO - Setting next_dagrun for example_sensors to None, run_after=None
[2024-04-28T16:48:46.446+0000] {processor.py:183} INFO - Processing /home/airflow/.local/lib/python3.12/site-packages/airflow/example_dags/example_sensors.py took 0.259 seconds
[2024-04-28T16:49:17.361+0000] {processor.py:161} INFO - Started process (PID=780) to work on /home/airflow/.local/lib/python3.12/site-packages/airflow/example_dags/example_sensors.py
[2024-04-28T16:49:17.364+0000] {processor.py:830} INFO - Processing file /home/airflow/.local/lib/python3.12/site-packages/airflow/example_dags/example_sensors.py for tasks to queue
[2024-04-28T16:49:17.382+0000] {logging_mixin.py:188} INFO - [2024-04-28T16:49:17.376+0000] {dagbag.py:540} INFO - Filling up the DagBag from /home/airflow/.local/lib/python3.12/site-packages/airflow/example_dags/example_sensors.py
[2024-04-28T16:49:17.460+0000] {processor.py:840} INFO - DAG(s) 'example_sensors' retrieved from /home/airflow/.local/lib/python3.12/site-packages/airflow/example_dags/example_sensors.py
[2024-04-28T16:49:17.650+0000] {logging_mixin.py:188} INFO - [2024-04-28T16:49:17.648+0000] {dag.py:3096} INFO - Sync 1 DAGs
[2024-04-28T16:49:17.717+0000] {logging_mixin.py:188} INFO - [2024-04-28T16:49:17.716+0000] {dag.py:3954} INFO - Setting next_dagrun for example_sensors to None, run_after=None
[2024-04-28T16:49:17.896+0000] {processor.py:183} INFO - Processing /home/airflow/.local/lib/python3.12/site-packages/airflow/example_dags/example_sensors.py took 0.595 seconds
[2024-04-28T16:49:48.536+0000] {processor.py:161} INFO - Started process (PID=844) to work on /home/airflow/.local/lib/python3.12/site-packages/airflow/example_dags/example_sensors.py
[2024-04-28T16:49:48.539+0000] {processor.py:830} INFO - Processing file /home/airflow/.local/lib/python3.12/site-packages/airflow/example_dags/example_sensors.py for tasks to queue
[2024-04-28T16:49:48.546+0000] {logging_mixin.py:188} INFO - [2024-04-28T16:49:48.544+0000] {dagbag.py:540} INFO - Filling up the DagBag from /home/airflow/.local/lib/python3.12/site-packages/airflow/example_dags/example_sensors.py
[2024-04-28T16:49:48.581+0000] {processor.py:840} INFO - DAG(s) 'example_sensors' retrieved from /home/airflow/.local/lib/python3.12/site-packages/airflow/example_dags/example_sensors.py
[2024-04-28T16:49:48.686+0000] {logging_mixin.py:188} INFO - [2024-04-28T16:49:48.685+0000] {dag.py:3096} INFO - Sync 1 DAGs
[2024-04-28T16:49:48.742+0000] {logging_mixin.py:188} INFO - [2024-04-28T16:49:48.742+0000] {dag.py:3954} INFO - Setting next_dagrun for example_sensors to None, run_after=None
[2024-04-28T16:49:48.816+0000] {processor.py:183} INFO - Processing /home/airflow/.local/lib/python3.12/site-packages/airflow/example_dags/example_sensors.py took 0.298 seconds
[2024-04-28T16:50:19.032+0000] {processor.py:161} INFO - Started process (PID=907) to work on /home/airflow/.local/lib/python3.12/site-packages/airflow/example_dags/example_sensors.py
[2024-04-28T16:50:19.038+0000] {processor.py:830} INFO - Processing file /home/airflow/.local/lib/python3.12/site-packages/airflow/example_dags/example_sensors.py for tasks to queue
[2024-04-28T16:50:19.044+0000] {logging_mixin.py:188} INFO - [2024-04-28T16:50:19.042+0000] {dagbag.py:540} INFO - Filling up the DagBag from /home/airflow/.local/lib/python3.12/site-packages/airflow/example_dags/example_sensors.py
[2024-04-28T16:50:19.074+0000] {processor.py:840} INFO - DAG(s) 'example_sensors' retrieved from /home/airflow/.local/lib/python3.12/site-packages/airflow/example_dags/example_sensors.py
[2024-04-28T16:50:19.162+0000] {logging_mixin.py:188} INFO - [2024-04-28T16:50:19.161+0000] {dag.py:3096} INFO - Sync 1 DAGs
[2024-04-28T16:50:19.204+0000] {logging_mixin.py:188} INFO - [2024-04-28T16:50:19.204+0000] {dag.py:3954} INFO - Setting next_dagrun for example_sensors to None, run_after=None
[2024-04-28T16:50:19.264+0000] {processor.py:183} INFO - Processing /home/airflow/.local/lib/python3.12/site-packages/airflow/example_dags/example_sensors.py took 0.252 seconds
[2024-04-28T16:50:49.363+0000] {processor.py:161} INFO - Started process (PID=970) to work on /home/airflow/.local/lib/python3.12/site-packages/airflow/example_dags/example_sensors.py
[2024-04-28T16:50:49.365+0000] {processor.py:830} INFO - Processing file /home/airflow/.local/lib/python3.12/site-packages/airflow/example_dags/example_sensors.py for tasks to queue
[2024-04-28T16:50:49.371+0000] {logging_mixin.py:188} INFO - [2024-04-28T16:50:49.370+0000] {dagbag.py:540} INFO - Filling up the DagBag from /home/airflow/.local/lib/python3.12/site-packages/airflow/example_dags/example_sensors.py
[2024-04-28T16:50:49.399+0000] {processor.py:840} INFO - DAG(s) 'example_sensors' retrieved from /home/airflow/.local/lib/python3.12/site-packages/airflow/example_dags/example_sensors.py
[2024-04-28T16:50:49.481+0000] {logging_mixin.py:188} INFO - [2024-04-28T16:50:49.481+0000] {dag.py:3096} INFO - Sync 1 DAGs
[2024-04-28T16:50:49.523+0000] {logging_mixin.py:188} INFO - [2024-04-28T16:50:49.522+0000] {dag.py:3954} INFO - Setting next_dagrun for example_sensors to None, run_after=None
[2024-04-28T16:50:49.597+0000] {processor.py:183} INFO - Processing /home/airflow/.local/lib/python3.12/site-packages/airflow/example_dags/example_sensors.py took 0.251 seconds
[2024-04-28T16:51:21.295+0000] {processor.py:161} INFO - Started process (PID=1033) to work on /home/airflow/.local/lib/python3.12/site-packages/airflow/example_dags/example_sensors.py
[2024-04-28T16:51:21.307+0000] {processor.py:830} INFO - Processing file /home/airflow/.local/lib/python3.12/site-packages/airflow/example_dags/example_sensors.py for tasks to queue
[2024-04-28T16:51:21.316+0000] {logging_mixin.py:188} INFO - [2024-04-28T16:51:21.314+0000] {dagbag.py:540} INFO - Filling up the DagBag from /home/airflow/.local/lib/python3.12/site-packages/airflow/example_dags/example_sensors.py
[2024-04-28T16:51:21.370+0000] {processor.py:840} INFO - DAG(s) 'example_sensors' retrieved from /home/airflow/.local/lib/python3.12/site-packages/airflow/example_dags/example_sensors.py
[2024-04-28T16:51:21.528+0000] {logging_mixin.py:188} INFO - [2024-04-28T16:51:21.527+0000] {dag.py:3096} INFO - Sync 1 DAGs
[2024-04-28T16:51:21.587+0000] {logging_mixin.py:188} INFO - [2024-04-28T16:51:21.587+0000] {dag.py:3954} INFO - Setting next_dagrun for example_sensors to None, run_after=None
[2024-04-28T16:51:21.657+0000] {processor.py:183} INFO - Processing /home/airflow/.local/lib/python3.12/site-packages/airflow/example_dags/example_sensors.py took 0.381 seconds
[2024-04-28T16:51:52.602+0000] {processor.py:161} INFO - Started process (PID=1097) to work on /home/airflow/.local/lib/python3.12/site-packages/airflow/example_dags/example_sensors.py
[2024-04-28T16:51:52.605+0000] {processor.py:830} INFO - Processing file /home/airflow/.local/lib/python3.12/site-packages/airflow/example_dags/example_sensors.py for tasks to queue
[2024-04-28T16:51:52.614+0000] {logging_mixin.py:188} INFO - [2024-04-28T16:51:52.611+0000] {dagbag.py:540} INFO - Filling up the DagBag from /home/airflow/.local/lib/python3.12/site-packages/airflow/example_dags/example_sensors.py
[2024-04-28T16:51:52.655+0000] {processor.py:840} INFO - DAG(s) 'example_sensors' retrieved from /home/airflow/.local/lib/python3.12/site-packages/airflow/example_dags/example_sensors.py
[2024-04-28T16:51:52.802+0000] {logging_mixin.py:188} INFO - [2024-04-28T16:51:52.800+0000] {dag.py:3096} INFO - Sync 1 DAGs
[2024-04-28T16:51:52.869+0000] {logging_mixin.py:188} INFO - [2024-04-28T16:51:52.868+0000] {dag.py:3954} INFO - Setting next_dagrun for example_sensors to None, run_after=None
[2024-04-28T16:51:52.961+0000] {processor.py:183} INFO - Processing /home/airflow/.local/lib/python3.12/site-packages/airflow/example_dags/example_sensors.py took 0.412 seconds
[2024-04-28T16:52:23.621+0000] {processor.py:161} INFO - Started process (PID=1159) to work on /home/airflow/.local/lib/python3.12/site-packages/airflow/example_dags/example_sensors.py
[2024-04-28T16:52:23.623+0000] {processor.py:830} INFO - Processing file /home/airflow/.local/lib/python3.12/site-packages/airflow/example_dags/example_sensors.py for tasks to queue
[2024-04-28T16:52:23.630+0000] {logging_mixin.py:188} INFO - [2024-04-28T16:52:23.629+0000] {dagbag.py:540} INFO - Filling up the DagBag from /home/airflow/.local/lib/python3.12/site-packages/airflow/example_dags/example_sensors.py
[2024-04-28T16:52:23.666+0000] {processor.py:840} INFO - DAG(s) 'example_sensors' retrieved from /home/airflow/.local/lib/python3.12/site-packages/airflow/example_dags/example_sensors.py
[2024-04-28T16:52:23.753+0000] {logging_mixin.py:188} INFO - [2024-04-28T16:52:23.752+0000] {dag.py:3096} INFO - Sync 1 DAGs
[2024-04-28T16:52:23.794+0000] {logging_mixin.py:188} INFO - [2024-04-28T16:52:23.793+0000] {dag.py:3954} INFO - Setting next_dagrun for example_sensors to None, run_after=None
[2024-04-28T16:52:23.850+0000] {processor.py:183} INFO - Processing /home/airflow/.local/lib/python3.12/site-packages/airflow/example_dags/example_sensors.py took 0.246 seconds
[2024-04-28T16:52:54.643+0000] {processor.py:161} INFO - Started process (PID=1222) to work on /home/airflow/.local/lib/python3.12/site-packages/airflow/example_dags/example_sensors.py
[2024-04-28T16:52:54.646+0000] {processor.py:830} INFO - Processing file /home/airflow/.local/lib/python3.12/site-packages/airflow/example_dags/example_sensors.py for tasks to queue
[2024-04-28T16:52:54.652+0000] {logging_mixin.py:188} INFO - [2024-04-28T16:52:54.651+0000] {dagbag.py:540} INFO - Filling up the DagBag from /home/airflow/.local/lib/python3.12/site-packages/airflow/example_dags/example_sensors.py
[2024-04-28T16:52:54.686+0000] {processor.py:840} INFO - DAG(s) 'example_sensors' retrieved from /home/airflow/.local/lib/python3.12/site-packages/airflow/example_dags/example_sensors.py
[2024-04-28T16:52:54.771+0000] {logging_mixin.py:188} INFO - [2024-04-28T16:52:54.770+0000] {dag.py:3096} INFO - Sync 1 DAGs
[2024-04-28T16:52:54.818+0000] {logging_mixin.py:188} INFO - [2024-04-28T16:52:54.817+0000] {dag.py:3954} INFO - Setting next_dagrun for example_sensors to None, run_after=None
[2024-04-28T16:52:54.882+0000] {processor.py:183} INFO - Processing /home/airflow/.local/lib/python3.12/site-packages/airflow/example_dags/example_sensors.py took 0.255 seconds
[2024-04-28T16:53:25.248+0000] {processor.py:161} INFO - Started process (PID=1285) to work on /home/airflow/.local/lib/python3.12/site-packages/airflow/example_dags/example_sensors.py
[2024-04-28T16:53:25.251+0000] {processor.py:830} INFO - Processing file /home/airflow/.local/lib/python3.12/site-packages/airflow/example_dags/example_sensors.py for tasks to queue
[2024-04-28T16:53:25.256+0000] {logging_mixin.py:188} INFO - [2024-04-28T16:53:25.255+0000] {dagbag.py:540} INFO - Filling up the DagBag from /home/airflow/.local/lib/python3.12/site-packages/airflow/example_dags/example_sensors.py
[2024-04-28T16:53:25.286+0000] {processor.py:840} INFO - DAG(s) 'example_sensors' retrieved from /home/airflow/.local/lib/python3.12/site-packages/airflow/example_dags/example_sensors.py
[2024-04-28T16:53:25.368+0000] {logging_mixin.py:188} INFO - [2024-04-28T16:53:25.367+0000] {dag.py:3096} INFO - Sync 1 DAGs
[2024-04-28T16:53:25.409+0000] {logging_mixin.py:188} INFO - [2024-04-28T16:53:25.408+0000] {dag.py:3954} INFO - Setting next_dagrun for example_sensors to None, run_after=None
[2024-04-28T16:53:25.475+0000] {processor.py:183} INFO - Processing /home/airflow/.local/lib/python3.12/site-packages/airflow/example_dags/example_sensors.py took 0.245 seconds
[2024-04-28T16:53:56.187+0000] {processor.py:161} INFO - Started process (PID=1348) to work on /home/airflow/.local/lib/python3.12/site-packages/airflow/example_dags/example_sensors.py
[2024-04-28T16:53:56.191+0000] {processor.py:830} INFO - Processing file /home/airflow/.local/lib/python3.12/site-packages/airflow/example_dags/example_sensors.py for tasks to queue
[2024-04-28T16:53:56.201+0000] {logging_mixin.py:188} INFO - [2024-04-28T16:53:56.197+0000] {dagbag.py:540} INFO - Filling up the DagBag from /home/airflow/.local/lib/python3.12/site-packages/airflow/example_dags/example_sensors.py
[2024-04-28T16:53:56.244+0000] {processor.py:840} INFO - DAG(s) 'example_sensors' retrieved from /home/airflow/.local/lib/python3.12/site-packages/airflow/example_dags/example_sensors.py
[2024-04-28T16:53:56.353+0000] {logging_mixin.py:188} INFO - [2024-04-28T16:53:56.352+0000] {dag.py:3096} INFO - Sync 1 DAGs
[2024-04-28T16:53:56.407+0000] {logging_mixin.py:188} INFO - [2024-04-28T16:53:56.406+0000] {dag.py:3954} INFO - Setting next_dagrun for example_sensors to None, run_after=None
[2024-04-28T16:53:56.527+0000] {processor.py:183} INFO - Processing /home/airflow/.local/lib/python3.12/site-packages/airflow/example_dags/example_sensors.py took 0.367 seconds
[2024-04-28T16:54:27.163+0000] {processor.py:161} INFO - Started process (PID=1410) to work on /home/airflow/.local/lib/python3.12/site-packages/airflow/example_dags/example_sensors.py
[2024-04-28T16:54:27.165+0000] {processor.py:830} INFO - Processing file /home/airflow/.local/lib/python3.12/site-packages/airflow/example_dags/example_sensors.py for tasks to queue
[2024-04-28T16:54:27.171+0000] {logging_mixin.py:188} INFO - [2024-04-28T16:54:27.169+0000] {dagbag.py:540} INFO - Filling up the DagBag from /home/airflow/.local/lib/python3.12/site-packages/airflow/example_dags/example_sensors.py
[2024-04-28T16:54:27.202+0000] {processor.py:840} INFO - DAG(s) 'example_sensors' retrieved from /home/airflow/.local/lib/python3.12/site-packages/airflow/example_dags/example_sensors.py
[2024-04-28T16:54:27.288+0000] {logging_mixin.py:188} INFO - [2024-04-28T16:54:27.287+0000] {dag.py:3096} INFO - Sync 1 DAGs
[2024-04-28T16:54:27.358+0000] {logging_mixin.py:188} INFO - [2024-04-28T16:54:27.357+0000] {dag.py:3954} INFO - Setting next_dagrun for example_sensors to None, run_after=None
[2024-04-28T16:54:27.437+0000] {processor.py:183} INFO - Processing /home/airflow/.local/lib/python3.12/site-packages/airflow/example_dags/example_sensors.py took 0.293 seconds
[2024-04-28T16:54:57.718+0000] {processor.py:161} INFO - Started process (PID=1473) to work on /home/airflow/.local/lib/python3.12/site-packages/airflow/example_dags/example_sensors.py
[2024-04-28T16:54:57.722+0000] {processor.py:830} INFO - Processing file /home/airflow/.local/lib/python3.12/site-packages/airflow/example_dags/example_sensors.py for tasks to queue
[2024-04-28T16:54:57.729+0000] {logging_mixin.py:188} INFO - [2024-04-28T16:54:57.727+0000] {dagbag.py:540} INFO - Filling up the DagBag from /home/airflow/.local/lib/python3.12/site-packages/airflow/example_dags/example_sensors.py
[2024-04-28T16:54:57.764+0000] {processor.py:840} INFO - DAG(s) 'example_sensors' retrieved from /home/airflow/.local/lib/python3.12/site-packages/airflow/example_dags/example_sensors.py
[2024-04-28T16:54:57.847+0000] {logging_mixin.py:188} INFO - [2024-04-28T16:54:57.847+0000] {dag.py:3096} INFO - Sync 1 DAGs
[2024-04-28T16:54:57.887+0000] {logging_mixin.py:188} INFO - [2024-04-28T16:54:57.886+0000] {dag.py:3954} INFO - Setting next_dagrun for example_sensors to None, run_after=None
[2024-04-28T16:54:57.943+0000] {processor.py:183} INFO - Processing /home/airflow/.local/lib/python3.12/site-packages/airflow/example_dags/example_sensors.py took 0.248 seconds
[2024-04-28T16:55:28.288+0000] {processor.py:161} INFO - Started process (PID=1536) to work on /home/airflow/.local/lib/python3.12/site-packages/airflow/example_dags/example_sensors.py
[2024-04-28T16:55:28.292+0000] {processor.py:830} INFO - Processing file /home/airflow/.local/lib/python3.12/site-packages/airflow/example_dags/example_sensors.py for tasks to queue
[2024-04-28T16:55:28.299+0000] {logging_mixin.py:188} INFO - [2024-04-28T16:55:28.298+0000] {dagbag.py:540} INFO - Filling up the DagBag from /home/airflow/.local/lib/python3.12/site-packages/airflow/example_dags/example_sensors.py
[2024-04-28T16:55:28.331+0000] {processor.py:840} INFO - DAG(s) 'example_sensors' retrieved from /home/airflow/.local/lib/python3.12/site-packages/airflow/example_dags/example_sensors.py
[2024-04-28T16:55:28.416+0000] {logging_mixin.py:188} INFO - [2024-04-28T16:55:28.416+0000] {dag.py:3096} INFO - Sync 1 DAGs
[2024-04-28T16:55:28.456+0000] {logging_mixin.py:188} INFO - [2024-04-28T16:55:28.455+0000] {dag.py:3954} INFO - Setting next_dagrun for example_sensors to None, run_after=None
[2024-04-28T16:55:28.512+0000] {processor.py:183} INFO - Processing /home/airflow/.local/lib/python3.12/site-packages/airflow/example_dags/example_sensors.py took 0.241 seconds
[2024-04-28T16:55:59.390+0000] {processor.py:161} INFO - Started process (PID=1599) to work on /home/airflow/.local/lib/python3.12/site-packages/airflow/example_dags/example_sensors.py
[2024-04-28T16:55:59.396+0000] {processor.py:830} INFO - Processing file /home/airflow/.local/lib/python3.12/site-packages/airflow/example_dags/example_sensors.py for tasks to queue
[2024-04-28T16:55:59.411+0000] {logging_mixin.py:188} INFO - [2024-04-28T16:55:59.410+0000] {dagbag.py:540} INFO - Filling up the DagBag from /home/airflow/.local/lib/python3.12/site-packages/airflow/example_dags/example_sensors.py
[2024-04-28T16:55:59.483+0000] {processor.py:840} INFO - DAG(s) 'example_sensors' retrieved from /home/airflow/.local/lib/python3.12/site-packages/airflow/example_dags/example_sensors.py
[2024-04-28T16:55:59.615+0000] {logging_mixin.py:188} INFO - [2024-04-28T16:55:59.614+0000] {dag.py:3096} INFO - Sync 1 DAGs
[2024-04-28T16:55:59.671+0000] {logging_mixin.py:188} INFO - [2024-04-28T16:55:59.670+0000] {dag.py:3954} INFO - Setting next_dagrun for example_sensors to None, run_after=None
[2024-04-28T16:55:59.830+0000] {processor.py:183} INFO - Processing /home/airflow/.local/lib/python3.12/site-packages/airflow/example_dags/example_sensors.py took 0.482 seconds
[2024-04-28T16:56:30.400+0000] {processor.py:161} INFO - Started process (PID=1663) to work on /home/airflow/.local/lib/python3.12/site-packages/airflow/example_dags/example_sensors.py
[2024-04-28T16:56:30.403+0000] {processor.py:830} INFO - Processing file /home/airflow/.local/lib/python3.12/site-packages/airflow/example_dags/example_sensors.py for tasks to queue
[2024-04-28T16:56:30.410+0000] {logging_mixin.py:188} INFO - [2024-04-28T16:56:30.409+0000] {dagbag.py:540} INFO - Filling up the DagBag from /home/airflow/.local/lib/python3.12/site-packages/airflow/example_dags/example_sensors.py
[2024-04-28T16:56:30.448+0000] {processor.py:840} INFO - DAG(s) 'example_sensors' retrieved from /home/airflow/.local/lib/python3.12/site-packages/airflow/example_dags/example_sensors.py
[2024-04-28T16:56:30.570+0000] {logging_mixin.py:188} INFO - [2024-04-28T16:56:30.568+0000] {dag.py:3096} INFO - Sync 1 DAGs
[2024-04-28T16:56:30.636+0000] {logging_mixin.py:188} INFO - [2024-04-28T16:56:30.635+0000] {dag.py:3954} INFO - Setting next_dagrun for example_sensors to None, run_after=None
[2024-04-28T16:56:30.725+0000] {processor.py:183} INFO - Processing /home/airflow/.local/lib/python3.12/site-packages/airflow/example_dags/example_sensors.py took 0.346 seconds
[2024-04-28T16:57:00.877+0000] {processor.py:161} INFO - Started process (PID=1725) to work on /home/airflow/.local/lib/python3.12/site-packages/airflow/example_dags/example_sensors.py
[2024-04-28T16:57:00.881+0000] {processor.py:830} INFO - Processing file /home/airflow/.local/lib/python3.12/site-packages/airflow/example_dags/example_sensors.py for tasks to queue
[2024-04-28T16:57:00.894+0000] {logging_mixin.py:188} INFO - [2024-04-28T16:57:00.893+0000] {dagbag.py:540} INFO - Filling up the DagBag from /home/airflow/.local/lib/python3.12/site-packages/airflow/example_dags/example_sensors.py
[2024-04-28T16:57:00.952+0000] {processor.py:840} INFO - DAG(s) 'example_sensors' retrieved from /home/airflow/.local/lib/python3.12/site-packages/airflow/example_dags/example_sensors.py
[2024-04-28T16:57:01.093+0000] {logging_mixin.py:188} INFO - [2024-04-28T16:57:01.092+0000] {dag.py:3096} INFO - Sync 1 DAGs
[2024-04-28T16:57:01.165+0000] {logging_mixin.py:188} INFO - [2024-04-28T16:57:01.164+0000] {dag.py:3954} INFO - Setting next_dagrun for example_sensors to None, run_after=None
[2024-04-28T16:57:01.258+0000] {processor.py:183} INFO - Processing /home/airflow/.local/lib/python3.12/site-packages/airflow/example_dags/example_sensors.py took 0.421 seconds
[2024-04-28T16:57:33.883+0000] {processor.py:161} INFO - Started process (PID=1789) to work on /home/airflow/.local/lib/python3.12/site-packages/airflow/example_dags/example_sensors.py
[2024-04-28T16:57:33.885+0000] {processor.py:830} INFO - Processing file /home/airflow/.local/lib/python3.12/site-packages/airflow/example_dags/example_sensors.py for tasks to queue
[2024-04-28T16:57:33.892+0000] {logging_mixin.py:188} INFO - [2024-04-28T16:57:33.890+0000] {dagbag.py:540} INFO - Filling up the DagBag from /home/airflow/.local/lib/python3.12/site-packages/airflow/example_dags/example_sensors.py
[2024-04-28T16:57:33.931+0000] {processor.py:840} INFO - DAG(s) 'example_sensors' retrieved from /home/airflow/.local/lib/python3.12/site-packages/airflow/example_dags/example_sensors.py
[2024-04-28T16:57:34.023+0000] {logging_mixin.py:188} INFO - [2024-04-28T16:57:34.022+0000] {dag.py:3096} INFO - Sync 1 DAGs
[2024-04-28T16:57:34.073+0000] {logging_mixin.py:188} INFO - [2024-04-28T16:57:34.073+0000] {dag.py:3954} INFO - Setting next_dagrun for example_sensors to None, run_after=None
[2024-04-28T16:57:34.201+0000] {processor.py:183} INFO - Processing /home/airflow/.local/lib/python3.12/site-packages/airflow/example_dags/example_sensors.py took 0.338 seconds
[2024-04-28T16:58:04.389+0000] {processor.py:161} INFO - Started process (PID=1851) to work on /home/airflow/.local/lib/python3.12/site-packages/airflow/example_dags/example_sensors.py
[2024-04-28T16:58:04.394+0000] {processor.py:830} INFO - Processing file /home/airflow/.local/lib/python3.12/site-packages/airflow/example_dags/example_sensors.py for tasks to queue
[2024-04-28T16:58:04.400+0000] {logging_mixin.py:188} INFO - [2024-04-28T16:58:04.399+0000] {dagbag.py:540} INFO - Filling up the DagBag from /home/airflow/.local/lib/python3.12/site-packages/airflow/example_dags/example_sensors.py
[2024-04-28T16:58:04.437+0000] {processor.py:840} INFO - DAG(s) 'example_sensors' retrieved from /home/airflow/.local/lib/python3.12/site-packages/airflow/example_dags/example_sensors.py
[2024-04-28T16:58:04.521+0000] {logging_mixin.py:188} INFO - [2024-04-28T16:58:04.520+0000] {dag.py:3096} INFO - Sync 1 DAGs
[2024-04-28T16:58:04.564+0000] {logging_mixin.py:188} INFO - [2024-04-28T16:58:04.563+0000] {dag.py:3954} INFO - Setting next_dagrun for example_sensors to None, run_after=None
[2024-04-28T16:58:04.645+0000] {processor.py:183} INFO - Processing /home/airflow/.local/lib/python3.12/site-packages/airflow/example_dags/example_sensors.py took 0.273 seconds
[2024-04-28T16:58:35.072+0000] {processor.py:161} INFO - Started process (PID=1914) to work on /home/airflow/.local/lib/python3.12/site-packages/airflow/example_dags/example_sensors.py
[2024-04-28T16:58:35.075+0000] {processor.py:830} INFO - Processing file /home/airflow/.local/lib/python3.12/site-packages/airflow/example_dags/example_sensors.py for tasks to queue
[2024-04-28T16:58:35.084+0000] {logging_mixin.py:188} INFO - [2024-04-28T16:58:35.083+0000] {dagbag.py:540} INFO - Filling up the DagBag from /home/airflow/.local/lib/python3.12/site-packages/airflow/example_dags/example_sensors.py
[2024-04-28T16:58:35.141+0000] {processor.py:840} INFO - DAG(s) 'example_sensors' retrieved from /home/airflow/.local/lib/python3.12/site-packages/airflow/example_dags/example_sensors.py
[2024-04-28T16:58:35.297+0000] {logging_mixin.py:188} INFO - [2024-04-28T16:58:35.296+0000] {dag.py:3096} INFO - Sync 1 DAGs
[2024-04-28T16:58:35.364+0000] {logging_mixin.py:188} INFO - [2024-04-28T16:58:35.364+0000] {dag.py:3954} INFO - Setting next_dagrun for example_sensors to None, run_after=None
[2024-04-28T16:58:35.461+0000] {processor.py:183} INFO - Processing /home/airflow/.local/lib/python3.12/site-packages/airflow/example_dags/example_sensors.py took 0.414 seconds
