[2024-04-28T15:36:25.597+0000] {processor.py:161} INFO - Started process (PID=110) to work on /home/airflow/.local/lib/python3.12/site-packages/airflow/example_dags/example_python_operator.py
[2024-04-28T15:36:25.599+0000] {processor.py:830} INFO - Processing file /home/airflow/.local/lib/python3.12/site-packages/airflow/example_dags/example_python_operator.py for tasks to queue
[2024-04-28T15:36:25.612+0000] {logging_mixin.py:188} INFO - [2024-04-28T15:36:25.611+0000] {dagbag.py:540} INFO - Filling up the DagBag from /home/airflow/.local/lib/python3.12/site-packages/airflow/example_dags/example_python_operator.py
[2024-04-28T15:36:25.659+0000] {processor.py:840} INFO - DAG(s) 'example_python_operator' retrieved from /home/airflow/.local/lib/python3.12/site-packages/airflow/example_dags/example_python_operator.py
[2024-04-28T15:36:26.293+0000] {logging_mixin.py:188} INFO - [2024-04-28T15:36:26.290+0000] {dag.py:3096} INFO - Sync 1 DAGs
[2024-04-28T15:36:26.355+0000] {logging_mixin.py:188} INFO - [2024-04-28T15:36:26.352+0000] {dag.py:3954} INFO - Setting next_dagrun for example_python_operator to None, run_after=None
[2024-04-28T15:36:26.468+0000] {processor.py:183} INFO - Processing /home/airflow/.local/lib/python3.12/site-packages/airflow/example_dags/example_python_operator.py took 0.892 seconds
[2024-04-28T15:36:57.637+0000] {processor.py:161} INFO - Started process (PID=175) to work on /home/airflow/.local/lib/python3.12/site-packages/airflow/example_dags/example_python_operator.py
[2024-04-28T15:36:57.640+0000] {processor.py:830} INFO - Processing file /home/airflow/.local/lib/python3.12/site-packages/airflow/example_dags/example_python_operator.py for tasks to queue
[2024-04-28T15:36:57.647+0000] {logging_mixin.py:188} INFO - [2024-04-28T15:36:57.646+0000] {dagbag.py:540} INFO - Filling up the DagBag from /home/airflow/.local/lib/python3.12/site-packages/airflow/example_dags/example_python_operator.py
[2024-04-28T15:36:57.695+0000] {processor.py:840} INFO - DAG(s) 'example_python_operator' retrieved from /home/airflow/.local/lib/python3.12/site-packages/airflow/example_dags/example_python_operator.py
[2024-04-28T15:36:57.820+0000] {logging_mixin.py:188} INFO - [2024-04-28T15:36:57.818+0000] {dag.py:3096} INFO - Sync 1 DAGs
[2024-04-28T15:36:57.924+0000] {logging_mixin.py:188} INFO - [2024-04-28T15:36:57.923+0000] {dag.py:3954} INFO - Setting next_dagrun for example_python_operator to None, run_after=None
[2024-04-28T15:36:58.090+0000] {processor.py:183} INFO - Processing /home/airflow/.local/lib/python3.12/site-packages/airflow/example_dags/example_python_operator.py took 0.473 seconds
[2024-04-28T15:37:31.370+0000] {processor.py:161} INFO - Started process (PID=240) to work on /home/airflow/.local/lib/python3.12/site-packages/airflow/example_dags/example_python_operator.py
[2024-04-28T15:37:31.406+0000] {processor.py:830} INFO - Processing file /home/airflow/.local/lib/python3.12/site-packages/airflow/example_dags/example_python_operator.py for tasks to queue
[2024-04-28T15:37:31.437+0000] {logging_mixin.py:188} INFO - [2024-04-28T15:37:31.420+0000] {dagbag.py:540} INFO - Filling up the DagBag from /home/airflow/.local/lib/python3.12/site-packages/airflow/example_dags/example_python_operator.py
[2024-04-28T15:37:31.812+0000] {processor.py:840} INFO - DAG(s) 'example_python_operator' retrieved from /home/airflow/.local/lib/python3.12/site-packages/airflow/example_dags/example_python_operator.py
[2024-04-28T15:37:32.248+0000] {logging_mixin.py:188} INFO - [2024-04-28T15:37:32.231+0000] {dag.py:3096} INFO - Sync 1 DAGs
[2024-04-28T15:37:32.546+0000] {logging_mixin.py:188} INFO - [2024-04-28T15:37:32.545+0000] {dag.py:3954} INFO - Setting next_dagrun for example_python_operator to None, run_after=None
[2024-04-28T15:37:32.673+0000] {processor.py:183} INFO - Processing /home/airflow/.local/lib/python3.12/site-packages/airflow/example_dags/example_python_operator.py took 1.400 seconds
[2024-04-28T15:38:03.166+0000] {processor.py:161} INFO - Started process (PID=303) to work on /home/airflow/.local/lib/python3.12/site-packages/airflow/example_dags/example_python_operator.py
[2024-04-28T15:38:03.170+0000] {processor.py:830} INFO - Processing file /home/airflow/.local/lib/python3.12/site-packages/airflow/example_dags/example_python_operator.py for tasks to queue
[2024-04-28T15:38:03.188+0000] {logging_mixin.py:188} INFO - [2024-04-28T15:38:03.180+0000] {dagbag.py:540} INFO - Filling up the DagBag from /home/airflow/.local/lib/python3.12/site-packages/airflow/example_dags/example_python_operator.py
[2024-04-28T15:38:03.276+0000] {processor.py:840} INFO - DAG(s) 'example_python_operator' retrieved from /home/airflow/.local/lib/python3.12/site-packages/airflow/example_dags/example_python_operator.py
[2024-04-28T15:38:03.422+0000] {logging_mixin.py:188} INFO - [2024-04-28T15:38:03.419+0000] {dag.py:3096} INFO - Sync 1 DAGs
[2024-04-28T15:38:03.493+0000] {logging_mixin.py:188} INFO - [2024-04-28T15:38:03.492+0000] {dag.py:3954} INFO - Setting next_dagrun for example_python_operator to None, run_after=None
[2024-04-28T15:38:03.684+0000] {processor.py:183} INFO - Processing /home/airflow/.local/lib/python3.12/site-packages/airflow/example_dags/example_python_operator.py took 0.542 seconds
[2024-04-28T15:38:34.508+0000] {processor.py:161} INFO - Started process (PID=372) to work on /home/airflow/.local/lib/python3.12/site-packages/airflow/example_dags/example_python_operator.py
[2024-04-28T15:38:34.511+0000] {processor.py:830} INFO - Processing file /home/airflow/.local/lib/python3.12/site-packages/airflow/example_dags/example_python_operator.py for tasks to queue
[2024-04-28T15:38:34.517+0000] {logging_mixin.py:188} INFO - [2024-04-28T15:38:34.516+0000] {dagbag.py:540} INFO - Filling up the DagBag from /home/airflow/.local/lib/python3.12/site-packages/airflow/example_dags/example_python_operator.py
[2024-04-28T15:38:34.552+0000] {processor.py:840} INFO - DAG(s) 'example_python_operator' retrieved from /home/airflow/.local/lib/python3.12/site-packages/airflow/example_dags/example_python_operator.py
[2024-04-28T15:38:34.626+0000] {logging_mixin.py:188} INFO - [2024-04-28T15:38:34.624+0000] {dag.py:3096} INFO - Sync 1 DAGs
[2024-04-28T15:38:34.666+0000] {logging_mixin.py:188} INFO - [2024-04-28T15:38:34.666+0000] {dag.py:3954} INFO - Setting next_dagrun for example_python_operator to None, run_after=None
[2024-04-28T15:38:34.724+0000] {processor.py:183} INFO - Processing /home/airflow/.local/lib/python3.12/site-packages/airflow/example_dags/example_python_operator.py took 0.233 seconds
[2024-04-28T15:39:05.269+0000] {processor.py:161} INFO - Started process (PID=435) to work on /home/airflow/.local/lib/python3.12/site-packages/airflow/example_dags/example_python_operator.py
[2024-04-28T15:39:05.271+0000] {processor.py:830} INFO - Processing file /home/airflow/.local/lib/python3.12/site-packages/airflow/example_dags/example_python_operator.py for tasks to queue
[2024-04-28T15:39:05.277+0000] {logging_mixin.py:188} INFO - [2024-04-28T15:39:05.276+0000] {dagbag.py:540} INFO - Filling up the DagBag from /home/airflow/.local/lib/python3.12/site-packages/airflow/example_dags/example_python_operator.py
[2024-04-28T15:39:05.311+0000] {processor.py:840} INFO - DAG(s) 'example_python_operator' retrieved from /home/airflow/.local/lib/python3.12/site-packages/airflow/example_dags/example_python_operator.py
[2024-04-28T15:39:05.386+0000] {logging_mixin.py:188} INFO - [2024-04-28T15:39:05.385+0000] {dag.py:3096} INFO - Sync 1 DAGs
[2024-04-28T15:39:05.428+0000] {logging_mixin.py:188} INFO - [2024-04-28T15:39:05.428+0000] {dag.py:3954} INFO - Setting next_dagrun for example_python_operator to None, run_after=None
[2024-04-28T15:39:05.484+0000] {processor.py:183} INFO - Processing /home/airflow/.local/lib/python3.12/site-packages/airflow/example_dags/example_python_operator.py took 0.232 seconds
[2024-04-28T15:39:36.515+0000] {processor.py:161} INFO - Started process (PID=499) to work on /home/airflow/.local/lib/python3.12/site-packages/airflow/example_dags/example_python_operator.py
[2024-04-28T15:39:36.518+0000] {processor.py:830} INFO - Processing file /home/airflow/.local/lib/python3.12/site-packages/airflow/example_dags/example_python_operator.py for tasks to queue
[2024-04-28T15:39:36.524+0000] {logging_mixin.py:188} INFO - [2024-04-28T15:39:36.523+0000] {dagbag.py:540} INFO - Filling up the DagBag from /home/airflow/.local/lib/python3.12/site-packages/airflow/example_dags/example_python_operator.py
[2024-04-28T15:39:36.566+0000] {processor.py:840} INFO - DAG(s) 'example_python_operator' retrieved from /home/airflow/.local/lib/python3.12/site-packages/airflow/example_dags/example_python_operator.py
[2024-04-28T15:39:36.653+0000] {logging_mixin.py:188} INFO - [2024-04-28T15:39:36.650+0000] {dag.py:3096} INFO - Sync 1 DAGs
[2024-04-28T15:39:36.713+0000] {logging_mixin.py:188} INFO - [2024-04-28T15:39:36.712+0000] {dag.py:3954} INFO - Setting next_dagrun for example_python_operator to None, run_after=None
[2024-04-28T15:39:36.786+0000] {processor.py:183} INFO - Processing /home/airflow/.local/lib/python3.12/site-packages/airflow/example_dags/example_python_operator.py took 0.291 seconds
[2024-04-28T15:40:08.576+0000] {processor.py:161} INFO - Started process (PID=562) to work on /home/airflow/.local/lib/python3.12/site-packages/airflow/example_dags/example_python_operator.py
[2024-04-28T15:40:08.580+0000] {processor.py:830} INFO - Processing file /home/airflow/.local/lib/python3.12/site-packages/airflow/example_dags/example_python_operator.py for tasks to queue
[2024-04-28T15:40:08.588+0000] {logging_mixin.py:188} INFO - [2024-04-28T15:40:08.586+0000] {dagbag.py:540} INFO - Filling up the DagBag from /home/airflow/.local/lib/python3.12/site-packages/airflow/example_dags/example_python_operator.py
[2024-04-28T15:40:08.639+0000] {processor.py:840} INFO - DAG(s) 'example_python_operator' retrieved from /home/airflow/.local/lib/python3.12/site-packages/airflow/example_dags/example_python_operator.py
[2024-04-28T15:40:08.753+0000] {logging_mixin.py:188} INFO - [2024-04-28T15:40:08.751+0000] {dag.py:3096} INFO - Sync 1 DAGs
[2024-04-28T15:40:08.816+0000] {logging_mixin.py:188} INFO - [2024-04-28T15:40:08.816+0000] {dag.py:3954} INFO - Setting next_dagrun for example_python_operator to None, run_after=None
[2024-04-28T15:40:08.929+0000] {processor.py:183} INFO - Processing /home/airflow/.local/lib/python3.12/site-packages/airflow/example_dags/example_python_operator.py took 0.374 seconds
[2024-04-28T15:40:39.061+0000] {processor.py:161} INFO - Started process (PID=623) to work on /home/airflow/.local/lib/python3.12/site-packages/airflow/example_dags/example_python_operator.py
[2024-04-28T15:40:39.065+0000] {processor.py:830} INFO - Processing file /home/airflow/.local/lib/python3.12/site-packages/airflow/example_dags/example_python_operator.py for tasks to queue
[2024-04-28T15:40:39.075+0000] {logging_mixin.py:188} INFO - [2024-04-28T15:40:39.073+0000] {dagbag.py:540} INFO - Filling up the DagBag from /home/airflow/.local/lib/python3.12/site-packages/airflow/example_dags/example_python_operator.py
[2024-04-28T15:40:39.137+0000] {processor.py:840} INFO - DAG(s) 'example_python_operator' retrieved from /home/airflow/.local/lib/python3.12/site-packages/airflow/example_dags/example_python_operator.py
[2024-04-28T15:40:39.288+0000] {logging_mixin.py:188} INFO - [2024-04-28T15:40:39.286+0000] {dag.py:3096} INFO - Sync 1 DAGs
[2024-04-28T15:40:39.365+0000] {logging_mixin.py:188} INFO - [2024-04-28T15:40:39.363+0000] {dag.py:3954} INFO - Setting next_dagrun for example_python_operator to None, run_after=None
[2024-04-28T15:40:39.487+0000] {processor.py:183} INFO - Processing /home/airflow/.local/lib/python3.12/site-packages/airflow/example_dags/example_python_operator.py took 0.451 seconds
[2024-04-28T15:41:09.607+0000] {processor.py:161} INFO - Started process (PID=686) to work on /home/airflow/.local/lib/python3.12/site-packages/airflow/example_dags/example_python_operator.py
[2024-04-28T15:41:09.610+0000] {processor.py:830} INFO - Processing file /home/airflow/.local/lib/python3.12/site-packages/airflow/example_dags/example_python_operator.py for tasks to queue
[2024-04-28T15:41:09.615+0000] {logging_mixin.py:188} INFO - [2024-04-28T15:41:09.614+0000] {dagbag.py:540} INFO - Filling up the DagBag from /home/airflow/.local/lib/python3.12/site-packages/airflow/example_dags/example_python_operator.py
[2024-04-28T15:41:09.653+0000] {processor.py:840} INFO - DAG(s) 'example_python_operator' retrieved from /home/airflow/.local/lib/python3.12/site-packages/airflow/example_dags/example_python_operator.py
[2024-04-28T15:41:09.722+0000] {logging_mixin.py:188} INFO - [2024-04-28T15:41:09.721+0000] {dag.py:3096} INFO - Sync 1 DAGs
[2024-04-28T15:41:09.756+0000] {logging_mixin.py:188} INFO - [2024-04-28T15:41:09.756+0000] {dag.py:3954} INFO - Setting next_dagrun for example_python_operator to None, run_after=None
[2024-04-28T15:41:09.805+0000] {processor.py:183} INFO - Processing /home/airflow/.local/lib/python3.12/site-packages/airflow/example_dags/example_python_operator.py took 0.215 seconds
[2024-04-28T15:41:40.166+0000] {processor.py:161} INFO - Started process (PID=749) to work on /home/airflow/.local/lib/python3.12/site-packages/airflow/example_dags/example_python_operator.py
[2024-04-28T15:41:40.168+0000] {processor.py:830} INFO - Processing file /home/airflow/.local/lib/python3.12/site-packages/airflow/example_dags/example_python_operator.py for tasks to queue
[2024-04-28T15:41:40.174+0000] {logging_mixin.py:188} INFO - [2024-04-28T15:41:40.173+0000] {dagbag.py:540} INFO - Filling up the DagBag from /home/airflow/.local/lib/python3.12/site-packages/airflow/example_dags/example_python_operator.py
[2024-04-28T15:41:40.208+0000] {processor.py:840} INFO - DAG(s) 'example_python_operator' retrieved from /home/airflow/.local/lib/python3.12/site-packages/airflow/example_dags/example_python_operator.py
[2024-04-28T15:41:40.280+0000] {logging_mixin.py:188} INFO - [2024-04-28T15:41:40.278+0000] {dag.py:3096} INFO - Sync 1 DAGs
[2024-04-28T15:41:40.322+0000] {logging_mixin.py:188} INFO - [2024-04-28T15:41:40.321+0000] {dag.py:3954} INFO - Setting next_dagrun for example_python_operator to None, run_after=None
[2024-04-28T15:41:40.386+0000] {processor.py:183} INFO - Processing /home/airflow/.local/lib/python3.12/site-packages/airflow/example_dags/example_python_operator.py took 0.237 seconds
[2024-04-28T15:42:10.664+0000] {processor.py:161} INFO - Started process (PID=812) to work on /home/airflow/.local/lib/python3.12/site-packages/airflow/example_dags/example_python_operator.py
[2024-04-28T15:42:10.678+0000] {processor.py:830} INFO - Processing file /home/airflow/.local/lib/python3.12/site-packages/airflow/example_dags/example_python_operator.py for tasks to queue
[2024-04-28T15:42:10.697+0000] {logging_mixin.py:188} INFO - [2024-04-28T15:42:10.696+0000] {dagbag.py:540} INFO - Filling up the DagBag from /home/airflow/.local/lib/python3.12/site-packages/airflow/example_dags/example_python_operator.py
[2024-04-28T15:42:10.765+0000] {processor.py:840} INFO - DAG(s) 'example_python_operator' retrieved from /home/airflow/.local/lib/python3.12/site-packages/airflow/example_dags/example_python_operator.py
[2024-04-28T15:42:10.921+0000] {logging_mixin.py:188} INFO - [2024-04-28T15:42:10.919+0000] {dag.py:3096} INFO - Sync 1 DAGs
[2024-04-28T15:42:10.980+0000] {logging_mixin.py:188} INFO - [2024-04-28T15:42:10.979+0000] {dag.py:3954} INFO - Setting next_dagrun for example_python_operator to None, run_after=None
[2024-04-28T15:42:11.058+0000] {processor.py:183} INFO - Processing /home/airflow/.local/lib/python3.12/site-packages/airflow/example_dags/example_python_operator.py took 0.435 seconds
[2024-04-28T15:42:41.662+0000] {processor.py:161} INFO - Started process (PID=876) to work on /home/airflow/.local/lib/python3.12/site-packages/airflow/example_dags/example_python_operator.py
[2024-04-28T15:42:41.665+0000] {processor.py:830} INFO - Processing file /home/airflow/.local/lib/python3.12/site-packages/airflow/example_dags/example_python_operator.py for tasks to queue
[2024-04-28T15:42:41.672+0000] {logging_mixin.py:188} INFO - [2024-04-28T15:42:41.670+0000] {dagbag.py:540} INFO - Filling up the DagBag from /home/airflow/.local/lib/python3.12/site-packages/airflow/example_dags/example_python_operator.py
[2024-04-28T15:42:41.716+0000] {processor.py:840} INFO - DAG(s) 'example_python_operator' retrieved from /home/airflow/.local/lib/python3.12/site-packages/airflow/example_dags/example_python_operator.py
[2024-04-28T15:42:41.825+0000] {logging_mixin.py:188} INFO - [2024-04-28T15:42:41.823+0000] {dag.py:3096} INFO - Sync 1 DAGs
[2024-04-28T15:42:41.887+0000] {logging_mixin.py:188} INFO - [2024-04-28T15:42:41.886+0000] {dag.py:3954} INFO - Setting next_dagrun for example_python_operator to None, run_after=None
[2024-04-28T15:42:41.985+0000] {processor.py:183} INFO - Processing /home/airflow/.local/lib/python3.12/site-packages/airflow/example_dags/example_python_operator.py took 0.344 seconds
[2024-04-28T15:43:12.517+0000] {processor.py:161} INFO - Started process (PID=940) to work on /home/airflow/.local/lib/python3.12/site-packages/airflow/example_dags/example_python_operator.py
[2024-04-28T15:43:12.522+0000] {processor.py:830} INFO - Processing file /home/airflow/.local/lib/python3.12/site-packages/airflow/example_dags/example_python_operator.py for tasks to queue
[2024-04-28T15:43:12.529+0000] {logging_mixin.py:188} INFO - [2024-04-28T15:43:12.528+0000] {dagbag.py:540} INFO - Filling up the DagBag from /home/airflow/.local/lib/python3.12/site-packages/airflow/example_dags/example_python_operator.py
[2024-04-28T15:43:12.569+0000] {processor.py:840} INFO - DAG(s) 'example_python_operator' retrieved from /home/airflow/.local/lib/python3.12/site-packages/airflow/example_dags/example_python_operator.py
[2024-04-28T15:43:12.758+0000] {logging_mixin.py:188} INFO - [2024-04-28T15:43:12.752+0000] {dag.py:3096} INFO - Sync 1 DAGs
[2024-04-28T15:43:12.835+0000] {logging_mixin.py:188} INFO - [2024-04-28T15:43:12.834+0000] {dag.py:3954} INFO - Setting next_dagrun for example_python_operator to None, run_after=None
[2024-04-28T15:43:12.927+0000] {processor.py:183} INFO - Processing /home/airflow/.local/lib/python3.12/site-packages/airflow/example_dags/example_python_operator.py took 0.434 seconds
[2024-04-28T15:58:44.469+0000] {processor.py:161} INFO - Started process (PID=109) to work on /home/airflow/.local/lib/python3.12/site-packages/airflow/example_dags/example_python_operator.py
[2024-04-28T15:58:44.478+0000] {processor.py:830} INFO - Processing file /home/airflow/.local/lib/python3.12/site-packages/airflow/example_dags/example_python_operator.py for tasks to queue
[2024-04-28T15:58:44.490+0000] {logging_mixin.py:188} INFO - [2024-04-28T15:58:44.488+0000] {dagbag.py:540} INFO - Filling up the DagBag from /home/airflow/.local/lib/python3.12/site-packages/airflow/example_dags/example_python_operator.py
[2024-04-28T15:58:44.571+0000] {processor.py:840} INFO - DAG(s) 'example_python_operator' retrieved from /home/airflow/.local/lib/python3.12/site-packages/airflow/example_dags/example_python_operator.py
[2024-04-28T15:58:45.502+0000] {logging_mixin.py:188} INFO - [2024-04-28T15:58:45.500+0000] {dag.py:3096} INFO - Sync 1 DAGs
[2024-04-28T15:58:45.554+0000] {logging_mixin.py:188} INFO - [2024-04-28T15:58:45.553+0000] {dag.py:3954} INFO - Setting next_dagrun for example_python_operator to None, run_after=None
[2024-04-28T15:58:45.664+0000] {processor.py:183} INFO - Processing /home/airflow/.local/lib/python3.12/site-packages/airflow/example_dags/example_python_operator.py took 1.295 seconds
[2024-04-28T15:59:15.980+0000] {processor.py:161} INFO - Started process (PID=172) to work on /home/airflow/.local/lib/python3.12/site-packages/airflow/example_dags/example_python_operator.py
[2024-04-28T15:59:15.994+0000] {processor.py:830} INFO - Processing file /home/airflow/.local/lib/python3.12/site-packages/airflow/example_dags/example_python_operator.py for tasks to queue
[2024-04-28T15:59:16.009+0000] {logging_mixin.py:188} INFO - [2024-04-28T15:59:16.007+0000] {dagbag.py:540} INFO - Filling up the DagBag from /home/airflow/.local/lib/python3.12/site-packages/airflow/example_dags/example_python_operator.py
[2024-04-28T15:59:16.119+0000] {processor.py:840} INFO - DAG(s) 'example_python_operator' retrieved from /home/airflow/.local/lib/python3.12/site-packages/airflow/example_dags/example_python_operator.py
[2024-04-28T15:59:16.368+0000] {logging_mixin.py:188} INFO - [2024-04-28T15:59:16.366+0000] {dag.py:3096} INFO - Sync 1 DAGs
[2024-04-28T15:59:16.445+0000] {logging_mixin.py:188} INFO - [2024-04-28T15:59:16.443+0000] {dag.py:3954} INFO - Setting next_dagrun for example_python_operator to None, run_after=None
[2024-04-28T15:59:16.597+0000] {processor.py:183} INFO - Processing /home/airflow/.local/lib/python3.12/site-packages/airflow/example_dags/example_python_operator.py took 0.682 seconds
[2024-04-28T15:59:47.104+0000] {processor.py:161} INFO - Started process (PID=235) to work on /home/airflow/.local/lib/python3.12/site-packages/airflow/example_dags/example_python_operator.py
[2024-04-28T15:59:47.110+0000] {processor.py:830} INFO - Processing file /home/airflow/.local/lib/python3.12/site-packages/airflow/example_dags/example_python_operator.py for tasks to queue
[2024-04-28T15:59:47.128+0000] {logging_mixin.py:188} INFO - [2024-04-28T15:59:47.127+0000] {dagbag.py:540} INFO - Filling up the DagBag from /home/airflow/.local/lib/python3.12/site-packages/airflow/example_dags/example_python_operator.py
[2024-04-28T15:59:47.206+0000] {processor.py:840} INFO - DAG(s) 'example_python_operator' retrieved from /home/airflow/.local/lib/python3.12/site-packages/airflow/example_dags/example_python_operator.py
[2024-04-28T15:59:47.331+0000] {logging_mixin.py:188} INFO - [2024-04-28T15:59:47.329+0000] {dag.py:3096} INFO - Sync 1 DAGs
[2024-04-28T15:59:47.417+0000] {logging_mixin.py:188} INFO - [2024-04-28T15:59:47.416+0000] {dag.py:3954} INFO - Setting next_dagrun for example_python_operator to None, run_after=None
[2024-04-28T15:59:47.556+0000] {processor.py:183} INFO - Processing /home/airflow/.local/lib/python3.12/site-packages/airflow/example_dags/example_python_operator.py took 0.472 seconds
[2024-04-28T16:00:17.884+0000] {processor.py:161} INFO - Started process (PID=298) to work on /home/airflow/.local/lib/python3.12/site-packages/airflow/example_dags/example_python_operator.py
[2024-04-28T16:00:17.886+0000] {processor.py:830} INFO - Processing file /home/airflow/.local/lib/python3.12/site-packages/airflow/example_dags/example_python_operator.py for tasks to queue
[2024-04-28T16:00:17.893+0000] {logging_mixin.py:188} INFO - [2024-04-28T16:00:17.892+0000] {dagbag.py:540} INFO - Filling up the DagBag from /home/airflow/.local/lib/python3.12/site-packages/airflow/example_dags/example_python_operator.py
[2024-04-28T16:00:17.968+0000] {processor.py:840} INFO - DAG(s) 'example_python_operator' retrieved from /home/airflow/.local/lib/python3.12/site-packages/airflow/example_dags/example_python_operator.py
[2024-04-28T16:00:18.147+0000] {logging_mixin.py:188} INFO - [2024-04-28T16:00:18.143+0000] {dag.py:3096} INFO - Sync 1 DAGs
[2024-04-28T16:00:18.206+0000] {logging_mixin.py:188} INFO - [2024-04-28T16:00:18.205+0000] {dag.py:3954} INFO - Setting next_dagrun for example_python_operator to None, run_after=None
[2024-04-28T16:00:18.282+0000] {processor.py:183} INFO - Processing /home/airflow/.local/lib/python3.12/site-packages/airflow/example_dags/example_python_operator.py took 0.422 seconds
[2024-04-28T16:00:48.793+0000] {processor.py:161} INFO - Started process (PID=361) to work on /home/airflow/.local/lib/python3.12/site-packages/airflow/example_dags/example_python_operator.py
[2024-04-28T16:00:48.797+0000] {processor.py:830} INFO - Processing file /home/airflow/.local/lib/python3.12/site-packages/airflow/example_dags/example_python_operator.py for tasks to queue
[2024-04-28T16:00:48.808+0000] {logging_mixin.py:188} INFO - [2024-04-28T16:00:48.807+0000] {dagbag.py:540} INFO - Filling up the DagBag from /home/airflow/.local/lib/python3.12/site-packages/airflow/example_dags/example_python_operator.py
[2024-04-28T16:00:48.858+0000] {processor.py:840} INFO - DAG(s) 'example_python_operator' retrieved from /home/airflow/.local/lib/python3.12/site-packages/airflow/example_dags/example_python_operator.py
[2024-04-28T16:00:48.992+0000] {logging_mixin.py:188} INFO - [2024-04-28T16:00:48.990+0000] {dag.py:3096} INFO - Sync 1 DAGs
[2024-04-28T16:00:49.040+0000] {logging_mixin.py:188} INFO - [2024-04-28T16:00:49.039+0000] {dag.py:3954} INFO - Setting next_dagrun for example_python_operator to None, run_after=None
[2024-04-28T16:00:49.111+0000] {processor.py:183} INFO - Processing /home/airflow/.local/lib/python3.12/site-packages/airflow/example_dags/example_python_operator.py took 0.344 seconds
[2024-04-28T16:01:19.850+0000] {processor.py:161} INFO - Started process (PID=423) to work on /home/airflow/.local/lib/python3.12/site-packages/airflow/example_dags/example_python_operator.py
[2024-04-28T16:01:19.852+0000] {processor.py:830} INFO - Processing file /home/airflow/.local/lib/python3.12/site-packages/airflow/example_dags/example_python_operator.py for tasks to queue
[2024-04-28T16:01:19.859+0000] {logging_mixin.py:188} INFO - [2024-04-28T16:01:19.858+0000] {dagbag.py:540} INFO - Filling up the DagBag from /home/airflow/.local/lib/python3.12/site-packages/airflow/example_dags/example_python_operator.py
[2024-04-28T16:01:19.898+0000] {processor.py:840} INFO - DAG(s) 'example_python_operator' retrieved from /home/airflow/.local/lib/python3.12/site-packages/airflow/example_dags/example_python_operator.py
[2024-04-28T16:01:19.978+0000] {logging_mixin.py:188} INFO - [2024-04-28T16:01:19.976+0000] {dag.py:3096} INFO - Sync 1 DAGs
[2024-04-28T16:01:20.023+0000] {logging_mixin.py:188} INFO - [2024-04-28T16:01:20.023+0000] {dag.py:3954} INFO - Setting next_dagrun for example_python_operator to None, run_after=None
[2024-04-28T16:01:20.108+0000] {processor.py:183} INFO - Processing /home/airflow/.local/lib/python3.12/site-packages/airflow/example_dags/example_python_operator.py took 0.277 seconds
[2024-04-28T16:01:51.698+0000] {processor.py:161} INFO - Started process (PID=486) to work on /home/airflow/.local/lib/python3.12/site-packages/airflow/example_dags/example_python_operator.py
[2024-04-28T16:01:51.702+0000] {processor.py:830} INFO - Processing file /home/airflow/.local/lib/python3.12/site-packages/airflow/example_dags/example_python_operator.py for tasks to queue
[2024-04-28T16:01:51.708+0000] {logging_mixin.py:188} INFO - [2024-04-28T16:01:51.707+0000] {dagbag.py:540} INFO - Filling up the DagBag from /home/airflow/.local/lib/python3.12/site-packages/airflow/example_dags/example_python_operator.py
[2024-04-28T16:01:51.749+0000] {processor.py:840} INFO - DAG(s) 'example_python_operator' retrieved from /home/airflow/.local/lib/python3.12/site-packages/airflow/example_dags/example_python_operator.py
[2024-04-28T16:01:51.870+0000] {logging_mixin.py:188} INFO - [2024-04-28T16:01:51.868+0000] {dag.py:3096} INFO - Sync 1 DAGs
[2024-04-28T16:01:51.933+0000] {logging_mixin.py:188} INFO - [2024-04-28T16:01:51.932+0000] {dag.py:3954} INFO - Setting next_dagrun for example_python_operator to None, run_after=None
[2024-04-28T16:01:52.018+0000] {processor.py:183} INFO - Processing /home/airflow/.local/lib/python3.12/site-packages/airflow/example_dags/example_python_operator.py took 0.340 seconds
[2024-04-28T16:02:23.355+0000] {processor.py:161} INFO - Started process (PID=549) to work on /home/airflow/.local/lib/python3.12/site-packages/airflow/example_dags/example_python_operator.py
[2024-04-28T16:02:23.357+0000] {processor.py:830} INFO - Processing file /home/airflow/.local/lib/python3.12/site-packages/airflow/example_dags/example_python_operator.py for tasks to queue
[2024-04-28T16:02:23.362+0000] {logging_mixin.py:188} INFO - [2024-04-28T16:02:23.361+0000] {dagbag.py:540} INFO - Filling up the DagBag from /home/airflow/.local/lib/python3.12/site-packages/airflow/example_dags/example_python_operator.py
[2024-04-28T16:02:23.394+0000] {processor.py:840} INFO - DAG(s) 'example_python_operator' retrieved from /home/airflow/.local/lib/python3.12/site-packages/airflow/example_dags/example_python_operator.py
[2024-04-28T16:02:23.463+0000] {logging_mixin.py:188} INFO - [2024-04-28T16:02:23.461+0000] {dag.py:3096} INFO - Sync 1 DAGs
[2024-04-28T16:02:23.502+0000] {logging_mixin.py:188} INFO - [2024-04-28T16:02:23.501+0000] {dag.py:3954} INFO - Setting next_dagrun for example_python_operator to None, run_after=None
[2024-04-28T16:02:23.565+0000] {processor.py:183} INFO - Processing /home/airflow/.local/lib/python3.12/site-packages/airflow/example_dags/example_python_operator.py took 0.228 seconds
[2024-04-28T16:02:54.487+0000] {processor.py:161} INFO - Started process (PID=614) to work on /home/airflow/.local/lib/python3.12/site-packages/airflow/example_dags/example_python_operator.py
[2024-04-28T16:02:54.490+0000] {processor.py:830} INFO - Processing file /home/airflow/.local/lib/python3.12/site-packages/airflow/example_dags/example_python_operator.py for tasks to queue
[2024-04-28T16:02:54.496+0000] {logging_mixin.py:188} INFO - [2024-04-28T16:02:54.495+0000] {dagbag.py:540} INFO - Filling up the DagBag from /home/airflow/.local/lib/python3.12/site-packages/airflow/example_dags/example_python_operator.py
[2024-04-28T16:02:54.531+0000] {processor.py:840} INFO - DAG(s) 'example_python_operator' retrieved from /home/airflow/.local/lib/python3.12/site-packages/airflow/example_dags/example_python_operator.py
[2024-04-28T16:02:54.628+0000] {logging_mixin.py:188} INFO - [2024-04-28T16:02:54.626+0000] {dag.py:3096} INFO - Sync 1 DAGs
[2024-04-28T16:02:54.683+0000] {logging_mixin.py:188} INFO - [2024-04-28T16:02:54.682+0000] {dag.py:3954} INFO - Setting next_dagrun for example_python_operator to None, run_after=None
[2024-04-28T16:02:54.771+0000] {processor.py:183} INFO - Processing /home/airflow/.local/lib/python3.12/site-packages/airflow/example_dags/example_python_operator.py took 0.301 seconds
[2024-04-28T16:03:24.938+0000] {processor.py:161} INFO - Started process (PID=676) to work on /home/airflow/.local/lib/python3.12/site-packages/airflow/example_dags/example_python_operator.py
[2024-04-28T16:03:24.940+0000] {processor.py:830} INFO - Processing file /home/airflow/.local/lib/python3.12/site-packages/airflow/example_dags/example_python_operator.py for tasks to queue
[2024-04-28T16:03:24.946+0000] {logging_mixin.py:188} INFO - [2024-04-28T16:03:24.945+0000] {dagbag.py:540} INFO - Filling up the DagBag from /home/airflow/.local/lib/python3.12/site-packages/airflow/example_dags/example_python_operator.py
[2024-04-28T16:03:24.979+0000] {processor.py:840} INFO - DAG(s) 'example_python_operator' retrieved from /home/airflow/.local/lib/python3.12/site-packages/airflow/example_dags/example_python_operator.py
[2024-04-28T16:03:25.057+0000] {logging_mixin.py:188} INFO - [2024-04-28T16:03:25.055+0000] {dag.py:3096} INFO - Sync 1 DAGs
[2024-04-28T16:03:25.101+0000] {logging_mixin.py:188} INFO - [2024-04-28T16:03:25.100+0000] {dag.py:3954} INFO - Setting next_dagrun for example_python_operator to None, run_after=None
[2024-04-28T16:03:25.173+0000] {processor.py:183} INFO - Processing /home/airflow/.local/lib/python3.12/site-packages/airflow/example_dags/example_python_operator.py took 0.252 seconds
[2024-04-28T16:03:56.043+0000] {processor.py:161} INFO - Started process (PID=739) to work on /home/airflow/.local/lib/python3.12/site-packages/airflow/example_dags/example_python_operator.py
[2024-04-28T16:03:56.066+0000] {processor.py:830} INFO - Processing file /home/airflow/.local/lib/python3.12/site-packages/airflow/example_dags/example_python_operator.py for tasks to queue
[2024-04-28T16:03:56.077+0000] {logging_mixin.py:188} INFO - [2024-04-28T16:03:56.075+0000] {dagbag.py:540} INFO - Filling up the DagBag from /home/airflow/.local/lib/python3.12/site-packages/airflow/example_dags/example_python_operator.py
[2024-04-28T16:03:56.176+0000] {processor.py:840} INFO - DAG(s) 'example_python_operator' retrieved from /home/airflow/.local/lib/python3.12/site-packages/airflow/example_dags/example_python_operator.py
[2024-04-28T16:03:56.370+0000] {logging_mixin.py:188} INFO - [2024-04-28T16:03:56.364+0000] {dag.py:3096} INFO - Sync 1 DAGs
[2024-04-28T16:03:56.484+0000] {logging_mixin.py:188} INFO - [2024-04-28T16:03:56.483+0000] {dag.py:3954} INFO - Setting next_dagrun for example_python_operator to None, run_after=None
[2024-04-28T16:03:56.681+0000] {processor.py:183} INFO - Processing /home/airflow/.local/lib/python3.12/site-packages/airflow/example_dags/example_python_operator.py took 0.677 seconds
[2024-04-28T16:04:27.041+0000] {processor.py:161} INFO - Started process (PID=802) to work on /home/airflow/.local/lib/python3.12/site-packages/airflow/example_dags/example_python_operator.py
[2024-04-28T16:04:27.043+0000] {processor.py:830} INFO - Processing file /home/airflow/.local/lib/python3.12/site-packages/airflow/example_dags/example_python_operator.py for tasks to queue
[2024-04-28T16:04:27.051+0000] {logging_mixin.py:188} INFO - [2024-04-28T16:04:27.049+0000] {dagbag.py:540} INFO - Filling up the DagBag from /home/airflow/.local/lib/python3.12/site-packages/airflow/example_dags/example_python_operator.py
[2024-04-28T16:04:27.104+0000] {processor.py:840} INFO - DAG(s) 'example_python_operator' retrieved from /home/airflow/.local/lib/python3.12/site-packages/airflow/example_dags/example_python_operator.py
[2024-04-28T16:04:27.224+0000] {logging_mixin.py:188} INFO - [2024-04-28T16:04:27.222+0000] {dag.py:3096} INFO - Sync 1 DAGs
[2024-04-28T16:04:27.294+0000] {logging_mixin.py:188} INFO - [2024-04-28T16:04:27.293+0000] {dag.py:3954} INFO - Setting next_dagrun for example_python_operator to None, run_after=None
[2024-04-28T16:04:27.389+0000] {processor.py:183} INFO - Processing /home/airflow/.local/lib/python3.12/site-packages/airflow/example_dags/example_python_operator.py took 0.369 seconds
[2024-04-28T16:04:58.468+0000] {processor.py:161} INFO - Started process (PID=865) to work on /home/airflow/.local/lib/python3.12/site-packages/airflow/example_dags/example_python_operator.py
[2024-04-28T16:04:58.470+0000] {processor.py:830} INFO - Processing file /home/airflow/.local/lib/python3.12/site-packages/airflow/example_dags/example_python_operator.py for tasks to queue
[2024-04-28T16:04:58.476+0000] {logging_mixin.py:188} INFO - [2024-04-28T16:04:58.475+0000] {dagbag.py:540} INFO - Filling up the DagBag from /home/airflow/.local/lib/python3.12/site-packages/airflow/example_dags/example_python_operator.py
[2024-04-28T16:04:58.509+0000] {processor.py:840} INFO - DAG(s) 'example_python_operator' retrieved from /home/airflow/.local/lib/python3.12/site-packages/airflow/example_dags/example_python_operator.py
[2024-04-28T16:04:58.578+0000] {logging_mixin.py:188} INFO - [2024-04-28T16:04:58.577+0000] {dag.py:3096} INFO - Sync 1 DAGs
[2024-04-28T16:04:58.618+0000] {logging_mixin.py:188} INFO - [2024-04-28T16:04:58.617+0000] {dag.py:3954} INFO - Setting next_dagrun for example_python_operator to None, run_after=None
[2024-04-28T16:04:58.687+0000] {processor.py:183} INFO - Processing /home/airflow/.local/lib/python3.12/site-packages/airflow/example_dags/example_python_operator.py took 0.236 seconds
[2024-04-28T16:05:28.997+0000] {processor.py:161} INFO - Started process (PID=928) to work on /home/airflow/.local/lib/python3.12/site-packages/airflow/example_dags/example_python_operator.py
[2024-04-28T16:05:28.999+0000] {processor.py:830} INFO - Processing file /home/airflow/.local/lib/python3.12/site-packages/airflow/example_dags/example_python_operator.py for tasks to queue
[2024-04-28T16:05:29.005+0000] {logging_mixin.py:188} INFO - [2024-04-28T16:05:29.004+0000] {dagbag.py:540} INFO - Filling up the DagBag from /home/airflow/.local/lib/python3.12/site-packages/airflow/example_dags/example_python_operator.py
[2024-04-28T16:05:29.038+0000] {processor.py:840} INFO - DAG(s) 'example_python_operator' retrieved from /home/airflow/.local/lib/python3.12/site-packages/airflow/example_dags/example_python_operator.py
[2024-04-28T16:05:29.109+0000] {logging_mixin.py:188} INFO - [2024-04-28T16:05:29.108+0000] {dag.py:3096} INFO - Sync 1 DAGs
[2024-04-28T16:05:29.149+0000] {logging_mixin.py:188} INFO - [2024-04-28T16:05:29.148+0000] {dag.py:3954} INFO - Setting next_dagrun for example_python_operator to None, run_after=None
[2024-04-28T16:05:29.205+0000] {processor.py:183} INFO - Processing /home/airflow/.local/lib/python3.12/site-packages/airflow/example_dags/example_python_operator.py took 0.224 seconds
[2024-04-28T16:05:59.304+0000] {processor.py:161} INFO - Started process (PID=991) to work on /home/airflow/.local/lib/python3.12/site-packages/airflow/example_dags/example_python_operator.py
[2024-04-28T16:05:59.306+0000] {processor.py:830} INFO - Processing file /home/airflow/.local/lib/python3.12/site-packages/airflow/example_dags/example_python_operator.py for tasks to queue
[2024-04-28T16:05:59.312+0000] {logging_mixin.py:188} INFO - [2024-04-28T16:05:59.311+0000] {dagbag.py:540} INFO - Filling up the DagBag from /home/airflow/.local/lib/python3.12/site-packages/airflow/example_dags/example_python_operator.py
[2024-04-28T16:05:59.342+0000] {processor.py:840} INFO - DAG(s) 'example_python_operator' retrieved from /home/airflow/.local/lib/python3.12/site-packages/airflow/example_dags/example_python_operator.py
[2024-04-28T16:05:59.410+0000] {logging_mixin.py:188} INFO - [2024-04-28T16:05:59.408+0000] {dag.py:3096} INFO - Sync 1 DAGs
[2024-04-28T16:05:59.448+0000] {logging_mixin.py:188} INFO - [2024-04-28T16:05:59.447+0000] {dag.py:3954} INFO - Setting next_dagrun for example_python_operator to None, run_after=None
[2024-04-28T16:05:59.510+0000] {processor.py:183} INFO - Processing /home/airflow/.local/lib/python3.12/site-packages/airflow/example_dags/example_python_operator.py took 0.223 seconds
[2024-04-28T16:06:29.606+0000] {processor.py:161} INFO - Started process (PID=1054) to work on /home/airflow/.local/lib/python3.12/site-packages/airflow/example_dags/example_python_operator.py
[2024-04-28T16:06:29.608+0000] {processor.py:830} INFO - Processing file /home/airflow/.local/lib/python3.12/site-packages/airflow/example_dags/example_python_operator.py for tasks to queue
[2024-04-28T16:06:29.613+0000] {logging_mixin.py:188} INFO - [2024-04-28T16:06:29.612+0000] {dagbag.py:540} INFO - Filling up the DagBag from /home/airflow/.local/lib/python3.12/site-packages/airflow/example_dags/example_python_operator.py
[2024-04-28T16:06:29.647+0000] {processor.py:840} INFO - DAG(s) 'example_python_operator' retrieved from /home/airflow/.local/lib/python3.12/site-packages/airflow/example_dags/example_python_operator.py
[2024-04-28T16:06:29.724+0000] {logging_mixin.py:188} INFO - [2024-04-28T16:06:29.723+0000] {dag.py:3096} INFO - Sync 1 DAGs
[2024-04-28T16:06:29.781+0000] {logging_mixin.py:188} INFO - [2024-04-28T16:06:29.780+0000] {dag.py:3954} INFO - Setting next_dagrun for example_python_operator to None, run_after=None
[2024-04-28T16:06:29.873+0000] {processor.py:183} INFO - Processing /home/airflow/.local/lib/python3.12/site-packages/airflow/example_dags/example_python_operator.py took 0.285 seconds
[2024-04-28T16:07:00.257+0000] {processor.py:161} INFO - Started process (PID=1117) to work on /home/airflow/.local/lib/python3.12/site-packages/airflow/example_dags/example_python_operator.py
[2024-04-28T16:07:00.267+0000] {processor.py:830} INFO - Processing file /home/airflow/.local/lib/python3.12/site-packages/airflow/example_dags/example_python_operator.py for tasks to queue
[2024-04-28T16:07:00.274+0000] {logging_mixin.py:188} INFO - [2024-04-28T16:07:00.273+0000] {dagbag.py:540} INFO - Filling up the DagBag from /home/airflow/.local/lib/python3.12/site-packages/airflow/example_dags/example_python_operator.py
[2024-04-28T16:07:00.318+0000] {processor.py:840} INFO - DAG(s) 'example_python_operator' retrieved from /home/airflow/.local/lib/python3.12/site-packages/airflow/example_dags/example_python_operator.py
[2024-04-28T16:07:00.411+0000] {logging_mixin.py:188} INFO - [2024-04-28T16:07:00.409+0000] {dag.py:3096} INFO - Sync 1 DAGs
[2024-04-28T16:07:00.455+0000] {logging_mixin.py:188} INFO - [2024-04-28T16:07:00.454+0000] {dag.py:3954} INFO - Setting next_dagrun for example_python_operator to None, run_after=None
[2024-04-28T16:07:00.514+0000] {processor.py:183} INFO - Processing /home/airflow/.local/lib/python3.12/site-packages/airflow/example_dags/example_python_operator.py took 0.285 seconds
[2024-04-28T16:07:31.829+0000] {processor.py:161} INFO - Started process (PID=1183) to work on /home/airflow/.local/lib/python3.12/site-packages/airflow/example_dags/example_python_operator.py
[2024-04-28T16:07:31.831+0000] {processor.py:830} INFO - Processing file /home/airflow/.local/lib/python3.12/site-packages/airflow/example_dags/example_python_operator.py for tasks to queue
[2024-04-28T16:07:31.836+0000] {logging_mixin.py:188} INFO - [2024-04-28T16:07:31.835+0000] {dagbag.py:540} INFO - Filling up the DagBag from /home/airflow/.local/lib/python3.12/site-packages/airflow/example_dags/example_python_operator.py
[2024-04-28T16:07:31.868+0000] {processor.py:840} INFO - DAG(s) 'example_python_operator' retrieved from /home/airflow/.local/lib/python3.12/site-packages/airflow/example_dags/example_python_operator.py
[2024-04-28T16:07:31.937+0000] {logging_mixin.py:188} INFO - [2024-04-28T16:07:31.936+0000] {dag.py:3096} INFO - Sync 1 DAGs
[2024-04-28T16:07:31.979+0000] {logging_mixin.py:188} INFO - [2024-04-28T16:07:31.978+0000] {dag.py:3954} INFO - Setting next_dagrun for example_python_operator to None, run_after=None
[2024-04-28T16:07:32.041+0000] {processor.py:183} INFO - Processing /home/airflow/.local/lib/python3.12/site-packages/airflow/example_dags/example_python_operator.py took 0.229 seconds
[2024-04-28T16:08:10.274+0000] {processor.py:161} INFO - Started process (PID=1256) to work on /home/airflow/.local/lib/python3.12/site-packages/airflow/example_dags/example_python_operator.py
[2024-04-28T16:08:10.277+0000] {processor.py:830} INFO - Processing file /home/airflow/.local/lib/python3.12/site-packages/airflow/example_dags/example_python_operator.py for tasks to queue
[2024-04-28T16:08:10.283+0000] {logging_mixin.py:188} INFO - [2024-04-28T16:08:10.281+0000] {dagbag.py:540} INFO - Filling up the DagBag from /home/airflow/.local/lib/python3.12/site-packages/airflow/example_dags/example_python_operator.py
[2024-04-28T16:08:10.315+0000] {processor.py:840} INFO - DAG(s) 'example_python_operator' retrieved from /home/airflow/.local/lib/python3.12/site-packages/airflow/example_dags/example_python_operator.py
[2024-04-28T16:08:10.385+0000] {logging_mixin.py:188} INFO - [2024-04-28T16:08:10.383+0000] {dag.py:3096} INFO - Sync 1 DAGs
[2024-04-28T16:08:10.427+0000] {logging_mixin.py:188} INFO - [2024-04-28T16:08:10.426+0000] {dag.py:3954} INFO - Setting next_dagrun for example_python_operator to None, run_after=None
[2024-04-28T16:08:10.496+0000] {processor.py:183} INFO - Processing /home/airflow/.local/lib/python3.12/site-packages/airflow/example_dags/example_python_operator.py took 0.239 seconds
[2024-04-28T16:08:41.958+0000] {processor.py:161} INFO - Started process (PID=1321) to work on /home/airflow/.local/lib/python3.12/site-packages/airflow/example_dags/example_python_operator.py
[2024-04-28T16:08:41.962+0000] {processor.py:830} INFO - Processing file /home/airflow/.local/lib/python3.12/site-packages/airflow/example_dags/example_python_operator.py for tasks to queue
[2024-04-28T16:08:41.969+0000] {logging_mixin.py:188} INFO - [2024-04-28T16:08:41.968+0000] {dagbag.py:540} INFO - Filling up the DagBag from /home/airflow/.local/lib/python3.12/site-packages/airflow/example_dags/example_python_operator.py
[2024-04-28T16:08:42.015+0000] {processor.py:840} INFO - DAG(s) 'example_python_operator' retrieved from /home/airflow/.local/lib/python3.12/site-packages/airflow/example_dags/example_python_operator.py
[2024-04-28T16:08:42.114+0000] {logging_mixin.py:188} INFO - [2024-04-28T16:08:42.112+0000] {dag.py:3096} INFO - Sync 1 DAGs
[2024-04-28T16:08:42.166+0000] {logging_mixin.py:188} INFO - [2024-04-28T16:08:42.164+0000] {dag.py:3954} INFO - Setting next_dagrun for example_python_operator to None, run_after=None
[2024-04-28T16:08:42.243+0000] {processor.py:183} INFO - Processing /home/airflow/.local/lib/python3.12/site-packages/airflow/example_dags/example_python_operator.py took 0.309 seconds
[2024-04-28T16:09:13.540+0000] {processor.py:161} INFO - Started process (PID=1384) to work on /home/airflow/.local/lib/python3.12/site-packages/airflow/example_dags/example_python_operator.py
[2024-04-28T16:09:13.543+0000] {processor.py:830} INFO - Processing file /home/airflow/.local/lib/python3.12/site-packages/airflow/example_dags/example_python_operator.py for tasks to queue
[2024-04-28T16:09:13.550+0000] {logging_mixin.py:188} INFO - [2024-04-28T16:09:13.548+0000] {dagbag.py:540} INFO - Filling up the DagBag from /home/airflow/.local/lib/python3.12/site-packages/airflow/example_dags/example_python_operator.py
[2024-04-28T16:09:13.595+0000] {processor.py:840} INFO - DAG(s) 'example_python_operator' retrieved from /home/airflow/.local/lib/python3.12/site-packages/airflow/example_dags/example_python_operator.py
[2024-04-28T16:09:13.707+0000] {logging_mixin.py:188} INFO - [2024-04-28T16:09:13.706+0000] {dag.py:3096} INFO - Sync 1 DAGs
[2024-04-28T16:09:13.763+0000] {logging_mixin.py:188} INFO - [2024-04-28T16:09:13.762+0000] {dag.py:3954} INFO - Setting next_dagrun for example_python_operator to None, run_after=None
[2024-04-28T16:09:13.849+0000] {processor.py:183} INFO - Processing /home/airflow/.local/lib/python3.12/site-packages/airflow/example_dags/example_python_operator.py took 0.332 seconds
[2024-04-28T16:09:44.469+0000] {processor.py:161} INFO - Started process (PID=1448) to work on /home/airflow/.local/lib/python3.12/site-packages/airflow/example_dags/example_python_operator.py
[2024-04-28T16:09:44.472+0000] {processor.py:830} INFO - Processing file /home/airflow/.local/lib/python3.12/site-packages/airflow/example_dags/example_python_operator.py for tasks to queue
[2024-04-28T16:09:44.478+0000] {logging_mixin.py:188} INFO - [2024-04-28T16:09:44.476+0000] {dagbag.py:540} INFO - Filling up the DagBag from /home/airflow/.local/lib/python3.12/site-packages/airflow/example_dags/example_python_operator.py
[2024-04-28T16:09:44.512+0000] {processor.py:840} INFO - DAG(s) 'example_python_operator' retrieved from /home/airflow/.local/lib/python3.12/site-packages/airflow/example_dags/example_python_operator.py
[2024-04-28T16:09:44.601+0000] {logging_mixin.py:188} INFO - [2024-04-28T16:09:44.599+0000] {dag.py:3096} INFO - Sync 1 DAGs
[2024-04-28T16:09:44.643+0000] {logging_mixin.py:188} INFO - [2024-04-28T16:09:44.643+0000] {dag.py:3954} INFO - Setting next_dagrun for example_python_operator to None, run_after=None
[2024-04-28T16:09:44.704+0000] {processor.py:183} INFO - Processing /home/airflow/.local/lib/python3.12/site-packages/airflow/example_dags/example_python_operator.py took 0.253 seconds
[2024-04-28T16:10:14.944+0000] {processor.py:161} INFO - Started process (PID=1511) to work on /home/airflow/.local/lib/python3.12/site-packages/airflow/example_dags/example_python_operator.py
[2024-04-28T16:10:14.949+0000] {processor.py:830} INFO - Processing file /home/airflow/.local/lib/python3.12/site-packages/airflow/example_dags/example_python_operator.py for tasks to queue
[2024-04-28T16:10:14.955+0000] {logging_mixin.py:188} INFO - [2024-04-28T16:10:14.954+0000] {dagbag.py:540} INFO - Filling up the DagBag from /home/airflow/.local/lib/python3.12/site-packages/airflow/example_dags/example_python_operator.py
[2024-04-28T16:10:14.987+0000] {processor.py:840} INFO - DAG(s) 'example_python_operator' retrieved from /home/airflow/.local/lib/python3.12/site-packages/airflow/example_dags/example_python_operator.py
[2024-04-28T16:10:15.059+0000] {logging_mixin.py:188} INFO - [2024-04-28T16:10:15.058+0000] {dag.py:3096} INFO - Sync 1 DAGs
[2024-04-28T16:10:15.099+0000] {logging_mixin.py:188} INFO - [2024-04-28T16:10:15.098+0000] {dag.py:3954} INFO - Setting next_dagrun for example_python_operator to None, run_after=None
[2024-04-28T16:10:15.161+0000] {processor.py:183} INFO - Processing /home/airflow/.local/lib/python3.12/site-packages/airflow/example_dags/example_python_operator.py took 0.234 seconds
[2024-04-28T16:10:45.750+0000] {processor.py:161} INFO - Started process (PID=1574) to work on /home/airflow/.local/lib/python3.12/site-packages/airflow/example_dags/example_python_operator.py
[2024-04-28T16:10:45.753+0000] {processor.py:830} INFO - Processing file /home/airflow/.local/lib/python3.12/site-packages/airflow/example_dags/example_python_operator.py for tasks to queue
[2024-04-28T16:10:45.759+0000] {logging_mixin.py:188} INFO - [2024-04-28T16:10:45.757+0000] {dagbag.py:540} INFO - Filling up the DagBag from /home/airflow/.local/lib/python3.12/site-packages/airflow/example_dags/example_python_operator.py
[2024-04-28T16:10:45.794+0000] {processor.py:840} INFO - DAG(s) 'example_python_operator' retrieved from /home/airflow/.local/lib/python3.12/site-packages/airflow/example_dags/example_python_operator.py
[2024-04-28T16:10:45.866+0000] {logging_mixin.py:188} INFO - [2024-04-28T16:10:45.865+0000] {dag.py:3096} INFO - Sync 1 DAGs
[2024-04-28T16:10:45.910+0000] {logging_mixin.py:188} INFO - [2024-04-28T16:10:45.909+0000] {dag.py:3954} INFO - Setting next_dagrun for example_python_operator to None, run_after=None
[2024-04-28T16:10:45.972+0000] {processor.py:183} INFO - Processing /home/airflow/.local/lib/python3.12/site-packages/airflow/example_dags/example_python_operator.py took 0.240 seconds
[2024-04-28T16:11:17.618+0000] {processor.py:161} INFO - Started process (PID=1636) to work on /home/airflow/.local/lib/python3.12/site-packages/airflow/example_dags/example_python_operator.py
[2024-04-28T16:11:17.622+0000] {processor.py:830} INFO - Processing file /home/airflow/.local/lib/python3.12/site-packages/airflow/example_dags/example_python_operator.py for tasks to queue
[2024-04-28T16:11:17.632+0000] {logging_mixin.py:188} INFO - [2024-04-28T16:11:17.630+0000] {dagbag.py:540} INFO - Filling up the DagBag from /home/airflow/.local/lib/python3.12/site-packages/airflow/example_dags/example_python_operator.py
[2024-04-28T16:11:17.694+0000] {processor.py:840} INFO - DAG(s) 'example_python_operator' retrieved from /home/airflow/.local/lib/python3.12/site-packages/airflow/example_dags/example_python_operator.py
[2024-04-28T16:11:17.903+0000] {logging_mixin.py:188} INFO - [2024-04-28T16:11:17.900+0000] {dag.py:3096} INFO - Sync 1 DAGs
[2024-04-28T16:11:17.973+0000] {logging_mixin.py:188} INFO - [2024-04-28T16:11:17.972+0000] {dag.py:3954} INFO - Setting next_dagrun for example_python_operator to None, run_after=None
[2024-04-28T16:11:18.151+0000] {processor.py:183} INFO - Processing /home/airflow/.local/lib/python3.12/site-packages/airflow/example_dags/example_python_operator.py took 0.557 seconds
[2024-04-28T16:11:48.924+0000] {processor.py:161} INFO - Started process (PID=1700) to work on /home/airflow/.local/lib/python3.12/site-packages/airflow/example_dags/example_python_operator.py
[2024-04-28T16:11:48.927+0000] {processor.py:830} INFO - Processing file /home/airflow/.local/lib/python3.12/site-packages/airflow/example_dags/example_python_operator.py for tasks to queue
[2024-04-28T16:11:48.933+0000] {logging_mixin.py:188} INFO - [2024-04-28T16:11:48.932+0000] {dagbag.py:540} INFO - Filling up the DagBag from /home/airflow/.local/lib/python3.12/site-packages/airflow/example_dags/example_python_operator.py
[2024-04-28T16:11:48.971+0000] {processor.py:840} INFO - DAG(s) 'example_python_operator' retrieved from /home/airflow/.local/lib/python3.12/site-packages/airflow/example_dags/example_python_operator.py
[2024-04-28T16:11:49.089+0000] {logging_mixin.py:188} INFO - [2024-04-28T16:11:49.083+0000] {dag.py:3096} INFO - Sync 1 DAGs
[2024-04-28T16:11:49.172+0000] {logging_mixin.py:188} INFO - [2024-04-28T16:11:49.172+0000] {dag.py:3954} INFO - Setting next_dagrun for example_python_operator to None, run_after=None
[2024-04-28T16:11:49.274+0000] {processor.py:183} INFO - Processing /home/airflow/.local/lib/python3.12/site-packages/airflow/example_dags/example_python_operator.py took 0.369 seconds
[2024-04-28T16:12:20.287+0000] {processor.py:161} INFO - Started process (PID=1764) to work on /home/airflow/.local/lib/python3.12/site-packages/airflow/example_dags/example_python_operator.py
[2024-04-28T16:12:20.291+0000] {processor.py:830} INFO - Processing file /home/airflow/.local/lib/python3.12/site-packages/airflow/example_dags/example_python_operator.py for tasks to queue
[2024-04-28T16:12:20.298+0000] {logging_mixin.py:188} INFO - [2024-04-28T16:12:20.297+0000] {dagbag.py:540} INFO - Filling up the DagBag from /home/airflow/.local/lib/python3.12/site-packages/airflow/example_dags/example_python_operator.py
[2024-04-28T16:12:20.342+0000] {processor.py:840} INFO - DAG(s) 'example_python_operator' retrieved from /home/airflow/.local/lib/python3.12/site-packages/airflow/example_dags/example_python_operator.py
[2024-04-28T16:12:20.422+0000] {logging_mixin.py:188} INFO - [2024-04-28T16:12:20.420+0000] {dag.py:3096} INFO - Sync 1 DAGs
[2024-04-28T16:12:20.470+0000] {logging_mixin.py:188} INFO - [2024-04-28T16:12:20.469+0000] {dag.py:3954} INFO - Setting next_dagrun for example_python_operator to None, run_after=None
[2024-04-28T16:12:20.535+0000] {processor.py:183} INFO - Processing /home/airflow/.local/lib/python3.12/site-packages/airflow/example_dags/example_python_operator.py took 0.268 seconds
[2024-04-28T16:12:53.951+0000] {processor.py:161} INFO - Started process (PID=1829) to work on /home/airflow/.local/lib/python3.12/site-packages/airflow/example_dags/example_python_operator.py
[2024-04-28T16:12:53.955+0000] {processor.py:830} INFO - Processing file /home/airflow/.local/lib/python3.12/site-packages/airflow/example_dags/example_python_operator.py for tasks to queue
[2024-04-28T16:12:53.962+0000] {logging_mixin.py:188} INFO - [2024-04-28T16:12:53.960+0000] {dagbag.py:540} INFO - Filling up the DagBag from /home/airflow/.local/lib/python3.12/site-packages/airflow/example_dags/example_python_operator.py
[2024-04-28T16:12:54.005+0000] {processor.py:840} INFO - DAG(s) 'example_python_operator' retrieved from /home/airflow/.local/lib/python3.12/site-packages/airflow/example_dags/example_python_operator.py
[2024-04-28T16:12:54.091+0000] {logging_mixin.py:188} INFO - [2024-04-28T16:12:54.089+0000] {dag.py:3096} INFO - Sync 1 DAGs
[2024-04-28T16:12:54.140+0000] {logging_mixin.py:188} INFO - [2024-04-28T16:12:54.139+0000] {dag.py:3954} INFO - Setting next_dagrun for example_python_operator to None, run_after=None
[2024-04-28T16:12:54.208+0000] {processor.py:183} INFO - Processing /home/airflow/.local/lib/python3.12/site-packages/airflow/example_dags/example_python_operator.py took 0.278 seconds
[2024-04-28T16:13:24.881+0000] {processor.py:161} INFO - Started process (PID=1892) to work on /home/airflow/.local/lib/python3.12/site-packages/airflow/example_dags/example_python_operator.py
[2024-04-28T16:13:24.883+0000] {processor.py:830} INFO - Processing file /home/airflow/.local/lib/python3.12/site-packages/airflow/example_dags/example_python_operator.py for tasks to queue
[2024-04-28T16:13:24.889+0000] {logging_mixin.py:188} INFO - [2024-04-28T16:13:24.887+0000] {dagbag.py:540} INFO - Filling up the DagBag from /home/airflow/.local/lib/python3.12/site-packages/airflow/example_dags/example_python_operator.py
[2024-04-28T16:13:24.920+0000] {processor.py:840} INFO - DAG(s) 'example_python_operator' retrieved from /home/airflow/.local/lib/python3.12/site-packages/airflow/example_dags/example_python_operator.py
[2024-04-28T16:13:25.020+0000] {logging_mixin.py:188} INFO - [2024-04-28T16:13:25.018+0000] {dag.py:3096} INFO - Sync 1 DAGs
[2024-04-28T16:13:25.077+0000] {logging_mixin.py:188} INFO - [2024-04-28T16:13:25.076+0000] {dag.py:3954} INFO - Setting next_dagrun for example_python_operator to None, run_after=None
[2024-04-28T16:13:25.160+0000] {processor.py:183} INFO - Processing /home/airflow/.local/lib/python3.12/site-packages/airflow/example_dags/example_python_operator.py took 0.295 seconds
[2024-04-28T16:34:03.729+0000] {processor.py:161} INFO - Started process (PID=111) to work on /home/airflow/.local/lib/python3.12/site-packages/airflow/example_dags/example_python_operator.py
[2024-04-28T16:34:03.733+0000] {processor.py:830} INFO - Processing file /home/airflow/.local/lib/python3.12/site-packages/airflow/example_dags/example_python_operator.py for tasks to queue
[2024-04-28T16:34:03.741+0000] {logging_mixin.py:188} INFO - [2024-04-28T16:34:03.739+0000] {dagbag.py:540} INFO - Filling up the DagBag from /home/airflow/.local/lib/python3.12/site-packages/airflow/example_dags/example_python_operator.py
[2024-04-28T16:34:03.793+0000] {processor.py:840} INFO - DAG(s) 'example_python_operator' retrieved from /home/airflow/.local/lib/python3.12/site-packages/airflow/example_dags/example_python_operator.py
[2024-04-28T16:34:04.305+0000] {logging_mixin.py:188} INFO - [2024-04-28T16:34:04.304+0000] {dag.py:3096} INFO - Sync 1 DAGs
[2024-04-28T16:34:04.346+0000] {logging_mixin.py:188} INFO - [2024-04-28T16:34:04.345+0000] {dag.py:3954} INFO - Setting next_dagrun for example_python_operator to None, run_after=None
[2024-04-28T16:34:04.419+0000] {processor.py:183} INFO - Processing /home/airflow/.local/lib/python3.12/site-packages/airflow/example_dags/example_python_operator.py took 0.712 seconds
[2024-04-28T16:34:38.394+0000] {processor.py:161} INFO - Started process (PID=179) to work on /home/airflow/.local/lib/python3.12/site-packages/airflow/example_dags/example_python_operator.py
[2024-04-28T16:34:38.398+0000] {processor.py:830} INFO - Processing file /home/airflow/.local/lib/python3.12/site-packages/airflow/example_dags/example_python_operator.py for tasks to queue
[2024-04-28T16:34:38.406+0000] {logging_mixin.py:188} INFO - [2024-04-28T16:34:38.404+0000] {dagbag.py:540} INFO - Filling up the DagBag from /home/airflow/.local/lib/python3.12/site-packages/airflow/example_dags/example_python_operator.py
[2024-04-28T16:34:38.447+0000] {processor.py:840} INFO - DAG(s) 'example_python_operator' retrieved from /home/airflow/.local/lib/python3.12/site-packages/airflow/example_dags/example_python_operator.py
[2024-04-28T16:34:38.532+0000] {logging_mixin.py:188} INFO - [2024-04-28T16:34:38.531+0000] {dag.py:3096} INFO - Sync 1 DAGs
[2024-04-28T16:34:38.582+0000] {logging_mixin.py:188} INFO - [2024-04-28T16:34:38.581+0000] {dag.py:3954} INFO - Setting next_dagrun for example_python_operator to None, run_after=None
[2024-04-28T16:34:38.714+0000] {processor.py:183} INFO - Processing /home/airflow/.local/lib/python3.12/site-packages/airflow/example_dags/example_python_operator.py took 0.342 seconds
[2024-04-28T16:43:42.798+0000] {processor.py:161} INFO - Started process (PID=97) to work on /home/airflow/.local/lib/python3.12/site-packages/airflow/example_dags/example_python_operator.py
[2024-04-28T16:43:42.801+0000] {processor.py:830} INFO - Processing file /home/airflow/.local/lib/python3.12/site-packages/airflow/example_dags/example_python_operator.py for tasks to queue
[2024-04-28T16:43:42.807+0000] {logging_mixin.py:188} INFO - [2024-04-28T16:43:42.806+0000] {dagbag.py:540} INFO - Filling up the DagBag from /home/airflow/.local/lib/python3.12/site-packages/airflow/example_dags/example_python_operator.py
[2024-04-28T16:43:42.838+0000] {processor.py:840} INFO - DAG(s) 'example_python_operator' retrieved from /home/airflow/.local/lib/python3.12/site-packages/airflow/example_dags/example_python_operator.py
[2024-04-28T16:43:43.202+0000] {logging_mixin.py:188} INFO - [2024-04-28T16:43:43.200+0000] {dag.py:3096} INFO - Sync 1 DAGs
[2024-04-28T16:43:43.239+0000] {logging_mixin.py:188} INFO - [2024-04-28T16:43:43.239+0000] {dag.py:3954} INFO - Setting next_dagrun for example_python_operator to None, run_after=None
[2024-04-28T16:43:43.310+0000] {processor.py:183} INFO - Processing /home/airflow/.local/lib/python3.12/site-packages/airflow/example_dags/example_python_operator.py took 0.529 seconds
[2024-04-28T16:44:13.531+0000] {processor.py:161} INFO - Started process (PID=162) to work on /home/airflow/.local/lib/python3.12/site-packages/airflow/example_dags/example_python_operator.py
[2024-04-28T16:44:13.533+0000] {processor.py:830} INFO - Processing file /home/airflow/.local/lib/python3.12/site-packages/airflow/example_dags/example_python_operator.py for tasks to queue
[2024-04-28T16:44:13.538+0000] {logging_mixin.py:188} INFO - [2024-04-28T16:44:13.537+0000] {dagbag.py:540} INFO - Filling up the DagBag from /home/airflow/.local/lib/python3.12/site-packages/airflow/example_dags/example_python_operator.py
[2024-04-28T16:44:13.566+0000] {processor.py:840} INFO - DAG(s) 'example_python_operator' retrieved from /home/airflow/.local/lib/python3.12/site-packages/airflow/example_dags/example_python_operator.py
[2024-04-28T16:44:13.630+0000] {logging_mixin.py:188} INFO - [2024-04-28T16:44:13.628+0000] {dag.py:3096} INFO - Sync 1 DAGs
[2024-04-28T16:44:13.668+0000] {logging_mixin.py:188} INFO - [2024-04-28T16:44:13.667+0000] {dag.py:3954} INFO - Setting next_dagrun for example_python_operator to None, run_after=None
[2024-04-28T16:44:13.725+0000] {processor.py:183} INFO - Processing /home/airflow/.local/lib/python3.12/site-packages/airflow/example_dags/example_python_operator.py took 0.209 seconds
[2024-04-28T16:44:44.653+0000] {processor.py:161} INFO - Started process (PID=227) to work on /home/airflow/.local/lib/python3.12/site-packages/airflow/example_dags/example_python_operator.py
[2024-04-28T16:44:44.656+0000] {processor.py:830} INFO - Processing file /home/airflow/.local/lib/python3.12/site-packages/airflow/example_dags/example_python_operator.py for tasks to queue
[2024-04-28T16:44:44.662+0000] {logging_mixin.py:188} INFO - [2024-04-28T16:44:44.661+0000] {dagbag.py:540} INFO - Filling up the DagBag from /home/airflow/.local/lib/python3.12/site-packages/airflow/example_dags/example_python_operator.py
[2024-04-28T16:44:44.701+0000] {processor.py:840} INFO - DAG(s) 'example_python_operator' retrieved from /home/airflow/.local/lib/python3.12/site-packages/airflow/example_dags/example_python_operator.py
[2024-04-28T16:44:44.776+0000] {logging_mixin.py:188} INFO - [2024-04-28T16:44:44.774+0000] {dag.py:3096} INFO - Sync 1 DAGs
[2024-04-28T16:44:44.820+0000] {logging_mixin.py:188} INFO - [2024-04-28T16:44:44.820+0000] {dag.py:3954} INFO - Setting next_dagrun for example_python_operator to None, run_after=None
[2024-04-28T16:44:44.887+0000] {processor.py:183} INFO - Processing /home/airflow/.local/lib/python3.12/site-packages/airflow/example_dags/example_python_operator.py took 0.250 seconds
[2024-04-28T16:45:17.198+0000] {processor.py:161} INFO - Started process (PID=294) to work on /home/airflow/.local/lib/python3.12/site-packages/airflow/example_dags/example_python_operator.py
[2024-04-28T16:45:17.212+0000] {processor.py:830} INFO - Processing file /home/airflow/.local/lib/python3.12/site-packages/airflow/example_dags/example_python_operator.py for tasks to queue
[2024-04-28T16:45:17.231+0000] {logging_mixin.py:188} INFO - [2024-04-28T16:45:17.230+0000] {dagbag.py:540} INFO - Filling up the DagBag from /home/airflow/.local/lib/python3.12/site-packages/airflow/example_dags/example_python_operator.py
[2024-04-28T16:45:17.317+0000] {processor.py:840} INFO - DAG(s) 'example_python_operator' retrieved from /home/airflow/.local/lib/python3.12/site-packages/airflow/example_dags/example_python_operator.py
[2024-04-28T16:45:17.526+0000] {logging_mixin.py:188} INFO - [2024-04-28T16:45:17.519+0000] {dag.py:3096} INFO - Sync 1 DAGs
[2024-04-28T16:45:17.692+0000] {logging_mixin.py:188} INFO - [2024-04-28T16:45:17.691+0000] {dag.py:3954} INFO - Setting next_dagrun for example_python_operator to None, run_after=None
[2024-04-28T16:45:17.783+0000] {processor.py:183} INFO - Processing /home/airflow/.local/lib/python3.12/site-packages/airflow/example_dags/example_python_operator.py took 0.602 seconds
[2024-04-28T16:45:48.439+0000] {processor.py:161} INFO - Started process (PID=357) to work on /home/airflow/.local/lib/python3.12/site-packages/airflow/example_dags/example_python_operator.py
[2024-04-28T16:45:48.442+0000] {processor.py:830} INFO - Processing file /home/airflow/.local/lib/python3.12/site-packages/airflow/example_dags/example_python_operator.py for tasks to queue
[2024-04-28T16:45:48.448+0000] {logging_mixin.py:188} INFO - [2024-04-28T16:45:48.447+0000] {dagbag.py:540} INFO - Filling up the DagBag from /home/airflow/.local/lib/python3.12/site-packages/airflow/example_dags/example_python_operator.py
[2024-04-28T16:45:48.487+0000] {processor.py:840} INFO - DAG(s) 'example_python_operator' retrieved from /home/airflow/.local/lib/python3.12/site-packages/airflow/example_dags/example_python_operator.py
[2024-04-28T16:45:48.575+0000] {logging_mixin.py:188} INFO - [2024-04-28T16:45:48.574+0000] {dag.py:3096} INFO - Sync 1 DAGs
[2024-04-28T16:45:48.628+0000] {logging_mixin.py:188} INFO - [2024-04-28T16:45:48.627+0000] {dag.py:3954} INFO - Setting next_dagrun for example_python_operator to None, run_after=None
[2024-04-28T16:45:48.699+0000] {processor.py:183} INFO - Processing /home/airflow/.local/lib/python3.12/site-packages/airflow/example_dags/example_python_operator.py took 0.281 seconds
[2024-04-28T16:46:19.088+0000] {processor.py:161} INFO - Started process (PID=420) to work on /home/airflow/.local/lib/python3.12/site-packages/airflow/example_dags/example_python_operator.py
[2024-04-28T16:46:19.090+0000] {processor.py:830} INFO - Processing file /home/airflow/.local/lib/python3.12/site-packages/airflow/example_dags/example_python_operator.py for tasks to queue
[2024-04-28T16:46:19.096+0000] {logging_mixin.py:188} INFO - [2024-04-28T16:46:19.095+0000] {dagbag.py:540} INFO - Filling up the DagBag from /home/airflow/.local/lib/python3.12/site-packages/airflow/example_dags/example_python_operator.py
[2024-04-28T16:46:19.132+0000] {processor.py:840} INFO - DAG(s) 'example_python_operator' retrieved from /home/airflow/.local/lib/python3.12/site-packages/airflow/example_dags/example_python_operator.py
[2024-04-28T16:46:19.210+0000] {logging_mixin.py:188} INFO - [2024-04-28T16:46:19.207+0000] {dag.py:3096} INFO - Sync 1 DAGs
[2024-04-28T16:46:19.259+0000] {logging_mixin.py:188} INFO - [2024-04-28T16:46:19.258+0000] {dag.py:3954} INFO - Setting next_dagrun for example_python_operator to None, run_after=None
[2024-04-28T16:46:19.326+0000] {processor.py:183} INFO - Processing /home/airflow/.local/lib/python3.12/site-packages/airflow/example_dags/example_python_operator.py took 0.255 seconds
[2024-04-28T16:46:49.760+0000] {processor.py:161} INFO - Started process (PID=483) to work on /home/airflow/.local/lib/python3.12/site-packages/airflow/example_dags/example_python_operator.py
[2024-04-28T16:46:49.763+0000] {processor.py:830} INFO - Processing file /home/airflow/.local/lib/python3.12/site-packages/airflow/example_dags/example_python_operator.py for tasks to queue
[2024-04-28T16:46:49.769+0000] {logging_mixin.py:188} INFO - [2024-04-28T16:46:49.768+0000] {dagbag.py:540} INFO - Filling up the DagBag from /home/airflow/.local/lib/python3.12/site-packages/airflow/example_dags/example_python_operator.py
[2024-04-28T16:46:49.805+0000] {processor.py:840} INFO - DAG(s) 'example_python_operator' retrieved from /home/airflow/.local/lib/python3.12/site-packages/airflow/example_dags/example_python_operator.py
[2024-04-28T16:46:49.876+0000] {logging_mixin.py:188} INFO - [2024-04-28T16:46:49.874+0000] {dag.py:3096} INFO - Sync 1 DAGs
[2024-04-28T16:46:49.918+0000] {logging_mixin.py:188} INFO - [2024-04-28T16:46:49.917+0000] {dag.py:3954} INFO - Setting next_dagrun for example_python_operator to None, run_after=None
[2024-04-28T16:46:49.977+0000] {processor.py:183} INFO - Processing /home/airflow/.local/lib/python3.12/site-packages/airflow/example_dags/example_python_operator.py took 0.234 seconds
[2024-04-28T16:47:21.223+0000] {processor.py:161} INFO - Started process (PID=546) to work on /home/airflow/.local/lib/python3.12/site-packages/airflow/example_dags/example_python_operator.py
[2024-04-28T16:47:21.228+0000] {processor.py:830} INFO - Processing file /home/airflow/.local/lib/python3.12/site-packages/airflow/example_dags/example_python_operator.py for tasks to queue
[2024-04-28T16:47:21.238+0000] {logging_mixin.py:188} INFO - [2024-04-28T16:47:21.236+0000] {dagbag.py:540} INFO - Filling up the DagBag from /home/airflow/.local/lib/python3.12/site-packages/airflow/example_dags/example_python_operator.py
[2024-04-28T16:47:21.290+0000] {processor.py:840} INFO - DAG(s) 'example_python_operator' retrieved from /home/airflow/.local/lib/python3.12/site-packages/airflow/example_dags/example_python_operator.py
[2024-04-28T16:47:21.372+0000] {logging_mixin.py:188} INFO - [2024-04-28T16:47:21.371+0000] {dag.py:3096} INFO - Sync 1 DAGs
[2024-04-28T16:47:21.422+0000] {logging_mixin.py:188} INFO - [2024-04-28T16:47:21.421+0000] {dag.py:3954} INFO - Setting next_dagrun for example_python_operator to None, run_after=None
[2024-04-28T16:47:21.536+0000] {processor.py:183} INFO - Processing /home/airflow/.local/lib/python3.12/site-packages/airflow/example_dags/example_python_operator.py took 0.340 seconds
[2024-04-28T16:47:51.694+0000] {processor.py:161} INFO - Started process (PID=609) to work on /home/airflow/.local/lib/python3.12/site-packages/airflow/example_dags/example_python_operator.py
[2024-04-28T16:47:51.697+0000] {processor.py:830} INFO - Processing file /home/airflow/.local/lib/python3.12/site-packages/airflow/example_dags/example_python_operator.py for tasks to queue
[2024-04-28T16:47:51.704+0000] {logging_mixin.py:188} INFO - [2024-04-28T16:47:51.702+0000] {dagbag.py:540} INFO - Filling up the DagBag from /home/airflow/.local/lib/python3.12/site-packages/airflow/example_dags/example_python_operator.py
[2024-04-28T16:47:51.761+0000] {processor.py:840} INFO - DAG(s) 'example_python_operator' retrieved from /home/airflow/.local/lib/python3.12/site-packages/airflow/example_dags/example_python_operator.py
[2024-04-28T16:47:51.896+0000] {logging_mixin.py:188} INFO - [2024-04-28T16:47:51.894+0000] {dag.py:3096} INFO - Sync 1 DAGs
[2024-04-28T16:47:51.957+0000] {logging_mixin.py:188} INFO - [2024-04-28T16:47:51.956+0000] {dag.py:3954} INFO - Setting next_dagrun for example_python_operator to None, run_after=None
[2024-04-28T16:47:52.045+0000] {processor.py:183} INFO - Processing /home/airflow/.local/lib/python3.12/site-packages/airflow/example_dags/example_python_operator.py took 0.376 seconds
[2024-04-28T16:48:22.246+0000] {processor.py:161} INFO - Started process (PID=673) to work on /home/airflow/.local/lib/python3.12/site-packages/airflow/example_dags/example_python_operator.py
[2024-04-28T16:48:22.251+0000] {processor.py:830} INFO - Processing file /home/airflow/.local/lib/python3.12/site-packages/airflow/example_dags/example_python_operator.py for tasks to queue
[2024-04-28T16:48:22.257+0000] {logging_mixin.py:188} INFO - [2024-04-28T16:48:22.256+0000] {dagbag.py:540} INFO - Filling up the DagBag from /home/airflow/.local/lib/python3.12/site-packages/airflow/example_dags/example_python_operator.py
[2024-04-28T16:48:22.292+0000] {processor.py:840} INFO - DAG(s) 'example_python_operator' retrieved from /home/airflow/.local/lib/python3.12/site-packages/airflow/example_dags/example_python_operator.py
[2024-04-28T16:48:22.366+0000] {logging_mixin.py:188} INFO - [2024-04-28T16:48:22.365+0000] {dag.py:3096} INFO - Sync 1 DAGs
[2024-04-28T16:48:22.408+0000] {logging_mixin.py:188} INFO - [2024-04-28T16:48:22.407+0000] {dag.py:3954} INFO - Setting next_dagrun for example_python_operator to None, run_after=None
[2024-04-28T16:48:22.464+0000] {processor.py:183} INFO - Processing /home/airflow/.local/lib/python3.12/site-packages/airflow/example_dags/example_python_operator.py took 0.237 seconds
[2024-04-28T16:48:53.751+0000] {processor.py:161} INFO - Started process (PID=736) to work on /home/airflow/.local/lib/python3.12/site-packages/airflow/example_dags/example_python_operator.py
[2024-04-28T16:48:53.754+0000] {processor.py:830} INFO - Processing file /home/airflow/.local/lib/python3.12/site-packages/airflow/example_dags/example_python_operator.py for tasks to queue
[2024-04-28T16:48:53.761+0000] {logging_mixin.py:188} INFO - [2024-04-28T16:48:53.760+0000] {dagbag.py:540} INFO - Filling up the DagBag from /home/airflow/.local/lib/python3.12/site-packages/airflow/example_dags/example_python_operator.py
[2024-04-28T16:48:53.824+0000] {processor.py:840} INFO - DAG(s) 'example_python_operator' retrieved from /home/airflow/.local/lib/python3.12/site-packages/airflow/example_dags/example_python_operator.py
[2024-04-28T16:48:53.923+0000] {logging_mixin.py:188} INFO - [2024-04-28T16:48:53.921+0000] {dag.py:3096} INFO - Sync 1 DAGs
[2024-04-28T16:48:53.976+0000] {logging_mixin.py:188} INFO - [2024-04-28T16:48:53.975+0000] {dag.py:3954} INFO - Setting next_dagrun for example_python_operator to None, run_after=None
[2024-04-28T16:48:54.055+0000] {processor.py:183} INFO - Processing /home/airflow/.local/lib/python3.12/site-packages/airflow/example_dags/example_python_operator.py took 0.328 seconds
[2024-04-28T16:49:24.880+0000] {processor.py:161} INFO - Started process (PID=801) to work on /home/airflow/.local/lib/python3.12/site-packages/airflow/example_dags/example_python_operator.py
[2024-04-28T16:49:24.883+0000] {processor.py:830} INFO - Processing file /home/airflow/.local/lib/python3.12/site-packages/airflow/example_dags/example_python_operator.py for tasks to queue
[2024-04-28T16:49:24.889+0000] {logging_mixin.py:188} INFO - [2024-04-28T16:49:24.888+0000] {dagbag.py:540} INFO - Filling up the DagBag from /home/airflow/.local/lib/python3.12/site-packages/airflow/example_dags/example_python_operator.py
[2024-04-28T16:49:24.922+0000] {processor.py:840} INFO - DAG(s) 'example_python_operator' retrieved from /home/airflow/.local/lib/python3.12/site-packages/airflow/example_dags/example_python_operator.py
[2024-04-28T16:49:25.032+0000] {logging_mixin.py:188} INFO - [2024-04-28T16:49:25.030+0000] {dag.py:3096} INFO - Sync 1 DAGs
[2024-04-28T16:49:25.130+0000] {logging_mixin.py:188} INFO - [2024-04-28T16:49:25.125+0000] {dag.py:3954} INFO - Setting next_dagrun for example_python_operator to None, run_after=None
[2024-04-28T16:49:25.206+0000] {processor.py:183} INFO - Processing /home/airflow/.local/lib/python3.12/site-packages/airflow/example_dags/example_python_operator.py took 0.342 seconds
[2024-04-28T16:49:58.098+0000] {processor.py:161} INFO - Started process (PID=867) to work on /home/airflow/.local/lib/python3.12/site-packages/airflow/example_dags/example_python_operator.py
[2024-04-28T16:49:58.101+0000] {processor.py:830} INFO - Processing file /home/airflow/.local/lib/python3.12/site-packages/airflow/example_dags/example_python_operator.py for tasks to queue
[2024-04-28T16:49:58.109+0000] {logging_mixin.py:188} INFO - [2024-04-28T16:49:58.108+0000] {dagbag.py:540} INFO - Filling up the DagBag from /home/airflow/.local/lib/python3.12/site-packages/airflow/example_dags/example_python_operator.py
[2024-04-28T16:49:58.200+0000] {processor.py:840} INFO - DAG(s) 'example_python_operator' retrieved from /home/airflow/.local/lib/python3.12/site-packages/airflow/example_dags/example_python_operator.py
[2024-04-28T16:49:58.351+0000] {logging_mixin.py:188} INFO - [2024-04-28T16:49:58.349+0000] {dag.py:3096} INFO - Sync 1 DAGs
[2024-04-28T16:49:58.423+0000] {logging_mixin.py:188} INFO - [2024-04-28T16:49:58.422+0000] {dag.py:3954} INFO - Setting next_dagrun for example_python_operator to None, run_after=None
[2024-04-28T16:49:58.522+0000] {processor.py:183} INFO - Processing /home/airflow/.local/lib/python3.12/site-packages/airflow/example_dags/example_python_operator.py took 0.444 seconds
[2024-04-28T16:50:28.863+0000] {processor.py:161} INFO - Started process (PID=930) to work on /home/airflow/.local/lib/python3.12/site-packages/airflow/example_dags/example_python_operator.py
[2024-04-28T16:50:28.868+0000] {processor.py:830} INFO - Processing file /home/airflow/.local/lib/python3.12/site-packages/airflow/example_dags/example_python_operator.py for tasks to queue
[2024-04-28T16:50:28.877+0000] {logging_mixin.py:188} INFO - [2024-04-28T16:50:28.876+0000] {dagbag.py:540} INFO - Filling up the DagBag from /home/airflow/.local/lib/python3.12/site-packages/airflow/example_dags/example_python_operator.py
[2024-04-28T16:50:28.936+0000] {processor.py:840} INFO - DAG(s) 'example_python_operator' retrieved from /home/airflow/.local/lib/python3.12/site-packages/airflow/example_dags/example_python_operator.py
[2024-04-28T16:50:29.035+0000] {logging_mixin.py:188} INFO - [2024-04-28T16:50:29.033+0000] {dag.py:3096} INFO - Sync 1 DAGs
[2024-04-28T16:50:29.088+0000] {logging_mixin.py:188} INFO - [2024-04-28T16:50:29.087+0000] {dag.py:3954} INFO - Setting next_dagrun for example_python_operator to None, run_after=None
[2024-04-28T16:50:29.173+0000] {processor.py:183} INFO - Processing /home/airflow/.local/lib/python3.12/site-packages/airflow/example_dags/example_python_operator.py took 0.334 seconds
[2024-04-28T16:50:59.787+0000] {processor.py:161} INFO - Started process (PID=993) to work on /home/airflow/.local/lib/python3.12/site-packages/airflow/example_dags/example_python_operator.py
[2024-04-28T16:50:59.794+0000] {processor.py:830} INFO - Processing file /home/airflow/.local/lib/python3.12/site-packages/airflow/example_dags/example_python_operator.py for tasks to queue
[2024-04-28T16:50:59.800+0000] {logging_mixin.py:188} INFO - [2024-04-28T16:50:59.799+0000] {dagbag.py:540} INFO - Filling up the DagBag from /home/airflow/.local/lib/python3.12/site-packages/airflow/example_dags/example_python_operator.py
[2024-04-28T16:50:59.836+0000] {processor.py:840} INFO - DAG(s) 'example_python_operator' retrieved from /home/airflow/.local/lib/python3.12/site-packages/airflow/example_dags/example_python_operator.py
[2024-04-28T16:50:59.909+0000] {logging_mixin.py:188} INFO - [2024-04-28T16:50:59.908+0000] {dag.py:3096} INFO - Sync 1 DAGs
[2024-04-28T16:50:59.953+0000] {logging_mixin.py:188} INFO - [2024-04-28T16:50:59.952+0000] {dag.py:3954} INFO - Setting next_dagrun for example_python_operator to None, run_after=None
[2024-04-28T16:51:00.018+0000] {processor.py:183} INFO - Processing /home/airflow/.local/lib/python3.12/site-packages/airflow/example_dags/example_python_operator.py took 0.251 seconds
[2024-04-28T16:51:30.217+0000] {processor.py:161} INFO - Started process (PID=1056) to work on /home/airflow/.local/lib/python3.12/site-packages/airflow/example_dags/example_python_operator.py
[2024-04-28T16:51:30.219+0000] {processor.py:830} INFO - Processing file /home/airflow/.local/lib/python3.12/site-packages/airflow/example_dags/example_python_operator.py for tasks to queue
[2024-04-28T16:51:30.225+0000] {logging_mixin.py:188} INFO - [2024-04-28T16:51:30.223+0000] {dagbag.py:540} INFO - Filling up the DagBag from /home/airflow/.local/lib/python3.12/site-packages/airflow/example_dags/example_python_operator.py
[2024-04-28T16:51:30.254+0000] {processor.py:840} INFO - DAG(s) 'example_python_operator' retrieved from /home/airflow/.local/lib/python3.12/site-packages/airflow/example_dags/example_python_operator.py
[2024-04-28T16:51:30.332+0000] {logging_mixin.py:188} INFO - [2024-04-28T16:51:30.331+0000] {dag.py:3096} INFO - Sync 1 DAGs
[2024-04-28T16:51:30.372+0000] {logging_mixin.py:188} INFO - [2024-04-28T16:51:30.371+0000] {dag.py:3954} INFO - Setting next_dagrun for example_python_operator to None, run_after=None
[2024-04-28T16:51:30.429+0000] {processor.py:183} INFO - Processing /home/airflow/.local/lib/python3.12/site-packages/airflow/example_dags/example_python_operator.py took 0.228 seconds
[2024-04-28T16:52:02.135+0000] {processor.py:161} INFO - Started process (PID=1124) to work on /home/airflow/.local/lib/python3.12/site-packages/airflow/example_dags/example_python_operator.py
[2024-04-28T16:52:02.140+0000] {processor.py:830} INFO - Processing file /home/airflow/.local/lib/python3.12/site-packages/airflow/example_dags/example_python_operator.py for tasks to queue
[2024-04-28T16:52:02.149+0000] {logging_mixin.py:188} INFO - [2024-04-28T16:52:02.146+0000] {dagbag.py:540} INFO - Filling up the DagBag from /home/airflow/.local/lib/python3.12/site-packages/airflow/example_dags/example_python_operator.py
[2024-04-28T16:52:02.193+0000] {processor.py:840} INFO - DAG(s) 'example_python_operator' retrieved from /home/airflow/.local/lib/python3.12/site-packages/airflow/example_dags/example_python_operator.py
[2024-04-28T16:52:02.316+0000] {logging_mixin.py:188} INFO - [2024-04-28T16:52:02.312+0000] {dag.py:3096} INFO - Sync 1 DAGs
[2024-04-28T16:52:02.394+0000] {logging_mixin.py:188} INFO - [2024-04-28T16:52:02.392+0000] {dag.py:3954} INFO - Setting next_dagrun for example_python_operator to None, run_after=None
[2024-04-28T16:52:02.479+0000] {processor.py:183} INFO - Processing /home/airflow/.local/lib/python3.12/site-packages/airflow/example_dags/example_python_operator.py took 0.364 seconds
[2024-04-28T16:52:32.614+0000] {processor.py:161} INFO - Started process (PID=1186) to work on /home/airflow/.local/lib/python3.12/site-packages/airflow/example_dags/example_python_operator.py
[2024-04-28T16:52:32.616+0000] {processor.py:830} INFO - Processing file /home/airflow/.local/lib/python3.12/site-packages/airflow/example_dags/example_python_operator.py for tasks to queue
[2024-04-28T16:52:32.624+0000] {logging_mixin.py:188} INFO - [2024-04-28T16:52:32.623+0000] {dagbag.py:540} INFO - Filling up the DagBag from /home/airflow/.local/lib/python3.12/site-packages/airflow/example_dags/example_python_operator.py
[2024-04-28T16:52:32.677+0000] {processor.py:840} INFO - DAG(s) 'example_python_operator' retrieved from /home/airflow/.local/lib/python3.12/site-packages/airflow/example_dags/example_python_operator.py
[2024-04-28T16:52:32.774+0000] {logging_mixin.py:188} INFO - [2024-04-28T16:52:32.772+0000] {dag.py:3096} INFO - Sync 1 DAGs
[2024-04-28T16:52:32.829+0000] {logging_mixin.py:188} INFO - [2024-04-28T16:52:32.828+0000] {dag.py:3954} INFO - Setting next_dagrun for example_python_operator to None, run_after=None
[2024-04-28T16:52:32.908+0000] {processor.py:183} INFO - Processing /home/airflow/.local/lib/python3.12/site-packages/airflow/example_dags/example_python_operator.py took 0.318 seconds
[2024-04-28T16:53:03.020+0000] {processor.py:161} INFO - Started process (PID=1249) to work on /home/airflow/.local/lib/python3.12/site-packages/airflow/example_dags/example_python_operator.py
[2024-04-28T16:53:03.022+0000] {processor.py:830} INFO - Processing file /home/airflow/.local/lib/python3.12/site-packages/airflow/example_dags/example_python_operator.py for tasks to queue
[2024-04-28T16:53:03.027+0000] {logging_mixin.py:188} INFO - [2024-04-28T16:53:03.026+0000] {dagbag.py:540} INFO - Filling up the DagBag from /home/airflow/.local/lib/python3.12/site-packages/airflow/example_dags/example_python_operator.py
[2024-04-28T16:53:03.054+0000] {processor.py:840} INFO - DAG(s) 'example_python_operator' retrieved from /home/airflow/.local/lib/python3.12/site-packages/airflow/example_dags/example_python_operator.py
[2024-04-28T16:53:03.111+0000] {logging_mixin.py:188} INFO - [2024-04-28T16:53:03.110+0000] {dag.py:3096} INFO - Sync 1 DAGs
[2024-04-28T16:53:03.145+0000] {logging_mixin.py:188} INFO - [2024-04-28T16:53:03.144+0000] {dag.py:3954} INFO - Setting next_dagrun for example_python_operator to None, run_after=None
[2024-04-28T16:53:03.194+0000] {processor.py:183} INFO - Processing /home/airflow/.local/lib/python3.12/site-packages/airflow/example_dags/example_python_operator.py took 0.190 seconds
[2024-04-28T16:53:33.917+0000] {processor.py:161} INFO - Started process (PID=1312) to work on /home/airflow/.local/lib/python3.12/site-packages/airflow/example_dags/example_python_operator.py
[2024-04-28T16:53:33.921+0000] {processor.py:830} INFO - Processing file /home/airflow/.local/lib/python3.12/site-packages/airflow/example_dags/example_python_operator.py for tasks to queue
[2024-04-28T16:53:33.927+0000] {logging_mixin.py:188} INFO - [2024-04-28T16:53:33.926+0000] {dagbag.py:540} INFO - Filling up the DagBag from /home/airflow/.local/lib/python3.12/site-packages/airflow/example_dags/example_python_operator.py
[2024-04-28T16:53:33.963+0000] {processor.py:840} INFO - DAG(s) 'example_python_operator' retrieved from /home/airflow/.local/lib/python3.12/site-packages/airflow/example_dags/example_python_operator.py
[2024-04-28T16:53:34.036+0000] {logging_mixin.py:188} INFO - [2024-04-28T16:53:34.034+0000] {dag.py:3096} INFO - Sync 1 DAGs
[2024-04-28T16:53:34.076+0000] {logging_mixin.py:188} INFO - [2024-04-28T16:53:34.075+0000] {dag.py:3954} INFO - Setting next_dagrun for example_python_operator to None, run_after=None
[2024-04-28T16:53:34.132+0000] {processor.py:183} INFO - Processing /home/airflow/.local/lib/python3.12/site-packages/airflow/example_dags/example_python_operator.py took 0.234 seconds
[2024-04-28T16:54:04.938+0000] {processor.py:161} INFO - Started process (PID=1374) to work on /home/airflow/.local/lib/python3.12/site-packages/airflow/example_dags/example_python_operator.py
[2024-04-28T16:54:04.941+0000] {processor.py:830} INFO - Processing file /home/airflow/.local/lib/python3.12/site-packages/airflow/example_dags/example_python_operator.py for tasks to queue
[2024-04-28T16:54:04.949+0000] {logging_mixin.py:188} INFO - [2024-04-28T16:54:04.947+0000] {dagbag.py:540} INFO - Filling up the DagBag from /home/airflow/.local/lib/python3.12/site-packages/airflow/example_dags/example_python_operator.py
[2024-04-28T16:54:05.002+0000] {processor.py:840} INFO - DAG(s) 'example_python_operator' retrieved from /home/airflow/.local/lib/python3.12/site-packages/airflow/example_dags/example_python_operator.py
[2024-04-28T16:54:05.109+0000] {logging_mixin.py:188} INFO - [2024-04-28T16:54:05.107+0000] {dag.py:3096} INFO - Sync 1 DAGs
[2024-04-28T16:54:05.146+0000] {logging_mixin.py:188} INFO - [2024-04-28T16:54:05.146+0000] {dag.py:3954} INFO - Setting next_dagrun for example_python_operator to None, run_after=None
[2024-04-28T16:54:05.195+0000] {processor.py:183} INFO - Processing /home/airflow/.local/lib/python3.12/site-packages/airflow/example_dags/example_python_operator.py took 0.282 seconds
[2024-04-28T16:54:35.856+0000] {processor.py:161} INFO - Started process (PID=1437) to work on /home/airflow/.local/lib/python3.12/site-packages/airflow/example_dags/example_python_operator.py
[2024-04-28T16:54:35.861+0000] {processor.py:830} INFO - Processing file /home/airflow/.local/lib/python3.12/site-packages/airflow/example_dags/example_python_operator.py for tasks to queue
[2024-04-28T16:54:35.872+0000] {logging_mixin.py:188} INFO - [2024-04-28T16:54:35.869+0000] {dagbag.py:540} INFO - Filling up the DagBag from /home/airflow/.local/lib/python3.12/site-packages/airflow/example_dags/example_python_operator.py
[2024-04-28T16:54:35.923+0000] {processor.py:840} INFO - DAG(s) 'example_python_operator' retrieved from /home/airflow/.local/lib/python3.12/site-packages/airflow/example_dags/example_python_operator.py
[2024-04-28T16:54:36.026+0000] {logging_mixin.py:188} INFO - [2024-04-28T16:54:36.024+0000] {dag.py:3096} INFO - Sync 1 DAGs
[2024-04-28T16:54:36.078+0000] {logging_mixin.py:188} INFO - [2024-04-28T16:54:36.077+0000] {dag.py:3954} INFO - Setting next_dagrun for example_python_operator to None, run_after=None
[2024-04-28T16:54:36.145+0000] {processor.py:183} INFO - Processing /home/airflow/.local/lib/python3.12/site-packages/airflow/example_dags/example_python_operator.py took 0.318 seconds
[2024-04-28T16:55:06.351+0000] {processor.py:161} INFO - Started process (PID=1500) to work on /home/airflow/.local/lib/python3.12/site-packages/airflow/example_dags/example_python_operator.py
[2024-04-28T16:55:06.354+0000] {processor.py:830} INFO - Processing file /home/airflow/.local/lib/python3.12/site-packages/airflow/example_dags/example_python_operator.py for tasks to queue
[2024-04-28T16:55:06.360+0000] {logging_mixin.py:188} INFO - [2024-04-28T16:55:06.359+0000] {dagbag.py:540} INFO - Filling up the DagBag from /home/airflow/.local/lib/python3.12/site-packages/airflow/example_dags/example_python_operator.py
[2024-04-28T16:55:06.394+0000] {processor.py:840} INFO - DAG(s) 'example_python_operator' retrieved from /home/airflow/.local/lib/python3.12/site-packages/airflow/example_dags/example_python_operator.py
[2024-04-28T16:55:06.467+0000] {logging_mixin.py:188} INFO - [2024-04-28T16:55:06.466+0000] {dag.py:3096} INFO - Sync 1 DAGs
[2024-04-28T16:55:06.510+0000] {logging_mixin.py:188} INFO - [2024-04-28T16:55:06.509+0000] {dag.py:3954} INFO - Setting next_dagrun for example_python_operator to None, run_after=None
[2024-04-28T16:55:06.572+0000] {processor.py:183} INFO - Processing /home/airflow/.local/lib/python3.12/site-packages/airflow/example_dags/example_python_operator.py took 0.242 seconds
[2024-04-28T16:55:36.993+0000] {processor.py:161} INFO - Started process (PID=1563) to work on /home/airflow/.local/lib/python3.12/site-packages/airflow/example_dags/example_python_operator.py
[2024-04-28T16:55:36.996+0000] {processor.py:830} INFO - Processing file /home/airflow/.local/lib/python3.12/site-packages/airflow/example_dags/example_python_operator.py for tasks to queue
[2024-04-28T16:55:37.002+0000] {logging_mixin.py:188} INFO - [2024-04-28T16:55:37.001+0000] {dagbag.py:540} INFO - Filling up the DagBag from /home/airflow/.local/lib/python3.12/site-packages/airflow/example_dags/example_python_operator.py
[2024-04-28T16:55:37.037+0000] {processor.py:840} INFO - DAG(s) 'example_python_operator' retrieved from /home/airflow/.local/lib/python3.12/site-packages/airflow/example_dags/example_python_operator.py
[2024-04-28T16:55:37.110+0000] {logging_mixin.py:188} INFO - [2024-04-28T16:55:37.108+0000] {dag.py:3096} INFO - Sync 1 DAGs
[2024-04-28T16:55:37.159+0000] {logging_mixin.py:188} INFO - [2024-04-28T16:55:37.158+0000] {dag.py:3954} INFO - Setting next_dagrun for example_python_operator to None, run_after=None
[2024-04-28T16:55:37.220+0000] {processor.py:183} INFO - Processing /home/airflow/.local/lib/python3.12/site-packages/airflow/example_dags/example_python_operator.py took 0.247 seconds
[2024-04-28T16:56:07.953+0000] {processor.py:161} INFO - Started process (PID=1627) to work on /home/airflow/.local/lib/python3.12/site-packages/airflow/example_dags/example_python_operator.py
[2024-04-28T16:56:07.957+0000] {processor.py:830} INFO - Processing file /home/airflow/.local/lib/python3.12/site-packages/airflow/example_dags/example_python_operator.py for tasks to queue
[2024-04-28T16:56:07.964+0000] {logging_mixin.py:188} INFO - [2024-04-28T16:56:07.962+0000] {dagbag.py:540} INFO - Filling up the DagBag from /home/airflow/.local/lib/python3.12/site-packages/airflow/example_dags/example_python_operator.py
[2024-04-28T16:56:08.000+0000] {processor.py:840} INFO - DAG(s) 'example_python_operator' retrieved from /home/airflow/.local/lib/python3.12/site-packages/airflow/example_dags/example_python_operator.py
[2024-04-28T16:56:08.073+0000] {logging_mixin.py:188} INFO - [2024-04-28T16:56:08.071+0000] {dag.py:3096} INFO - Sync 1 DAGs
[2024-04-28T16:56:08.127+0000] {logging_mixin.py:188} INFO - [2024-04-28T16:56:08.126+0000] {dag.py:3954} INFO - Setting next_dagrun for example_python_operator to None, run_after=None
[2024-04-28T16:56:08.207+0000] {processor.py:183} INFO - Processing /home/airflow/.local/lib/python3.12/site-packages/airflow/example_dags/example_python_operator.py took 0.276 seconds
[2024-04-28T16:56:41.623+0000] {processor.py:161} INFO - Started process (PID=1688) to work on /home/airflow/.local/lib/python3.12/site-packages/airflow/example_dags/example_python_operator.py
[2024-04-28T16:56:41.630+0000] {processor.py:830} INFO - Processing file /home/airflow/.local/lib/python3.12/site-packages/airflow/example_dags/example_python_operator.py for tasks to queue
[2024-04-28T16:56:41.644+0000] {logging_mixin.py:188} INFO - [2024-04-28T16:56:41.643+0000] {dagbag.py:540} INFO - Filling up the DagBag from /home/airflow/.local/lib/python3.12/site-packages/airflow/example_dags/example_python_operator.py
[2024-04-28T16:56:41.796+0000] {processor.py:840} INFO - DAG(s) 'example_python_operator' retrieved from /home/airflow/.local/lib/python3.12/site-packages/airflow/example_dags/example_python_operator.py
[2024-04-28T16:56:42.058+0000] {logging_mixin.py:188} INFO - [2024-04-28T16:56:42.044+0000] {dag.py:3096} INFO - Sync 1 DAGs
[2024-04-28T16:56:42.318+0000] {logging_mixin.py:188} INFO - [2024-04-28T16:56:42.317+0000] {dag.py:3954} INFO - Setting next_dagrun for example_python_operator to None, run_after=None
[2024-04-28T16:56:42.630+0000] {processor.py:183} INFO - Processing /home/airflow/.local/lib/python3.12/site-packages/airflow/example_dags/example_python_operator.py took 1.114 seconds
[2024-04-28T16:57:13.368+0000] {processor.py:161} INFO - Started process (PID=1752) to work on /home/airflow/.local/lib/python3.12/site-packages/airflow/example_dags/example_python_operator.py
[2024-04-28T16:57:13.383+0000] {processor.py:830} INFO - Processing file /home/airflow/.local/lib/python3.12/site-packages/airflow/example_dags/example_python_operator.py for tasks to queue
[2024-04-28T16:57:13.398+0000] {logging_mixin.py:188} INFO - [2024-04-28T16:57:13.392+0000] {dagbag.py:540} INFO - Filling up the DagBag from /home/airflow/.local/lib/python3.12/site-packages/airflow/example_dags/example_python_operator.py
[2024-04-28T16:57:13.542+0000] {processor.py:840} INFO - DAG(s) 'example_python_operator' retrieved from /home/airflow/.local/lib/python3.12/site-packages/airflow/example_dags/example_python_operator.py
[2024-04-28T16:57:13.885+0000] {logging_mixin.py:188} INFO - [2024-04-28T16:57:13.883+0000] {dag.py:3096} INFO - Sync 1 DAGs
[2024-04-28T16:57:14.062+0000] {logging_mixin.py:188} INFO - [2024-04-28T16:57:14.038+0000] {dag.py:3954} INFO - Setting next_dagrun for example_python_operator to None, run_after=None
[2024-04-28T16:57:14.388+0000] {processor.py:183} INFO - Processing /home/airflow/.local/lib/python3.12/site-packages/airflow/example_dags/example_python_operator.py took 1.111 seconds
[2024-04-28T16:57:44.572+0000] {processor.py:161} INFO - Started process (PID=1816) to work on /home/airflow/.local/lib/python3.12/site-packages/airflow/example_dags/example_python_operator.py
[2024-04-28T16:57:44.575+0000] {processor.py:830} INFO - Processing file /home/airflow/.local/lib/python3.12/site-packages/airflow/example_dags/example_python_operator.py for tasks to queue
[2024-04-28T16:57:44.582+0000] {logging_mixin.py:188} INFO - [2024-04-28T16:57:44.580+0000] {dagbag.py:540} INFO - Filling up the DagBag from /home/airflow/.local/lib/python3.12/site-packages/airflow/example_dags/example_python_operator.py
[2024-04-28T16:57:44.616+0000] {processor.py:840} INFO - DAG(s) 'example_python_operator' retrieved from /home/airflow/.local/lib/python3.12/site-packages/airflow/example_dags/example_python_operator.py
[2024-04-28T16:57:44.689+0000] {logging_mixin.py:188} INFO - [2024-04-28T16:57:44.687+0000] {dag.py:3096} INFO - Sync 1 DAGs
[2024-04-28T16:57:44.724+0000] {logging_mixin.py:188} INFO - [2024-04-28T16:57:44.723+0000] {dag.py:3954} INFO - Setting next_dagrun for example_python_operator to None, run_after=None
[2024-04-28T16:57:44.772+0000] {processor.py:183} INFO - Processing /home/airflow/.local/lib/python3.12/site-packages/airflow/example_dags/example_python_operator.py took 0.220 seconds
[2024-04-28T16:58:14.987+0000] {processor.py:161} INFO - Started process (PID=1878) to work on /home/airflow/.local/lib/python3.12/site-packages/airflow/example_dags/example_python_operator.py
[2024-04-28T16:58:14.990+0000] {processor.py:830} INFO - Processing file /home/airflow/.local/lib/python3.12/site-packages/airflow/example_dags/example_python_operator.py for tasks to queue
[2024-04-28T16:58:14.997+0000] {logging_mixin.py:188} INFO - [2024-04-28T16:58:14.996+0000] {dagbag.py:540} INFO - Filling up the DagBag from /home/airflow/.local/lib/python3.12/site-packages/airflow/example_dags/example_python_operator.py
[2024-04-28T16:58:15.029+0000] {processor.py:840} INFO - DAG(s) 'example_python_operator' retrieved from /home/airflow/.local/lib/python3.12/site-packages/airflow/example_dags/example_python_operator.py
[2024-04-28T16:58:15.105+0000] {logging_mixin.py:188} INFO - [2024-04-28T16:58:15.104+0000] {dag.py:3096} INFO - Sync 1 DAGs
[2024-04-28T16:58:15.148+0000] {logging_mixin.py:188} INFO - [2024-04-28T16:58:15.148+0000] {dag.py:3954} INFO - Setting next_dagrun for example_python_operator to None, run_after=None
[2024-04-28T16:58:15.222+0000] {processor.py:183} INFO - Processing /home/airflow/.local/lib/python3.12/site-packages/airflow/example_dags/example_python_operator.py took 0.253 seconds
[2024-04-28T16:58:45.503+0000] {processor.py:161} INFO - Started process (PID=1941) to work on /home/airflow/.local/lib/python3.12/site-packages/airflow/example_dags/example_python_operator.py
[2024-04-28T16:58:45.508+0000] {processor.py:830} INFO - Processing file /home/airflow/.local/lib/python3.12/site-packages/airflow/example_dags/example_python_operator.py for tasks to queue
[2024-04-28T16:58:45.518+0000] {logging_mixin.py:188} INFO - [2024-04-28T16:58:45.517+0000] {dagbag.py:540} INFO - Filling up the DagBag from /home/airflow/.local/lib/python3.12/site-packages/airflow/example_dags/example_python_operator.py
[2024-04-28T16:58:45.583+0000] {processor.py:840} INFO - DAG(s) 'example_python_operator' retrieved from /home/airflow/.local/lib/python3.12/site-packages/airflow/example_dags/example_python_operator.py
[2024-04-28T16:58:45.817+0000] {logging_mixin.py:188} INFO - [2024-04-28T16:58:45.811+0000] {dag.py:3096} INFO - Sync 1 DAGs
[2024-04-28T16:58:46.000+0000] {logging_mixin.py:188} INFO - [2024-04-28T16:58:45.999+0000] {dag.py:3954} INFO - Setting next_dagrun for example_python_operator to None, run_after=None
[2024-04-28T16:58:46.157+0000] {processor.py:183} INFO - Processing /home/airflow/.local/lib/python3.12/site-packages/airflow/example_dags/example_python_operator.py took 0.695 seconds
