[2024-04-28T15:36:13.401+0000] {processor.py:161} INFO - Started process (PID=98) to work on /home/airflow/.local/lib/python3.12/site-packages/airflow/example_dags/example_dag_decorator.py
[2024-04-28T15:36:13.404+0000] {processor.py:830} INFO - Processing file /home/airflow/.local/lib/python3.12/site-packages/airflow/example_dags/example_dag_decorator.py for tasks to queue
[2024-04-28T15:36:13.413+0000] {logging_mixin.py:188} INFO - [2024-04-28T15:36:13.411+0000] {dagbag.py:540} INFO - Filling up the DagBag from /home/airflow/.local/lib/python3.12/site-packages/airflow/example_dags/example_dag_decorator.py
[2024-04-28T15:36:14.876+0000] {processor.py:840} INFO - DAG(s) 'example_dag_decorator' retrieved from /home/airflow/.local/lib/python3.12/site-packages/airflow/example_dags/example_dag_decorator.py
[2024-04-28T15:36:18.476+0000] {logging_mixin.py:188} INFO - [2024-04-28T15:36:18.474+0000] {dag.py:3096} INFO - Sync 1 DAGs
[2024-04-28T15:36:18.575+0000] {logging_mixin.py:188} INFO - [2024-04-28T15:36:18.574+0000] {dag.py:3954} INFO - Setting next_dagrun for example_dag_decorator to None, run_after=None
[2024-04-28T15:36:18.730+0000] {processor.py:183} INFO - Processing /home/airflow/.local/lib/python3.12/site-packages/airflow/example_dags/example_dag_decorator.py took 5.356 seconds
[2024-04-28T15:36:49.553+0000] {processor.py:161} INFO - Started process (PID=162) to work on /home/airflow/.local/lib/python3.12/site-packages/airflow/example_dags/example_dag_decorator.py
[2024-04-28T15:36:49.636+0000] {processor.py:830} INFO - Processing file /home/airflow/.local/lib/python3.12/site-packages/airflow/example_dags/example_dag_decorator.py for tasks to queue
[2024-04-28T15:36:49.698+0000] {logging_mixin.py:188} INFO - [2024-04-28T15:36:49.684+0000] {dagbag.py:540} INFO - Filling up the DagBag from /home/airflow/.local/lib/python3.12/site-packages/airflow/example_dags/example_dag_decorator.py
[2024-04-28T15:36:51.057+0000] {processor.py:840} INFO - DAG(s) 'example_dag_decorator' retrieved from /home/airflow/.local/lib/python3.12/site-packages/airflow/example_dags/example_dag_decorator.py
[2024-04-28T15:36:54.138+0000] {logging_mixin.py:188} INFO - [2024-04-28T15:36:54.137+0000] {dag.py:3096} INFO - Sync 1 DAGs
[2024-04-28T15:36:54.180+0000] {logging_mixin.py:188} INFO - [2024-04-28T15:36:54.179+0000] {dag.py:3954} INFO - Setting next_dagrun for example_dag_decorator to None, run_after=None
[2024-04-28T15:36:54.297+0000] {processor.py:183} INFO - Processing /home/airflow/.local/lib/python3.12/site-packages/airflow/example_dags/example_dag_decorator.py took 4.882 seconds
[2024-04-28T15:37:24.587+0000] {processor.py:161} INFO - Started process (PID=228) to work on /home/airflow/.local/lib/python3.12/site-packages/airflow/example_dags/example_dag_decorator.py
[2024-04-28T15:37:24.591+0000] {processor.py:830} INFO - Processing file /home/airflow/.local/lib/python3.12/site-packages/airflow/example_dags/example_dag_decorator.py for tasks to queue
[2024-04-28T15:37:24.601+0000] {logging_mixin.py:188} INFO - [2024-04-28T15:37:24.600+0000] {dagbag.py:540} INFO - Filling up the DagBag from /home/airflow/.local/lib/python3.12/site-packages/airflow/example_dags/example_dag_decorator.py
[2024-04-28T15:37:25.336+0000] {processor.py:840} INFO - DAG(s) 'example_dag_decorator' retrieved from /home/airflow/.local/lib/python3.12/site-packages/airflow/example_dags/example_dag_decorator.py
[2024-04-28T15:37:26.969+0000] {logging_mixin.py:188} INFO - [2024-04-28T15:37:26.967+0000] {dag.py:3096} INFO - Sync 1 DAGs
[2024-04-28T15:37:27.134+0000] {logging_mixin.py:188} INFO - [2024-04-28T15:37:27.133+0000] {dag.py:3954} INFO - Setting next_dagrun for example_dag_decorator to None, run_after=None
[2024-04-28T15:37:27.362+0000] {processor.py:183} INFO - Processing /home/airflow/.local/lib/python3.12/site-packages/airflow/example_dags/example_dag_decorator.py took 2.801 seconds
[2024-04-28T15:37:58.101+0000] {processor.py:161} INFO - Started process (PID=292) to work on /home/airflow/.local/lib/python3.12/site-packages/airflow/example_dags/example_dag_decorator.py
[2024-04-28T15:37:58.104+0000] {processor.py:830} INFO - Processing file /home/airflow/.local/lib/python3.12/site-packages/airflow/example_dags/example_dag_decorator.py for tasks to queue
[2024-04-28T15:37:58.111+0000] {logging_mixin.py:188} INFO - [2024-04-28T15:37:58.110+0000] {dagbag.py:540} INFO - Filling up the DagBag from /home/airflow/.local/lib/python3.12/site-packages/airflow/example_dags/example_dag_decorator.py
[2024-04-28T15:37:58.461+0000] {processor.py:840} INFO - DAG(s) 'example_dag_decorator' retrieved from /home/airflow/.local/lib/python3.12/site-packages/airflow/example_dags/example_dag_decorator.py
[2024-04-28T15:37:59.186+0000] {logging_mixin.py:188} INFO - [2024-04-28T15:37:59.185+0000] {dag.py:3096} INFO - Sync 1 DAGs
[2024-04-28T15:37:59.212+0000] {logging_mixin.py:188} INFO - [2024-04-28T15:37:59.212+0000] {dag.py:3954} INFO - Setting next_dagrun for example_dag_decorator to None, run_after=None
[2024-04-28T15:37:59.260+0000] {processor.py:183} INFO - Processing /home/airflow/.local/lib/python3.12/site-packages/airflow/example_dags/example_dag_decorator.py took 1.179 seconds
[2024-04-28T15:38:29.782+0000] {processor.py:161} INFO - Started process (PID=356) to work on /home/airflow/.local/lib/python3.12/site-packages/airflow/example_dags/example_dag_decorator.py
[2024-04-28T15:38:29.786+0000] {processor.py:830} INFO - Processing file /home/airflow/.local/lib/python3.12/site-packages/airflow/example_dags/example_dag_decorator.py for tasks to queue
[2024-04-28T15:38:29.793+0000] {logging_mixin.py:188} INFO - [2024-04-28T15:38:29.791+0000] {dagbag.py:540} INFO - Filling up the DagBag from /home/airflow/.local/lib/python3.12/site-packages/airflow/example_dags/example_dag_decorator.py
[2024-04-28T15:38:30.133+0000] {processor.py:840} INFO - DAG(s) 'example_dag_decorator' retrieved from /home/airflow/.local/lib/python3.12/site-packages/airflow/example_dags/example_dag_decorator.py
[2024-04-28T15:38:31.006+0000] {logging_mixin.py:188} INFO - [2024-04-28T15:38:31.005+0000] {dag.py:3096} INFO - Sync 1 DAGs
[2024-04-28T15:38:31.036+0000] {logging_mixin.py:188} INFO - [2024-04-28T15:38:31.036+0000] {dag.py:3954} INFO - Setting next_dagrun for example_dag_decorator to None, run_after=None
[2024-04-28T15:38:31.089+0000] {processor.py:183} INFO - Processing /home/airflow/.local/lib/python3.12/site-packages/airflow/example_dags/example_dag_decorator.py took 1.326 seconds
[2024-04-28T15:39:01.576+0000] {processor.py:161} INFO - Started process (PID=421) to work on /home/airflow/.local/lib/python3.12/site-packages/airflow/example_dags/example_dag_decorator.py
[2024-04-28T15:39:01.579+0000] {processor.py:830} INFO - Processing file /home/airflow/.local/lib/python3.12/site-packages/airflow/example_dags/example_dag_decorator.py for tasks to queue
[2024-04-28T15:39:01.585+0000] {logging_mixin.py:188} INFO - [2024-04-28T15:39:01.584+0000] {dagbag.py:540} INFO - Filling up the DagBag from /home/airflow/.local/lib/python3.12/site-packages/airflow/example_dags/example_dag_decorator.py
[2024-04-28T15:39:01.988+0000] {processor.py:840} INFO - DAG(s) 'example_dag_decorator' retrieved from /home/airflow/.local/lib/python3.12/site-packages/airflow/example_dags/example_dag_decorator.py
[2024-04-28T15:39:03.040+0000] {logging_mixin.py:188} INFO - [2024-04-28T15:39:03.038+0000] {dag.py:3096} INFO - Sync 1 DAGs
[2024-04-28T15:39:03.076+0000] {logging_mixin.py:188} INFO - [2024-04-28T15:39:03.076+0000] {dag.py:3954} INFO - Setting next_dagrun for example_dag_decorator to None, run_after=None
[2024-04-28T15:39:03.132+0000] {processor.py:183} INFO - Processing /home/airflow/.local/lib/python3.12/site-packages/airflow/example_dags/example_dag_decorator.py took 1.576 seconds
[2024-04-28T15:39:34.232+0000] {processor.py:161} INFO - Started process (PID=489) to work on /home/airflow/.local/lib/python3.12/site-packages/airflow/example_dags/example_dag_decorator.py
[2024-04-28T15:39:34.240+0000] {processor.py:830} INFO - Processing file /home/airflow/.local/lib/python3.12/site-packages/airflow/example_dags/example_dag_decorator.py for tasks to queue
[2024-04-28T15:39:34.252+0000] {logging_mixin.py:188} INFO - [2024-04-28T15:39:34.250+0000] {dagbag.py:540} INFO - Filling up the DagBag from /home/airflow/.local/lib/python3.12/site-packages/airflow/example_dags/example_dag_decorator.py
[2024-04-28T15:39:34.920+0000] {processor.py:840} INFO - DAG(s) 'example_dag_decorator' retrieved from /home/airflow/.local/lib/python3.12/site-packages/airflow/example_dags/example_dag_decorator.py
[2024-04-28T15:39:36.297+0000] {logging_mixin.py:188} INFO - [2024-04-28T15:39:36.295+0000] {dag.py:3096} INFO - Sync 1 DAGs
[2024-04-28T15:39:36.333+0000] {logging_mixin.py:188} INFO - [2024-04-28T15:39:36.332+0000] {dag.py:3954} INFO - Setting next_dagrun for example_dag_decorator to None, run_after=None
[2024-04-28T15:39:36.398+0000] {processor.py:183} INFO - Processing /home/airflow/.local/lib/python3.12/site-packages/airflow/example_dags/example_dag_decorator.py took 2.191 seconds
[2024-04-28T15:40:07.456+0000] {processor.py:161} INFO - Started process (PID=561) to work on /home/airflow/.local/lib/python3.12/site-packages/airflow/example_dags/example_dag_decorator.py
[2024-04-28T15:40:07.474+0000] {processor.py:830} INFO - Processing file /home/airflow/.local/lib/python3.12/site-packages/airflow/example_dags/example_dag_decorator.py for tasks to queue
[2024-04-28T15:40:07.493+0000] {logging_mixin.py:188} INFO - [2024-04-28T15:40:07.492+0000] {dagbag.py:540} INFO - Filling up the DagBag from /home/airflow/.local/lib/python3.12/site-packages/airflow/example_dags/example_dag_decorator.py
[2024-04-28T15:40:08.054+0000] {processor.py:840} INFO - DAG(s) 'example_dag_decorator' retrieved from /home/airflow/.local/lib/python3.12/site-packages/airflow/example_dags/example_dag_decorator.py
[2024-04-28T15:40:10.444+0000] {logging_mixin.py:188} INFO - [2024-04-28T15:40:10.442+0000] {dag.py:3096} INFO - Sync 1 DAGs
[2024-04-28T15:40:10.592+0000] {logging_mixin.py:188} INFO - [2024-04-28T15:40:10.591+0000] {dag.py:3954} INFO - Setting next_dagrun for example_dag_decorator to None, run_after=None
[2024-04-28T15:40:10.769+0000] {processor.py:183} INFO - Processing /home/airflow/.local/lib/python3.12/site-packages/airflow/example_dags/example_dag_decorator.py took 3.393 seconds
[2024-04-28T15:40:41.073+0000] {processor.py:161} INFO - Started process (PID=627) to work on /home/airflow/.local/lib/python3.12/site-packages/airflow/example_dags/example_dag_decorator.py
[2024-04-28T15:40:41.082+0000] {processor.py:830} INFO - Processing file /home/airflow/.local/lib/python3.12/site-packages/airflow/example_dags/example_dag_decorator.py for tasks to queue
[2024-04-28T15:40:41.101+0000] {logging_mixin.py:188} INFO - [2024-04-28T15:40:41.092+0000] {dagbag.py:540} INFO - Filling up the DagBag from /home/airflow/.local/lib/python3.12/site-packages/airflow/example_dags/example_dag_decorator.py
[2024-04-28T15:40:42.130+0000] {processor.py:840} INFO - DAG(s) 'example_dag_decorator' retrieved from /home/airflow/.local/lib/python3.12/site-packages/airflow/example_dags/example_dag_decorator.py
[2024-04-28T15:40:44.269+0000] {logging_mixin.py:188} INFO - [2024-04-28T15:40:44.266+0000] {dag.py:3096} INFO - Sync 1 DAGs
[2024-04-28T15:40:44.318+0000] {logging_mixin.py:188} INFO - [2024-04-28T15:40:44.317+0000] {dag.py:3954} INFO - Setting next_dagrun for example_dag_decorator to None, run_after=None
[2024-04-28T15:40:44.397+0000] {processor.py:183} INFO - Processing /home/airflow/.local/lib/python3.12/site-packages/airflow/example_dags/example_dag_decorator.py took 3.375 seconds
[2024-04-28T15:41:14.561+0000] {processor.py:161} INFO - Started process (PID=693) to work on /home/airflow/.local/lib/python3.12/site-packages/airflow/example_dags/example_dag_decorator.py
[2024-04-28T15:41:14.564+0000] {processor.py:830} INFO - Processing file /home/airflow/.local/lib/python3.12/site-packages/airflow/example_dags/example_dag_decorator.py for tasks to queue
[2024-04-28T15:41:14.569+0000] {logging_mixin.py:188} INFO - [2024-04-28T15:41:14.568+0000] {dagbag.py:540} INFO - Filling up the DagBag from /home/airflow/.local/lib/python3.12/site-packages/airflow/example_dags/example_dag_decorator.py
[2024-04-28T15:41:14.914+0000] {processor.py:840} INFO - DAG(s) 'example_dag_decorator' retrieved from /home/airflow/.local/lib/python3.12/site-packages/airflow/example_dags/example_dag_decorator.py
[2024-04-28T15:41:15.724+0000] {logging_mixin.py:188} INFO - [2024-04-28T15:41:15.722+0000] {dag.py:3096} INFO - Sync 1 DAGs
[2024-04-28T15:41:15.758+0000] {logging_mixin.py:188} INFO - [2024-04-28T15:41:15.757+0000] {dag.py:3954} INFO - Setting next_dagrun for example_dag_decorator to None, run_after=None
[2024-04-28T15:41:15.816+0000] {processor.py:183} INFO - Processing /home/airflow/.local/lib/python3.12/site-packages/airflow/example_dags/example_dag_decorator.py took 1.269 seconds
[2024-04-28T15:41:46.007+0000] {processor.py:161} INFO - Started process (PID=757) to work on /home/airflow/.local/lib/python3.12/site-packages/airflow/example_dags/example_dag_decorator.py
[2024-04-28T15:41:46.009+0000] {processor.py:830} INFO - Processing file /home/airflow/.local/lib/python3.12/site-packages/airflow/example_dags/example_dag_decorator.py for tasks to queue
[2024-04-28T15:41:46.015+0000] {logging_mixin.py:188} INFO - [2024-04-28T15:41:46.014+0000] {dagbag.py:540} INFO - Filling up the DagBag from /home/airflow/.local/lib/python3.12/site-packages/airflow/example_dags/example_dag_decorator.py
[2024-04-28T15:41:46.464+0000] {processor.py:840} INFO - DAG(s) 'example_dag_decorator' retrieved from /home/airflow/.local/lib/python3.12/site-packages/airflow/example_dags/example_dag_decorator.py
[2024-04-28T15:41:47.382+0000] {logging_mixin.py:188} INFO - [2024-04-28T15:41:47.381+0000] {dag.py:3096} INFO - Sync 1 DAGs
[2024-04-28T15:41:47.410+0000] {logging_mixin.py:188} INFO - [2024-04-28T15:41:47.410+0000] {dag.py:3954} INFO - Setting next_dagrun for example_dag_decorator to None, run_after=None
[2024-04-28T15:41:47.470+0000] {processor.py:183} INFO - Processing /home/airflow/.local/lib/python3.12/site-packages/airflow/example_dags/example_dag_decorator.py took 1.481 seconds
[2024-04-28T15:42:18.495+0000] {processor.py:161} INFO - Started process (PID=824) to work on /home/airflow/.local/lib/python3.12/site-packages/airflow/example_dags/example_dag_decorator.py
[2024-04-28T15:42:18.498+0000] {processor.py:830} INFO - Processing file /home/airflow/.local/lib/python3.12/site-packages/airflow/example_dags/example_dag_decorator.py for tasks to queue
[2024-04-28T15:42:18.504+0000] {logging_mixin.py:188} INFO - [2024-04-28T15:42:18.502+0000] {dagbag.py:540} INFO - Filling up the DagBag from /home/airflow/.local/lib/python3.12/site-packages/airflow/example_dags/example_dag_decorator.py
[2024-04-28T15:42:18.823+0000] {processor.py:840} INFO - DAG(s) 'example_dag_decorator' retrieved from /home/airflow/.local/lib/python3.12/site-packages/airflow/example_dags/example_dag_decorator.py
[2024-04-28T15:42:19.599+0000] {logging_mixin.py:188} INFO - [2024-04-28T15:42:19.597+0000] {dag.py:3096} INFO - Sync 1 DAGs
[2024-04-28T15:42:19.635+0000] {logging_mixin.py:188} INFO - [2024-04-28T15:42:19.634+0000] {dag.py:3954} INFO - Setting next_dagrun for example_dag_decorator to None, run_after=None
[2024-04-28T15:42:19.722+0000] {processor.py:183} INFO - Processing /home/airflow/.local/lib/python3.12/site-packages/airflow/example_dags/example_dag_decorator.py took 1.246 seconds
[2024-04-28T15:42:51.239+0000] {processor.py:161} INFO - Started process (PID=890) to work on /home/airflow/.local/lib/python3.12/site-packages/airflow/example_dags/example_dag_decorator.py
[2024-04-28T15:42:51.250+0000] {processor.py:830} INFO - Processing file /home/airflow/.local/lib/python3.12/site-packages/airflow/example_dags/example_dag_decorator.py for tasks to queue
[2024-04-28T15:42:51.279+0000] {logging_mixin.py:188} INFO - [2024-04-28T15:42:51.277+0000] {dagbag.py:540} INFO - Filling up the DagBag from /home/airflow/.local/lib/python3.12/site-packages/airflow/example_dags/example_dag_decorator.py
[2024-04-28T15:42:52.424+0000] {processor.py:840} INFO - DAG(s) 'example_dag_decorator' retrieved from /home/airflow/.local/lib/python3.12/site-packages/airflow/example_dags/example_dag_decorator.py
[2024-04-28T15:42:54.023+0000] {logging_mixin.py:188} INFO - [2024-04-28T15:42:54.021+0000] {dag.py:3096} INFO - Sync 1 DAGs
[2024-04-28T15:42:54.089+0000] {logging_mixin.py:188} INFO - [2024-04-28T15:42:54.088+0000] {dag.py:3954} INFO - Setting next_dagrun for example_dag_decorator to None, run_after=None
[2024-04-28T15:42:54.216+0000] {processor.py:183} INFO - Processing /home/airflow/.local/lib/python3.12/site-packages/airflow/example_dags/example_dag_decorator.py took 3.063 seconds
[2024-04-28T15:43:26.311+0000] {processor.py:161} INFO - Started process (PID=956) to work on /home/airflow/.local/lib/python3.12/site-packages/airflow/example_dags/example_dag_decorator.py
[2024-04-28T15:43:26.318+0000] {processor.py:830} INFO - Processing file /home/airflow/.local/lib/python3.12/site-packages/airflow/example_dags/example_dag_decorator.py for tasks to queue
[2024-04-28T15:43:26.335+0000] {logging_mixin.py:188} INFO - [2024-04-28T15:43:26.333+0000] {dagbag.py:540} INFO - Filling up the DagBag from /home/airflow/.local/lib/python3.12/site-packages/airflow/example_dags/example_dag_decorator.py
[2024-04-28T15:43:27.189+0000] {processor.py:840} INFO - DAG(s) 'example_dag_decorator' retrieved from /home/airflow/.local/lib/python3.12/site-packages/airflow/example_dags/example_dag_decorator.py
[2024-04-28T15:43:34.875+0000] {logging_mixin.py:188} INFO - [2024-04-28T15:43:34.868+0000] {process_utils.py:263} INFO - Waiting up to 5 seconds for processes to exit...
[2024-04-28T15:43:34.884+0000] {logging_mixin.py:188} WARNING - Exception ignored in: <function WeakKeyDictionary.__init__.<locals>.remove at 0x7f98afdee0>
[2024-04-28T15:43:34.886+0000] {logging_mixin.py:188} WARNING - Traceback (most recent call last):
[2024-04-28T15:43:34.887+0000] {logging_mixin.py:188} WARNING -   File "/usr/local/lib/python3.12/weakref.py", line 369, in remove
[2024-04-28T15:43:34.888+0000] {logging_mixin.py:188} WARNING -     def remove(k, selfref=ref(self)):
[2024-04-28T15:43:34.897+0000] {logging_mixin.py:188} WARNING -   File "/home/airflow/.local/lib/python3.12/site-packages/airflow/dag_processing/manager.py", line 457, in _exit_gracefully
[2024-04-28T15:43:34.905+0000] {logging_mixin.py:188} WARNING -     sys.exit(os.EX_OK)
[2024-04-28T15:43:34.907+0000] {logging_mixin.py:188} WARNING - SystemExit: 0
[2024-04-28T15:58:31.250+0000] {processor.py:161} INFO - Started process (PID=97) to work on /home/airflow/.local/lib/python3.12/site-packages/airflow/example_dags/example_dag_decorator.py
[2024-04-28T15:58:31.316+0000] {processor.py:830} INFO - Processing file /home/airflow/.local/lib/python3.12/site-packages/airflow/example_dags/example_dag_decorator.py for tasks to queue
[2024-04-28T15:58:31.327+0000] {logging_mixin.py:188} INFO - [2024-04-28T15:58:31.324+0000] {dagbag.py:540} INFO - Filling up the DagBag from /home/airflow/.local/lib/python3.12/site-packages/airflow/example_dags/example_dag_decorator.py
[2024-04-28T15:58:32.680+0000] {processor.py:840} INFO - DAG(s) 'example_dag_decorator' retrieved from /home/airflow/.local/lib/python3.12/site-packages/airflow/example_dags/example_dag_decorator.py
[2024-04-28T15:58:33.746+0000] {logging_mixin.py:188} INFO - [2024-04-28T15:58:33.740+0000] {dag.py:3096} INFO - Sync 1 DAGs
[2024-04-28T15:58:33.881+0000] {logging_mixin.py:188} INFO - [2024-04-28T15:58:33.880+0000] {dag.py:3954} INFO - Setting next_dagrun for example_dag_decorator to None, run_after=None
[2024-04-28T15:58:34.080+0000] {processor.py:183} INFO - Processing /home/airflow/.local/lib/python3.12/site-packages/airflow/example_dags/example_dag_decorator.py took 2.869 seconds
[2024-04-28T15:59:04.592+0000] {processor.py:161} INFO - Started process (PID=161) to work on /home/airflow/.local/lib/python3.12/site-packages/airflow/example_dags/example_dag_decorator.py
[2024-04-28T15:59:04.598+0000] {processor.py:830} INFO - Processing file /home/airflow/.local/lib/python3.12/site-packages/airflow/example_dags/example_dag_decorator.py for tasks to queue
[2024-04-28T15:59:04.626+0000] {logging_mixin.py:188} INFO - [2024-04-28T15:59:04.624+0000] {dagbag.py:540} INFO - Filling up the DagBag from /home/airflow/.local/lib/python3.12/site-packages/airflow/example_dags/example_dag_decorator.py
[2024-04-28T15:59:05.048+0000] {processor.py:840} INFO - DAG(s) 'example_dag_decorator' retrieved from /home/airflow/.local/lib/python3.12/site-packages/airflow/example_dags/example_dag_decorator.py
[2024-04-28T15:59:05.401+0000] {logging_mixin.py:188} INFO - [2024-04-28T15:59:05.399+0000] {dag.py:3096} INFO - Sync 1 DAGs
[2024-04-28T15:59:05.438+0000] {logging_mixin.py:188} INFO - [2024-04-28T15:59:05.437+0000] {dag.py:3954} INFO - Setting next_dagrun for example_dag_decorator to None, run_after=None
[2024-04-28T15:59:05.493+0000] {processor.py:183} INFO - Processing /home/airflow/.local/lib/python3.12/site-packages/airflow/example_dags/example_dag_decorator.py took 0.924 seconds
[2024-04-28T15:59:35.601+0000] {processor.py:161} INFO - Started process (PID=225) to work on /home/airflow/.local/lib/python3.12/site-packages/airflow/example_dags/example_dag_decorator.py
[2024-04-28T15:59:35.604+0000] {processor.py:830} INFO - Processing file /home/airflow/.local/lib/python3.12/site-packages/airflow/example_dags/example_dag_decorator.py for tasks to queue
[2024-04-28T15:59:35.612+0000] {logging_mixin.py:188} INFO - [2024-04-28T15:59:35.611+0000] {dagbag.py:540} INFO - Filling up the DagBag from /home/airflow/.local/lib/python3.12/site-packages/airflow/example_dags/example_dag_decorator.py
[2024-04-28T15:59:35.939+0000] {processor.py:840} INFO - DAG(s) 'example_dag_decorator' retrieved from /home/airflow/.local/lib/python3.12/site-packages/airflow/example_dags/example_dag_decorator.py
[2024-04-28T15:59:36.828+0000] {logging_mixin.py:188} INFO - [2024-04-28T15:59:36.826+0000] {dag.py:3096} INFO - Sync 1 DAGs
[2024-04-28T15:59:36.858+0000] {logging_mixin.py:188} INFO - [2024-04-28T15:59:36.857+0000] {dag.py:3954} INFO - Setting next_dagrun for example_dag_decorator to None, run_after=None
[2024-04-28T15:59:36.911+0000] {processor.py:183} INFO - Processing /home/airflow/.local/lib/python3.12/site-packages/airflow/example_dags/example_dag_decorator.py took 1.327 seconds
[2024-04-28T16:00:09.384+0000] {processor.py:161} INFO - Started process (PID=286) to work on /home/airflow/.local/lib/python3.12/site-packages/airflow/example_dags/example_dag_decorator.py
[2024-04-28T16:00:09.394+0000] {processor.py:830} INFO - Processing file /home/airflow/.local/lib/python3.12/site-packages/airflow/example_dags/example_dag_decorator.py for tasks to queue
[2024-04-28T16:00:09.405+0000] {logging_mixin.py:188} INFO - [2024-04-28T16:00:09.403+0000] {dagbag.py:540} INFO - Filling up the DagBag from /home/airflow/.local/lib/python3.12/site-packages/airflow/example_dags/example_dag_decorator.py
[2024-04-28T16:00:10.353+0000] {processor.py:840} INFO - DAG(s) 'example_dag_decorator' retrieved from /home/airflow/.local/lib/python3.12/site-packages/airflow/example_dags/example_dag_decorator.py
[2024-04-28T16:00:12.020+0000] {logging_mixin.py:188} INFO - [2024-04-28T16:00:12.018+0000] {dag.py:3096} INFO - Sync 1 DAGs
[2024-04-28T16:00:12.116+0000] {logging_mixin.py:188} INFO - [2024-04-28T16:00:12.115+0000] {dag.py:3954} INFO - Setting next_dagrun for example_dag_decorator to None, run_after=None
[2024-04-28T16:00:12.358+0000] {processor.py:183} INFO - Processing /home/airflow/.local/lib/python3.12/site-packages/airflow/example_dags/example_dag_decorator.py took 3.000 seconds
[2024-04-28T16:00:43.010+0000] {processor.py:161} INFO - Started process (PID=352) to work on /home/airflow/.local/lib/python3.12/site-packages/airflow/example_dags/example_dag_decorator.py
[2024-04-28T16:00:43.020+0000] {processor.py:830} INFO - Processing file /home/airflow/.local/lib/python3.12/site-packages/airflow/example_dags/example_dag_decorator.py for tasks to queue
[2024-04-28T16:00:43.033+0000] {logging_mixin.py:188} INFO - [2024-04-28T16:00:43.032+0000] {dagbag.py:540} INFO - Filling up the DagBag from /home/airflow/.local/lib/python3.12/site-packages/airflow/example_dags/example_dag_decorator.py
[2024-04-28T16:00:43.784+0000] {processor.py:840} INFO - DAG(s) 'example_dag_decorator' retrieved from /home/airflow/.local/lib/python3.12/site-packages/airflow/example_dags/example_dag_decorator.py
[2024-04-28T16:00:45.824+0000] {logging_mixin.py:188} INFO - [2024-04-28T16:00:45.822+0000] {dag.py:3096} INFO - Sync 1 DAGs
[2024-04-28T16:00:45.899+0000] {logging_mixin.py:188} INFO - [2024-04-28T16:00:45.898+0000] {dag.py:3954} INFO - Setting next_dagrun for example_dag_decorator to None, run_after=None
[2024-04-28T16:00:46.078+0000] {processor.py:183} INFO - Processing /home/airflow/.local/lib/python3.12/site-packages/airflow/example_dags/example_dag_decorator.py took 3.114 seconds
[2024-04-28T16:01:16.665+0000] {processor.py:161} INFO - Started process (PID=416) to work on /home/airflow/.local/lib/python3.12/site-packages/airflow/example_dags/example_dag_decorator.py
[2024-04-28T16:01:16.667+0000] {processor.py:830} INFO - Processing file /home/airflow/.local/lib/python3.12/site-packages/airflow/example_dags/example_dag_decorator.py for tasks to queue
[2024-04-28T16:01:16.674+0000] {logging_mixin.py:188} INFO - [2024-04-28T16:01:16.673+0000] {dagbag.py:540} INFO - Filling up the DagBag from /home/airflow/.local/lib/python3.12/site-packages/airflow/example_dags/example_dag_decorator.py
[2024-04-28T16:01:17.342+0000] {processor.py:840} INFO - DAG(s) 'example_dag_decorator' retrieved from /home/airflow/.local/lib/python3.12/site-packages/airflow/example_dags/example_dag_decorator.py
[2024-04-28T16:01:19.123+0000] {logging_mixin.py:188} INFO - [2024-04-28T16:01:19.121+0000] {dag.py:3096} INFO - Sync 1 DAGs
[2024-04-28T16:01:19.157+0000] {logging_mixin.py:188} INFO - [2024-04-28T16:01:19.156+0000] {dag.py:3954} INFO - Setting next_dagrun for example_dag_decorator to None, run_after=None
[2024-04-28T16:01:19.224+0000] {processor.py:183} INFO - Processing /home/airflow/.local/lib/python3.12/site-packages/airflow/example_dags/example_dag_decorator.py took 2.580 seconds
[2024-04-28T16:01:49.459+0000] {processor.py:161} INFO - Started process (PID=480) to work on /home/airflow/.local/lib/python3.12/site-packages/airflow/example_dags/example_dag_decorator.py
[2024-04-28T16:01:49.463+0000] {processor.py:830} INFO - Processing file /home/airflow/.local/lib/python3.12/site-packages/airflow/example_dags/example_dag_decorator.py for tasks to queue
[2024-04-28T16:01:49.473+0000] {logging_mixin.py:188} INFO - [2024-04-28T16:01:49.471+0000] {dagbag.py:540} INFO - Filling up the DagBag from /home/airflow/.local/lib/python3.12/site-packages/airflow/example_dags/example_dag_decorator.py
[2024-04-28T16:01:49.953+0000] {processor.py:840} INFO - DAG(s) 'example_dag_decorator' retrieved from /home/airflow/.local/lib/python3.12/site-packages/airflow/example_dags/example_dag_decorator.py
[2024-04-28T16:01:51.213+0000] {logging_mixin.py:188} INFO - [2024-04-28T16:01:51.211+0000] {dag.py:3096} INFO - Sync 1 DAGs
[2024-04-28T16:01:51.260+0000] {logging_mixin.py:188} INFO - [2024-04-28T16:01:51.259+0000] {dag.py:3954} INFO - Setting next_dagrun for example_dag_decorator to None, run_after=None
[2024-04-28T16:01:51.374+0000] {processor.py:183} INFO - Processing /home/airflow/.local/lib/python3.12/site-packages/airflow/example_dags/example_dag_decorator.py took 1.940 seconds
[2024-04-28T16:02:21.606+0000] {processor.py:161} INFO - Started process (PID=546) to work on /home/airflow/.local/lib/python3.12/site-packages/airflow/example_dags/example_dag_decorator.py
[2024-04-28T16:02:21.609+0000] {processor.py:830} INFO - Processing file /home/airflow/.local/lib/python3.12/site-packages/airflow/example_dags/example_dag_decorator.py for tasks to queue
[2024-04-28T16:02:21.622+0000] {logging_mixin.py:188} INFO - [2024-04-28T16:02:21.620+0000] {dagbag.py:540} INFO - Filling up the DagBag from /home/airflow/.local/lib/python3.12/site-packages/airflow/example_dags/example_dag_decorator.py
[2024-04-28T16:02:22.179+0000] {processor.py:840} INFO - DAG(s) 'example_dag_decorator' retrieved from /home/airflow/.local/lib/python3.12/site-packages/airflow/example_dags/example_dag_decorator.py
[2024-04-28T16:02:23.434+0000] {logging_mixin.py:188} INFO - [2024-04-28T16:02:23.433+0000] {dag.py:3096} INFO - Sync 1 DAGs
[2024-04-28T16:02:23.464+0000] {logging_mixin.py:188} INFO - [2024-04-28T16:02:23.463+0000] {dag.py:3954} INFO - Setting next_dagrun for example_dag_decorator to None, run_after=None
[2024-04-28T16:02:23.522+0000] {processor.py:183} INFO - Processing /home/airflow/.local/lib/python3.12/site-packages/airflow/example_dags/example_dag_decorator.py took 1.937 seconds
[2024-04-28T16:02:54.108+0000] {processor.py:161} INFO - Started process (PID=612) to work on /home/airflow/.local/lib/python3.12/site-packages/airflow/example_dags/example_dag_decorator.py
[2024-04-28T16:02:54.111+0000] {processor.py:830} INFO - Processing file /home/airflow/.local/lib/python3.12/site-packages/airflow/example_dags/example_dag_decorator.py for tasks to queue
[2024-04-28T16:02:54.117+0000] {logging_mixin.py:188} INFO - [2024-04-28T16:02:54.116+0000] {dagbag.py:540} INFO - Filling up the DagBag from /home/airflow/.local/lib/python3.12/site-packages/airflow/example_dags/example_dag_decorator.py
[2024-04-28T16:02:54.453+0000] {processor.py:840} INFO - DAG(s) 'example_dag_decorator' retrieved from /home/airflow/.local/lib/python3.12/site-packages/airflow/example_dags/example_dag_decorator.py
[2024-04-28T16:02:55.331+0000] {logging_mixin.py:188} INFO - [2024-04-28T16:02:55.330+0000] {dag.py:3096} INFO - Sync 1 DAGs
[2024-04-28T16:02:55.366+0000] {logging_mixin.py:188} INFO - [2024-04-28T16:02:55.365+0000] {dag.py:3954} INFO - Setting next_dagrun for example_dag_decorator to None, run_after=None
[2024-04-28T16:02:55.424+0000] {processor.py:183} INFO - Processing /home/airflow/.local/lib/python3.12/site-packages/airflow/example_dags/example_dag_decorator.py took 1.335 seconds
[2024-04-28T16:03:25.776+0000] {processor.py:161} INFO - Started process (PID=680) to work on /home/airflow/.local/lib/python3.12/site-packages/airflow/example_dags/example_dag_decorator.py
[2024-04-28T16:03:25.778+0000] {processor.py:830} INFO - Processing file /home/airflow/.local/lib/python3.12/site-packages/airflow/example_dags/example_dag_decorator.py for tasks to queue
[2024-04-28T16:03:25.785+0000] {logging_mixin.py:188} INFO - [2024-04-28T16:03:25.783+0000] {dagbag.py:540} INFO - Filling up the DagBag from /home/airflow/.local/lib/python3.12/site-packages/airflow/example_dags/example_dag_decorator.py
[2024-04-28T16:03:26.170+0000] {processor.py:840} INFO - DAG(s) 'example_dag_decorator' retrieved from /home/airflow/.local/lib/python3.12/site-packages/airflow/example_dags/example_dag_decorator.py
[2024-04-28T16:03:27.100+0000] {logging_mixin.py:188} INFO - [2024-04-28T16:03:27.099+0000] {dag.py:3096} INFO - Sync 1 DAGs
[2024-04-28T16:03:27.134+0000] {logging_mixin.py:188} INFO - [2024-04-28T16:03:27.134+0000] {dag.py:3954} INFO - Setting next_dagrun for example_dag_decorator to None, run_after=None
[2024-04-28T16:03:27.183+0000] {processor.py:183} INFO - Processing /home/airflow/.local/lib/python3.12/site-packages/airflow/example_dags/example_dag_decorator.py took 1.427 seconds
[2024-04-28T16:03:59.488+0000] {processor.py:161} INFO - Started process (PID=747) to work on /home/airflow/.local/lib/python3.12/site-packages/airflow/example_dags/example_dag_decorator.py
[2024-04-28T16:03:59.494+0000] {processor.py:830} INFO - Processing file /home/airflow/.local/lib/python3.12/site-packages/airflow/example_dags/example_dag_decorator.py for tasks to queue
[2024-04-28T16:03:59.502+0000] {logging_mixin.py:188} INFO - [2024-04-28T16:03:59.501+0000] {dagbag.py:540} INFO - Filling up the DagBag from /home/airflow/.local/lib/python3.12/site-packages/airflow/example_dags/example_dag_decorator.py
[2024-04-28T16:04:00.214+0000] {processor.py:840} INFO - DAG(s) 'example_dag_decorator' retrieved from /home/airflow/.local/lib/python3.12/site-packages/airflow/example_dags/example_dag_decorator.py
[2024-04-28T16:04:00.576+0000] {logging_mixin.py:188} INFO - [2024-04-28T16:04:00.569+0000] {dag.py:3096} INFO - Sync 1 DAGs
[2024-04-28T16:04:02.032+0000] {logging_mixin.py:188} INFO - [2024-04-28T16:04:02.029+0000] {dag.py:3954} INFO - Setting next_dagrun for example_dag_decorator to None, run_after=None
[2024-04-28T16:04:02.208+0000] {processor.py:183} INFO - Processing /home/airflow/.local/lib/python3.12/site-packages/airflow/example_dags/example_dag_decorator.py took 2.742 seconds
[2024-04-28T16:04:32.444+0000] {processor.py:161} INFO - Started process (PID=817) to work on /home/airflow/.local/lib/python3.12/site-packages/airflow/example_dags/example_dag_decorator.py
[2024-04-28T16:04:32.446+0000] {processor.py:830} INFO - Processing file /home/airflow/.local/lib/python3.12/site-packages/airflow/example_dags/example_dag_decorator.py for tasks to queue
[2024-04-28T16:04:32.454+0000] {logging_mixin.py:188} INFO - [2024-04-28T16:04:32.452+0000] {dagbag.py:540} INFO - Filling up the DagBag from /home/airflow/.local/lib/python3.12/site-packages/airflow/example_dags/example_dag_decorator.py
[2024-04-28T16:04:34.107+0000] {processor.py:840} INFO - DAG(s) 'example_dag_decorator' retrieved from /home/airflow/.local/lib/python3.12/site-packages/airflow/example_dags/example_dag_decorator.py
[2024-04-28T16:04:34.882+0000] {logging_mixin.py:188} INFO - [2024-04-28T16:04:34.880+0000] {dag.py:3096} INFO - Sync 1 DAGs
[2024-04-28T16:04:34.942+0000] {logging_mixin.py:188} INFO - [2024-04-28T16:04:34.941+0000] {dag.py:3954} INFO - Setting next_dagrun for example_dag_decorator to None, run_after=None
[2024-04-28T16:04:35.009+0000] {processor.py:183} INFO - Processing /home/airflow/.local/lib/python3.12/site-packages/airflow/example_dags/example_dag_decorator.py took 2.604 seconds
[2024-04-28T16:05:05.274+0000] {processor.py:161} INFO - Started process (PID=885) to work on /home/airflow/.local/lib/python3.12/site-packages/airflow/example_dags/example_dag_decorator.py
[2024-04-28T16:05:05.276+0000] {processor.py:830} INFO - Processing file /home/airflow/.local/lib/python3.12/site-packages/airflow/example_dags/example_dag_decorator.py for tasks to queue
[2024-04-28T16:05:05.282+0000] {logging_mixin.py:188} INFO - [2024-04-28T16:05:05.281+0000] {dagbag.py:540} INFO - Filling up the DagBag from /home/airflow/.local/lib/python3.12/site-packages/airflow/example_dags/example_dag_decorator.py
[2024-04-28T16:05:06.197+0000] {processor.py:840} INFO - DAG(s) 'example_dag_decorator' retrieved from /home/airflow/.local/lib/python3.12/site-packages/airflow/example_dags/example_dag_decorator.py
[2024-04-28T16:05:06.581+0000] {logging_mixin.py:188} INFO - [2024-04-28T16:05:06.580+0000] {dag.py:3096} INFO - Sync 1 DAGs
[2024-04-28T16:05:06.615+0000] {logging_mixin.py:188} INFO - [2024-04-28T16:05:06.615+0000] {dag.py:3954} INFO - Setting next_dagrun for example_dag_decorator to None, run_after=None
[2024-04-28T16:05:06.679+0000] {processor.py:183} INFO - Processing /home/airflow/.local/lib/python3.12/site-packages/airflow/example_dags/example_dag_decorator.py took 1.424 seconds
[2024-04-28T16:05:38.330+0000] {processor.py:161} INFO - Started process (PID=955) to work on /home/airflow/.local/lib/python3.12/site-packages/airflow/example_dags/example_dag_decorator.py
[2024-04-28T16:05:38.335+0000] {processor.py:830} INFO - Processing file /home/airflow/.local/lib/python3.12/site-packages/airflow/example_dags/example_dag_decorator.py for tasks to queue
[2024-04-28T16:05:38.342+0000] {logging_mixin.py:188} INFO - [2024-04-28T16:05:38.341+0000] {dagbag.py:540} INFO - Filling up the DagBag from /home/airflow/.local/lib/python3.12/site-packages/airflow/example_dags/example_dag_decorator.py
[2024-04-28T16:05:39.109+0000] {processor.py:840} INFO - DAG(s) 'example_dag_decorator' retrieved from /home/airflow/.local/lib/python3.12/site-packages/airflow/example_dags/example_dag_decorator.py
[2024-04-28T16:05:39.185+0000] {logging_mixin.py:188} INFO - [2024-04-28T16:05:39.184+0000] {dag.py:3096} INFO - Sync 1 DAGs
[2024-04-28T16:05:39.220+0000] {logging_mixin.py:188} INFO - [2024-04-28T16:05:39.219+0000] {dag.py:3954} INFO - Setting next_dagrun for example_dag_decorator to None, run_after=None
[2024-04-28T16:05:39.277+0000] {processor.py:183} INFO - Processing /home/airflow/.local/lib/python3.12/site-packages/airflow/example_dags/example_dag_decorator.py took 0.971 seconds
[2024-04-28T16:06:10.138+0000] {processor.py:161} INFO - Started process (PID=1020) to work on /home/airflow/.local/lib/python3.12/site-packages/airflow/example_dags/example_dag_decorator.py
[2024-04-28T16:06:10.140+0000] {processor.py:830} INFO - Processing file /home/airflow/.local/lib/python3.12/site-packages/airflow/example_dags/example_dag_decorator.py for tasks to queue
[2024-04-28T16:06:10.145+0000] {logging_mixin.py:188} INFO - [2024-04-28T16:06:10.144+0000] {dagbag.py:540} INFO - Filling up the DagBag from /home/airflow/.local/lib/python3.12/site-packages/airflow/example_dags/example_dag_decorator.py
[2024-04-28T16:06:10.864+0000] {processor.py:840} INFO - DAG(s) 'example_dag_decorator' retrieved from /home/airflow/.local/lib/python3.12/site-packages/airflow/example_dags/example_dag_decorator.py
[2024-04-28T16:06:11.139+0000] {logging_mixin.py:188} INFO - [2024-04-28T16:06:11.138+0000] {dag.py:3096} INFO - Sync 1 DAGs
[2024-04-28T16:06:11.165+0000] {logging_mixin.py:188} INFO - [2024-04-28T16:06:11.164+0000] {dag.py:3954} INFO - Setting next_dagrun for example_dag_decorator to None, run_after=None
[2024-04-28T16:06:11.212+0000] {processor.py:183} INFO - Processing /home/airflow/.local/lib/python3.12/site-packages/airflow/example_dags/example_dag_decorator.py took 1.088 seconds
[2024-04-28T16:06:42.259+0000] {processor.py:161} INFO - Started process (PID=1083) to work on /home/airflow/.local/lib/python3.12/site-packages/airflow/example_dags/example_dag_decorator.py
[2024-04-28T16:06:42.262+0000] {processor.py:830} INFO - Processing file /home/airflow/.local/lib/python3.12/site-packages/airflow/example_dags/example_dag_decorator.py for tasks to queue
[2024-04-28T16:06:42.268+0000] {logging_mixin.py:188} INFO - [2024-04-28T16:06:42.267+0000] {dagbag.py:540} INFO - Filling up the DagBag from /home/airflow/.local/lib/python3.12/site-packages/airflow/example_dags/example_dag_decorator.py
[2024-04-28T16:06:43.128+0000] {processor.py:840} INFO - DAG(s) 'example_dag_decorator' retrieved from /home/airflow/.local/lib/python3.12/site-packages/airflow/example_dags/example_dag_decorator.py
[2024-04-28T16:06:43.398+0000] {logging_mixin.py:188} INFO - [2024-04-28T16:06:43.397+0000] {dag.py:3096} INFO - Sync 1 DAGs
[2024-04-28T16:06:43.424+0000] {logging_mixin.py:188} INFO - [2024-04-28T16:06:43.424+0000] {dag.py:3954} INFO - Setting next_dagrun for example_dag_decorator to None, run_after=None
[2024-04-28T16:06:43.471+0000] {processor.py:183} INFO - Processing /home/airflow/.local/lib/python3.12/site-packages/airflow/example_dags/example_dag_decorator.py took 1.228 seconds
[2024-04-28T16:07:13.809+0000] {processor.py:161} INFO - Started process (PID=1148) to work on /home/airflow/.local/lib/python3.12/site-packages/airflow/example_dags/example_dag_decorator.py
[2024-04-28T16:07:13.811+0000] {processor.py:830} INFO - Processing file /home/airflow/.local/lib/python3.12/site-packages/airflow/example_dags/example_dag_decorator.py for tasks to queue
[2024-04-28T16:07:13.818+0000] {logging_mixin.py:188} INFO - [2024-04-28T16:07:13.817+0000] {dagbag.py:540} INFO - Filling up the DagBag from /home/airflow/.local/lib/python3.12/site-packages/airflow/example_dags/example_dag_decorator.py
[2024-04-28T16:07:14.811+0000] {processor.py:840} INFO - DAG(s) 'example_dag_decorator' retrieved from /home/airflow/.local/lib/python3.12/site-packages/airflow/example_dags/example_dag_decorator.py
[2024-04-28T16:07:15.320+0000] {logging_mixin.py:188} INFO - [2024-04-28T16:07:15.318+0000] {dag.py:3096} INFO - Sync 1 DAGs
[2024-04-28T16:07:15.375+0000] {logging_mixin.py:188} INFO - [2024-04-28T16:07:15.374+0000] {dag.py:3954} INFO - Setting next_dagrun for example_dag_decorator to None, run_after=None
[2024-04-28T16:07:15.457+0000] {processor.py:183} INFO - Processing /home/airflow/.local/lib/python3.12/site-packages/airflow/example_dags/example_dag_decorator.py took 1.670 seconds
[2024-04-28T16:07:45.712+0000] {processor.py:161} INFO - Started process (PID=1212) to work on /home/airflow/.local/lib/python3.12/site-packages/airflow/example_dags/example_dag_decorator.py
[2024-04-28T16:07:45.718+0000] {processor.py:830} INFO - Processing file /home/airflow/.local/lib/python3.12/site-packages/airflow/example_dags/example_dag_decorator.py for tasks to queue
[2024-04-28T16:07:45.726+0000] {logging_mixin.py:188} INFO - [2024-04-28T16:07:45.725+0000] {dagbag.py:540} INFO - Filling up the DagBag from /home/airflow/.local/lib/python3.12/site-packages/airflow/example_dags/example_dag_decorator.py
[2024-04-28T16:07:46.673+0000] {processor.py:840} INFO - DAG(s) 'example_dag_decorator' retrieved from /home/airflow/.local/lib/python3.12/site-packages/airflow/example_dags/example_dag_decorator.py
[2024-04-28T16:07:47.068+0000] {logging_mixin.py:188} INFO - [2024-04-28T16:07:47.067+0000] {dag.py:3096} INFO - Sync 1 DAGs
[2024-04-28T16:07:47.113+0000] {logging_mixin.py:188} INFO - [2024-04-28T16:07:47.112+0000] {dag.py:3954} INFO - Setting next_dagrun for example_dag_decorator to None, run_after=None
[2024-04-28T16:07:47.189+0000] {processor.py:183} INFO - Processing /home/airflow/.local/lib/python3.12/site-packages/airflow/example_dags/example_dag_decorator.py took 1.493 seconds
[2024-04-28T16:08:17.466+0000] {processor.py:161} INFO - Started process (PID=1276) to work on /home/airflow/.local/lib/python3.12/site-packages/airflow/example_dags/example_dag_decorator.py
[2024-04-28T16:08:17.468+0000] {processor.py:830} INFO - Processing file /home/airflow/.local/lib/python3.12/site-packages/airflow/example_dags/example_dag_decorator.py for tasks to queue
[2024-04-28T16:08:17.474+0000] {logging_mixin.py:188} INFO - [2024-04-28T16:08:17.473+0000] {dagbag.py:540} INFO - Filling up the DagBag from /home/airflow/.local/lib/python3.12/site-packages/airflow/example_dags/example_dag_decorator.py
[2024-04-28T16:08:17.787+0000] {processor.py:840} INFO - DAG(s) 'example_dag_decorator' retrieved from /home/airflow/.local/lib/python3.12/site-packages/airflow/example_dags/example_dag_decorator.py
[2024-04-28T16:08:18.113+0000] {logging_mixin.py:188} INFO - [2024-04-28T16:08:18.112+0000] {dag.py:3096} INFO - Sync 1 DAGs
[2024-04-28T16:08:18.143+0000] {logging_mixin.py:188} INFO - [2024-04-28T16:08:18.142+0000] {dag.py:3954} INFO - Setting next_dagrun for example_dag_decorator to None, run_after=None
[2024-04-28T16:08:18.192+0000] {processor.py:183} INFO - Processing /home/airflow/.local/lib/python3.12/site-packages/airflow/example_dags/example_dag_decorator.py took 0.743 seconds
[2024-04-28T16:08:49.669+0000] {processor.py:161} INFO - Started process (PID=1341) to work on /home/airflow/.local/lib/python3.12/site-packages/airflow/example_dags/example_dag_decorator.py
[2024-04-28T16:08:49.672+0000] {processor.py:830} INFO - Processing file /home/airflow/.local/lib/python3.12/site-packages/airflow/example_dags/example_dag_decorator.py for tasks to queue
[2024-04-28T16:08:49.679+0000] {logging_mixin.py:188} INFO - [2024-04-28T16:08:49.678+0000] {dagbag.py:540} INFO - Filling up the DagBag from /home/airflow/.local/lib/python3.12/site-packages/airflow/example_dags/example_dag_decorator.py
[2024-04-28T16:08:50.015+0000] {processor.py:840} INFO - DAG(s) 'example_dag_decorator' retrieved from /home/airflow/.local/lib/python3.12/site-packages/airflow/example_dags/example_dag_decorator.py
[2024-04-28T16:08:50.299+0000] {logging_mixin.py:188} INFO - [2024-04-28T16:08:50.298+0000] {dag.py:3096} INFO - Sync 1 DAGs
[2024-04-28T16:08:50.330+0000] {logging_mixin.py:188} INFO - [2024-04-28T16:08:50.329+0000] {dag.py:3954} INFO - Setting next_dagrun for example_dag_decorator to None, run_after=None
[2024-04-28T16:08:50.382+0000] {processor.py:183} INFO - Processing /home/airflow/.local/lib/python3.12/site-packages/airflow/example_dags/example_dag_decorator.py took 0.741 seconds
[2024-04-28T16:09:21.168+0000] {processor.py:161} INFO - Started process (PID=1405) to work on /home/airflow/.local/lib/python3.12/site-packages/airflow/example_dags/example_dag_decorator.py
[2024-04-28T16:09:21.171+0000] {processor.py:830} INFO - Processing file /home/airflow/.local/lib/python3.12/site-packages/airflow/example_dags/example_dag_decorator.py for tasks to queue
[2024-04-28T16:09:21.176+0000] {logging_mixin.py:188} INFO - [2024-04-28T16:09:21.175+0000] {dagbag.py:540} INFO - Filling up the DagBag from /home/airflow/.local/lib/python3.12/site-packages/airflow/example_dags/example_dag_decorator.py
[2024-04-28T16:09:21.477+0000] {processor.py:840} INFO - DAG(s) 'example_dag_decorator' retrieved from /home/airflow/.local/lib/python3.12/site-packages/airflow/example_dags/example_dag_decorator.py
[2024-04-28T16:09:21.813+0000] {logging_mixin.py:188} INFO - [2024-04-28T16:09:21.811+0000] {dag.py:3096} INFO - Sync 1 DAGs
[2024-04-28T16:09:21.853+0000] {logging_mixin.py:188} INFO - [2024-04-28T16:09:21.852+0000] {dag.py:3954} INFO - Setting next_dagrun for example_dag_decorator to None, run_after=None
[2024-04-28T16:09:21.921+0000] {processor.py:183} INFO - Processing /home/airflow/.local/lib/python3.12/site-packages/airflow/example_dags/example_dag_decorator.py took 0.771 seconds
[2024-04-28T16:09:52.482+0000] {processor.py:161} INFO - Started process (PID=1468) to work on /home/airflow/.local/lib/python3.12/site-packages/airflow/example_dags/example_dag_decorator.py
[2024-04-28T16:09:52.485+0000] {processor.py:830} INFO - Processing file /home/airflow/.local/lib/python3.12/site-packages/airflow/example_dags/example_dag_decorator.py for tasks to queue
[2024-04-28T16:09:52.492+0000] {logging_mixin.py:188} INFO - [2024-04-28T16:09:52.491+0000] {dagbag.py:540} INFO - Filling up the DagBag from /home/airflow/.local/lib/python3.12/site-packages/airflow/example_dags/example_dag_decorator.py
[2024-04-28T16:09:53.005+0000] {processor.py:840} INFO - DAG(s) 'example_dag_decorator' retrieved from /home/airflow/.local/lib/python3.12/site-packages/airflow/example_dags/example_dag_decorator.py
[2024-04-28T16:09:53.480+0000] {logging_mixin.py:188} INFO - [2024-04-28T16:09:53.478+0000] {dag.py:3096} INFO - Sync 1 DAGs
[2024-04-28T16:09:53.528+0000] {logging_mixin.py:188} INFO - [2024-04-28T16:09:53.528+0000] {dag.py:3954} INFO - Setting next_dagrun for example_dag_decorator to None, run_after=None
[2024-04-28T16:09:53.662+0000] {processor.py:183} INFO - Processing /home/airflow/.local/lib/python3.12/site-packages/airflow/example_dags/example_dag_decorator.py took 1.200 seconds
[2024-04-28T16:10:24.331+0000] {processor.py:161} INFO - Started process (PID=1531) to work on /home/airflow/.local/lib/python3.12/site-packages/airflow/example_dags/example_dag_decorator.py
[2024-04-28T16:10:24.334+0000] {processor.py:830} INFO - Processing file /home/airflow/.local/lib/python3.12/site-packages/airflow/example_dags/example_dag_decorator.py for tasks to queue
[2024-04-28T16:10:24.339+0000] {logging_mixin.py:188} INFO - [2024-04-28T16:10:24.339+0000] {dagbag.py:540} INFO - Filling up the DagBag from /home/airflow/.local/lib/python3.12/site-packages/airflow/example_dags/example_dag_decorator.py
[2024-04-28T16:10:24.689+0000] {processor.py:840} INFO - DAG(s) 'example_dag_decorator' retrieved from /home/airflow/.local/lib/python3.12/site-packages/airflow/example_dags/example_dag_decorator.py
[2024-04-28T16:10:25.025+0000] {logging_mixin.py:188} INFO - [2024-04-28T16:10:25.023+0000] {dag.py:3096} INFO - Sync 1 DAGs
[2024-04-28T16:10:25.065+0000] {logging_mixin.py:188} INFO - [2024-04-28T16:10:25.064+0000] {dag.py:3954} INFO - Setting next_dagrun for example_dag_decorator to None, run_after=None
[2024-04-28T16:10:25.129+0000] {processor.py:183} INFO - Processing /home/airflow/.local/lib/python3.12/site-packages/airflow/example_dags/example_dag_decorator.py took 0.816 seconds
[2024-04-28T16:10:56.019+0000] {processor.py:161} INFO - Started process (PID=1597) to work on /home/airflow/.local/lib/python3.12/site-packages/airflow/example_dags/example_dag_decorator.py
[2024-04-28T16:10:56.027+0000] {processor.py:830} INFO - Processing file /home/airflow/.local/lib/python3.12/site-packages/airflow/example_dags/example_dag_decorator.py for tasks to queue
[2024-04-28T16:10:56.032+0000] {logging_mixin.py:188} INFO - [2024-04-28T16:10:56.032+0000] {dagbag.py:540} INFO - Filling up the DagBag from /home/airflow/.local/lib/python3.12/site-packages/airflow/example_dags/example_dag_decorator.py
[2024-04-28T16:10:56.316+0000] {processor.py:840} INFO - DAG(s) 'example_dag_decorator' retrieved from /home/airflow/.local/lib/python3.12/site-packages/airflow/example_dags/example_dag_decorator.py
[2024-04-28T16:10:56.612+0000] {logging_mixin.py:188} INFO - [2024-04-28T16:10:56.611+0000] {dag.py:3096} INFO - Sync 1 DAGs
[2024-04-28T16:10:56.640+0000] {logging_mixin.py:188} INFO - [2024-04-28T16:10:56.640+0000] {dag.py:3954} INFO - Setting next_dagrun for example_dag_decorator to None, run_after=None
[2024-04-28T16:10:56.690+0000] {processor.py:183} INFO - Processing /home/airflow/.local/lib/python3.12/site-packages/airflow/example_dags/example_dag_decorator.py took 0.686 seconds
[2024-04-28T16:11:27.100+0000] {processor.py:161} INFO - Started process (PID=1659) to work on /home/airflow/.local/lib/python3.12/site-packages/airflow/example_dags/example_dag_decorator.py
[2024-04-28T16:11:27.104+0000] {processor.py:830} INFO - Processing file /home/airflow/.local/lib/python3.12/site-packages/airflow/example_dags/example_dag_decorator.py for tasks to queue
[2024-04-28T16:11:27.110+0000] {logging_mixin.py:188} INFO - [2024-04-28T16:11:27.109+0000] {dagbag.py:540} INFO - Filling up the DagBag from /home/airflow/.local/lib/python3.12/site-packages/airflow/example_dags/example_dag_decorator.py
[2024-04-28T16:11:27.516+0000] {processor.py:840} INFO - DAG(s) 'example_dag_decorator' retrieved from /home/airflow/.local/lib/python3.12/site-packages/airflow/example_dags/example_dag_decorator.py
[2024-04-28T16:11:27.862+0000] {logging_mixin.py:188} INFO - [2024-04-28T16:11:27.860+0000] {dag.py:3096} INFO - Sync 1 DAGs
[2024-04-28T16:11:27.920+0000] {logging_mixin.py:188} INFO - [2024-04-28T16:11:27.919+0000] {dag.py:3954} INFO - Setting next_dagrun for example_dag_decorator to None, run_after=None
[2024-04-28T16:11:28.008+0000] {processor.py:183} INFO - Processing /home/airflow/.local/lib/python3.12/site-packages/airflow/example_dags/example_dag_decorator.py took 0.927 seconds
[2024-04-28T16:12:00.695+0000] {processor.py:161} INFO - Started process (PID=1724) to work on /home/airflow/.local/lib/python3.12/site-packages/airflow/example_dags/example_dag_decorator.py
[2024-04-28T16:12:00.704+0000] {processor.py:830} INFO - Processing file /home/airflow/.local/lib/python3.12/site-packages/airflow/example_dags/example_dag_decorator.py for tasks to queue
[2024-04-28T16:12:00.716+0000] {logging_mixin.py:188} INFO - [2024-04-28T16:12:00.714+0000] {dagbag.py:540} INFO - Filling up the DagBag from /home/airflow/.local/lib/python3.12/site-packages/airflow/example_dags/example_dag_decorator.py
[2024-04-28T16:12:01.752+0000] {processor.py:840} INFO - DAG(s) 'example_dag_decorator' retrieved from /home/airflow/.local/lib/python3.12/site-packages/airflow/example_dags/example_dag_decorator.py
[2024-04-28T16:12:03.063+0000] {logging_mixin.py:188} INFO - [2024-04-28T16:12:03.061+0000] {dag.py:3096} INFO - Sync 1 DAGs
[2024-04-28T16:12:03.188+0000] {logging_mixin.py:188} INFO - [2024-04-28T16:12:03.188+0000] {dag.py:3954} INFO - Setting next_dagrun for example_dag_decorator to None, run_after=None
[2024-04-28T16:12:03.439+0000] {processor.py:183} INFO - Processing /home/airflow/.local/lib/python3.12/site-packages/airflow/example_dags/example_dag_decorator.py took 2.790 seconds
[2024-04-28T16:12:35.981+0000] {processor.py:161} INFO - Started process (PID=1796) to work on /home/airflow/.local/lib/python3.12/site-packages/airflow/example_dags/example_dag_decorator.py
[2024-04-28T16:12:36.009+0000] {processor.py:830} INFO - Processing file /home/airflow/.local/lib/python3.12/site-packages/airflow/example_dags/example_dag_decorator.py for tasks to queue
[2024-04-28T16:12:36.028+0000] {logging_mixin.py:188} INFO - [2024-04-28T16:12:36.027+0000] {dagbag.py:540} INFO - Filling up the DagBag from /home/airflow/.local/lib/python3.12/site-packages/airflow/example_dags/example_dag_decorator.py
[2024-04-28T16:12:37.668+0000] {processor.py:840} INFO - DAG(s) 'example_dag_decorator' retrieved from /home/airflow/.local/lib/python3.12/site-packages/airflow/example_dags/example_dag_decorator.py
[2024-04-28T16:12:38.664+0000] {logging_mixin.py:188} INFO - [2024-04-28T16:12:38.662+0000] {dag.py:3096} INFO - Sync 1 DAGs
[2024-04-28T16:12:38.831+0000] {logging_mixin.py:188} INFO - [2024-04-28T16:12:38.830+0000] {dag.py:3954} INFO - Setting next_dagrun for example_dag_decorator to None, run_after=None
[2024-04-28T16:12:39.203+0000] {processor.py:183} INFO - Processing /home/airflow/.local/lib/python3.12/site-packages/airflow/example_dags/example_dag_decorator.py took 3.325 seconds
[2024-04-28T16:13:09.864+0000] {processor.py:161} INFO - Started process (PID=1861) to work on /home/airflow/.local/lib/python3.12/site-packages/airflow/example_dags/example_dag_decorator.py
[2024-04-28T16:13:09.868+0000] {processor.py:830} INFO - Processing file /home/airflow/.local/lib/python3.12/site-packages/airflow/example_dags/example_dag_decorator.py for tasks to queue
[2024-04-28T16:13:09.875+0000] {logging_mixin.py:188} INFO - [2024-04-28T16:13:09.874+0000] {dagbag.py:540} INFO - Filling up the DagBag from /home/airflow/.local/lib/python3.12/site-packages/airflow/example_dags/example_dag_decorator.py
[2024-04-28T16:13:10.332+0000] {processor.py:840} INFO - DAG(s) 'example_dag_decorator' retrieved from /home/airflow/.local/lib/python3.12/site-packages/airflow/example_dags/example_dag_decorator.py
[2024-04-28T16:13:10.790+0000] {logging_mixin.py:188} INFO - [2024-04-28T16:13:10.789+0000] {dag.py:3096} INFO - Sync 1 DAGs
[2024-04-28T16:13:10.827+0000] {logging_mixin.py:188} INFO - [2024-04-28T16:13:10.826+0000] {dag.py:3954} INFO - Setting next_dagrun for example_dag_decorator to None, run_after=None
[2024-04-28T16:13:10.898+0000] {processor.py:183} INFO - Processing /home/airflow/.local/lib/python3.12/site-packages/airflow/example_dags/example_dag_decorator.py took 1.055 seconds
[2024-04-28T16:33:56.921+0000] {processor.py:161} INFO - Started process (PID=99) to work on /home/airflow/.local/lib/python3.12/site-packages/airflow/example_dags/example_dag_decorator.py
[2024-04-28T16:33:56.925+0000] {processor.py:830} INFO - Processing file /home/airflow/.local/lib/python3.12/site-packages/airflow/example_dags/example_dag_decorator.py for tasks to queue
[2024-04-28T16:33:56.932+0000] {logging_mixin.py:188} INFO - [2024-04-28T16:33:56.931+0000] {dagbag.py:540} INFO - Filling up the DagBag from /home/airflow/.local/lib/python3.12/site-packages/airflow/example_dags/example_dag_decorator.py
[2024-04-28T16:33:57.720+0000] {processor.py:840} INFO - DAG(s) 'example_dag_decorator' retrieved from /home/airflow/.local/lib/python3.12/site-packages/airflow/example_dags/example_dag_decorator.py
[2024-04-28T16:33:58.156+0000] {logging_mixin.py:188} INFO - [2024-04-28T16:33:58.154+0000] {dag.py:3096} INFO - Sync 1 DAGs
[2024-04-28T16:33:58.213+0000] {logging_mixin.py:188} INFO - [2024-04-28T16:33:58.212+0000] {dag.py:3954} INFO - Setting next_dagrun for example_dag_decorator to None, run_after=None
[2024-04-28T16:33:58.361+0000] {processor.py:183} INFO - Processing /home/airflow/.local/lib/python3.12/site-packages/airflow/example_dags/example_dag_decorator.py took 1.458 seconds
[2024-04-28T16:34:29.028+0000] {processor.py:161} INFO - Started process (PID=161) to work on /home/airflow/.local/lib/python3.12/site-packages/airflow/example_dags/example_dag_decorator.py
[2024-04-28T16:34:29.036+0000] {processor.py:830} INFO - Processing file /home/airflow/.local/lib/python3.12/site-packages/airflow/example_dags/example_dag_decorator.py for tasks to queue
[2024-04-28T16:34:29.063+0000] {logging_mixin.py:188} INFO - [2024-04-28T16:34:29.056+0000] {dagbag.py:540} INFO - Filling up the DagBag from /home/airflow/.local/lib/python3.12/site-packages/airflow/example_dags/example_dag_decorator.py
[2024-04-28T16:34:29.574+0000] {processor.py:840} INFO - DAG(s) 'example_dag_decorator' retrieved from /home/airflow/.local/lib/python3.12/site-packages/airflow/example_dags/example_dag_decorator.py
[2024-04-28T16:34:30.312+0000] {logging_mixin.py:188} INFO - [2024-04-28T16:34:30.311+0000] {dag.py:3096} INFO - Sync 1 DAGs
[2024-04-28T16:34:30.365+0000] {logging_mixin.py:188} INFO - [2024-04-28T16:34:30.364+0000] {dag.py:3954} INFO - Setting next_dagrun for example_dag_decorator to None, run_after=None
[2024-04-28T16:34:30.454+0000] {processor.py:183} INFO - Processing /home/airflow/.local/lib/python3.12/site-packages/airflow/example_dags/example_dag_decorator.py took 1.475 seconds
[2024-04-28T16:43:37.780+0000] {processor.py:161} INFO - Started process (PID=85) to work on /home/airflow/.local/lib/python3.12/site-packages/airflow/example_dags/example_dag_decorator.py
[2024-04-28T16:43:37.783+0000] {processor.py:830} INFO - Processing file /home/airflow/.local/lib/python3.12/site-packages/airflow/example_dags/example_dag_decorator.py for tasks to queue
[2024-04-28T16:43:37.790+0000] {logging_mixin.py:188} INFO - [2024-04-28T16:43:37.789+0000] {dagbag.py:540} INFO - Filling up the DagBag from /home/airflow/.local/lib/python3.12/site-packages/airflow/example_dags/example_dag_decorator.py
[2024-04-28T16:43:38.191+0000] {processor.py:840} INFO - DAG(s) 'example_dag_decorator' retrieved from /home/airflow/.local/lib/python3.12/site-packages/airflow/example_dags/example_dag_decorator.py
[2024-04-28T16:43:38.585+0000] {logging_mixin.py:188} INFO - [2024-04-28T16:43:38.584+0000] {dag.py:3096} INFO - Sync 1 DAGs
[2024-04-28T16:43:38.627+0000] {logging_mixin.py:188} INFO - [2024-04-28T16:43:38.626+0000] {dag.py:3954} INFO - Setting next_dagrun for example_dag_decorator to None, run_after=None
[2024-04-28T16:43:38.693+0000] {processor.py:183} INFO - Processing /home/airflow/.local/lib/python3.12/site-packages/airflow/example_dags/example_dag_decorator.py took 0.934 seconds
[2024-04-28T16:44:09.567+0000] {processor.py:161} INFO - Started process (PID=148) to work on /home/airflow/.local/lib/python3.12/site-packages/airflow/example_dags/example_dag_decorator.py
[2024-04-28T16:44:09.570+0000] {processor.py:830} INFO - Processing file /home/airflow/.local/lib/python3.12/site-packages/airflow/example_dags/example_dag_decorator.py for tasks to queue
[2024-04-28T16:44:09.575+0000] {logging_mixin.py:188} INFO - [2024-04-28T16:44:09.574+0000] {dagbag.py:540} INFO - Filling up the DagBag from /home/airflow/.local/lib/python3.12/site-packages/airflow/example_dags/example_dag_decorator.py
[2024-04-28T16:44:09.925+0000] {processor.py:840} INFO - DAG(s) 'example_dag_decorator' retrieved from /home/airflow/.local/lib/python3.12/site-packages/airflow/example_dags/example_dag_decorator.py
[2024-04-28T16:44:10.286+0000] {logging_mixin.py:188} INFO - [2024-04-28T16:44:10.285+0000] {dag.py:3096} INFO - Sync 1 DAGs
[2024-04-28T16:44:10.321+0000] {logging_mixin.py:188} INFO - [2024-04-28T16:44:10.320+0000] {dag.py:3954} INFO - Setting next_dagrun for example_dag_decorator to None, run_after=None
[2024-04-28T16:44:10.382+0000] {processor.py:183} INFO - Processing /home/airflow/.local/lib/python3.12/site-packages/airflow/example_dags/example_dag_decorator.py took 0.832 seconds
[2024-04-28T16:44:40.754+0000] {processor.py:161} INFO - Started process (PID=213) to work on /home/airflow/.local/lib/python3.12/site-packages/airflow/example_dags/example_dag_decorator.py
[2024-04-28T16:44:40.756+0000] {processor.py:830} INFO - Processing file /home/airflow/.local/lib/python3.12/site-packages/airflow/example_dags/example_dag_decorator.py for tasks to queue
[2024-04-28T16:44:40.762+0000] {logging_mixin.py:188} INFO - [2024-04-28T16:44:40.761+0000] {dagbag.py:540} INFO - Filling up the DagBag from /home/airflow/.local/lib/python3.12/site-packages/airflow/example_dags/example_dag_decorator.py
[2024-04-28T16:44:41.068+0000] {processor.py:840} INFO - DAG(s) 'example_dag_decorator' retrieved from /home/airflow/.local/lib/python3.12/site-packages/airflow/example_dags/example_dag_decorator.py
[2024-04-28T16:44:41.363+0000] {logging_mixin.py:188} INFO - [2024-04-28T16:44:41.362+0000] {dag.py:3096} INFO - Sync 1 DAGs
[2024-04-28T16:44:41.392+0000] {logging_mixin.py:188} INFO - [2024-04-28T16:44:41.391+0000] {dag.py:3954} INFO - Setting next_dagrun for example_dag_decorator to None, run_after=None
[2024-04-28T16:44:41.442+0000] {processor.py:183} INFO - Processing /home/airflow/.local/lib/python3.12/site-packages/airflow/example_dags/example_dag_decorator.py took 0.703 seconds
[2024-04-28T16:45:11.890+0000] {processor.py:161} INFO - Started process (PID=276) to work on /home/airflow/.local/lib/python3.12/site-packages/airflow/example_dags/example_dag_decorator.py
[2024-04-28T16:45:11.896+0000] {processor.py:830} INFO - Processing file /home/airflow/.local/lib/python3.12/site-packages/airflow/example_dags/example_dag_decorator.py for tasks to queue
[2024-04-28T16:45:11.907+0000] {logging_mixin.py:188} INFO - [2024-04-28T16:45:11.906+0000] {dagbag.py:540} INFO - Filling up the DagBag from /home/airflow/.local/lib/python3.12/site-packages/airflow/example_dags/example_dag_decorator.py
[2024-04-28T16:45:12.680+0000] {processor.py:840} INFO - DAG(s) 'example_dag_decorator' retrieved from /home/airflow/.local/lib/python3.12/site-packages/airflow/example_dags/example_dag_decorator.py
[2024-04-28T16:45:13.340+0000] {logging_mixin.py:188} INFO - [2024-04-28T16:45:13.338+0000] {dag.py:3096} INFO - Sync 1 DAGs
[2024-04-28T16:45:13.394+0000] {logging_mixin.py:188} INFO - [2024-04-28T16:45:13.393+0000] {dag.py:3954} INFO - Setting next_dagrun for example_dag_decorator to None, run_after=None
[2024-04-28T16:45:13.554+0000] {processor.py:183} INFO - Processing /home/airflow/.local/lib/python3.12/site-packages/airflow/example_dags/example_dag_decorator.py took 1.703 seconds
[2024-04-28T16:45:44.364+0000] {processor.py:161} INFO - Started process (PID=340) to work on /home/airflow/.local/lib/python3.12/site-packages/airflow/example_dags/example_dag_decorator.py
[2024-04-28T16:45:44.368+0000] {processor.py:830} INFO - Processing file /home/airflow/.local/lib/python3.12/site-packages/airflow/example_dags/example_dag_decorator.py for tasks to queue
[2024-04-28T16:45:44.374+0000] {logging_mixin.py:188} INFO - [2024-04-28T16:45:44.373+0000] {dagbag.py:540} INFO - Filling up the DagBag from /home/airflow/.local/lib/python3.12/site-packages/airflow/example_dags/example_dag_decorator.py
[2024-04-28T16:45:44.716+0000] {processor.py:840} INFO - DAG(s) 'example_dag_decorator' retrieved from /home/airflow/.local/lib/python3.12/site-packages/airflow/example_dags/example_dag_decorator.py
[2024-04-28T16:45:45.098+0000] {logging_mixin.py:188} INFO - [2024-04-28T16:45:45.096+0000] {dag.py:3096} INFO - Sync 1 DAGs
[2024-04-28T16:45:45.135+0000] {logging_mixin.py:188} INFO - [2024-04-28T16:45:45.134+0000] {dag.py:3954} INFO - Setting next_dagrun for example_dag_decorator to None, run_after=None
[2024-04-28T16:45:45.196+0000] {processor.py:183} INFO - Processing /home/airflow/.local/lib/python3.12/site-packages/airflow/example_dags/example_dag_decorator.py took 0.849 seconds
[2024-04-28T16:46:15.567+0000] {processor.py:161} INFO - Started process (PID=406) to work on /home/airflow/.local/lib/python3.12/site-packages/airflow/example_dags/example_dag_decorator.py
[2024-04-28T16:46:15.569+0000] {processor.py:830} INFO - Processing file /home/airflow/.local/lib/python3.12/site-packages/airflow/example_dags/example_dag_decorator.py for tasks to queue
[2024-04-28T16:46:15.575+0000] {logging_mixin.py:188} INFO - [2024-04-28T16:46:15.574+0000] {dagbag.py:540} INFO - Filling up the DagBag from /home/airflow/.local/lib/python3.12/site-packages/airflow/example_dags/example_dag_decorator.py
[2024-04-28T16:46:15.936+0000] {processor.py:840} INFO - DAG(s) 'example_dag_decorator' retrieved from /home/airflow/.local/lib/python3.12/site-packages/airflow/example_dags/example_dag_decorator.py
[2024-04-28T16:46:16.310+0000] {logging_mixin.py:188} INFO - [2024-04-28T16:46:16.308+0000] {dag.py:3096} INFO - Sync 1 DAGs
[2024-04-28T16:46:16.346+0000] {logging_mixin.py:188} INFO - [2024-04-28T16:46:16.345+0000] {dag.py:3954} INFO - Setting next_dagrun for example_dag_decorator to None, run_after=None
[2024-04-28T16:46:16.405+0000] {processor.py:183} INFO - Processing /home/airflow/.local/lib/python3.12/site-packages/airflow/example_dags/example_dag_decorator.py took 0.856 seconds
[2024-04-28T16:46:46.775+0000] {processor.py:161} INFO - Started process (PID=471) to work on /home/airflow/.local/lib/python3.12/site-packages/airflow/example_dags/example_dag_decorator.py
[2024-04-28T16:46:46.778+0000] {processor.py:830} INFO - Processing file /home/airflow/.local/lib/python3.12/site-packages/airflow/example_dags/example_dag_decorator.py for tasks to queue
[2024-04-28T16:46:46.784+0000] {logging_mixin.py:188} INFO - [2024-04-28T16:46:46.783+0000] {dagbag.py:540} INFO - Filling up the DagBag from /home/airflow/.local/lib/python3.12/site-packages/airflow/example_dags/example_dag_decorator.py
[2024-04-28T16:46:47.115+0000] {processor.py:840} INFO - DAG(s) 'example_dag_decorator' retrieved from /home/airflow/.local/lib/python3.12/site-packages/airflow/example_dags/example_dag_decorator.py
[2024-04-28T16:46:47.480+0000] {logging_mixin.py:188} INFO - [2024-04-28T16:46:47.478+0000] {dag.py:3096} INFO - Sync 1 DAGs
[2024-04-28T16:46:47.530+0000] {logging_mixin.py:188} INFO - [2024-04-28T16:46:47.529+0000] {dag.py:3954} INFO - Setting next_dagrun for example_dag_decorator to None, run_after=None
[2024-04-28T16:46:47.599+0000] {processor.py:183} INFO - Processing /home/airflow/.local/lib/python3.12/site-packages/airflow/example_dags/example_dag_decorator.py took 0.841 seconds
[2024-04-28T16:47:17.719+0000] {processor.py:161} INFO - Started process (PID=535) to work on /home/airflow/.local/lib/python3.12/site-packages/airflow/example_dags/example_dag_decorator.py
[2024-04-28T16:47:17.726+0000] {processor.py:830} INFO - Processing file /home/airflow/.local/lib/python3.12/site-packages/airflow/example_dags/example_dag_decorator.py for tasks to queue
[2024-04-28T16:47:17.734+0000] {logging_mixin.py:188} INFO - [2024-04-28T16:47:17.732+0000] {dagbag.py:540} INFO - Filling up the DagBag from /home/airflow/.local/lib/python3.12/site-packages/airflow/example_dags/example_dag_decorator.py
[2024-04-28T16:47:18.190+0000] {processor.py:840} INFO - DAG(s) 'example_dag_decorator' retrieved from /home/airflow/.local/lib/python3.12/site-packages/airflow/example_dags/example_dag_decorator.py
[2024-04-28T16:47:18.678+0000] {logging_mixin.py:188} INFO - [2024-04-28T16:47:18.675+0000] {dag.py:3096} INFO - Sync 1 DAGs
[2024-04-28T16:47:18.735+0000] {logging_mixin.py:188} INFO - [2024-04-28T16:47:18.734+0000] {dag.py:3954} INFO - Setting next_dagrun for example_dag_decorator to None, run_after=None
[2024-04-28T16:47:18.809+0000] {processor.py:183} INFO - Processing /home/airflow/.local/lib/python3.12/site-packages/airflow/example_dags/example_dag_decorator.py took 1.116 seconds
[2024-04-28T16:47:48.939+0000] {processor.py:161} INFO - Started process (PID=600) to work on /home/airflow/.local/lib/python3.12/site-packages/airflow/example_dags/example_dag_decorator.py
[2024-04-28T16:47:48.942+0000] {processor.py:830} INFO - Processing file /home/airflow/.local/lib/python3.12/site-packages/airflow/example_dags/example_dag_decorator.py for tasks to queue
[2024-04-28T16:47:48.949+0000] {logging_mixin.py:188} INFO - [2024-04-28T16:47:48.948+0000] {dagbag.py:540} INFO - Filling up the DagBag from /home/airflow/.local/lib/python3.12/site-packages/airflow/example_dags/example_dag_decorator.py
[2024-04-28T16:47:49.324+0000] {processor.py:840} INFO - DAG(s) 'example_dag_decorator' retrieved from /home/airflow/.local/lib/python3.12/site-packages/airflow/example_dags/example_dag_decorator.py
[2024-04-28T16:47:49.834+0000] {logging_mixin.py:188} INFO - [2024-04-28T16:47:49.832+0000] {dag.py:3096} INFO - Sync 1 DAGs
[2024-04-28T16:47:49.887+0000] {logging_mixin.py:188} INFO - [2024-04-28T16:47:49.886+0000] {dag.py:3954} INFO - Setting next_dagrun for example_dag_decorator to None, run_after=None
[2024-04-28T16:47:49.966+0000] {processor.py:183} INFO - Processing /home/airflow/.local/lib/python3.12/site-packages/airflow/example_dags/example_dag_decorator.py took 1.048 seconds
[2024-04-28T16:48:20.696+0000] {processor.py:161} INFO - Started process (PID=664) to work on /home/airflow/.local/lib/python3.12/site-packages/airflow/example_dags/example_dag_decorator.py
[2024-04-28T16:48:20.701+0000] {processor.py:830} INFO - Processing file /home/airflow/.local/lib/python3.12/site-packages/airflow/example_dags/example_dag_decorator.py for tasks to queue
[2024-04-28T16:48:20.707+0000] {logging_mixin.py:188} INFO - [2024-04-28T16:48:20.706+0000] {dagbag.py:540} INFO - Filling up the DagBag from /home/airflow/.local/lib/python3.12/site-packages/airflow/example_dags/example_dag_decorator.py
[2024-04-28T16:48:21.062+0000] {processor.py:840} INFO - DAG(s) 'example_dag_decorator' retrieved from /home/airflow/.local/lib/python3.12/site-packages/airflow/example_dags/example_dag_decorator.py
[2024-04-28T16:48:21.449+0000] {logging_mixin.py:188} INFO - [2024-04-28T16:48:21.447+0000] {dag.py:3096} INFO - Sync 1 DAGs
[2024-04-28T16:48:21.491+0000] {logging_mixin.py:188} INFO - [2024-04-28T16:48:21.490+0000] {dag.py:3954} INFO - Setting next_dagrun for example_dag_decorator to None, run_after=None
[2024-04-28T16:48:21.551+0000] {processor.py:183} INFO - Processing /home/airflow/.local/lib/python3.12/site-packages/airflow/example_dags/example_dag_decorator.py took 0.877 seconds
[2024-04-28T16:48:52.385+0000] {processor.py:161} INFO - Started process (PID=730) to work on /home/airflow/.local/lib/python3.12/site-packages/airflow/example_dags/example_dag_decorator.py
[2024-04-28T16:48:52.388+0000] {processor.py:830} INFO - Processing file /home/airflow/.local/lib/python3.12/site-packages/airflow/example_dags/example_dag_decorator.py for tasks to queue
[2024-04-28T16:48:52.393+0000] {logging_mixin.py:188} INFO - [2024-04-28T16:48:52.392+0000] {dagbag.py:540} INFO - Filling up the DagBag from /home/airflow/.local/lib/python3.12/site-packages/airflow/example_dags/example_dag_decorator.py
[2024-04-28T16:48:52.671+0000] {processor.py:840} INFO - DAG(s) 'example_dag_decorator' retrieved from /home/airflow/.local/lib/python3.12/site-packages/airflow/example_dags/example_dag_decorator.py
[2024-04-28T16:48:52.962+0000] {logging_mixin.py:188} INFO - [2024-04-28T16:48:52.961+0000] {dag.py:3096} INFO - Sync 1 DAGs
[2024-04-28T16:48:52.992+0000] {logging_mixin.py:188} INFO - [2024-04-28T16:48:52.991+0000] {dag.py:3954} INFO - Setting next_dagrun for example_dag_decorator to None, run_after=None
[2024-04-28T16:48:53.047+0000] {processor.py:183} INFO - Processing /home/airflow/.local/lib/python3.12/site-packages/airflow/example_dags/example_dag_decorator.py took 0.676 seconds
[2024-04-28T16:49:23.148+0000] {processor.py:161} INFO - Started process (PID=793) to work on /home/airflow/.local/lib/python3.12/site-packages/airflow/example_dags/example_dag_decorator.py
[2024-04-28T16:49:23.150+0000] {processor.py:830} INFO - Processing file /home/airflow/.local/lib/python3.12/site-packages/airflow/example_dags/example_dag_decorator.py for tasks to queue
[2024-04-28T16:49:23.158+0000] {logging_mixin.py:188} INFO - [2024-04-28T16:49:23.156+0000] {dagbag.py:540} INFO - Filling up the DagBag from /home/airflow/.local/lib/python3.12/site-packages/airflow/example_dags/example_dag_decorator.py
[2024-04-28T16:49:23.473+0000] {processor.py:840} INFO - DAG(s) 'example_dag_decorator' retrieved from /home/airflow/.local/lib/python3.12/site-packages/airflow/example_dags/example_dag_decorator.py
[2024-04-28T16:49:23.838+0000] {logging_mixin.py:188} INFO - [2024-04-28T16:49:23.837+0000] {dag.py:3096} INFO - Sync 1 DAGs
[2024-04-28T16:49:23.881+0000] {logging_mixin.py:188} INFO - [2024-04-28T16:49:23.880+0000] {dag.py:3954} INFO - Setting next_dagrun for example_dag_decorator to None, run_after=None
[2024-04-28T16:49:23.948+0000] {processor.py:183} INFO - Processing /home/airflow/.local/lib/python3.12/site-packages/airflow/example_dags/example_dag_decorator.py took 0.822 seconds
[2024-04-28T16:49:55.347+0000] {processor.py:161} INFO - Started process (PID=858) to work on /home/airflow/.local/lib/python3.12/site-packages/airflow/example_dags/example_dag_decorator.py
[2024-04-28T16:49:55.350+0000] {processor.py:830} INFO - Processing file /home/airflow/.local/lib/python3.12/site-packages/airflow/example_dags/example_dag_decorator.py for tasks to queue
[2024-04-28T16:49:55.359+0000] {logging_mixin.py:188} INFO - [2024-04-28T16:49:55.357+0000] {dagbag.py:540} INFO - Filling up the DagBag from /home/airflow/.local/lib/python3.12/site-packages/airflow/example_dags/example_dag_decorator.py
[2024-04-28T16:49:55.806+0000] {processor.py:840} INFO - DAG(s) 'example_dag_decorator' retrieved from /home/airflow/.local/lib/python3.12/site-packages/airflow/example_dags/example_dag_decorator.py
[2024-04-28T16:49:56.511+0000] {logging_mixin.py:188} INFO - [2024-04-28T16:49:56.508+0000] {dag.py:3096} INFO - Sync 1 DAGs
[2024-04-28T16:49:56.566+0000] {logging_mixin.py:188} INFO - [2024-04-28T16:49:56.565+0000] {dag.py:3954} INFO - Setting next_dagrun for example_dag_decorator to None, run_after=None
[2024-04-28T16:49:56.646+0000] {processor.py:183} INFO - Processing /home/airflow/.local/lib/python3.12/site-packages/airflow/example_dags/example_dag_decorator.py took 1.319 seconds
[2024-04-28T16:50:27.044+0000] {processor.py:161} INFO - Started process (PID=925) to work on /home/airflow/.local/lib/python3.12/site-packages/airflow/example_dags/example_dag_decorator.py
[2024-04-28T16:50:27.046+0000] {processor.py:830} INFO - Processing file /home/airflow/.local/lib/python3.12/site-packages/airflow/example_dags/example_dag_decorator.py for tasks to queue
[2024-04-28T16:50:27.052+0000] {logging_mixin.py:188} INFO - [2024-04-28T16:50:27.051+0000] {dagbag.py:540} INFO - Filling up the DagBag from /home/airflow/.local/lib/python3.12/site-packages/airflow/example_dags/example_dag_decorator.py
[2024-04-28T16:50:27.449+0000] {processor.py:840} INFO - DAG(s) 'example_dag_decorator' retrieved from /home/airflow/.local/lib/python3.12/site-packages/airflow/example_dags/example_dag_decorator.py
[2024-04-28T16:50:27.896+0000] {logging_mixin.py:188} INFO - [2024-04-28T16:50:27.889+0000] {dag.py:3096} INFO - Sync 1 DAGs
[2024-04-28T16:50:27.938+0000] {logging_mixin.py:188} INFO - [2024-04-28T16:50:27.937+0000] {dag.py:3954} INFO - Setting next_dagrun for example_dag_decorator to None, run_after=None
[2024-04-28T16:50:27.987+0000] {processor.py:183} INFO - Processing /home/airflow/.local/lib/python3.12/site-packages/airflow/example_dags/example_dag_decorator.py took 0.961 seconds
[2024-04-28T16:50:59.097+0000] {processor.py:161} INFO - Started process (PID=990) to work on /home/airflow/.local/lib/python3.12/site-packages/airflow/example_dags/example_dag_decorator.py
[2024-04-28T16:50:59.101+0000] {processor.py:830} INFO - Processing file /home/airflow/.local/lib/python3.12/site-packages/airflow/example_dags/example_dag_decorator.py for tasks to queue
[2024-04-28T16:50:59.107+0000] {logging_mixin.py:188} INFO - [2024-04-28T16:50:59.106+0000] {dagbag.py:540} INFO - Filling up the DagBag from /home/airflow/.local/lib/python3.12/site-packages/airflow/example_dags/example_dag_decorator.py
[2024-04-28T16:50:59.435+0000] {processor.py:840} INFO - DAG(s) 'example_dag_decorator' retrieved from /home/airflow/.local/lib/python3.12/site-packages/airflow/example_dags/example_dag_decorator.py
[2024-04-28T16:50:59.820+0000] {logging_mixin.py:188} INFO - [2024-04-28T16:50:59.819+0000] {dag.py:3096} INFO - Sync 1 DAGs
[2024-04-28T16:50:59.863+0000] {logging_mixin.py:188} INFO - [2024-04-28T16:50:59.862+0000] {dag.py:3954} INFO - Setting next_dagrun for example_dag_decorator to None, run_after=None
[2024-04-28T16:50:59.922+0000] {processor.py:183} INFO - Processing /home/airflow/.local/lib/python3.12/site-packages/airflow/example_dags/example_dag_decorator.py took 0.845 seconds
[2024-04-28T16:51:30.141+0000] {processor.py:161} INFO - Started process (PID=1055) to work on /home/airflow/.local/lib/python3.12/site-packages/airflow/example_dags/example_dag_decorator.py
[2024-04-28T16:51:30.144+0000] {processor.py:830} INFO - Processing file /home/airflow/.local/lib/python3.12/site-packages/airflow/example_dags/example_dag_decorator.py for tasks to queue
[2024-04-28T16:51:30.151+0000] {logging_mixin.py:188} INFO - [2024-04-28T16:51:30.150+0000] {dagbag.py:540} INFO - Filling up the DagBag from /home/airflow/.local/lib/python3.12/site-packages/airflow/example_dags/example_dag_decorator.py
[2024-04-28T16:51:30.484+0000] {processor.py:840} INFO - DAG(s) 'example_dag_decorator' retrieved from /home/airflow/.local/lib/python3.12/site-packages/airflow/example_dags/example_dag_decorator.py
[2024-04-28T16:51:30.880+0000] {logging_mixin.py:188} INFO - [2024-04-28T16:51:30.878+0000] {dag.py:3096} INFO - Sync 1 DAGs
[2024-04-28T16:51:30.911+0000] {logging_mixin.py:188} INFO - [2024-04-28T16:51:30.910+0000] {dag.py:3954} INFO - Setting next_dagrun for example_dag_decorator to None, run_after=None
[2024-04-28T16:51:30.960+0000] {processor.py:183} INFO - Processing /home/airflow/.local/lib/python3.12/site-packages/airflow/example_dags/example_dag_decorator.py took 0.837 seconds
[2024-04-28T16:52:01.612+0000] {processor.py:161} INFO - Started process (PID=1123) to work on /home/airflow/.local/lib/python3.12/site-packages/airflow/example_dags/example_dag_decorator.py
[2024-04-28T16:52:01.626+0000] {processor.py:830} INFO - Processing file /home/airflow/.local/lib/python3.12/site-packages/airflow/example_dags/example_dag_decorator.py for tasks to queue
[2024-04-28T16:52:01.644+0000] {logging_mixin.py:188} INFO - [2024-04-28T16:52:01.642+0000] {dagbag.py:540} INFO - Filling up the DagBag from /home/airflow/.local/lib/python3.12/site-packages/airflow/example_dags/example_dag_decorator.py
[2024-04-28T16:52:02.338+0000] {processor.py:840} INFO - DAG(s) 'example_dag_decorator' retrieved from /home/airflow/.local/lib/python3.12/site-packages/airflow/example_dags/example_dag_decorator.py
[2024-04-28T16:52:02.929+0000] {logging_mixin.py:188} INFO - [2024-04-28T16:52:02.927+0000] {dag.py:3096} INFO - Sync 1 DAGs
[2024-04-28T16:52:02.978+0000] {logging_mixin.py:188} INFO - [2024-04-28T16:52:02.978+0000] {dag.py:3954} INFO - Setting next_dagrun for example_dag_decorator to None, run_after=None
[2024-04-28T16:52:03.048+0000] {processor.py:183} INFO - Processing /home/airflow/.local/lib/python3.12/site-packages/airflow/example_dags/example_dag_decorator.py took 1.480 seconds
[2024-04-28T16:52:33.261+0000] {processor.py:161} INFO - Started process (PID=1188) to work on /home/airflow/.local/lib/python3.12/site-packages/airflow/example_dags/example_dag_decorator.py
[2024-04-28T16:52:33.264+0000] {processor.py:830} INFO - Processing file /home/airflow/.local/lib/python3.12/site-packages/airflow/example_dags/example_dag_decorator.py for tasks to queue
[2024-04-28T16:52:33.273+0000] {logging_mixin.py:188} INFO - [2024-04-28T16:52:33.272+0000] {dagbag.py:540} INFO - Filling up the DagBag from /home/airflow/.local/lib/python3.12/site-packages/airflow/example_dags/example_dag_decorator.py
[2024-04-28T16:52:33.754+0000] {processor.py:840} INFO - DAG(s) 'example_dag_decorator' retrieved from /home/airflow/.local/lib/python3.12/site-packages/airflow/example_dags/example_dag_decorator.py
[2024-04-28T16:52:34.336+0000] {logging_mixin.py:188} INFO - [2024-04-28T16:52:34.335+0000] {dag.py:3096} INFO - Sync 1 DAGs
[2024-04-28T16:52:34.416+0000] {logging_mixin.py:188} INFO - [2024-04-28T16:52:34.415+0000] {dag.py:3954} INFO - Setting next_dagrun for example_dag_decorator to None, run_after=None
[2024-04-28T16:52:34.515+0000] {processor.py:183} INFO - Processing /home/airflow/.local/lib/python3.12/site-packages/airflow/example_dags/example_dag_decorator.py took 1.277 seconds
[2024-04-28T16:53:04.637+0000] {processor.py:161} INFO - Started process (PID=1254) to work on /home/airflow/.local/lib/python3.12/site-packages/airflow/example_dags/example_dag_decorator.py
[2024-04-28T16:53:04.714+0000] {processor.py:830} INFO - Processing file /home/airflow/.local/lib/python3.12/site-packages/airflow/example_dags/example_dag_decorator.py for tasks to queue
[2024-04-28T16:53:04.719+0000] {logging_mixin.py:188} INFO - [2024-04-28T16:53:04.718+0000] {dagbag.py:540} INFO - Filling up the DagBag from /home/airflow/.local/lib/python3.12/site-packages/airflow/example_dags/example_dag_decorator.py
[2024-04-28T16:53:04.986+0000] {processor.py:840} INFO - DAG(s) 'example_dag_decorator' retrieved from /home/airflow/.local/lib/python3.12/site-packages/airflow/example_dags/example_dag_decorator.py
[2024-04-28T16:53:05.337+0000] {logging_mixin.py:188} INFO - [2024-04-28T16:53:05.334+0000] {dag.py:3096} INFO - Sync 1 DAGs
[2024-04-28T16:53:05.374+0000] {logging_mixin.py:188} INFO - [2024-04-28T16:53:05.373+0000] {dag.py:3954} INFO - Setting next_dagrun for example_dag_decorator to None, run_after=None
[2024-04-28T16:53:05.443+0000] {processor.py:183} INFO - Processing /home/airflow/.local/lib/python3.12/site-packages/airflow/example_dags/example_dag_decorator.py took 0.821 seconds
[2024-04-28T16:53:37.142+0000] {processor.py:161} INFO - Started process (PID=1321) to work on /home/airflow/.local/lib/python3.12/site-packages/airflow/example_dags/example_dag_decorator.py
[2024-04-28T16:53:37.145+0000] {processor.py:830} INFO - Processing file /home/airflow/.local/lib/python3.12/site-packages/airflow/example_dags/example_dag_decorator.py for tasks to queue
[2024-04-28T16:53:37.155+0000] {logging_mixin.py:188} INFO - [2024-04-28T16:53:37.153+0000] {dagbag.py:540} INFO - Filling up the DagBag from /home/airflow/.local/lib/python3.12/site-packages/airflow/example_dags/example_dag_decorator.py
[2024-04-28T16:53:37.430+0000] {processor.py:840} INFO - DAG(s) 'example_dag_decorator' retrieved from /home/airflow/.local/lib/python3.12/site-packages/airflow/example_dags/example_dag_decorator.py
[2024-04-28T16:53:37.714+0000] {logging_mixin.py:188} INFO - [2024-04-28T16:53:37.713+0000] {dag.py:3096} INFO - Sync 1 DAGs
[2024-04-28T16:53:37.747+0000] {logging_mixin.py:188} INFO - [2024-04-28T16:53:37.746+0000] {dag.py:3954} INFO - Setting next_dagrun for example_dag_decorator to None, run_after=None
[2024-04-28T16:53:37.795+0000] {processor.py:183} INFO - Processing /home/airflow/.local/lib/python3.12/site-packages/airflow/example_dags/example_dag_decorator.py took 0.678 seconds
[2024-04-28T16:54:08.161+0000] {processor.py:161} INFO - Started process (PID=1383) to work on /home/airflow/.local/lib/python3.12/site-packages/airflow/example_dags/example_dag_decorator.py
[2024-04-28T16:54:08.165+0000] {processor.py:830} INFO - Processing file /home/airflow/.local/lib/python3.12/site-packages/airflow/example_dags/example_dag_decorator.py for tasks to queue
[2024-04-28T16:54:08.170+0000] {logging_mixin.py:188} INFO - [2024-04-28T16:54:08.169+0000] {dagbag.py:540} INFO - Filling up the DagBag from /home/airflow/.local/lib/python3.12/site-packages/airflow/example_dags/example_dag_decorator.py
[2024-04-28T16:54:08.457+0000] {processor.py:840} INFO - DAG(s) 'example_dag_decorator' retrieved from /home/airflow/.local/lib/python3.12/site-packages/airflow/example_dags/example_dag_decorator.py
[2024-04-28T16:54:08.756+0000] {logging_mixin.py:188} INFO - [2024-04-28T16:54:08.755+0000] {dag.py:3096} INFO - Sync 1 DAGs
[2024-04-28T16:54:08.790+0000] {logging_mixin.py:188} INFO - [2024-04-28T16:54:08.789+0000] {dag.py:3954} INFO - Setting next_dagrun for example_dag_decorator to None, run_after=None
[2024-04-28T16:54:08.849+0000] {processor.py:183} INFO - Processing /home/airflow/.local/lib/python3.12/site-packages/airflow/example_dags/example_dag_decorator.py took 0.703 seconds
[2024-04-28T16:54:38.975+0000] {processor.py:161} INFO - Started process (PID=1446) to work on /home/airflow/.local/lib/python3.12/site-packages/airflow/example_dags/example_dag_decorator.py
[2024-04-28T16:54:38.979+0000] {processor.py:830} INFO - Processing file /home/airflow/.local/lib/python3.12/site-packages/airflow/example_dags/example_dag_decorator.py for tasks to queue
[2024-04-28T16:54:38.987+0000] {logging_mixin.py:188} INFO - [2024-04-28T16:54:38.986+0000] {dagbag.py:540} INFO - Filling up the DagBag from /home/airflow/.local/lib/python3.12/site-packages/airflow/example_dags/example_dag_decorator.py
[2024-04-28T16:54:39.399+0000] {processor.py:840} INFO - DAG(s) 'example_dag_decorator' retrieved from /home/airflow/.local/lib/python3.12/site-packages/airflow/example_dags/example_dag_decorator.py
[2024-04-28T16:54:40.004+0000] {logging_mixin.py:188} INFO - [2024-04-28T16:54:40.002+0000] {dag.py:3096} INFO - Sync 1 DAGs
[2024-04-28T16:54:40.053+0000] {logging_mixin.py:188} INFO - [2024-04-28T16:54:40.052+0000] {dag.py:3954} INFO - Setting next_dagrun for example_dag_decorator to None, run_after=None
[2024-04-28T16:54:40.180+0000] {processor.py:183} INFO - Processing /home/airflow/.local/lib/python3.12/site-packages/airflow/example_dags/example_dag_decorator.py took 1.234 seconds
[2024-04-28T16:55:10.650+0000] {processor.py:161} INFO - Started process (PID=1509) to work on /home/airflow/.local/lib/python3.12/site-packages/airflow/example_dags/example_dag_decorator.py
[2024-04-28T16:55:10.658+0000] {processor.py:830} INFO - Processing file /home/airflow/.local/lib/python3.12/site-packages/airflow/example_dags/example_dag_decorator.py for tasks to queue
[2024-04-28T16:55:10.664+0000] {logging_mixin.py:188} INFO - [2024-04-28T16:55:10.663+0000] {dagbag.py:540} INFO - Filling up the DagBag from /home/airflow/.local/lib/python3.12/site-packages/airflow/example_dags/example_dag_decorator.py
[2024-04-28T16:55:10.999+0000] {processor.py:840} INFO - DAG(s) 'example_dag_decorator' retrieved from /home/airflow/.local/lib/python3.12/site-packages/airflow/example_dags/example_dag_decorator.py
[2024-04-28T16:55:11.342+0000] {logging_mixin.py:188} INFO - [2024-04-28T16:55:11.341+0000] {dag.py:3096} INFO - Sync 1 DAGs
[2024-04-28T16:55:11.377+0000] {logging_mixin.py:188} INFO - [2024-04-28T16:55:11.376+0000] {dag.py:3954} INFO - Setting next_dagrun for example_dag_decorator to None, run_after=None
[2024-04-28T16:55:11.438+0000] {processor.py:183} INFO - Processing /home/airflow/.local/lib/python3.12/site-packages/airflow/example_dags/example_dag_decorator.py took 0.807 seconds
[2024-04-28T16:55:42.147+0000] {processor.py:161} INFO - Started process (PID=1572) to work on /home/airflow/.local/lib/python3.12/site-packages/airflow/example_dags/example_dag_decorator.py
[2024-04-28T16:55:42.150+0000] {processor.py:830} INFO - Processing file /home/airflow/.local/lib/python3.12/site-packages/airflow/example_dags/example_dag_decorator.py for tasks to queue
[2024-04-28T16:55:42.155+0000] {logging_mixin.py:188} INFO - [2024-04-28T16:55:42.154+0000] {dagbag.py:540} INFO - Filling up the DagBag from /home/airflow/.local/lib/python3.12/site-packages/airflow/example_dags/example_dag_decorator.py
[2024-04-28T16:55:42.444+0000] {processor.py:840} INFO - DAG(s) 'example_dag_decorator' retrieved from /home/airflow/.local/lib/python3.12/site-packages/airflow/example_dags/example_dag_decorator.py
[2024-04-28T16:55:42.727+0000] {logging_mixin.py:188} INFO - [2024-04-28T16:55:42.725+0000] {dag.py:3096} INFO - Sync 1 DAGs
[2024-04-28T16:55:42.755+0000] {logging_mixin.py:188} INFO - [2024-04-28T16:55:42.754+0000] {dag.py:3954} INFO - Setting next_dagrun for example_dag_decorator to None, run_after=None
[2024-04-28T16:55:42.806+0000] {processor.py:183} INFO - Processing /home/airflow/.local/lib/python3.12/site-packages/airflow/example_dags/example_dag_decorator.py took 0.674 seconds
[2024-04-28T16:56:13.187+0000] {processor.py:161} INFO - Started process (PID=1636) to work on /home/airflow/.local/lib/python3.12/site-packages/airflow/example_dags/example_dag_decorator.py
[2024-04-28T16:56:13.191+0000] {processor.py:830} INFO - Processing file /home/airflow/.local/lib/python3.12/site-packages/airflow/example_dags/example_dag_decorator.py for tasks to queue
[2024-04-28T16:56:13.200+0000] {logging_mixin.py:188} INFO - [2024-04-28T16:56:13.199+0000] {dagbag.py:540} INFO - Filling up the DagBag from /home/airflow/.local/lib/python3.12/site-packages/airflow/example_dags/example_dag_decorator.py
[2024-04-28T16:56:13.608+0000] {processor.py:840} INFO - DAG(s) 'example_dag_decorator' retrieved from /home/airflow/.local/lib/python3.12/site-packages/airflow/example_dags/example_dag_decorator.py
[2024-04-28T16:56:13.898+0000] {logging_mixin.py:188} INFO - [2024-04-28T16:56:13.896+0000] {dag.py:3096} INFO - Sync 1 DAGs
[2024-04-28T16:56:13.926+0000] {logging_mixin.py:188} INFO - [2024-04-28T16:56:13.925+0000] {dag.py:3954} INFO - Setting next_dagrun for example_dag_decorator to None, run_after=None
[2024-04-28T16:56:13.974+0000] {processor.py:183} INFO - Processing /home/airflow/.local/lib/python3.12/site-packages/airflow/example_dags/example_dag_decorator.py took 0.815 seconds
[2024-04-28T16:56:48.354+0000] {processor.py:161} INFO - Started process (PID=1701) to work on /home/airflow/.local/lib/python3.12/site-packages/airflow/example_dags/example_dag_decorator.py
[2024-04-28T16:56:48.362+0000] {processor.py:830} INFO - Processing file /home/airflow/.local/lib/python3.12/site-packages/airflow/example_dags/example_dag_decorator.py for tasks to queue
[2024-04-28T16:56:48.372+0000] {logging_mixin.py:188} INFO - [2024-04-28T16:56:48.371+0000] {dagbag.py:540} INFO - Filling up the DagBag from /home/airflow/.local/lib/python3.12/site-packages/airflow/example_dags/example_dag_decorator.py
[2024-04-28T16:56:49.009+0000] {processor.py:840} INFO - DAG(s) 'example_dag_decorator' retrieved from /home/airflow/.local/lib/python3.12/site-packages/airflow/example_dags/example_dag_decorator.py
[2024-04-28T16:56:49.782+0000] {logging_mixin.py:188} INFO - [2024-04-28T16:56:49.776+0000] {dag.py:3096} INFO - Sync 1 DAGs
[2024-04-28T16:56:49.932+0000] {logging_mixin.py:188} INFO - [2024-04-28T16:56:49.931+0000] {dag.py:3954} INFO - Setting next_dagrun for example_dag_decorator to None, run_after=None
[2024-04-28T16:56:50.103+0000] {processor.py:183} INFO - Processing /home/airflow/.local/lib/python3.12/site-packages/airflow/example_dags/example_dag_decorator.py took 1.797 seconds
[2024-04-28T16:57:20.716+0000] {processor.py:161} INFO - Started process (PID=1764) to work on /home/airflow/.local/lib/python3.12/site-packages/airflow/example_dags/example_dag_decorator.py
[2024-04-28T16:57:20.724+0000] {processor.py:830} INFO - Processing file /home/airflow/.local/lib/python3.12/site-packages/airflow/example_dags/example_dag_decorator.py for tasks to queue
[2024-04-28T16:57:20.736+0000] {logging_mixin.py:188} INFO - [2024-04-28T16:57:20.734+0000] {dagbag.py:540} INFO - Filling up the DagBag from /home/airflow/.local/lib/python3.12/site-packages/airflow/example_dags/example_dag_decorator.py
[2024-04-28T16:57:21.598+0000] {processor.py:840} INFO - DAG(s) 'example_dag_decorator' retrieved from /home/airflow/.local/lib/python3.12/site-packages/airflow/example_dags/example_dag_decorator.py
[2024-04-28T16:57:23.173+0000] {logging_mixin.py:188} INFO - [2024-04-28T16:57:23.171+0000] {dag.py:3096} INFO - Sync 1 DAGs
[2024-04-28T16:57:23.274+0000] {logging_mixin.py:188} INFO - [2024-04-28T16:57:23.272+0000] {dag.py:3954} INFO - Setting next_dagrun for example_dag_decorator to None, run_after=None
[2024-04-28T16:57:23.382+0000] {processor.py:183} INFO - Processing /home/airflow/.local/lib/python3.12/site-packages/airflow/example_dags/example_dag_decorator.py took 2.694 seconds
[2024-04-28T16:57:54.230+0000] {processor.py:161} INFO - Started process (PID=1827) to work on /home/airflow/.local/lib/python3.12/site-packages/airflow/example_dags/example_dag_decorator.py
[2024-04-28T16:57:54.233+0000] {processor.py:830} INFO - Processing file /home/airflow/.local/lib/python3.12/site-packages/airflow/example_dags/example_dag_decorator.py for tasks to queue
[2024-04-28T16:57:54.243+0000] {logging_mixin.py:188} INFO - [2024-04-28T16:57:54.242+0000] {dagbag.py:540} INFO - Filling up the DagBag from /home/airflow/.local/lib/python3.12/site-packages/airflow/example_dags/example_dag_decorator.py
[2024-04-28T16:57:55.153+0000] {processor.py:840} INFO - DAG(s) 'example_dag_decorator' retrieved from /home/airflow/.local/lib/python3.12/site-packages/airflow/example_dags/example_dag_decorator.py
[2024-04-28T16:57:55.828+0000] {logging_mixin.py:188} INFO - [2024-04-28T16:57:55.825+0000] {dag.py:3096} INFO - Sync 1 DAGs
[2024-04-28T16:57:55.871+0000] {logging_mixin.py:188} INFO - [2024-04-28T16:57:55.870+0000] {dag.py:3954} INFO - Setting next_dagrun for example_dag_decorator to None, run_after=None
[2024-04-28T16:57:55.948+0000] {processor.py:183} INFO - Processing /home/airflow/.local/lib/python3.12/site-packages/airflow/example_dags/example_dag_decorator.py took 1.743 seconds
[2024-04-28T16:58:27.043+0000] {processor.py:161} INFO - Started process (PID=1893) to work on /home/airflow/.local/lib/python3.12/site-packages/airflow/example_dags/example_dag_decorator.py
[2024-04-28T16:58:27.046+0000] {processor.py:830} INFO - Processing file /home/airflow/.local/lib/python3.12/site-packages/airflow/example_dags/example_dag_decorator.py for tasks to queue
[2024-04-28T16:58:27.052+0000] {logging_mixin.py:188} INFO - [2024-04-28T16:58:27.051+0000] {dagbag.py:540} INFO - Filling up the DagBag from /home/airflow/.local/lib/python3.12/site-packages/airflow/example_dags/example_dag_decorator.py
[2024-04-28T16:58:27.396+0000] {processor.py:840} INFO - DAG(s) 'example_dag_decorator' retrieved from /home/airflow/.local/lib/python3.12/site-packages/airflow/example_dags/example_dag_decorator.py
[2024-04-28T16:58:27.765+0000] {logging_mixin.py:188} INFO - [2024-04-28T16:58:27.764+0000] {dag.py:3096} INFO - Sync 1 DAGs
[2024-04-28T16:58:27.800+0000] {logging_mixin.py:188} INFO - [2024-04-28T16:58:27.799+0000] {dag.py:3954} INFO - Setting next_dagrun for example_dag_decorator to None, run_after=None
[2024-04-28T16:58:27.861+0000] {processor.py:183} INFO - Processing /home/airflow/.local/lib/python3.12/site-packages/airflow/example_dags/example_dag_decorator.py took 0.834 seconds
