[2024-04-28T15:36:03.263+0000] {processor.py:161} INFO - Started process (PID=87) to work on /home/airflow/.local/lib/python3.12/site-packages/airflow/example_dags/example_complex.py
[2024-04-28T15:36:03.277+0000] {processor.py:830} INFO - Processing file /home/airflow/.local/lib/python3.12/site-packages/airflow/example_dags/example_complex.py for tasks to queue
[2024-04-28T15:36:03.313+0000] {logging_mixin.py:188} INFO - [2024-04-28T15:36:03.295+0000] {dagbag.py:540} INFO - Filling up the DagBag from /home/airflow/.local/lib/python3.12/site-packages/airflow/example_dags/example_complex.py
[2024-04-28T15:36:03.461+0000] {processor.py:840} INFO - DAG(s) 'example_complex' retrieved from /home/airflow/.local/lib/python3.12/site-packages/airflow/example_dags/example_complex.py
[2024-04-28T15:36:04.979+0000] {logging_mixin.py:188} INFO - [2024-04-28T15:36:04.978+0000] {dag.py:3096} INFO - Sync 1 DAGs
[2024-04-28T15:36:05.040+0000] {logging_mixin.py:188} INFO - [2024-04-28T15:36:05.039+0000] {dag.py:3954} INFO - Setting next_dagrun for example_complex to None, run_after=None
[2024-04-28T15:36:05.176+0000] {processor.py:183} INFO - Processing /home/airflow/.local/lib/python3.12/site-packages/airflow/example_dags/example_complex.py took 2.007 seconds
[2024-04-28T15:36:39.205+0000] {processor.py:161} INFO - Started process (PID=150) to work on /home/airflow/.local/lib/python3.12/site-packages/airflow/example_dags/example_complex.py
[2024-04-28T15:36:39.209+0000] {processor.py:830} INFO - Processing file /home/airflow/.local/lib/python3.12/site-packages/airflow/example_dags/example_complex.py for tasks to queue
[2024-04-28T15:36:39.218+0000] {logging_mixin.py:188} INFO - [2024-04-28T15:36:39.216+0000] {dagbag.py:540} INFO - Filling up the DagBag from /home/airflow/.local/lib/python3.12/site-packages/airflow/example_dags/example_complex.py
[2024-04-28T15:36:39.315+0000] {processor.py:840} INFO - DAG(s) 'example_complex' retrieved from /home/airflow/.local/lib/python3.12/site-packages/airflow/example_dags/example_complex.py
[2024-04-28T15:36:39.460+0000] {logging_mixin.py:188} INFO - [2024-04-28T15:36:39.459+0000] {dag.py:3096} INFO - Sync 1 DAGs
[2024-04-28T15:36:39.523+0000] {logging_mixin.py:188} INFO - [2024-04-28T15:36:39.522+0000] {dag.py:3954} INFO - Setting next_dagrun for example_complex to None, run_after=None
[2024-04-28T15:36:39.722+0000] {processor.py:183} INFO - Processing /home/airflow/.local/lib/python3.12/site-packages/airflow/example_dags/example_complex.py took 0.539 seconds
[2024-04-28T15:37:10.454+0000] {processor.py:161} INFO - Started process (PID=213) to work on /home/airflow/.local/lib/python3.12/site-packages/airflow/example_dags/example_complex.py
[2024-04-28T15:37:10.457+0000] {processor.py:830} INFO - Processing file /home/airflow/.local/lib/python3.12/site-packages/airflow/example_dags/example_complex.py for tasks to queue
[2024-04-28T15:37:10.464+0000] {logging_mixin.py:188} INFO - [2024-04-28T15:37:10.463+0000] {dagbag.py:540} INFO - Filling up the DagBag from /home/airflow/.local/lib/python3.12/site-packages/airflow/example_dags/example_complex.py
[2024-04-28T15:37:10.504+0000] {processor.py:840} INFO - DAG(s) 'example_complex' retrieved from /home/airflow/.local/lib/python3.12/site-packages/airflow/example_dags/example_complex.py
[2024-04-28T15:37:10.622+0000] {logging_mixin.py:188} INFO - [2024-04-28T15:37:10.621+0000] {dag.py:3096} INFO - Sync 1 DAGs
[2024-04-28T15:37:10.667+0000] {logging_mixin.py:188} INFO - [2024-04-28T15:37:10.666+0000] {dag.py:3954} INFO - Setting next_dagrun for example_complex to None, run_after=None
[2024-04-28T15:37:10.729+0000] {processor.py:183} INFO - Processing /home/airflow/.local/lib/python3.12/site-packages/airflow/example_dags/example_complex.py took 0.305 seconds
[2024-04-28T15:37:42.098+0000] {processor.py:161} INFO - Started process (PID=276) to work on /home/airflow/.local/lib/python3.12/site-packages/airflow/example_dags/example_complex.py
[2024-04-28T15:37:42.100+0000] {processor.py:830} INFO - Processing file /home/airflow/.local/lib/python3.12/site-packages/airflow/example_dags/example_complex.py for tasks to queue
[2024-04-28T15:37:42.108+0000] {logging_mixin.py:188} INFO - [2024-04-28T15:37:42.106+0000] {dagbag.py:540} INFO - Filling up the DagBag from /home/airflow/.local/lib/python3.12/site-packages/airflow/example_dags/example_complex.py
[2024-04-28T15:37:42.150+0000] {processor.py:840} INFO - DAG(s) 'example_complex' retrieved from /home/airflow/.local/lib/python3.12/site-packages/airflow/example_dags/example_complex.py
[2024-04-28T15:37:42.266+0000] {logging_mixin.py:188} INFO - [2024-04-28T15:37:42.265+0000] {dag.py:3096} INFO - Sync 1 DAGs
[2024-04-28T15:37:42.317+0000] {logging_mixin.py:188} INFO - [2024-04-28T15:37:42.316+0000] {dag.py:3954} INFO - Setting next_dagrun for example_complex to None, run_after=None
[2024-04-28T15:37:42.384+0000] {processor.py:183} INFO - Processing /home/airflow/.local/lib/python3.12/site-packages/airflow/example_dags/example_complex.py took 0.303 seconds
[2024-04-28T15:38:14.706+0000] {processor.py:161} INFO - Started process (PID=339) to work on /home/airflow/.local/lib/python3.12/site-packages/airflow/example_dags/example_complex.py
[2024-04-28T15:38:14.709+0000] {processor.py:830} INFO - Processing file /home/airflow/.local/lib/python3.12/site-packages/airflow/example_dags/example_complex.py for tasks to queue
[2024-04-28T15:38:14.716+0000] {logging_mixin.py:188} INFO - [2024-04-28T15:38:14.714+0000] {dagbag.py:540} INFO - Filling up the DagBag from /home/airflow/.local/lib/python3.12/site-packages/airflow/example_dags/example_complex.py
[2024-04-28T15:38:14.761+0000] {processor.py:840} INFO - DAG(s) 'example_complex' retrieved from /home/airflow/.local/lib/python3.12/site-packages/airflow/example_dags/example_complex.py
[2024-04-28T15:38:14.868+0000] {logging_mixin.py:188} INFO - [2024-04-28T15:38:14.867+0000] {dag.py:3096} INFO - Sync 1 DAGs
[2024-04-28T15:38:14.909+0000] {logging_mixin.py:188} INFO - [2024-04-28T15:38:14.908+0000] {dag.py:3954} INFO - Setting next_dagrun for example_complex to None, run_after=None
[2024-04-28T15:38:14.966+0000] {processor.py:183} INFO - Processing /home/airflow/.local/lib/python3.12/site-packages/airflow/example_dags/example_complex.py took 0.280 seconds
[2024-04-28T15:38:46.178+0000] {processor.py:161} INFO - Started process (PID=402) to work on /home/airflow/.local/lib/python3.12/site-packages/airflow/example_dags/example_complex.py
[2024-04-28T15:38:46.181+0000] {processor.py:830} INFO - Processing file /home/airflow/.local/lib/python3.12/site-packages/airflow/example_dags/example_complex.py for tasks to queue
[2024-04-28T15:38:46.188+0000] {logging_mixin.py:188} INFO - [2024-04-28T15:38:46.187+0000] {dagbag.py:540} INFO - Filling up the DagBag from /home/airflow/.local/lib/python3.12/site-packages/airflow/example_dags/example_complex.py
[2024-04-28T15:38:46.236+0000] {processor.py:840} INFO - DAG(s) 'example_complex' retrieved from /home/airflow/.local/lib/python3.12/site-packages/airflow/example_dags/example_complex.py
[2024-04-28T15:38:46.373+0000] {logging_mixin.py:188} INFO - [2024-04-28T15:38:46.372+0000] {dag.py:3096} INFO - Sync 1 DAGs
[2024-04-28T15:38:46.429+0000] {logging_mixin.py:188} INFO - [2024-04-28T15:38:46.428+0000] {dag.py:3954} INFO - Setting next_dagrun for example_complex to None, run_after=None
[2024-04-28T15:38:46.512+0000] {processor.py:183} INFO - Processing /home/airflow/.local/lib/python3.12/site-packages/airflow/example_dags/example_complex.py took 0.354 seconds
[2024-04-28T15:39:16.768+0000] {processor.py:161} INFO - Started process (PID=465) to work on /home/airflow/.local/lib/python3.12/site-packages/airflow/example_dags/example_complex.py
[2024-04-28T15:39:16.771+0000] {processor.py:830} INFO - Processing file /home/airflow/.local/lib/python3.12/site-packages/airflow/example_dags/example_complex.py for tasks to queue
[2024-04-28T15:39:16.778+0000] {logging_mixin.py:188} INFO - [2024-04-28T15:39:16.777+0000] {dagbag.py:540} INFO - Filling up the DagBag from /home/airflow/.local/lib/python3.12/site-packages/airflow/example_dags/example_complex.py
[2024-04-28T15:39:16.821+0000] {processor.py:840} INFO - DAG(s) 'example_complex' retrieved from /home/airflow/.local/lib/python3.12/site-packages/airflow/example_dags/example_complex.py
[2024-04-28T15:39:16.937+0000] {logging_mixin.py:188} INFO - [2024-04-28T15:39:16.936+0000] {dag.py:3096} INFO - Sync 1 DAGs
[2024-04-28T15:39:16.984+0000] {logging_mixin.py:188} INFO - [2024-04-28T15:39:16.984+0000] {dag.py:3954} INFO - Setting next_dagrun for example_complex to None, run_after=None
[2024-04-28T15:39:17.053+0000] {processor.py:183} INFO - Processing /home/airflow/.local/lib/python3.12/site-packages/airflow/example_dags/example_complex.py took 0.303 seconds
[2024-04-28T15:39:47.387+0000] {processor.py:161} INFO - Started process (PID=529) to work on /home/airflow/.local/lib/python3.12/site-packages/airflow/example_dags/example_complex.py
[2024-04-28T15:39:47.389+0000] {processor.py:830} INFO - Processing file /home/airflow/.local/lib/python3.12/site-packages/airflow/example_dags/example_complex.py for tasks to queue
[2024-04-28T15:39:47.397+0000] {logging_mixin.py:188} INFO - [2024-04-28T15:39:47.395+0000] {dagbag.py:540} INFO - Filling up the DagBag from /home/airflow/.local/lib/python3.12/site-packages/airflow/example_dags/example_complex.py
[2024-04-28T15:39:47.459+0000] {processor.py:840} INFO - DAG(s) 'example_complex' retrieved from /home/airflow/.local/lib/python3.12/site-packages/airflow/example_dags/example_complex.py
[2024-04-28T15:39:47.572+0000] {logging_mixin.py:188} INFO - [2024-04-28T15:39:47.571+0000] {dag.py:3096} INFO - Sync 1 DAGs
[2024-04-28T15:39:47.625+0000] {logging_mixin.py:188} INFO - [2024-04-28T15:39:47.624+0000] {dag.py:3954} INFO - Setting next_dagrun for example_complex to None, run_after=None
[2024-04-28T15:39:47.700+0000] {processor.py:183} INFO - Processing /home/airflow/.local/lib/python3.12/site-packages/airflow/example_dags/example_complex.py took 0.335 seconds
[2024-04-28T15:40:23.250+0000] {processor.py:161} INFO - Started process (PID=592) to work on /home/airflow/.local/lib/python3.12/site-packages/airflow/example_dags/example_complex.py
[2024-04-28T15:40:23.253+0000] {processor.py:830} INFO - Processing file /home/airflow/.local/lib/python3.12/site-packages/airflow/example_dags/example_complex.py for tasks to queue
[2024-04-28T15:40:23.259+0000] {logging_mixin.py:188} INFO - [2024-04-28T15:40:23.258+0000] {dagbag.py:540} INFO - Filling up the DagBag from /home/airflow/.local/lib/python3.12/site-packages/airflow/example_dags/example_complex.py
[2024-04-28T15:40:23.297+0000] {processor.py:840} INFO - DAG(s) 'example_complex' retrieved from /home/airflow/.local/lib/python3.12/site-packages/airflow/example_dags/example_complex.py
[2024-04-28T15:40:23.417+0000] {logging_mixin.py:188} INFO - [2024-04-28T15:40:23.416+0000] {dag.py:3096} INFO - Sync 1 DAGs
[2024-04-28T15:40:23.482+0000] {logging_mixin.py:188} INFO - [2024-04-28T15:40:23.481+0000] {dag.py:3954} INFO - Setting next_dagrun for example_complex to None, run_after=None
[2024-04-28T15:40:23.557+0000] {processor.py:183} INFO - Processing /home/airflow/.local/lib/python3.12/site-packages/airflow/example_dags/example_complex.py took 0.324 seconds
[2024-04-28T15:40:55.065+0000] {processor.py:161} INFO - Started process (PID=654) to work on /home/airflow/.local/lib/python3.12/site-packages/airflow/example_dags/example_complex.py
[2024-04-28T15:40:55.067+0000] {processor.py:830} INFO - Processing file /home/airflow/.local/lib/python3.12/site-packages/airflow/example_dags/example_complex.py for tasks to queue
[2024-04-28T15:40:55.075+0000] {logging_mixin.py:188} INFO - [2024-04-28T15:40:55.073+0000] {dagbag.py:540} INFO - Filling up the DagBag from /home/airflow/.local/lib/python3.12/site-packages/airflow/example_dags/example_complex.py
[2024-04-28T15:40:55.122+0000] {processor.py:840} INFO - DAG(s) 'example_complex' retrieved from /home/airflow/.local/lib/python3.12/site-packages/airflow/example_dags/example_complex.py
[2024-04-28T15:40:55.307+0000] {logging_mixin.py:188} INFO - [2024-04-28T15:40:55.307+0000] {dag.py:3096} INFO - Sync 1 DAGs
[2024-04-28T15:40:55.494+0000] {logging_mixin.py:188} INFO - [2024-04-28T15:40:55.484+0000] {dag.py:3954} INFO - Setting next_dagrun for example_complex to None, run_after=None
[2024-04-28T15:40:55.638+0000] {processor.py:183} INFO - Processing /home/airflow/.local/lib/python3.12/site-packages/airflow/example_dags/example_complex.py took 0.598 seconds
[2024-04-28T15:41:25.999+0000] {processor.py:161} INFO - Started process (PID=717) to work on /home/airflow/.local/lib/python3.12/site-packages/airflow/example_dags/example_complex.py
[2024-04-28T15:41:26.003+0000] {processor.py:830} INFO - Processing file /home/airflow/.local/lib/python3.12/site-packages/airflow/example_dags/example_complex.py for tasks to queue
[2024-04-28T15:41:26.010+0000] {logging_mixin.py:188} INFO - [2024-04-28T15:41:26.009+0000] {dagbag.py:540} INFO - Filling up the DagBag from /home/airflow/.local/lib/python3.12/site-packages/airflow/example_dags/example_complex.py
[2024-04-28T15:41:26.059+0000] {processor.py:840} INFO - DAG(s) 'example_complex' retrieved from /home/airflow/.local/lib/python3.12/site-packages/airflow/example_dags/example_complex.py
[2024-04-28T15:41:26.192+0000] {logging_mixin.py:188} INFO - [2024-04-28T15:41:26.191+0000] {dag.py:3096} INFO - Sync 1 DAGs
[2024-04-28T15:41:26.249+0000] {logging_mixin.py:188} INFO - [2024-04-28T15:41:26.248+0000] {dag.py:3954} INFO - Setting next_dagrun for example_complex to None, run_after=None
[2024-04-28T15:41:26.339+0000] {processor.py:183} INFO - Processing /home/airflow/.local/lib/python3.12/site-packages/airflow/example_dags/example_complex.py took 0.370 seconds
[2024-04-28T15:41:56.639+0000] {processor.py:161} INFO - Started process (PID=780) to work on /home/airflow/.local/lib/python3.12/site-packages/airflow/example_dags/example_complex.py
[2024-04-28T15:41:56.641+0000] {processor.py:830} INFO - Processing file /home/airflow/.local/lib/python3.12/site-packages/airflow/example_dags/example_complex.py for tasks to queue
[2024-04-28T15:41:56.647+0000] {logging_mixin.py:188} INFO - [2024-04-28T15:41:56.646+0000] {dagbag.py:540} INFO - Filling up the DagBag from /home/airflow/.local/lib/python3.12/site-packages/airflow/example_dags/example_complex.py
[2024-04-28T15:41:56.683+0000] {processor.py:840} INFO - DAG(s) 'example_complex' retrieved from /home/airflow/.local/lib/python3.12/site-packages/airflow/example_dags/example_complex.py
[2024-04-28T15:41:56.785+0000] {logging_mixin.py:188} INFO - [2024-04-28T15:41:56.785+0000] {dag.py:3096} INFO - Sync 1 DAGs
[2024-04-28T15:41:56.826+0000] {logging_mixin.py:188} INFO - [2024-04-28T15:41:56.826+0000] {dag.py:3954} INFO - Setting next_dagrun for example_complex to None, run_after=None
[2024-04-28T15:41:56.891+0000] {processor.py:183} INFO - Processing /home/airflow/.local/lib/python3.12/site-packages/airflow/example_dags/example_complex.py took 0.269 seconds
[2024-04-28T15:42:27.373+0000] {processor.py:161} INFO - Started process (PID=843) to work on /home/airflow/.local/lib/python3.12/site-packages/airflow/example_dags/example_complex.py
[2024-04-28T15:42:27.380+0000] {processor.py:830} INFO - Processing file /home/airflow/.local/lib/python3.12/site-packages/airflow/example_dags/example_complex.py for tasks to queue
[2024-04-28T15:42:27.390+0000] {logging_mixin.py:188} INFO - [2024-04-28T15:42:27.388+0000] {dagbag.py:540} INFO - Filling up the DagBag from /home/airflow/.local/lib/python3.12/site-packages/airflow/example_dags/example_complex.py
[2024-04-28T15:42:27.440+0000] {processor.py:840} INFO - DAG(s) 'example_complex' retrieved from /home/airflow/.local/lib/python3.12/site-packages/airflow/example_dags/example_complex.py
[2024-04-28T15:42:27.631+0000] {logging_mixin.py:188} INFO - [2024-04-28T15:42:27.630+0000] {dag.py:3096} INFO - Sync 1 DAGs
[2024-04-28T15:42:27.696+0000] {logging_mixin.py:188} INFO - [2024-04-28T15:42:27.695+0000] {dag.py:3954} INFO - Setting next_dagrun for example_complex to None, run_after=None
[2024-04-28T15:42:27.766+0000] {processor.py:183} INFO - Processing /home/airflow/.local/lib/python3.12/site-packages/airflow/example_dags/example_complex.py took 0.415 seconds
[2024-04-28T15:42:58.699+0000] {processor.py:161} INFO - Started process (PID=907) to work on /home/airflow/.local/lib/python3.12/site-packages/airflow/example_dags/example_complex.py
[2024-04-28T15:42:58.703+0000] {processor.py:830} INFO - Processing file /home/airflow/.local/lib/python3.12/site-packages/airflow/example_dags/example_complex.py for tasks to queue
[2024-04-28T15:42:58.708+0000] {logging_mixin.py:188} INFO - [2024-04-28T15:42:58.707+0000] {dagbag.py:540} INFO - Filling up the DagBag from /home/airflow/.local/lib/python3.12/site-packages/airflow/example_dags/example_complex.py
[2024-04-28T15:42:58.750+0000] {processor.py:840} INFO - DAG(s) 'example_complex' retrieved from /home/airflow/.local/lib/python3.12/site-packages/airflow/example_dags/example_complex.py
[2024-04-28T15:42:58.851+0000] {logging_mixin.py:188} INFO - [2024-04-28T15:42:58.850+0000] {dag.py:3096} INFO - Sync 1 DAGs
[2024-04-28T15:42:58.891+0000] {logging_mixin.py:188} INFO - [2024-04-28T15:42:58.890+0000] {dag.py:3954} INFO - Setting next_dagrun for example_complex to None, run_after=None
[2024-04-28T15:42:58.954+0000] {processor.py:183} INFO - Processing /home/airflow/.local/lib/python3.12/site-packages/airflow/example_dags/example_complex.py took 0.274 seconds
[2024-04-28T15:58:21.613+0000] {processor.py:161} INFO - Started process (PID=81) to work on /home/airflow/.local/lib/python3.12/site-packages/airflow/example_dags/example_complex.py
[2024-04-28T15:58:21.617+0000] {processor.py:830} INFO - Processing file /home/airflow/.local/lib/python3.12/site-packages/airflow/example_dags/example_complex.py for tasks to queue
[2024-04-28T15:58:21.626+0000] {logging_mixin.py:188} INFO - [2024-04-28T15:58:21.625+0000] {dagbag.py:540} INFO - Filling up the DagBag from /home/airflow/.local/lib/python3.12/site-packages/airflow/example_dags/example_complex.py
[2024-04-28T15:58:21.674+0000] {processor.py:840} INFO - DAG(s) 'example_complex' retrieved from /home/airflow/.local/lib/python3.12/site-packages/airflow/example_dags/example_complex.py
[2024-04-28T15:58:22.469+0000] {logging_mixin.py:188} INFO - [2024-04-28T15:58:22.468+0000] {dag.py:3096} INFO - Sync 1 DAGs
[2024-04-28T15:58:22.518+0000] {logging_mixin.py:188} INFO - [2024-04-28T15:58:22.517+0000] {dag.py:3954} INFO - Setting next_dagrun for example_complex to None, run_after=None
[2024-04-28T15:58:22.590+0000] {processor.py:183} INFO - Processing /home/airflow/.local/lib/python3.12/site-packages/airflow/example_dags/example_complex.py took 1.001 seconds
[2024-04-28T15:58:53.288+0000] {processor.py:161} INFO - Started process (PID=143) to work on /home/airflow/.local/lib/python3.12/site-packages/airflow/example_dags/example_complex.py
[2024-04-28T15:58:53.294+0000] {processor.py:830} INFO - Processing file /home/airflow/.local/lib/python3.12/site-packages/airflow/example_dags/example_complex.py for tasks to queue
[2024-04-28T15:58:53.304+0000] {logging_mixin.py:188} INFO - [2024-04-28T15:58:53.303+0000] {dagbag.py:540} INFO - Filling up the DagBag from /home/airflow/.local/lib/python3.12/site-packages/airflow/example_dags/example_complex.py
[2024-04-28T15:58:53.353+0000] {processor.py:840} INFO - DAG(s) 'example_complex' retrieved from /home/airflow/.local/lib/python3.12/site-packages/airflow/example_dags/example_complex.py
[2024-04-28T15:58:53.481+0000] {logging_mixin.py:188} INFO - [2024-04-28T15:58:53.480+0000] {dag.py:3096} INFO - Sync 1 DAGs
[2024-04-28T15:58:53.535+0000] {logging_mixin.py:188} INFO - [2024-04-28T15:58:53.535+0000] {dag.py:3954} INFO - Setting next_dagrun for example_complex to None, run_after=None
[2024-04-28T15:58:53.621+0000] {processor.py:183} INFO - Processing /home/airflow/.local/lib/python3.12/site-packages/airflow/example_dags/example_complex.py took 0.356 seconds
[2024-04-28T15:59:25.781+0000] {processor.py:161} INFO - Started process (PID=206) to work on /home/airflow/.local/lib/python3.12/site-packages/airflow/example_dags/example_complex.py
[2024-04-28T15:59:25.784+0000] {processor.py:830} INFO - Processing file /home/airflow/.local/lib/python3.12/site-packages/airflow/example_dags/example_complex.py for tasks to queue
[2024-04-28T15:59:25.790+0000] {logging_mixin.py:188} INFO - [2024-04-28T15:59:25.789+0000] {dagbag.py:540} INFO - Filling up the DagBag from /home/airflow/.local/lib/python3.12/site-packages/airflow/example_dags/example_complex.py
[2024-04-28T15:59:25.828+0000] {processor.py:840} INFO - DAG(s) 'example_complex' retrieved from /home/airflow/.local/lib/python3.12/site-packages/airflow/example_dags/example_complex.py
[2024-04-28T15:59:25.981+0000] {logging_mixin.py:188} INFO - [2024-04-28T15:59:25.980+0000] {dag.py:3096} INFO - Sync 1 DAGs
[2024-04-28T15:59:26.043+0000] {logging_mixin.py:188} INFO - [2024-04-28T15:59:26.042+0000] {dag.py:3954} INFO - Setting next_dagrun for example_complex to None, run_after=None
[2024-04-28T15:59:26.184+0000] {processor.py:183} INFO - Processing /home/airflow/.local/lib/python3.12/site-packages/airflow/example_dags/example_complex.py took 0.421 seconds
[2024-04-28T16:00:04.503+0000] {processor.py:161} INFO - Started process (PID=275) to work on /home/airflow/.local/lib/python3.12/site-packages/airflow/example_dags/example_complex.py
[2024-04-28T16:00:04.530+0000] {processor.py:830} INFO - Processing file /home/airflow/.local/lib/python3.12/site-packages/airflow/example_dags/example_complex.py for tasks to queue
[2024-04-28T16:00:04.567+0000] {logging_mixin.py:188} INFO - [2024-04-28T16:00:04.560+0000] {dagbag.py:540} INFO - Filling up the DagBag from /home/airflow/.local/lib/python3.12/site-packages/airflow/example_dags/example_complex.py
[2024-04-28T16:00:04.826+0000] {processor.py:840} INFO - DAG(s) 'example_complex' retrieved from /home/airflow/.local/lib/python3.12/site-packages/airflow/example_dags/example_complex.py
[2024-04-28T16:00:05.343+0000] {logging_mixin.py:188} INFO - [2024-04-28T16:00:05.343+0000] {dag.py:3096} INFO - Sync 1 DAGs
[2024-04-28T16:00:05.538+0000] {logging_mixin.py:188} INFO - [2024-04-28T16:00:05.525+0000] {dag.py:3954} INFO - Setting next_dagrun for example_complex to None, run_after=None
[2024-04-28T16:00:05.772+0000] {processor.py:183} INFO - Processing /home/airflow/.local/lib/python3.12/site-packages/airflow/example_dags/example_complex.py took 1.407 seconds
[2024-04-28T16:00:36.049+0000] {processor.py:161} INFO - Started process (PID=338) to work on /home/airflow/.local/lib/python3.12/site-packages/airflow/example_dags/example_complex.py
[2024-04-28T16:00:36.051+0000] {processor.py:830} INFO - Processing file /home/airflow/.local/lib/python3.12/site-packages/airflow/example_dags/example_complex.py for tasks to queue
[2024-04-28T16:00:36.064+0000] {logging_mixin.py:188} INFO - [2024-04-28T16:00:36.063+0000] {dagbag.py:540} INFO - Filling up the DagBag from /home/airflow/.local/lib/python3.12/site-packages/airflow/example_dags/example_complex.py
[2024-04-28T16:00:36.143+0000] {processor.py:840} INFO - DAG(s) 'example_complex' retrieved from /home/airflow/.local/lib/python3.12/site-packages/airflow/example_dags/example_complex.py
[2024-04-28T16:00:36.583+0000] {logging_mixin.py:188} INFO - [2024-04-28T16:00:36.582+0000] {dag.py:3096} INFO - Sync 1 DAGs
[2024-04-28T16:00:36.700+0000] {logging_mixin.py:188} INFO - [2024-04-28T16:00:36.699+0000] {dag.py:3954} INFO - Setting next_dagrun for example_complex to None, run_after=None
[2024-04-28T16:00:36.796+0000] {processor.py:183} INFO - Processing /home/airflow/.local/lib/python3.12/site-packages/airflow/example_dags/example_complex.py took 0.780 seconds
[2024-04-28T16:01:07.387+0000] {processor.py:161} INFO - Started process (PID=400) to work on /home/airflow/.local/lib/python3.12/site-packages/airflow/example_dags/example_complex.py
[2024-04-28T16:01:07.390+0000] {processor.py:830} INFO - Processing file /home/airflow/.local/lib/python3.12/site-packages/airflow/example_dags/example_complex.py for tasks to queue
[2024-04-28T16:01:07.397+0000] {logging_mixin.py:188} INFO - [2024-04-28T16:01:07.396+0000] {dagbag.py:540} INFO - Filling up the DagBag from /home/airflow/.local/lib/python3.12/site-packages/airflow/example_dags/example_complex.py
[2024-04-28T16:01:07.452+0000] {processor.py:840} INFO - DAG(s) 'example_complex' retrieved from /home/airflow/.local/lib/python3.12/site-packages/airflow/example_dags/example_complex.py
[2024-04-28T16:01:07.602+0000] {logging_mixin.py:188} INFO - [2024-04-28T16:01:07.601+0000] {dag.py:3096} INFO - Sync 1 DAGs
[2024-04-28T16:01:07.664+0000] {logging_mixin.py:188} INFO - [2024-04-28T16:01:07.663+0000] {dag.py:3954} INFO - Setting next_dagrun for example_complex to None, run_after=None
[2024-04-28T16:01:07.747+0000] {processor.py:183} INFO - Processing /home/airflow/.local/lib/python3.12/site-packages/airflow/example_dags/example_complex.py took 0.383 seconds
[2024-04-28T16:01:38.036+0000] {processor.py:161} INFO - Started process (PID=463) to work on /home/airflow/.local/lib/python3.12/site-packages/airflow/example_dags/example_complex.py
[2024-04-28T16:01:38.039+0000] {processor.py:830} INFO - Processing file /home/airflow/.local/lib/python3.12/site-packages/airflow/example_dags/example_complex.py for tasks to queue
[2024-04-28T16:01:38.044+0000] {logging_mixin.py:188} INFO - [2024-04-28T16:01:38.043+0000] {dagbag.py:540} INFO - Filling up the DagBag from /home/airflow/.local/lib/python3.12/site-packages/airflow/example_dags/example_complex.py
[2024-04-28T16:01:38.079+0000] {processor.py:840} INFO - DAG(s) 'example_complex' retrieved from /home/airflow/.local/lib/python3.12/site-packages/airflow/example_dags/example_complex.py
[2024-04-28T16:01:38.174+0000] {logging_mixin.py:188} INFO - [2024-04-28T16:01:38.173+0000] {dag.py:3096} INFO - Sync 1 DAGs
[2024-04-28T16:01:38.214+0000] {logging_mixin.py:188} INFO - [2024-04-28T16:01:38.213+0000] {dag.py:3954} INFO - Setting next_dagrun for example_complex to None, run_after=None
[2024-04-28T16:01:38.277+0000] {processor.py:183} INFO - Processing /home/airflow/.local/lib/python3.12/site-packages/airflow/example_dags/example_complex.py took 0.259 seconds
[2024-04-28T16:02:08.873+0000] {processor.py:161} INFO - Started process (PID=526) to work on /home/airflow/.local/lib/python3.12/site-packages/airflow/example_dags/example_complex.py
[2024-04-28T16:02:08.875+0000] {processor.py:830} INFO - Processing file /home/airflow/.local/lib/python3.12/site-packages/airflow/example_dags/example_complex.py for tasks to queue
[2024-04-28T16:02:08.881+0000] {logging_mixin.py:188} INFO - [2024-04-28T16:02:08.880+0000] {dagbag.py:540} INFO - Filling up the DagBag from /home/airflow/.local/lib/python3.12/site-packages/airflow/example_dags/example_complex.py
[2024-04-28T16:02:08.919+0000] {processor.py:840} INFO - DAG(s) 'example_complex' retrieved from /home/airflow/.local/lib/python3.12/site-packages/airflow/example_dags/example_complex.py
[2024-04-28T16:02:09.015+0000] {logging_mixin.py:188} INFO - [2024-04-28T16:02:09.015+0000] {dag.py:3096} INFO - Sync 1 DAGs
[2024-04-28T16:02:09.056+0000] {logging_mixin.py:188} INFO - [2024-04-28T16:02:09.055+0000] {dag.py:3954} INFO - Setting next_dagrun for example_complex to None, run_after=None
[2024-04-28T16:02:09.113+0000] {processor.py:183} INFO - Processing /home/airflow/.local/lib/python3.12/site-packages/airflow/example_dags/example_complex.py took 0.257 seconds
[2024-04-28T16:02:40.109+0000] {processor.py:161} INFO - Started process (PID=589) to work on /home/airflow/.local/lib/python3.12/site-packages/airflow/example_dags/example_complex.py
[2024-04-28T16:02:40.112+0000] {processor.py:830} INFO - Processing file /home/airflow/.local/lib/python3.12/site-packages/airflow/example_dags/example_complex.py for tasks to queue
[2024-04-28T16:02:40.119+0000] {logging_mixin.py:188} INFO - [2024-04-28T16:02:40.117+0000] {dagbag.py:540} INFO - Filling up the DagBag from /home/airflow/.local/lib/python3.12/site-packages/airflow/example_dags/example_complex.py
[2024-04-28T16:02:40.163+0000] {processor.py:840} INFO - DAG(s) 'example_complex' retrieved from /home/airflow/.local/lib/python3.12/site-packages/airflow/example_dags/example_complex.py
[2024-04-28T16:02:40.290+0000] {logging_mixin.py:188} INFO - [2024-04-28T16:02:40.290+0000] {dag.py:3096} INFO - Sync 1 DAGs
[2024-04-28T16:02:40.338+0000] {logging_mixin.py:188} INFO - [2024-04-28T16:02:40.337+0000] {dag.py:3954} INFO - Setting next_dagrun for example_complex to None, run_after=None
[2024-04-28T16:02:40.457+0000] {processor.py:183} INFO - Processing /home/airflow/.local/lib/python3.12/site-packages/airflow/example_dags/example_complex.py took 0.370 seconds
[2024-04-28T16:03:10.707+0000] {processor.py:161} INFO - Started process (PID=651) to work on /home/airflow/.local/lib/python3.12/site-packages/airflow/example_dags/example_complex.py
[2024-04-28T16:03:10.711+0000] {processor.py:830} INFO - Processing file /home/airflow/.local/lib/python3.12/site-packages/airflow/example_dags/example_complex.py for tasks to queue
[2024-04-28T16:03:10.719+0000] {logging_mixin.py:188} INFO - [2024-04-28T16:03:10.718+0000] {dagbag.py:540} INFO - Filling up the DagBag from /home/airflow/.local/lib/python3.12/site-packages/airflow/example_dags/example_complex.py
[2024-04-28T16:03:10.810+0000] {processor.py:840} INFO - DAG(s) 'example_complex' retrieved from /home/airflow/.local/lib/python3.12/site-packages/airflow/example_dags/example_complex.py
[2024-04-28T16:03:11.031+0000] {logging_mixin.py:188} INFO - [2024-04-28T16:03:11.030+0000] {dag.py:3096} INFO - Sync 1 DAGs
[2024-04-28T16:03:11.098+0000] {logging_mixin.py:188} INFO - [2024-04-28T16:03:11.097+0000] {dag.py:3954} INFO - Setting next_dagrun for example_complex to None, run_after=None
[2024-04-28T16:03:11.179+0000] {processor.py:183} INFO - Processing /home/airflow/.local/lib/python3.12/site-packages/airflow/example_dags/example_complex.py took 0.499 seconds
[2024-04-28T16:03:42.246+0000] {processor.py:161} INFO - Started process (PID=715) to work on /home/airflow/.local/lib/python3.12/site-packages/airflow/example_dags/example_complex.py
[2024-04-28T16:03:42.250+0000] {processor.py:830} INFO - Processing file /home/airflow/.local/lib/python3.12/site-packages/airflow/example_dags/example_complex.py for tasks to queue
[2024-04-28T16:03:42.260+0000] {logging_mixin.py:188} INFO - [2024-04-28T16:03:42.258+0000] {dagbag.py:540} INFO - Filling up the DagBag from /home/airflow/.local/lib/python3.12/site-packages/airflow/example_dags/example_complex.py
[2024-04-28T16:03:42.312+0000] {processor.py:840} INFO - DAG(s) 'example_complex' retrieved from /home/airflow/.local/lib/python3.12/site-packages/airflow/example_dags/example_complex.py
[2024-04-28T16:03:42.438+0000] {logging_mixin.py:188} INFO - [2024-04-28T16:03:42.436+0000] {dag.py:3096} INFO - Sync 1 DAGs
[2024-04-28T16:03:42.492+0000] {logging_mixin.py:188} INFO - [2024-04-28T16:03:42.491+0000] {dag.py:3954} INFO - Setting next_dagrun for example_complex to None, run_after=None
[2024-04-28T16:03:42.562+0000] {processor.py:183} INFO - Processing /home/airflow/.local/lib/python3.12/site-packages/airflow/example_dags/example_complex.py took 0.345 seconds
[2024-04-28T16:04:12.810+0000] {processor.py:161} INFO - Started process (PID=778) to work on /home/airflow/.local/lib/python3.12/site-packages/airflow/example_dags/example_complex.py
[2024-04-28T16:04:12.818+0000] {processor.py:830} INFO - Processing file /home/airflow/.local/lib/python3.12/site-packages/airflow/example_dags/example_complex.py for tasks to queue
[2024-04-28T16:04:12.823+0000] {logging_mixin.py:188} INFO - [2024-04-28T16:04:12.822+0000] {dagbag.py:540} INFO - Filling up the DagBag from /home/airflow/.local/lib/python3.12/site-packages/airflow/example_dags/example_complex.py
[2024-04-28T16:04:12.860+0000] {processor.py:840} INFO - DAG(s) 'example_complex' retrieved from /home/airflow/.local/lib/python3.12/site-packages/airflow/example_dags/example_complex.py
[2024-04-28T16:04:12.964+0000] {logging_mixin.py:188} INFO - [2024-04-28T16:04:12.963+0000] {dag.py:3096} INFO - Sync 1 DAGs
[2024-04-28T16:04:13.010+0000] {logging_mixin.py:188} INFO - [2024-04-28T16:04:13.009+0000] {dag.py:3954} INFO - Setting next_dagrun for example_complex to None, run_after=None
[2024-04-28T16:04:13.067+0000] {processor.py:183} INFO - Processing /home/airflow/.local/lib/python3.12/site-packages/airflow/example_dags/example_complex.py took 0.273 seconds
[2024-04-28T16:04:43.294+0000] {processor.py:161} INFO - Started process (PID=841) to work on /home/airflow/.local/lib/python3.12/site-packages/airflow/example_dags/example_complex.py
[2024-04-28T16:04:43.296+0000] {processor.py:830} INFO - Processing file /home/airflow/.local/lib/python3.12/site-packages/airflow/example_dags/example_complex.py for tasks to queue
[2024-04-28T16:04:43.303+0000] {logging_mixin.py:188} INFO - [2024-04-28T16:04:43.302+0000] {dagbag.py:540} INFO - Filling up the DagBag from /home/airflow/.local/lib/python3.12/site-packages/airflow/example_dags/example_complex.py
[2024-04-28T16:04:43.342+0000] {processor.py:840} INFO - DAG(s) 'example_complex' retrieved from /home/airflow/.local/lib/python3.12/site-packages/airflow/example_dags/example_complex.py
[2024-04-28T16:04:43.444+0000] {logging_mixin.py:188} INFO - [2024-04-28T16:04:43.443+0000] {dag.py:3096} INFO - Sync 1 DAGs
[2024-04-28T16:04:43.485+0000] {logging_mixin.py:188} INFO - [2024-04-28T16:04:43.484+0000] {dag.py:3954} INFO - Setting next_dagrun for example_complex to None, run_after=None
[2024-04-28T16:04:43.544+0000] {processor.py:183} INFO - Processing /home/airflow/.local/lib/python3.12/site-packages/airflow/example_dags/example_complex.py took 0.269 seconds
[2024-04-28T16:05:14.120+0000] {processor.py:161} INFO - Started process (PID=904) to work on /home/airflow/.local/lib/python3.12/site-packages/airflow/example_dags/example_complex.py
[2024-04-28T16:05:14.125+0000] {processor.py:830} INFO - Processing file /home/airflow/.local/lib/python3.12/site-packages/airflow/example_dags/example_complex.py for tasks to queue
[2024-04-28T16:05:14.140+0000] {logging_mixin.py:188} INFO - [2024-04-28T16:05:14.138+0000] {dagbag.py:540} INFO - Filling up the DagBag from /home/airflow/.local/lib/python3.12/site-packages/airflow/example_dags/example_complex.py
[2024-04-28T16:05:14.217+0000] {processor.py:840} INFO - DAG(s) 'example_complex' retrieved from /home/airflow/.local/lib/python3.12/site-packages/airflow/example_dags/example_complex.py
[2024-04-28T16:05:14.381+0000] {logging_mixin.py:188} INFO - [2024-04-28T16:05:14.379+0000] {dag.py:3096} INFO - Sync 1 DAGs
[2024-04-28T16:05:14.503+0000] {logging_mixin.py:188} INFO - [2024-04-28T16:05:14.501+0000] {dag.py:3954} INFO - Setting next_dagrun for example_complex to None, run_after=None
[2024-04-28T16:05:14.621+0000] {processor.py:183} INFO - Processing /home/airflow/.local/lib/python3.12/site-packages/airflow/example_dags/example_complex.py took 0.556 seconds
[2024-04-28T16:05:45.925+0000] {processor.py:161} INFO - Started process (PID=968) to work on /home/airflow/.local/lib/python3.12/site-packages/airflow/example_dags/example_complex.py
[2024-04-28T16:05:45.929+0000] {processor.py:830} INFO - Processing file /home/airflow/.local/lib/python3.12/site-packages/airflow/example_dags/example_complex.py for tasks to queue
[2024-04-28T16:05:45.936+0000] {logging_mixin.py:188} INFO - [2024-04-28T16:05:45.935+0000] {dagbag.py:540} INFO - Filling up the DagBag from /home/airflow/.local/lib/python3.12/site-packages/airflow/example_dags/example_complex.py
[2024-04-28T16:05:45.982+0000] {processor.py:840} INFO - DAG(s) 'example_complex' retrieved from /home/airflow/.local/lib/python3.12/site-packages/airflow/example_dags/example_complex.py
[2024-04-28T16:05:46.114+0000] {logging_mixin.py:188} INFO - [2024-04-28T16:05:46.112+0000] {dag.py:3096} INFO - Sync 1 DAGs
[2024-04-28T16:05:46.172+0000] {logging_mixin.py:188} INFO - [2024-04-28T16:05:46.171+0000] {dag.py:3954} INFO - Setting next_dagrun for example_complex to None, run_after=None
[2024-04-28T16:05:46.249+0000] {processor.py:183} INFO - Processing /home/airflow/.local/lib/python3.12/site-packages/airflow/example_dags/example_complex.py took 0.346 seconds
[2024-04-28T16:06:16.615+0000] {processor.py:161} INFO - Started process (PID=1031) to work on /home/airflow/.local/lib/python3.12/site-packages/airflow/example_dags/example_complex.py
[2024-04-28T16:06:16.617+0000] {processor.py:830} INFO - Processing file /home/airflow/.local/lib/python3.12/site-packages/airflow/example_dags/example_complex.py for tasks to queue
[2024-04-28T16:06:16.623+0000] {logging_mixin.py:188} INFO - [2024-04-28T16:06:16.622+0000] {dagbag.py:540} INFO - Filling up the DagBag from /home/airflow/.local/lib/python3.12/site-packages/airflow/example_dags/example_complex.py
[2024-04-28T16:06:16.659+0000] {processor.py:840} INFO - DAG(s) 'example_complex' retrieved from /home/airflow/.local/lib/python3.12/site-packages/airflow/example_dags/example_complex.py
[2024-04-28T16:06:16.754+0000] {logging_mixin.py:188} INFO - [2024-04-28T16:06:16.753+0000] {dag.py:3096} INFO - Sync 1 DAGs
[2024-04-28T16:06:17.470+0000] {logging_mixin.py:188} INFO - [2024-04-28T16:06:17.469+0000] {dag.py:3954} INFO - Setting next_dagrun for example_complex to None, run_after=None
[2024-04-28T16:06:17.534+0000] {processor.py:183} INFO - Processing /home/airflow/.local/lib/python3.12/site-packages/airflow/example_dags/example_complex.py took 0.936 seconds
[2024-04-28T16:06:48.112+0000] {processor.py:161} INFO - Started process (PID=1094) to work on /home/airflow/.local/lib/python3.12/site-packages/airflow/example_dags/example_complex.py
[2024-04-28T16:06:48.115+0000] {processor.py:830} INFO - Processing file /home/airflow/.local/lib/python3.12/site-packages/airflow/example_dags/example_complex.py for tasks to queue
[2024-04-28T16:06:48.122+0000] {logging_mixin.py:188} INFO - [2024-04-28T16:06:48.121+0000] {dagbag.py:540} INFO - Filling up the DagBag from /home/airflow/.local/lib/python3.12/site-packages/airflow/example_dags/example_complex.py
[2024-04-28T16:06:48.166+0000] {processor.py:840} INFO - DAG(s) 'example_complex' retrieved from /home/airflow/.local/lib/python3.12/site-packages/airflow/example_dags/example_complex.py
[2024-04-28T16:06:48.279+0000] {logging_mixin.py:188} INFO - [2024-04-28T16:06:48.278+0000] {dag.py:3096} INFO - Sync 1 DAGs
[2024-04-28T16:06:49.137+0000] {logging_mixin.py:188} INFO - [2024-04-28T16:06:49.136+0000] {dag.py:3954} INFO - Setting next_dagrun for example_complex to None, run_after=None
[2024-04-28T16:06:49.203+0000] {processor.py:183} INFO - Processing /home/airflow/.local/lib/python3.12/site-packages/airflow/example_dags/example_complex.py took 1.111 seconds
[2024-04-28T16:07:21.650+0000] {processor.py:161} INFO - Started process (PID=1159) to work on /home/airflow/.local/lib/python3.12/site-packages/airflow/example_dags/example_complex.py
[2024-04-28T16:07:21.652+0000] {processor.py:830} INFO - Processing file /home/airflow/.local/lib/python3.12/site-packages/airflow/example_dags/example_complex.py for tasks to queue
[2024-04-28T16:07:21.660+0000] {logging_mixin.py:188} INFO - [2024-04-28T16:07:21.658+0000] {dagbag.py:540} INFO - Filling up the DagBag from /home/airflow/.local/lib/python3.12/site-packages/airflow/example_dags/example_complex.py
[2024-04-28T16:07:21.711+0000] {processor.py:840} INFO - DAG(s) 'example_complex' retrieved from /home/airflow/.local/lib/python3.12/site-packages/airflow/example_dags/example_complex.py
[2024-04-28T16:07:21.847+0000] {logging_mixin.py:188} INFO - [2024-04-28T16:07:21.846+0000] {dag.py:3096} INFO - Sync 1 DAGs
[2024-04-28T16:07:22.580+0000] {logging_mixin.py:188} INFO - [2024-04-28T16:07:22.579+0000] {dag.py:3954} INFO - Setting next_dagrun for example_complex to None, run_after=None
[2024-04-28T16:07:22.670+0000] {processor.py:183} INFO - Processing /home/airflow/.local/lib/python3.12/site-packages/airflow/example_dags/example_complex.py took 1.042 seconds
[2024-04-28T16:07:53.464+0000] {processor.py:161} INFO - Started process (PID=1222) to work on /home/airflow/.local/lib/python3.12/site-packages/airflow/example_dags/example_complex.py
[2024-04-28T16:07:53.468+0000] {processor.py:830} INFO - Processing file /home/airflow/.local/lib/python3.12/site-packages/airflow/example_dags/example_complex.py for tasks to queue
[2024-04-28T16:07:53.475+0000] {logging_mixin.py:188} INFO - [2024-04-28T16:07:53.474+0000] {dagbag.py:540} INFO - Filling up the DagBag from /home/airflow/.local/lib/python3.12/site-packages/airflow/example_dags/example_complex.py
[2024-04-28T16:07:53.573+0000] {processor.py:840} INFO - DAG(s) 'example_complex' retrieved from /home/airflow/.local/lib/python3.12/site-packages/airflow/example_dags/example_complex.py
[2024-04-28T16:07:55.071+0000] {logging_mixin.py:188} INFO - [2024-04-28T16:07:55.070+0000] {dag.py:3096} INFO - Sync 1 DAGs
[2024-04-28T16:07:55.181+0000] {logging_mixin.py:188} INFO - [2024-04-28T16:07:55.176+0000] {dag.py:3954} INFO - Setting next_dagrun for example_complex to None, run_after=None
[2024-04-28T16:07:55.382+0000] {processor.py:183} INFO - Processing /home/airflow/.local/lib/python3.12/site-packages/airflow/example_dags/example_complex.py took 1.941 seconds
[2024-04-28T16:08:26.064+0000] {processor.py:161} INFO - Started process (PID=1285) to work on /home/airflow/.local/lib/python3.12/site-packages/airflow/example_dags/example_complex.py
[2024-04-28T16:08:26.067+0000] {processor.py:830} INFO - Processing file /home/airflow/.local/lib/python3.12/site-packages/airflow/example_dags/example_complex.py for tasks to queue
[2024-04-28T16:08:26.075+0000] {logging_mixin.py:188} INFO - [2024-04-28T16:08:26.073+0000] {dagbag.py:540} INFO - Filling up the DagBag from /home/airflow/.local/lib/python3.12/site-packages/airflow/example_dags/example_complex.py
[2024-04-28T16:08:26.140+0000] {processor.py:840} INFO - DAG(s) 'example_complex' retrieved from /home/airflow/.local/lib/python3.12/site-packages/airflow/example_dags/example_complex.py
[2024-04-28T16:08:26.283+0000] {logging_mixin.py:188} INFO - [2024-04-28T16:08:26.282+0000] {dag.py:3096} INFO - Sync 1 DAGs
[2024-04-28T16:08:26.327+0000] {logging_mixin.py:188} INFO - [2024-04-28T16:08:26.326+0000] {dag.py:3954} INFO - Setting next_dagrun for example_complex to None, run_after=None
[2024-04-28T16:08:26.386+0000] {processor.py:183} INFO - Processing /home/airflow/.local/lib/python3.12/site-packages/airflow/example_dags/example_complex.py took 0.343 seconds
[2024-04-28T16:08:56.751+0000] {processor.py:161} INFO - Started process (PID=1348) to work on /home/airflow/.local/lib/python3.12/site-packages/airflow/example_dags/example_complex.py
[2024-04-28T16:08:56.754+0000] {processor.py:830} INFO - Processing file /home/airflow/.local/lib/python3.12/site-packages/airflow/example_dags/example_complex.py for tasks to queue
[2024-04-28T16:08:56.760+0000] {logging_mixin.py:188} INFO - [2024-04-28T16:08:56.758+0000] {dagbag.py:540} INFO - Filling up the DagBag from /home/airflow/.local/lib/python3.12/site-packages/airflow/example_dags/example_complex.py
[2024-04-28T16:08:56.794+0000] {processor.py:840} INFO - DAG(s) 'example_complex' retrieved from /home/airflow/.local/lib/python3.12/site-packages/airflow/example_dags/example_complex.py
[2024-04-28T16:08:56.899+0000] {logging_mixin.py:188} INFO - [2024-04-28T16:08:56.898+0000] {dag.py:3096} INFO - Sync 1 DAGs
[2024-04-28T16:08:56.942+0000] {logging_mixin.py:188} INFO - [2024-04-28T16:08:56.941+0000] {dag.py:3954} INFO - Setting next_dagrun for example_complex to None, run_after=None
[2024-04-28T16:08:57.005+0000] {processor.py:183} INFO - Processing /home/airflow/.local/lib/python3.12/site-packages/airflow/example_dags/example_complex.py took 0.272 seconds
[2024-04-28T16:09:27.288+0000] {processor.py:161} INFO - Started process (PID=1411) to work on /home/airflow/.local/lib/python3.12/site-packages/airflow/example_dags/example_complex.py
[2024-04-28T16:09:27.292+0000] {processor.py:830} INFO - Processing file /home/airflow/.local/lib/python3.12/site-packages/airflow/example_dags/example_complex.py for tasks to queue
[2024-04-28T16:09:27.299+0000] {logging_mixin.py:188} INFO - [2024-04-28T16:09:27.298+0000] {dagbag.py:540} INFO - Filling up the DagBag from /home/airflow/.local/lib/python3.12/site-packages/airflow/example_dags/example_complex.py
[2024-04-28T16:09:27.333+0000] {processor.py:840} INFO - DAG(s) 'example_complex' retrieved from /home/airflow/.local/lib/python3.12/site-packages/airflow/example_dags/example_complex.py
[2024-04-28T16:09:27.436+0000] {logging_mixin.py:188} INFO - [2024-04-28T16:09:27.435+0000] {dag.py:3096} INFO - Sync 1 DAGs
[2024-04-28T16:09:27.481+0000] {logging_mixin.py:188} INFO - [2024-04-28T16:09:27.480+0000] {dag.py:3954} INFO - Setting next_dagrun for example_complex to None, run_after=None
[2024-04-28T16:09:27.542+0000] {processor.py:183} INFO - Processing /home/airflow/.local/lib/python3.12/site-packages/airflow/example_dags/example_complex.py took 0.273 seconds
[2024-04-28T16:09:57.641+0000] {processor.py:161} INFO - Started process (PID=1474) to work on /home/airflow/.local/lib/python3.12/site-packages/airflow/example_dags/example_complex.py
[2024-04-28T16:09:57.654+0000] {processor.py:830} INFO - Processing file /home/airflow/.local/lib/python3.12/site-packages/airflow/example_dags/example_complex.py for tasks to queue
[2024-04-28T16:09:57.661+0000] {logging_mixin.py:188} INFO - [2024-04-28T16:09:57.660+0000] {dagbag.py:540} INFO - Filling up the DagBag from /home/airflow/.local/lib/python3.12/site-packages/airflow/example_dags/example_complex.py
[2024-04-28T16:09:57.706+0000] {processor.py:840} INFO - DAG(s) 'example_complex' retrieved from /home/airflow/.local/lib/python3.12/site-packages/airflow/example_dags/example_complex.py
[2024-04-28T16:09:57.833+0000] {logging_mixin.py:188} INFO - [2024-04-28T16:09:57.832+0000] {dag.py:3096} INFO - Sync 1 DAGs
[2024-04-28T16:09:57.894+0000] {logging_mixin.py:188} INFO - [2024-04-28T16:09:57.893+0000] {dag.py:3954} INFO - Setting next_dagrun for example_complex to None, run_after=None
[2024-04-28T16:09:57.971+0000] {processor.py:183} INFO - Processing /home/airflow/.local/lib/python3.12/site-packages/airflow/example_dags/example_complex.py took 0.352 seconds
[2024-04-28T16:10:28.274+0000] {processor.py:161} INFO - Started process (PID=1537) to work on /home/airflow/.local/lib/python3.12/site-packages/airflow/example_dags/example_complex.py
[2024-04-28T16:10:28.277+0000] {processor.py:830} INFO - Processing file /home/airflow/.local/lib/python3.12/site-packages/airflow/example_dags/example_complex.py for tasks to queue
[2024-04-28T16:10:28.284+0000] {logging_mixin.py:188} INFO - [2024-04-28T16:10:28.283+0000] {dagbag.py:540} INFO - Filling up the DagBag from /home/airflow/.local/lib/python3.12/site-packages/airflow/example_dags/example_complex.py
[2024-04-28T16:10:28.327+0000] {processor.py:840} INFO - DAG(s) 'example_complex' retrieved from /home/airflow/.local/lib/python3.12/site-packages/airflow/example_dags/example_complex.py
[2024-04-28T16:10:28.472+0000] {logging_mixin.py:188} INFO - [2024-04-28T16:10:28.471+0000] {dag.py:3096} INFO - Sync 1 DAGs
[2024-04-28T16:10:28.534+0000] {logging_mixin.py:188} INFO - [2024-04-28T16:10:28.531+0000] {dag.py:3954} INFO - Setting next_dagrun for example_complex to None, run_after=None
[2024-04-28T16:10:28.655+0000] {processor.py:183} INFO - Processing /home/airflow/.local/lib/python3.12/site-packages/airflow/example_dags/example_complex.py took 0.404 seconds
[2024-04-28T16:10:58.967+0000] {processor.py:161} INFO - Started process (PID=1600) to work on /home/airflow/.local/lib/python3.12/site-packages/airflow/example_dags/example_complex.py
[2024-04-28T16:10:58.971+0000] {processor.py:830} INFO - Processing file /home/airflow/.local/lib/python3.12/site-packages/airflow/example_dags/example_complex.py for tasks to queue
[2024-04-28T16:10:58.979+0000] {logging_mixin.py:188} INFO - [2024-04-28T16:10:58.978+0000] {dagbag.py:540} INFO - Filling up the DagBag from /home/airflow/.local/lib/python3.12/site-packages/airflow/example_dags/example_complex.py
[2024-04-28T16:10:59.022+0000] {processor.py:840} INFO - DAG(s) 'example_complex' retrieved from /home/airflow/.local/lib/python3.12/site-packages/airflow/example_dags/example_complex.py
[2024-04-28T16:10:59.146+0000] {logging_mixin.py:188} INFO - [2024-04-28T16:10:59.145+0000] {dag.py:3096} INFO - Sync 1 DAGs
[2024-04-28T16:10:59.225+0000] {logging_mixin.py:188} INFO - [2024-04-28T16:10:59.224+0000] {dag.py:3954} INFO - Setting next_dagrun for example_complex to None, run_after=None
[2024-04-28T16:10:59.288+0000] {processor.py:183} INFO - Processing /home/airflow/.local/lib/python3.12/site-packages/airflow/example_dags/example_complex.py took 0.343 seconds
[2024-04-28T16:11:29.798+0000] {processor.py:161} INFO - Started process (PID=1662) to work on /home/airflow/.local/lib/python3.12/site-packages/airflow/example_dags/example_complex.py
[2024-04-28T16:11:29.807+0000] {processor.py:830} INFO - Processing file /home/airflow/.local/lib/python3.12/site-packages/airflow/example_dags/example_complex.py for tasks to queue
[2024-04-28T16:11:29.815+0000] {logging_mixin.py:188} INFO - [2024-04-28T16:11:29.813+0000] {dagbag.py:540} INFO - Filling up the DagBag from /home/airflow/.local/lib/python3.12/site-packages/airflow/example_dags/example_complex.py
[2024-04-28T16:11:29.853+0000] {processor.py:840} INFO - DAG(s) 'example_complex' retrieved from /home/airflow/.local/lib/python3.12/site-packages/airflow/example_dags/example_complex.py
[2024-04-28T16:11:29.967+0000] {logging_mixin.py:188} INFO - [2024-04-28T16:11:29.966+0000] {dag.py:3096} INFO - Sync 1 DAGs
[2024-04-28T16:11:30.011+0000] {logging_mixin.py:188} INFO - [2024-04-28T16:11:30.010+0000] {dag.py:3954} INFO - Setting next_dagrun for example_complex to None, run_after=None
[2024-04-28T16:11:30.077+0000] {processor.py:183} INFO - Processing /home/airflow/.local/lib/python3.12/site-packages/airflow/example_dags/example_complex.py took 0.298 seconds
[2024-04-28T16:12:01.819+0000] {processor.py:161} INFO - Started process (PID=1725) to work on /home/airflow/.local/lib/python3.12/site-packages/airflow/example_dags/example_complex.py
[2024-04-28T16:12:01.830+0000] {processor.py:830} INFO - Processing file /home/airflow/.local/lib/python3.12/site-packages/airflow/example_dags/example_complex.py for tasks to queue
[2024-04-28T16:12:01.854+0000] {logging_mixin.py:188} INFO - [2024-04-28T16:12:01.852+0000] {dagbag.py:540} INFO - Filling up the DagBag from /home/airflow/.local/lib/python3.12/site-packages/airflow/example_dags/example_complex.py
[2024-04-28T16:12:01.924+0000] {processor.py:840} INFO - DAG(s) 'example_complex' retrieved from /home/airflow/.local/lib/python3.12/site-packages/airflow/example_dags/example_complex.py
[2024-04-28T16:12:02.101+0000] {logging_mixin.py:188} INFO - [2024-04-28T16:12:02.100+0000] {dag.py:3096} INFO - Sync 1 DAGs
[2024-04-28T16:12:02.182+0000] {logging_mixin.py:188} INFO - [2024-04-28T16:12:02.181+0000] {dag.py:3954} INFO - Setting next_dagrun for example_complex to None, run_after=None
[2024-04-28T16:12:02.277+0000] {processor.py:183} INFO - Processing /home/airflow/.local/lib/python3.12/site-packages/airflow/example_dags/example_complex.py took 0.501 seconds
[2024-04-28T16:12:33.321+0000] {processor.py:161} INFO - Started process (PID=1787) to work on /home/airflow/.local/lib/python3.12/site-packages/airflow/example_dags/example_complex.py
[2024-04-28T16:12:33.324+0000] {processor.py:830} INFO - Processing file /home/airflow/.local/lib/python3.12/site-packages/airflow/example_dags/example_complex.py for tasks to queue
[2024-04-28T16:12:33.336+0000] {logging_mixin.py:188} INFO - [2024-04-28T16:12:33.334+0000] {dagbag.py:540} INFO - Filling up the DagBag from /home/airflow/.local/lib/python3.12/site-packages/airflow/example_dags/example_complex.py
[2024-04-28T16:12:33.469+0000] {processor.py:840} INFO - DAG(s) 'example_complex' retrieved from /home/airflow/.local/lib/python3.12/site-packages/airflow/example_dags/example_complex.py
[2024-04-28T16:12:33.857+0000] {logging_mixin.py:188} INFO - [2024-04-28T16:12:33.848+0000] {dag.py:3096} INFO - Sync 1 DAGs
[2024-04-28T16:12:34.127+0000] {logging_mixin.py:188} INFO - [2024-04-28T16:12:34.127+0000] {dag.py:3954} INFO - Setting next_dagrun for example_complex to None, run_after=None
[2024-04-28T16:12:34.355+0000] {processor.py:183} INFO - Processing /home/airflow/.local/lib/python3.12/site-packages/airflow/example_dags/example_complex.py took 1.066 seconds
[2024-04-28T16:13:05.240+0000] {processor.py:161} INFO - Started process (PID=1850) to work on /home/airflow/.local/lib/python3.12/site-packages/airflow/example_dags/example_complex.py
[2024-04-28T16:13:05.255+0000] {processor.py:830} INFO - Processing file /home/airflow/.local/lib/python3.12/site-packages/airflow/example_dags/example_complex.py for tasks to queue
[2024-04-28T16:13:05.261+0000] {logging_mixin.py:188} INFO - [2024-04-28T16:13:05.260+0000] {dagbag.py:540} INFO - Filling up the DagBag from /home/airflow/.local/lib/python3.12/site-packages/airflow/example_dags/example_complex.py
[2024-04-28T16:13:05.293+0000] {processor.py:840} INFO - DAG(s) 'example_complex' retrieved from /home/airflow/.local/lib/python3.12/site-packages/airflow/example_dags/example_complex.py
[2024-04-28T16:13:05.405+0000] {logging_mixin.py:188} INFO - [2024-04-28T16:13:05.404+0000] {dag.py:3096} INFO - Sync 1 DAGs
[2024-04-28T16:13:05.458+0000] {logging_mixin.py:188} INFO - [2024-04-28T16:13:05.457+0000] {dag.py:3954} INFO - Setting next_dagrun for example_complex to None, run_after=None
[2024-04-28T16:13:05.514+0000] {processor.py:183} INFO - Processing /home/airflow/.local/lib/python3.12/site-packages/airflow/example_dags/example_complex.py took 0.288 seconds
[2024-04-28T16:13:35.615+0000] {processor.py:161} INFO - Started process (PID=1913) to work on /home/airflow/.local/lib/python3.12/site-packages/airflow/example_dags/example_complex.py
[2024-04-28T16:13:35.617+0000] {processor.py:830} INFO - Processing file /home/airflow/.local/lib/python3.12/site-packages/airflow/example_dags/example_complex.py for tasks to queue
[2024-04-28T16:13:35.622+0000] {logging_mixin.py:188} INFO - [2024-04-28T16:13:35.621+0000] {dagbag.py:540} INFO - Filling up the DagBag from /home/airflow/.local/lib/python3.12/site-packages/airflow/example_dags/example_complex.py
[2024-04-28T16:13:35.657+0000] {processor.py:840} INFO - DAG(s) 'example_complex' retrieved from /home/airflow/.local/lib/python3.12/site-packages/airflow/example_dags/example_complex.py
[2024-04-28T16:13:35.767+0000] {logging_mixin.py:188} INFO - [2024-04-28T16:13:35.767+0000] {dag.py:3096} INFO - Sync 1 DAGs
[2024-04-28T16:13:35.837+0000] {logging_mixin.py:188} INFO - [2024-04-28T16:13:35.836+0000] {dag.py:3954} INFO - Setting next_dagrun for example_complex to None, run_after=None
[2024-04-28T16:13:35.910+0000] {processor.py:183} INFO - Processing /home/airflow/.local/lib/python3.12/site-packages/airflow/example_dags/example_complex.py took 0.312 seconds
[2024-04-28T16:33:45.202+0000] {processor.py:161} INFO - Started process (PID=88) to work on /home/airflow/.local/lib/python3.12/site-packages/airflow/example_dags/example_complex.py
[2024-04-28T16:33:45.206+0000] {processor.py:830} INFO - Processing file /home/airflow/.local/lib/python3.12/site-packages/airflow/example_dags/example_complex.py for tasks to queue
[2024-04-28T16:33:45.213+0000] {logging_mixin.py:188} INFO - [2024-04-28T16:33:45.212+0000] {dagbag.py:540} INFO - Filling up the DagBag from /home/airflow/.local/lib/python3.12/site-packages/airflow/example_dags/example_complex.py
[2024-04-28T16:33:45.265+0000] {processor.py:840} INFO - DAG(s) 'example_complex' retrieved from /home/airflow/.local/lib/python3.12/site-packages/airflow/example_dags/example_complex.py
[2024-04-28T16:33:45.838+0000] {logging_mixin.py:188} INFO - [2024-04-28T16:33:45.836+0000] {dag.py:3096} INFO - Sync 1 DAGs
[2024-04-28T16:33:45.903+0000] {logging_mixin.py:188} INFO - [2024-04-28T16:33:45.902+0000] {dag.py:3954} INFO - Setting next_dagrun for example_complex to None, run_after=None
[2024-04-28T16:33:46.004+0000] {processor.py:183} INFO - Processing /home/airflow/.local/lib/python3.12/site-packages/airflow/example_dags/example_complex.py took 0.822 seconds
[2024-04-28T16:34:16.642+0000] {processor.py:161} INFO - Started process (PID=150) to work on /home/airflow/.local/lib/python3.12/site-packages/airflow/example_dags/example_complex.py
[2024-04-28T16:34:16.645+0000] {processor.py:830} INFO - Processing file /home/airflow/.local/lib/python3.12/site-packages/airflow/example_dags/example_complex.py for tasks to queue
[2024-04-28T16:34:16.650+0000] {logging_mixin.py:188} INFO - [2024-04-28T16:34:16.649+0000] {dagbag.py:540} INFO - Filling up the DagBag from /home/airflow/.local/lib/python3.12/site-packages/airflow/example_dags/example_complex.py
[2024-04-28T16:34:16.683+0000] {processor.py:840} INFO - DAG(s) 'example_complex' retrieved from /home/airflow/.local/lib/python3.12/site-packages/airflow/example_dags/example_complex.py
[2024-04-28T16:34:16.796+0000] {logging_mixin.py:188} INFO - [2024-04-28T16:34:16.795+0000] {dag.py:3096} INFO - Sync 1 DAGs
[2024-04-28T16:34:16.844+0000] {logging_mixin.py:188} INFO - [2024-04-28T16:34:16.844+0000] {dag.py:3954} INFO - Setting next_dagrun for example_complex to None, run_after=None
[2024-04-28T16:34:16.903+0000] {processor.py:183} INFO - Processing /home/airflow/.local/lib/python3.12/site-packages/airflow/example_dags/example_complex.py took 0.277 seconds
[2024-04-28T16:34:47.635+0000] {processor.py:161} INFO - Started process (PID=213) to work on /home/airflow/.local/lib/python3.12/site-packages/airflow/example_dags/example_complex.py
[2024-04-28T16:34:47.637+0000] {processor.py:830} INFO - Processing file /home/airflow/.local/lib/python3.12/site-packages/airflow/example_dags/example_complex.py for tasks to queue
[2024-04-28T16:34:47.643+0000] {logging_mixin.py:188} INFO - [2024-04-28T16:34:47.641+0000] {dagbag.py:540} INFO - Filling up the DagBag from /home/airflow/.local/lib/python3.12/site-packages/airflow/example_dags/example_complex.py
[2024-04-28T16:34:47.674+0000] {processor.py:840} INFO - DAG(s) 'example_complex' retrieved from /home/airflow/.local/lib/python3.12/site-packages/airflow/example_dags/example_complex.py
[2024-04-28T16:34:47.771+0000] {logging_mixin.py:188} INFO - [2024-04-28T16:34:47.770+0000] {dag.py:3096} INFO - Sync 1 DAGs
[2024-04-28T16:34:47.815+0000] {logging_mixin.py:188} INFO - [2024-04-28T16:34:47.815+0000] {dag.py:3954} INFO - Setting next_dagrun for example_complex to None, run_after=None
[2024-04-28T16:34:47.870+0000] {processor.py:183} INFO - Processing /home/airflow/.local/lib/python3.12/site-packages/airflow/example_dags/example_complex.py took 0.252 seconds
[2024-04-28T16:43:33.653+0000] {processor.py:161} INFO - Started process (PID=74) to work on /home/airflow/.local/lib/python3.12/site-packages/airflow/example_dags/example_complex.py
[2024-04-28T16:43:33.658+0000] {processor.py:830} INFO - Processing file /home/airflow/.local/lib/python3.12/site-packages/airflow/example_dags/example_complex.py for tasks to queue
[2024-04-28T16:43:33.670+0000] {logging_mixin.py:188} INFO - [2024-04-28T16:43:33.668+0000] {dagbag.py:540} INFO - Filling up the DagBag from /home/airflow/.local/lib/python3.12/site-packages/airflow/example_dags/example_complex.py
[2024-04-28T16:43:33.749+0000] {processor.py:840} INFO - DAG(s) 'example_complex' retrieved from /home/airflow/.local/lib/python3.12/site-packages/airflow/example_dags/example_complex.py
[2024-04-28T16:43:34.357+0000] {logging_mixin.py:188} INFO - [2024-04-28T16:43:34.356+0000] {dag.py:3096} INFO - Sync 1 DAGs
[2024-04-28T16:43:34.399+0000] {logging_mixin.py:188} INFO - [2024-04-28T16:43:34.399+0000] {dag.py:3954} INFO - Setting next_dagrun for example_complex to None, run_after=None
[2024-04-28T16:43:34.469+0000] {processor.py:183} INFO - Processing /home/airflow/.local/lib/python3.12/site-packages/airflow/example_dags/example_complex.py took 0.849 seconds
[2024-04-28T16:44:04.704+0000] {processor.py:161} INFO - Started process (PID=137) to work on /home/airflow/.local/lib/python3.12/site-packages/airflow/example_dags/example_complex.py
[2024-04-28T16:44:04.707+0000] {processor.py:830} INFO - Processing file /home/airflow/.local/lib/python3.12/site-packages/airflow/example_dags/example_complex.py for tasks to queue
[2024-04-28T16:44:04.713+0000] {logging_mixin.py:188} INFO - [2024-04-28T16:44:04.712+0000] {dagbag.py:540} INFO - Filling up the DagBag from /home/airflow/.local/lib/python3.12/site-packages/airflow/example_dags/example_complex.py
[2024-04-28T16:44:04.750+0000] {processor.py:840} INFO - DAG(s) 'example_complex' retrieved from /home/airflow/.local/lib/python3.12/site-packages/airflow/example_dags/example_complex.py
[2024-04-28T16:44:04.856+0000] {logging_mixin.py:188} INFO - [2024-04-28T16:44:04.855+0000] {dag.py:3096} INFO - Sync 1 DAGs
[2024-04-28T16:44:04.900+0000] {logging_mixin.py:188} INFO - [2024-04-28T16:44:04.899+0000] {dag.py:3954} INFO - Setting next_dagrun for example_complex to None, run_after=None
[2024-04-28T16:44:04.955+0000] {processor.py:183} INFO - Processing /home/airflow/.local/lib/python3.12/site-packages/airflow/example_dags/example_complex.py took 0.268 seconds
[2024-04-28T16:44:35.906+0000] {processor.py:161} INFO - Started process (PID=200) to work on /home/airflow/.local/lib/python3.12/site-packages/airflow/example_dags/example_complex.py
[2024-04-28T16:44:35.912+0000] {processor.py:830} INFO - Processing file /home/airflow/.local/lib/python3.12/site-packages/airflow/example_dags/example_complex.py for tasks to queue
[2024-04-28T16:44:35.924+0000] {logging_mixin.py:188} INFO - [2024-04-28T16:44:35.922+0000] {dagbag.py:540} INFO - Filling up the DagBag from /home/airflow/.local/lib/python3.12/site-packages/airflow/example_dags/example_complex.py
[2024-04-28T16:44:35.973+0000] {processor.py:840} INFO - DAG(s) 'example_complex' retrieved from /home/airflow/.local/lib/python3.12/site-packages/airflow/example_dags/example_complex.py
[2024-04-28T16:44:36.129+0000] {logging_mixin.py:188} INFO - [2024-04-28T16:44:36.127+0000] {dag.py:3096} INFO - Sync 1 DAGs
[2024-04-28T16:44:36.247+0000] {logging_mixin.py:188} INFO - [2024-04-28T16:44:36.246+0000] {dag.py:3954} INFO - Setting next_dagrun for example_complex to None, run_after=None
[2024-04-28T16:44:36.350+0000] {processor.py:183} INFO - Processing /home/airflow/.local/lib/python3.12/site-packages/airflow/example_dags/example_complex.py took 0.474 seconds
[2024-04-28T16:45:06.496+0000] {processor.py:161} INFO - Started process (PID=263) to work on /home/airflow/.local/lib/python3.12/site-packages/airflow/example_dags/example_complex.py
[2024-04-28T16:45:06.500+0000] {processor.py:830} INFO - Processing file /home/airflow/.local/lib/python3.12/site-packages/airflow/example_dags/example_complex.py for tasks to queue
[2024-04-28T16:45:06.508+0000] {logging_mixin.py:188} INFO - [2024-04-28T16:45:06.507+0000] {dagbag.py:540} INFO - Filling up the DagBag from /home/airflow/.local/lib/python3.12/site-packages/airflow/example_dags/example_complex.py
[2024-04-28T16:45:06.563+0000] {processor.py:840} INFO - DAG(s) 'example_complex' retrieved from /home/airflow/.local/lib/python3.12/site-packages/airflow/example_dags/example_complex.py
[2024-04-28T16:45:06.697+0000] {logging_mixin.py:188} INFO - [2024-04-28T16:45:06.696+0000] {dag.py:3096} INFO - Sync 1 DAGs
[2024-04-28T16:45:06.756+0000] {logging_mixin.py:188} INFO - [2024-04-28T16:45:06.755+0000] {dag.py:3954} INFO - Setting next_dagrun for example_complex to None, run_after=None
[2024-04-28T16:45:06.862+0000] {processor.py:183} INFO - Processing /home/airflow/.local/lib/python3.12/site-packages/airflow/example_dags/example_complex.py took 0.389 seconds
[2024-04-28T16:45:37.005+0000] {processor.py:161} INFO - Started process (PID=326) to work on /home/airflow/.local/lib/python3.12/site-packages/airflow/example_dags/example_complex.py
[2024-04-28T16:45:37.008+0000] {processor.py:830} INFO - Processing file /home/airflow/.local/lib/python3.12/site-packages/airflow/example_dags/example_complex.py for tasks to queue
[2024-04-28T16:45:37.015+0000] {logging_mixin.py:188} INFO - [2024-04-28T16:45:37.013+0000] {dagbag.py:540} INFO - Filling up the DagBag from /home/airflow/.local/lib/python3.12/site-packages/airflow/example_dags/example_complex.py
[2024-04-28T16:45:37.051+0000] {processor.py:840} INFO - DAG(s) 'example_complex' retrieved from /home/airflow/.local/lib/python3.12/site-packages/airflow/example_dags/example_complex.py
[2024-04-28T16:45:37.165+0000] {logging_mixin.py:188} INFO - [2024-04-28T16:45:37.164+0000] {dag.py:3096} INFO - Sync 1 DAGs
[2024-04-28T16:45:37.209+0000] {logging_mixin.py:188} INFO - [2024-04-28T16:45:37.208+0000] {dag.py:3954} INFO - Setting next_dagrun for example_complex to None, run_after=None
[2024-04-28T16:45:37.277+0000] {processor.py:183} INFO - Processing /home/airflow/.local/lib/python3.12/site-packages/airflow/example_dags/example_complex.py took 0.288 seconds
[2024-04-28T16:46:08.137+0000] {processor.py:161} INFO - Started process (PID=389) to work on /home/airflow/.local/lib/python3.12/site-packages/airflow/example_dags/example_complex.py
[2024-04-28T16:46:08.142+0000] {processor.py:830} INFO - Processing file /home/airflow/.local/lib/python3.12/site-packages/airflow/example_dags/example_complex.py for tasks to queue
[2024-04-28T16:46:08.147+0000] {logging_mixin.py:188} INFO - [2024-04-28T16:46:08.146+0000] {dagbag.py:540} INFO - Filling up the DagBag from /home/airflow/.local/lib/python3.12/site-packages/airflow/example_dags/example_complex.py
[2024-04-28T16:46:08.181+0000] {processor.py:840} INFO - DAG(s) 'example_complex' retrieved from /home/airflow/.local/lib/python3.12/site-packages/airflow/example_dags/example_complex.py
[2024-04-28T16:46:08.291+0000] {logging_mixin.py:188} INFO - [2024-04-28T16:46:08.290+0000] {dag.py:3096} INFO - Sync 1 DAGs
[2024-04-28T16:46:08.335+0000] {logging_mixin.py:188} INFO - [2024-04-28T16:46:08.335+0000] {dag.py:3954} INFO - Setting next_dagrun for example_complex to None, run_after=None
[2024-04-28T16:46:08.393+0000] {processor.py:183} INFO - Processing /home/airflow/.local/lib/python3.12/site-packages/airflow/example_dags/example_complex.py took 0.273 seconds
[2024-04-28T16:46:39.570+0000] {processor.py:161} INFO - Started process (PID=452) to work on /home/airflow/.local/lib/python3.12/site-packages/airflow/example_dags/example_complex.py
[2024-04-28T16:46:39.575+0000] {processor.py:830} INFO - Processing file /home/airflow/.local/lib/python3.12/site-packages/airflow/example_dags/example_complex.py for tasks to queue
[2024-04-28T16:46:39.585+0000] {logging_mixin.py:188} INFO - [2024-04-28T16:46:39.583+0000] {dagbag.py:540} INFO - Filling up the DagBag from /home/airflow/.local/lib/python3.12/site-packages/airflow/example_dags/example_complex.py
[2024-04-28T16:46:39.645+0000] {processor.py:840} INFO - DAG(s) 'example_complex' retrieved from /home/airflow/.local/lib/python3.12/site-packages/airflow/example_dags/example_complex.py
[2024-04-28T16:46:39.788+0000] {logging_mixin.py:188} INFO - [2024-04-28T16:46:39.787+0000] {dag.py:3096} INFO - Sync 1 DAGs
[2024-04-28T16:46:39.835+0000] {logging_mixin.py:188} INFO - [2024-04-28T16:46:39.834+0000] {dag.py:3954} INFO - Setting next_dagrun for example_complex to None, run_after=None
[2024-04-28T16:46:39.904+0000] {processor.py:183} INFO - Processing /home/airflow/.local/lib/python3.12/site-packages/airflow/example_dags/example_complex.py took 0.357 seconds
[2024-04-28T16:47:10.350+0000] {processor.py:161} INFO - Started process (PID=515) to work on /home/airflow/.local/lib/python3.12/site-packages/airflow/example_dags/example_complex.py
[2024-04-28T16:47:10.356+0000] {processor.py:830} INFO - Processing file /home/airflow/.local/lib/python3.12/site-packages/airflow/example_dags/example_complex.py for tasks to queue
[2024-04-28T16:47:10.369+0000] {logging_mixin.py:188} INFO - [2024-04-28T16:47:10.368+0000] {dagbag.py:540} INFO - Filling up the DagBag from /home/airflow/.local/lib/python3.12/site-packages/airflow/example_dags/example_complex.py
[2024-04-28T16:47:10.438+0000] {processor.py:840} INFO - DAG(s) 'example_complex' retrieved from /home/airflow/.local/lib/python3.12/site-packages/airflow/example_dags/example_complex.py
[2024-04-28T16:47:10.621+0000] {logging_mixin.py:188} INFO - [2024-04-28T16:47:10.620+0000] {dag.py:3096} INFO - Sync 1 DAGs
[2024-04-28T16:47:10.684+0000] {logging_mixin.py:188} INFO - [2024-04-28T16:47:10.682+0000] {dag.py:3954} INFO - Setting next_dagrun for example_complex to None, run_after=None
[2024-04-28T16:47:10.786+0000] {processor.py:183} INFO - Processing /home/airflow/.local/lib/python3.12/site-packages/airflow/example_dags/example_complex.py took 0.467 seconds
[2024-04-28T16:47:41.229+0000] {processor.py:161} INFO - Started process (PID=579) to work on /home/airflow/.local/lib/python3.12/site-packages/airflow/example_dags/example_complex.py
[2024-04-28T16:47:41.231+0000] {processor.py:830} INFO - Processing file /home/airflow/.local/lib/python3.12/site-packages/airflow/example_dags/example_complex.py for tasks to queue
[2024-04-28T16:47:41.237+0000] {logging_mixin.py:188} INFO - [2024-04-28T16:47:41.236+0000] {dagbag.py:540} INFO - Filling up the DagBag from /home/airflow/.local/lib/python3.12/site-packages/airflow/example_dags/example_complex.py
[2024-04-28T16:47:41.271+0000] {processor.py:840} INFO - DAG(s) 'example_complex' retrieved from /home/airflow/.local/lib/python3.12/site-packages/airflow/example_dags/example_complex.py
[2024-04-28T16:47:41.384+0000] {logging_mixin.py:188} INFO - [2024-04-28T16:47:41.383+0000] {dag.py:3096} INFO - Sync 1 DAGs
[2024-04-28T16:47:41.427+0000] {logging_mixin.py:188} INFO - [2024-04-28T16:47:41.427+0000] {dag.py:3954} INFO - Setting next_dagrun for example_complex to None, run_after=None
[2024-04-28T16:47:41.485+0000] {processor.py:183} INFO - Processing /home/airflow/.local/lib/python3.12/site-packages/airflow/example_dags/example_complex.py took 0.273 seconds
[2024-04-28T16:48:11.794+0000] {processor.py:161} INFO - Started process (PID=643) to work on /home/airflow/.local/lib/python3.12/site-packages/airflow/example_dags/example_complex.py
[2024-04-28T16:48:11.798+0000] {processor.py:830} INFO - Processing file /home/airflow/.local/lib/python3.12/site-packages/airflow/example_dags/example_complex.py for tasks to queue
[2024-04-28T16:48:11.805+0000] {logging_mixin.py:188} INFO - [2024-04-28T16:48:11.803+0000] {dagbag.py:540} INFO - Filling up the DagBag from /home/airflow/.local/lib/python3.12/site-packages/airflow/example_dags/example_complex.py
[2024-04-28T16:48:11.840+0000] {processor.py:840} INFO - DAG(s) 'example_complex' retrieved from /home/airflow/.local/lib/python3.12/site-packages/airflow/example_dags/example_complex.py
[2024-04-28T16:48:11.952+0000] {logging_mixin.py:188} INFO - [2024-04-28T16:48:11.951+0000] {dag.py:3096} INFO - Sync 1 DAGs
[2024-04-28T16:48:12.006+0000] {logging_mixin.py:188} INFO - [2024-04-28T16:48:12.006+0000] {dag.py:3954} INFO - Setting next_dagrun for example_complex to None, run_after=None
[2024-04-28T16:48:12.066+0000] {processor.py:183} INFO - Processing /home/airflow/.local/lib/python3.12/site-packages/airflow/example_dags/example_complex.py took 0.288 seconds
[2024-04-28T16:48:42.171+0000] {processor.py:161} INFO - Started process (PID=705) to work on /home/airflow/.local/lib/python3.12/site-packages/airflow/example_dags/example_complex.py
[2024-04-28T16:48:42.173+0000] {processor.py:830} INFO - Processing file /home/airflow/.local/lib/python3.12/site-packages/airflow/example_dags/example_complex.py for tasks to queue
[2024-04-28T16:48:42.179+0000] {logging_mixin.py:188} INFO - [2024-04-28T16:48:42.178+0000] {dagbag.py:540} INFO - Filling up the DagBag from /home/airflow/.local/lib/python3.12/site-packages/airflow/example_dags/example_complex.py
[2024-04-28T16:48:42.217+0000] {processor.py:840} INFO - DAG(s) 'example_complex' retrieved from /home/airflow/.local/lib/python3.12/site-packages/airflow/example_dags/example_complex.py
[2024-04-28T16:48:42.324+0000] {logging_mixin.py:188} INFO - [2024-04-28T16:48:42.323+0000] {dag.py:3096} INFO - Sync 1 DAGs
[2024-04-28T16:48:42.371+0000] {logging_mixin.py:188} INFO - [2024-04-28T16:48:42.370+0000] {dag.py:3954} INFO - Setting next_dagrun for example_complex to None, run_after=None
[2024-04-28T16:48:42.448+0000] {processor.py:183} INFO - Processing /home/airflow/.local/lib/python3.12/site-packages/airflow/example_dags/example_complex.py took 0.295 seconds
[2024-04-28T16:49:13.409+0000] {processor.py:161} INFO - Started process (PID=768) to work on /home/airflow/.local/lib/python3.12/site-packages/airflow/example_dags/example_complex.py
[2024-04-28T16:49:13.413+0000] {processor.py:830} INFO - Processing file /home/airflow/.local/lib/python3.12/site-packages/airflow/example_dags/example_complex.py for tasks to queue
[2024-04-28T16:49:13.419+0000] {logging_mixin.py:188} INFO - [2024-04-28T16:49:13.418+0000] {dagbag.py:540} INFO - Filling up the DagBag from /home/airflow/.local/lib/python3.12/site-packages/airflow/example_dags/example_complex.py
[2024-04-28T16:49:13.466+0000] {processor.py:840} INFO - DAG(s) 'example_complex' retrieved from /home/airflow/.local/lib/python3.12/site-packages/airflow/example_dags/example_complex.py
[2024-04-28T16:49:13.625+0000] {logging_mixin.py:188} INFO - [2024-04-28T16:49:13.624+0000] {dag.py:3096} INFO - Sync 1 DAGs
[2024-04-28T16:49:13.691+0000] {logging_mixin.py:188} INFO - [2024-04-28T16:49:13.690+0000] {dag.py:3954} INFO - Setting next_dagrun for example_complex to None, run_after=None
[2024-04-28T16:49:13.782+0000] {processor.py:183} INFO - Processing /home/airflow/.local/lib/python3.12/site-packages/airflow/example_dags/example_complex.py took 0.394 seconds
[2024-04-28T16:49:44.138+0000] {processor.py:161} INFO - Started process (PID=831) to work on /home/airflow/.local/lib/python3.12/site-packages/airflow/example_dags/example_complex.py
[2024-04-28T16:49:44.140+0000] {processor.py:830} INFO - Processing file /home/airflow/.local/lib/python3.12/site-packages/airflow/example_dags/example_complex.py for tasks to queue
[2024-04-28T16:49:44.145+0000] {logging_mixin.py:188} INFO - [2024-04-28T16:49:44.144+0000] {dagbag.py:540} INFO - Filling up the DagBag from /home/airflow/.local/lib/python3.12/site-packages/airflow/example_dags/example_complex.py
[2024-04-28T16:49:44.175+0000] {processor.py:840} INFO - DAG(s) 'example_complex' retrieved from /home/airflow/.local/lib/python3.12/site-packages/airflow/example_dags/example_complex.py
[2024-04-28T16:49:44.259+0000] {logging_mixin.py:188} INFO - [2024-04-28T16:49:44.259+0000] {dag.py:3096} INFO - Sync 1 DAGs
[2024-04-28T16:49:44.302+0000] {logging_mixin.py:188} INFO - [2024-04-28T16:49:44.301+0000] {dag.py:3954} INFO - Setting next_dagrun for example_complex to None, run_after=None
[2024-04-28T16:49:44.358+0000] {processor.py:183} INFO - Processing /home/airflow/.local/lib/python3.12/site-packages/airflow/example_dags/example_complex.py took 0.234 seconds
[2024-04-28T16:50:14.694+0000] {processor.py:161} INFO - Started process (PID=894) to work on /home/airflow/.local/lib/python3.12/site-packages/airflow/example_dags/example_complex.py
[2024-04-28T16:50:14.697+0000] {processor.py:830} INFO - Processing file /home/airflow/.local/lib/python3.12/site-packages/airflow/example_dags/example_complex.py for tasks to queue
[2024-04-28T16:50:14.702+0000] {logging_mixin.py:188} INFO - [2024-04-28T16:50:14.701+0000] {dagbag.py:540} INFO - Filling up the DagBag from /home/airflow/.local/lib/python3.12/site-packages/airflow/example_dags/example_complex.py
[2024-04-28T16:50:14.731+0000] {processor.py:840} INFO - DAG(s) 'example_complex' retrieved from /home/airflow/.local/lib/python3.12/site-packages/airflow/example_dags/example_complex.py
[2024-04-28T16:50:14.816+0000] {logging_mixin.py:188} INFO - [2024-04-28T16:50:14.815+0000] {dag.py:3096} INFO - Sync 1 DAGs
[2024-04-28T16:50:14.852+0000] {logging_mixin.py:188} INFO - [2024-04-28T16:50:14.851+0000] {dag.py:3954} INFO - Setting next_dagrun for example_complex to None, run_after=None
[2024-04-28T16:50:14.905+0000] {processor.py:183} INFO - Processing /home/airflow/.local/lib/python3.12/site-packages/airflow/example_dags/example_complex.py took 0.225 seconds
[2024-04-28T16:50:45.239+0000] {processor.py:161} INFO - Started process (PID=957) to work on /home/airflow/.local/lib/python3.12/site-packages/airflow/example_dags/example_complex.py
[2024-04-28T16:50:45.241+0000] {processor.py:830} INFO - Processing file /home/airflow/.local/lib/python3.12/site-packages/airflow/example_dags/example_complex.py for tasks to queue
[2024-04-28T16:50:45.246+0000] {logging_mixin.py:188} INFO - [2024-04-28T16:50:45.245+0000] {dagbag.py:540} INFO - Filling up the DagBag from /home/airflow/.local/lib/python3.12/site-packages/airflow/example_dags/example_complex.py
[2024-04-28T16:50:45.274+0000] {processor.py:840} INFO - DAG(s) 'example_complex' retrieved from /home/airflow/.local/lib/python3.12/site-packages/airflow/example_dags/example_complex.py
[2024-04-28T16:50:45.374+0000] {logging_mixin.py:188} INFO - [2024-04-28T16:50:45.374+0000] {dag.py:3096} INFO - Sync 1 DAGs
[2024-04-28T16:50:45.416+0000] {logging_mixin.py:188} INFO - [2024-04-28T16:50:45.415+0000] {dag.py:3954} INFO - Setting next_dagrun for example_complex to None, run_after=None
[2024-04-28T16:50:45.488+0000] {processor.py:183} INFO - Processing /home/airflow/.local/lib/python3.12/site-packages/airflow/example_dags/example_complex.py took 0.264 seconds
[2024-04-28T16:51:15.970+0000] {processor.py:161} INFO - Started process (PID=1020) to work on /home/airflow/.local/lib/python3.12/site-packages/airflow/example_dags/example_complex.py
[2024-04-28T16:51:15.977+0000] {processor.py:830} INFO - Processing file /home/airflow/.local/lib/python3.12/site-packages/airflow/example_dags/example_complex.py for tasks to queue
[2024-04-28T16:51:15.988+0000] {logging_mixin.py:188} INFO - [2024-04-28T16:51:15.986+0000] {dagbag.py:540} INFO - Filling up the DagBag from /home/airflow/.local/lib/python3.12/site-packages/airflow/example_dags/example_complex.py
[2024-04-28T16:51:16.035+0000] {processor.py:840} INFO - DAG(s) 'example_complex' retrieved from /home/airflow/.local/lib/python3.12/site-packages/airflow/example_dags/example_complex.py
[2024-04-28T16:51:16.203+0000] {logging_mixin.py:188} INFO - [2024-04-28T16:51:16.202+0000] {dag.py:3096} INFO - Sync 1 DAGs
[2024-04-28T16:51:16.271+0000] {logging_mixin.py:188} INFO - [2024-04-28T16:51:16.270+0000] {dag.py:3954} INFO - Setting next_dagrun for example_complex to None, run_after=None
[2024-04-28T16:51:16.351+0000] {processor.py:183} INFO - Processing /home/airflow/.local/lib/python3.12/site-packages/airflow/example_dags/example_complex.py took 0.412 seconds
[2024-04-28T16:51:46.955+0000] {processor.py:161} INFO - Started process (PID=1083) to work on /home/airflow/.local/lib/python3.12/site-packages/airflow/example_dags/example_complex.py
[2024-04-28T16:51:46.958+0000] {processor.py:830} INFO - Processing file /home/airflow/.local/lib/python3.12/site-packages/airflow/example_dags/example_complex.py for tasks to queue
[2024-04-28T16:51:46.964+0000] {logging_mixin.py:188} INFO - [2024-04-28T16:51:46.963+0000] {dagbag.py:540} INFO - Filling up the DagBag from /home/airflow/.local/lib/python3.12/site-packages/airflow/example_dags/example_complex.py
[2024-04-28T16:51:47.001+0000] {processor.py:840} INFO - DAG(s) 'example_complex' retrieved from /home/airflow/.local/lib/python3.12/site-packages/airflow/example_dags/example_complex.py
[2024-04-28T16:51:47.109+0000] {logging_mixin.py:188} INFO - [2024-04-28T16:51:47.109+0000] {dag.py:3096} INFO - Sync 1 DAGs
[2024-04-28T16:51:47.152+0000] {logging_mixin.py:188} INFO - [2024-04-28T16:51:47.151+0000] {dag.py:3954} INFO - Setting next_dagrun for example_complex to None, run_after=None
[2024-04-28T16:51:47.209+0000] {processor.py:183} INFO - Processing /home/airflow/.local/lib/python3.12/site-packages/airflow/example_dags/example_complex.py took 0.270 seconds
[2024-04-28T16:52:17.560+0000] {processor.py:161} INFO - Started process (PID=1145) to work on /home/airflow/.local/lib/python3.12/site-packages/airflow/example_dags/example_complex.py
[2024-04-28T16:52:17.563+0000] {processor.py:830} INFO - Processing file /home/airflow/.local/lib/python3.12/site-packages/airflow/example_dags/example_complex.py for tasks to queue
[2024-04-28T16:52:17.569+0000] {logging_mixin.py:188} INFO - [2024-04-28T16:52:17.568+0000] {dagbag.py:540} INFO - Filling up the DagBag from /home/airflow/.local/lib/python3.12/site-packages/airflow/example_dags/example_complex.py
[2024-04-28T16:52:17.611+0000] {processor.py:840} INFO - DAG(s) 'example_complex' retrieved from /home/airflow/.local/lib/python3.12/site-packages/airflow/example_dags/example_complex.py
[2024-04-28T16:52:17.726+0000] {logging_mixin.py:188} INFO - [2024-04-28T16:52:17.726+0000] {dag.py:3096} INFO - Sync 1 DAGs
[2024-04-28T16:52:17.769+0000] {logging_mixin.py:188} INFO - [2024-04-28T16:52:17.769+0000] {dag.py:3954} INFO - Setting next_dagrun for example_complex to None, run_after=None
[2024-04-28T16:52:17.825+0000] {processor.py:183} INFO - Processing /home/airflow/.local/lib/python3.12/site-packages/airflow/example_dags/example_complex.py took 0.281 seconds
[2024-04-28T16:52:48.626+0000] {processor.py:161} INFO - Started process (PID=1208) to work on /home/airflow/.local/lib/python3.12/site-packages/airflow/example_dags/example_complex.py
[2024-04-28T16:52:48.630+0000] {processor.py:830} INFO - Processing file /home/airflow/.local/lib/python3.12/site-packages/airflow/example_dags/example_complex.py for tasks to queue
[2024-04-28T16:52:48.636+0000] {logging_mixin.py:188} INFO - [2024-04-28T16:52:48.635+0000] {dagbag.py:540} INFO - Filling up the DagBag from /home/airflow/.local/lib/python3.12/site-packages/airflow/example_dags/example_complex.py
[2024-04-28T16:52:48.682+0000] {processor.py:840} INFO - DAG(s) 'example_complex' retrieved from /home/airflow/.local/lib/python3.12/site-packages/airflow/example_dags/example_complex.py
[2024-04-28T16:52:48.842+0000] {logging_mixin.py:188} INFO - [2024-04-28T16:52:48.841+0000] {dag.py:3096} INFO - Sync 1 DAGs
[2024-04-28T16:52:48.883+0000] {logging_mixin.py:188} INFO - [2024-04-28T16:52:48.882+0000] {dag.py:3954} INFO - Setting next_dagrun for example_complex to None, run_after=None
[2024-04-28T16:52:48.943+0000] {processor.py:183} INFO - Processing /home/airflow/.local/lib/python3.12/site-packages/airflow/example_dags/example_complex.py took 0.342 seconds
[2024-04-28T16:53:19.648+0000] {processor.py:161} INFO - Started process (PID=1271) to work on /home/airflow/.local/lib/python3.12/site-packages/airflow/example_dags/example_complex.py
[2024-04-28T16:53:19.653+0000] {processor.py:830} INFO - Processing file /home/airflow/.local/lib/python3.12/site-packages/airflow/example_dags/example_complex.py for tasks to queue
[2024-04-28T16:53:19.672+0000] {logging_mixin.py:188} INFO - [2024-04-28T16:53:19.670+0000] {dagbag.py:540} INFO - Filling up the DagBag from /home/airflow/.local/lib/python3.12/site-packages/airflow/example_dags/example_complex.py
[2024-04-28T16:53:19.796+0000] {processor.py:840} INFO - DAG(s) 'example_complex' retrieved from /home/airflow/.local/lib/python3.12/site-packages/airflow/example_dags/example_complex.py
[2024-04-28T16:53:20.060+0000] {logging_mixin.py:188} INFO - [2024-04-28T16:53:20.059+0000] {dag.py:3096} INFO - Sync 1 DAGs
[2024-04-28T16:53:20.125+0000] {logging_mixin.py:188} INFO - [2024-04-28T16:53:20.124+0000] {dag.py:3954} INFO - Setting next_dagrun for example_complex to None, run_after=None
[2024-04-28T16:53:20.299+0000] {processor.py:183} INFO - Processing /home/airflow/.local/lib/python3.12/site-packages/airflow/example_dags/example_complex.py took 0.687 seconds
[2024-04-28T16:53:50.456+0000] {processor.py:161} INFO - Started process (PID=1334) to work on /home/airflow/.local/lib/python3.12/site-packages/airflow/example_dags/example_complex.py
[2024-04-28T16:53:50.459+0000] {processor.py:830} INFO - Processing file /home/airflow/.local/lib/python3.12/site-packages/airflow/example_dags/example_complex.py for tasks to queue
[2024-04-28T16:53:50.465+0000] {logging_mixin.py:188} INFO - [2024-04-28T16:53:50.464+0000] {dagbag.py:540} INFO - Filling up the DagBag from /home/airflow/.local/lib/python3.12/site-packages/airflow/example_dags/example_complex.py
[2024-04-28T16:53:50.502+0000] {processor.py:840} INFO - DAG(s) 'example_complex' retrieved from /home/airflow/.local/lib/python3.12/site-packages/airflow/example_dags/example_complex.py
[2024-04-28T16:53:50.606+0000] {logging_mixin.py:188} INFO - [2024-04-28T16:53:50.605+0000] {dag.py:3096} INFO - Sync 1 DAGs
[2024-04-28T16:53:50.651+0000] {logging_mixin.py:188} INFO - [2024-04-28T16:53:50.650+0000] {dag.py:3954} INFO - Setting next_dagrun for example_complex to None, run_after=None
[2024-04-28T16:53:50.736+0000] {processor.py:183} INFO - Processing /home/airflow/.local/lib/python3.12/site-packages/airflow/example_dags/example_complex.py took 0.297 seconds
[2024-04-28T16:54:20.884+0000] {processor.py:161} INFO - Started process (PID=1396) to work on /home/airflow/.local/lib/python3.12/site-packages/airflow/example_dags/example_complex.py
[2024-04-28T16:54:20.888+0000] {processor.py:830} INFO - Processing file /home/airflow/.local/lib/python3.12/site-packages/airflow/example_dags/example_complex.py for tasks to queue
[2024-04-28T16:54:20.896+0000] {logging_mixin.py:188} INFO - [2024-04-28T16:54:20.895+0000] {dagbag.py:540} INFO - Filling up the DagBag from /home/airflow/.local/lib/python3.12/site-packages/airflow/example_dags/example_complex.py
[2024-04-28T16:54:20.934+0000] {processor.py:840} INFO - DAG(s) 'example_complex' retrieved from /home/airflow/.local/lib/python3.12/site-packages/airflow/example_dags/example_complex.py
[2024-04-28T16:54:21.026+0000] {logging_mixin.py:188} INFO - [2024-04-28T16:54:21.026+0000] {dag.py:3096} INFO - Sync 1 DAGs
[2024-04-28T16:54:21.066+0000] {logging_mixin.py:188} INFO - [2024-04-28T16:54:21.065+0000] {dag.py:3954} INFO - Setting next_dagrun for example_complex to None, run_after=None
[2024-04-28T16:54:21.113+0000] {processor.py:183} INFO - Processing /home/airflow/.local/lib/python3.12/site-packages/airflow/example_dags/example_complex.py took 0.254 seconds
[2024-04-28T16:54:51.716+0000] {processor.py:161} INFO - Started process (PID=1459) to work on /home/airflow/.local/lib/python3.12/site-packages/airflow/example_dags/example_complex.py
[2024-04-28T16:54:51.718+0000] {processor.py:830} INFO - Processing file /home/airflow/.local/lib/python3.12/site-packages/airflow/example_dags/example_complex.py for tasks to queue
[2024-04-28T16:54:51.725+0000] {logging_mixin.py:188} INFO - [2024-04-28T16:54:51.724+0000] {dagbag.py:540} INFO - Filling up the DagBag from /home/airflow/.local/lib/python3.12/site-packages/airflow/example_dags/example_complex.py
[2024-04-28T16:54:51.775+0000] {processor.py:840} INFO - DAG(s) 'example_complex' retrieved from /home/airflow/.local/lib/python3.12/site-packages/airflow/example_dags/example_complex.py
[2024-04-28T16:54:51.961+0000] {logging_mixin.py:188} INFO - [2024-04-28T16:54:51.960+0000] {dag.py:3096} INFO - Sync 1 DAGs
[2024-04-28T16:54:52.003+0000] {logging_mixin.py:188} INFO - [2024-04-28T16:54:52.002+0000] {dag.py:3954} INFO - Setting next_dagrun for example_complex to None, run_after=None
[2024-04-28T16:54:52.068+0000] {processor.py:183} INFO - Processing /home/airflow/.local/lib/python3.12/site-packages/airflow/example_dags/example_complex.py took 0.370 seconds
[2024-04-28T16:55:22.659+0000] {processor.py:161} INFO - Started process (PID=1522) to work on /home/airflow/.local/lib/python3.12/site-packages/airflow/example_dags/example_complex.py
[2024-04-28T16:55:22.663+0000] {processor.py:830} INFO - Processing file /home/airflow/.local/lib/python3.12/site-packages/airflow/example_dags/example_complex.py for tasks to queue
[2024-04-28T16:55:22.674+0000] {logging_mixin.py:188} INFO - [2024-04-28T16:55:22.673+0000] {dagbag.py:540} INFO - Filling up the DagBag from /home/airflow/.local/lib/python3.12/site-packages/airflow/example_dags/example_complex.py
[2024-04-28T16:55:22.731+0000] {processor.py:840} INFO - DAG(s) 'example_complex' retrieved from /home/airflow/.local/lib/python3.12/site-packages/airflow/example_dags/example_complex.py
[2024-04-28T16:55:22.888+0000] {logging_mixin.py:188} INFO - [2024-04-28T16:55:22.887+0000] {dag.py:3096} INFO - Sync 1 DAGs
[2024-04-28T16:55:22.963+0000] {logging_mixin.py:188} INFO - [2024-04-28T16:55:22.962+0000] {dag.py:3954} INFO - Setting next_dagrun for example_complex to None, run_after=None
[2024-04-28T16:55:23.062+0000] {processor.py:183} INFO - Processing /home/airflow/.local/lib/python3.12/site-packages/airflow/example_dags/example_complex.py took 0.426 seconds
[2024-04-28T16:55:54.094+0000] {processor.py:161} INFO - Started process (PID=1585) to work on /home/airflow/.local/lib/python3.12/site-packages/airflow/example_dags/example_complex.py
[2024-04-28T16:55:54.098+0000] {processor.py:830} INFO - Processing file /home/airflow/.local/lib/python3.12/site-packages/airflow/example_dags/example_complex.py for tasks to queue
[2024-04-28T16:55:54.106+0000] {logging_mixin.py:188} INFO - [2024-04-28T16:55:54.105+0000] {dagbag.py:540} INFO - Filling up the DagBag from /home/airflow/.local/lib/python3.12/site-packages/airflow/example_dags/example_complex.py
[2024-04-28T16:55:54.161+0000] {processor.py:840} INFO - DAG(s) 'example_complex' retrieved from /home/airflow/.local/lib/python3.12/site-packages/airflow/example_dags/example_complex.py
[2024-04-28T16:55:54.317+0000] {logging_mixin.py:188} INFO - [2024-04-28T16:55:54.316+0000] {dag.py:3096} INFO - Sync 1 DAGs
[2024-04-28T16:55:54.479+0000] {logging_mixin.py:188} INFO - [2024-04-28T16:55:54.478+0000] {dag.py:3954} INFO - Setting next_dagrun for example_complex to None, run_after=None
[2024-04-28T16:55:54.605+0000] {processor.py:183} INFO - Processing /home/airflow/.local/lib/python3.12/site-packages/airflow/example_dags/example_complex.py took 0.534 seconds
[2024-04-28T16:56:25.308+0000] {processor.py:161} INFO - Started process (PID=1649) to work on /home/airflow/.local/lib/python3.12/site-packages/airflow/example_dags/example_complex.py
[2024-04-28T16:56:25.311+0000] {processor.py:830} INFO - Processing file /home/airflow/.local/lib/python3.12/site-packages/airflow/example_dags/example_complex.py for tasks to queue
[2024-04-28T16:56:25.317+0000] {logging_mixin.py:188} INFO - [2024-04-28T16:56:25.316+0000] {dagbag.py:540} INFO - Filling up the DagBag from /home/airflow/.local/lib/python3.12/site-packages/airflow/example_dags/example_complex.py
[2024-04-28T16:56:25.353+0000] {processor.py:840} INFO - DAG(s) 'example_complex' retrieved from /home/airflow/.local/lib/python3.12/site-packages/airflow/example_dags/example_complex.py
[2024-04-28T16:56:25.459+0000] {logging_mixin.py:188} INFO - [2024-04-28T16:56:25.458+0000] {dag.py:3096} INFO - Sync 1 DAGs
[2024-04-28T16:56:25.510+0000] {logging_mixin.py:188} INFO - [2024-04-28T16:56:25.509+0000] {dag.py:3954} INFO - Setting next_dagrun for example_complex to None, run_after=None
[2024-04-28T16:56:25.578+0000] {processor.py:183} INFO - Processing /home/airflow/.local/lib/python3.12/site-packages/airflow/example_dags/example_complex.py took 0.286 seconds
[2024-04-28T16:56:56.288+0000] {processor.py:161} INFO - Started process (PID=1713) to work on /home/airflow/.local/lib/python3.12/site-packages/airflow/example_dags/example_complex.py
[2024-04-28T16:56:56.295+0000] {processor.py:830} INFO - Processing file /home/airflow/.local/lib/python3.12/site-packages/airflow/example_dags/example_complex.py for tasks to queue
[2024-04-28T16:56:56.306+0000] {logging_mixin.py:188} INFO - [2024-04-28T16:56:56.304+0000] {dagbag.py:540} INFO - Filling up the DagBag from /home/airflow/.local/lib/python3.12/site-packages/airflow/example_dags/example_complex.py
[2024-04-28T16:56:56.350+0000] {processor.py:840} INFO - DAG(s) 'example_complex' retrieved from /home/airflow/.local/lib/python3.12/site-packages/airflow/example_dags/example_complex.py
[2024-04-28T16:56:56.474+0000] {logging_mixin.py:188} INFO - [2024-04-28T16:56:56.473+0000] {dag.py:3096} INFO - Sync 1 DAGs
[2024-04-28T16:56:56.551+0000] {logging_mixin.py:188} INFO - [2024-04-28T16:56:56.550+0000] {dag.py:3954} INFO - Setting next_dagrun for example_complex to None, run_after=None
[2024-04-28T16:56:56.742+0000] {processor.py:183} INFO - Processing /home/airflow/.local/lib/python3.12/site-packages/airflow/example_dags/example_complex.py took 0.478 seconds
[2024-04-28T16:57:29.200+0000] {processor.py:161} INFO - Started process (PID=1776) to work on /home/airflow/.local/lib/python3.12/site-packages/airflow/example_dags/example_complex.py
[2024-04-28T16:57:29.213+0000] {processor.py:830} INFO - Processing file /home/airflow/.local/lib/python3.12/site-packages/airflow/example_dags/example_complex.py for tasks to queue
[2024-04-28T16:57:29.222+0000] {logging_mixin.py:188} INFO - [2024-04-28T16:57:29.220+0000] {dagbag.py:540} INFO - Filling up the DagBag from /home/airflow/.local/lib/python3.12/site-packages/airflow/example_dags/example_complex.py
[2024-04-28T16:57:29.454+0000] {processor.py:840} INFO - DAG(s) 'example_complex' retrieved from /home/airflow/.local/lib/python3.12/site-packages/airflow/example_dags/example_complex.py
[2024-04-28T16:57:29.799+0000] {logging_mixin.py:188} INFO - [2024-04-28T16:57:29.793+0000] {dag.py:3096} INFO - Sync 1 DAGs
[2024-04-28T16:57:30.063+0000] {logging_mixin.py:188} INFO - [2024-04-28T16:57:30.062+0000] {dag.py:3954} INFO - Setting next_dagrun for example_complex to None, run_after=None
[2024-04-28T16:57:30.158+0000] {processor.py:183} INFO - Processing /home/airflow/.local/lib/python3.12/site-packages/airflow/example_dags/example_complex.py took 1.039 seconds
[2024-04-28T16:58:00.405+0000] {processor.py:161} INFO - Started process (PID=1839) to work on /home/airflow/.local/lib/python3.12/site-packages/airflow/example_dags/example_complex.py
[2024-04-28T16:58:00.413+0000] {processor.py:830} INFO - Processing file /home/airflow/.local/lib/python3.12/site-packages/airflow/example_dags/example_complex.py for tasks to queue
[2024-04-28T16:58:00.421+0000] {logging_mixin.py:188} INFO - [2024-04-28T16:58:00.419+0000] {dagbag.py:540} INFO - Filling up the DagBag from /home/airflow/.local/lib/python3.12/site-packages/airflow/example_dags/example_complex.py
[2024-04-28T16:58:00.475+0000] {processor.py:840} INFO - DAG(s) 'example_complex' retrieved from /home/airflow/.local/lib/python3.12/site-packages/airflow/example_dags/example_complex.py
[2024-04-28T16:58:00.714+0000] {logging_mixin.py:188} INFO - [2024-04-28T16:58:00.713+0000] {dag.py:3096} INFO - Sync 1 DAGs
[2024-04-28T16:58:00.838+0000] {logging_mixin.py:188} INFO - [2024-04-28T16:58:00.836+0000] {dag.py:3954} INFO - Setting next_dagrun for example_complex to None, run_after=None
[2024-04-28T16:58:00.939+0000] {processor.py:183} INFO - Processing /home/airflow/.local/lib/python3.12/site-packages/airflow/example_dags/example_complex.py took 0.557 seconds
[2024-04-28T16:58:31.123+0000] {processor.py:161} INFO - Started process (PID=1902) to work on /home/airflow/.local/lib/python3.12/site-packages/airflow/example_dags/example_complex.py
[2024-04-28T16:58:31.125+0000] {processor.py:830} INFO - Processing file /home/airflow/.local/lib/python3.12/site-packages/airflow/example_dags/example_complex.py for tasks to queue
[2024-04-28T16:58:31.130+0000] {logging_mixin.py:188} INFO - [2024-04-28T16:58:31.129+0000] {dagbag.py:540} INFO - Filling up the DagBag from /home/airflow/.local/lib/python3.12/site-packages/airflow/example_dags/example_complex.py
[2024-04-28T16:58:31.158+0000] {processor.py:840} INFO - DAG(s) 'example_complex' retrieved from /home/airflow/.local/lib/python3.12/site-packages/airflow/example_dags/example_complex.py
[2024-04-28T16:58:31.259+0000] {logging_mixin.py:188} INFO - [2024-04-28T16:58:31.258+0000] {dag.py:3096} INFO - Sync 1 DAGs
[2024-04-28T16:58:31.297+0000] {logging_mixin.py:188} INFO - [2024-04-28T16:58:31.297+0000] {dag.py:3954} INFO - Setting next_dagrun for example_complex to None, run_after=None
[2024-04-28T16:58:31.347+0000] {processor.py:183} INFO - Processing /home/airflow/.local/lib/python3.12/site-packages/airflow/example_dags/example_complex.py took 0.240 seconds
