[2024-04-28T15:36:10.859+0000] {processor.py:161} INFO - Started process (PID=95) to work on /home/airflow/.local/lib/python3.12/site-packages/airflow/example_dags/tutorial_dag.py
[2024-04-28T15:36:10.861+0000] {processor.py:830} INFO - Processing file /home/airflow/.local/lib/python3.12/site-packages/airflow/example_dags/tutorial_dag.py for tasks to queue
[2024-04-28T15:36:10.869+0000] {logging_mixin.py:188} INFO - [2024-04-28T15:36:10.868+0000] {dagbag.py:540} INFO - Filling up the DagBag from /home/airflow/.local/lib/python3.12/site-packages/airflow/example_dags/tutorial_dag.py
[2024-04-28T15:36:10.894+0000] {processor.py:840} INFO - DAG(s) 'tutorial_dag' retrieved from /home/airflow/.local/lib/python3.12/site-packages/airflow/example_dags/tutorial_dag.py
[2024-04-28T15:36:12.340+0000] {logging_mixin.py:188} INFO - [2024-04-28T15:36:12.338+0000] {dag.py:3096} INFO - Sync 1 DAGs
[2024-04-28T15:36:12.491+0000] {logging_mixin.py:188} INFO - [2024-04-28T15:36:12.491+0000] {dag.py:3954} INFO - Setting next_dagrun for tutorial_dag to None, run_after=None
[2024-04-28T15:36:12.701+0000] {processor.py:183} INFO - Processing /home/airflow/.local/lib/python3.12/site-packages/airflow/example_dags/tutorial_dag.py took 1.863 seconds
[2024-04-28T15:36:43.083+0000] {processor.py:161} INFO - Started process (PID=158) to work on /home/airflow/.local/lib/python3.12/site-packages/airflow/example_dags/tutorial_dag.py
[2024-04-28T15:36:43.110+0000] {processor.py:830} INFO - Processing file /home/airflow/.local/lib/python3.12/site-packages/airflow/example_dags/tutorial_dag.py for tasks to queue
[2024-04-28T15:36:43.127+0000] {logging_mixin.py:188} INFO - [2024-04-28T15:36:43.126+0000] {dagbag.py:540} INFO - Filling up the DagBag from /home/airflow/.local/lib/python3.12/site-packages/airflow/example_dags/tutorial_dag.py
[2024-04-28T15:36:43.206+0000] {processor.py:840} INFO - DAG(s) 'tutorial_dag' retrieved from /home/airflow/.local/lib/python3.12/site-packages/airflow/example_dags/tutorial_dag.py
[2024-04-28T15:36:43.465+0000] {logging_mixin.py:188} INFO - [2024-04-28T15:36:43.463+0000] {dag.py:3096} INFO - Sync 1 DAGs
[2024-04-28T15:36:43.659+0000] {logging_mixin.py:188} INFO - [2024-04-28T15:36:43.648+0000] {dag.py:3954} INFO - Setting next_dagrun for tutorial_dag to None, run_after=None
[2024-04-28T15:36:43.986+0000] {processor.py:183} INFO - Processing /home/airflow/.local/lib/python3.12/site-packages/airflow/example_dags/tutorial_dag.py took 1.005 seconds
[2024-04-28T15:37:14.742+0000] {processor.py:161} INFO - Started process (PID=221) to work on /home/airflow/.local/lib/python3.12/site-packages/airflow/example_dags/tutorial_dag.py
[2024-04-28T15:37:14.746+0000] {processor.py:830} INFO - Processing file /home/airflow/.local/lib/python3.12/site-packages/airflow/example_dags/tutorial_dag.py for tasks to queue
[2024-04-28T15:37:14.756+0000] {logging_mixin.py:188} INFO - [2024-04-28T15:37:14.755+0000] {dagbag.py:540} INFO - Filling up the DagBag from /home/airflow/.local/lib/python3.12/site-packages/airflow/example_dags/tutorial_dag.py
[2024-04-28T15:37:14.793+0000] {processor.py:840} INFO - DAG(s) 'tutorial_dag' retrieved from /home/airflow/.local/lib/python3.12/site-packages/airflow/example_dags/tutorial_dag.py
[2024-04-28T15:37:14.905+0000] {logging_mixin.py:188} INFO - [2024-04-28T15:37:14.903+0000] {dag.py:3096} INFO - Sync 1 DAGs
[2024-04-28T15:37:14.958+0000] {logging_mixin.py:188} INFO - [2024-04-28T15:37:14.958+0000] {dag.py:3954} INFO - Setting next_dagrun for tutorial_dag to None, run_after=None
[2024-04-28T15:37:15.055+0000] {processor.py:183} INFO - Processing /home/airflow/.local/lib/python3.12/site-packages/airflow/example_dags/tutorial_dag.py took 0.342 seconds
[2024-04-28T15:37:45.702+0000] {processor.py:161} INFO - Started process (PID=284) to work on /home/airflow/.local/lib/python3.12/site-packages/airflow/example_dags/tutorial_dag.py
[2024-04-28T15:37:45.706+0000] {processor.py:830} INFO - Processing file /home/airflow/.local/lib/python3.12/site-packages/airflow/example_dags/tutorial_dag.py for tasks to queue
[2024-04-28T15:37:45.713+0000] {logging_mixin.py:188} INFO - [2024-04-28T15:37:45.712+0000] {dagbag.py:540} INFO - Filling up the DagBag from /home/airflow/.local/lib/python3.12/site-packages/airflow/example_dags/tutorial_dag.py
[2024-04-28T15:37:45.734+0000] {processor.py:840} INFO - DAG(s) 'tutorial_dag' retrieved from /home/airflow/.local/lib/python3.12/site-packages/airflow/example_dags/tutorial_dag.py
[2024-04-28T15:37:45.840+0000] {logging_mixin.py:188} INFO - [2024-04-28T15:37:45.836+0000] {dag.py:3096} INFO - Sync 1 DAGs
[2024-04-28T15:37:45.906+0000] {logging_mixin.py:188} INFO - [2024-04-28T15:37:45.905+0000] {dag.py:3954} INFO - Setting next_dagrun for tutorial_dag to None, run_after=None
[2024-04-28T15:37:45.979+0000] {processor.py:183} INFO - Processing /home/airflow/.local/lib/python3.12/site-packages/airflow/example_dags/tutorial_dag.py took 0.298 seconds
[2024-04-28T15:38:16.257+0000] {processor.py:161} INFO - Started process (PID=347) to work on /home/airflow/.local/lib/python3.12/site-packages/airflow/example_dags/tutorial_dag.py
[2024-04-28T15:38:16.260+0000] {processor.py:830} INFO - Processing file /home/airflow/.local/lib/python3.12/site-packages/airflow/example_dags/tutorial_dag.py for tasks to queue
[2024-04-28T15:38:16.266+0000] {logging_mixin.py:188} INFO - [2024-04-28T15:38:16.265+0000] {dagbag.py:540} INFO - Filling up the DagBag from /home/airflow/.local/lib/python3.12/site-packages/airflow/example_dags/tutorial_dag.py
[2024-04-28T15:38:16.283+0000] {processor.py:840} INFO - DAG(s) 'tutorial_dag' retrieved from /home/airflow/.local/lib/python3.12/site-packages/airflow/example_dags/tutorial_dag.py
[2024-04-28T15:38:16.346+0000] {logging_mixin.py:188} INFO - [2024-04-28T15:38:16.344+0000] {dag.py:3096} INFO - Sync 1 DAGs
[2024-04-28T15:38:16.386+0000] {logging_mixin.py:188} INFO - [2024-04-28T15:38:16.386+0000] {dag.py:3954} INFO - Setting next_dagrun for tutorial_dag to None, run_after=None
[2024-04-28T15:38:16.443+0000] {processor.py:183} INFO - Processing /home/airflow/.local/lib/python3.12/site-packages/airflow/example_dags/tutorial_dag.py took 0.203 seconds
[2024-04-28T15:38:48.470+0000] {processor.py:161} INFO - Started process (PID=410) to work on /home/airflow/.local/lib/python3.12/site-packages/airflow/example_dags/tutorial_dag.py
[2024-04-28T15:38:48.473+0000] {processor.py:830} INFO - Processing file /home/airflow/.local/lib/python3.12/site-packages/airflow/example_dags/tutorial_dag.py for tasks to queue
[2024-04-28T15:38:48.480+0000] {logging_mixin.py:188} INFO - [2024-04-28T15:38:48.478+0000] {dagbag.py:540} INFO - Filling up the DagBag from /home/airflow/.local/lib/python3.12/site-packages/airflow/example_dags/tutorial_dag.py
[2024-04-28T15:38:48.498+0000] {processor.py:840} INFO - DAG(s) 'tutorial_dag' retrieved from /home/airflow/.local/lib/python3.12/site-packages/airflow/example_dags/tutorial_dag.py
[2024-04-28T15:38:48.578+0000] {logging_mixin.py:188} INFO - [2024-04-28T15:38:48.577+0000] {dag.py:3096} INFO - Sync 1 DAGs
[2024-04-28T15:38:48.626+0000] {logging_mixin.py:188} INFO - [2024-04-28T15:38:48.625+0000] {dag.py:3954} INFO - Setting next_dagrun for tutorial_dag to None, run_after=None
[2024-04-28T15:38:48.695+0000] {processor.py:183} INFO - Processing /home/airflow/.local/lib/python3.12/site-packages/airflow/example_dags/tutorial_dag.py took 0.243 seconds
[2024-04-28T15:39:18.915+0000] {processor.py:161} INFO - Started process (PID=473) to work on /home/airflow/.local/lib/python3.12/site-packages/airflow/example_dags/tutorial_dag.py
[2024-04-28T15:39:18.919+0000] {processor.py:830} INFO - Processing file /home/airflow/.local/lib/python3.12/site-packages/airflow/example_dags/tutorial_dag.py for tasks to queue
[2024-04-28T15:39:18.925+0000] {logging_mixin.py:188} INFO - [2024-04-28T15:39:18.924+0000] {dagbag.py:540} INFO - Filling up the DagBag from /home/airflow/.local/lib/python3.12/site-packages/airflow/example_dags/tutorial_dag.py
[2024-04-28T15:39:18.947+0000] {processor.py:840} INFO - DAG(s) 'tutorial_dag' retrieved from /home/airflow/.local/lib/python3.12/site-packages/airflow/example_dags/tutorial_dag.py
[2024-04-28T15:39:19.022+0000] {logging_mixin.py:188} INFO - [2024-04-28T15:39:19.020+0000] {dag.py:3096} INFO - Sync 1 DAGs
[2024-04-28T15:39:19.064+0000] {logging_mixin.py:188} INFO - [2024-04-28T15:39:19.063+0000] {dag.py:3954} INFO - Setting next_dagrun for tutorial_dag to None, run_after=None
[2024-04-28T15:39:19.127+0000] {processor.py:183} INFO - Processing /home/airflow/.local/lib/python3.12/site-packages/airflow/example_dags/tutorial_dag.py took 0.232 seconds
[2024-04-28T15:39:49.612+0000] {processor.py:161} INFO - Started process (PID=537) to work on /home/airflow/.local/lib/python3.12/site-packages/airflow/example_dags/tutorial_dag.py
[2024-04-28T15:39:49.614+0000] {processor.py:830} INFO - Processing file /home/airflow/.local/lib/python3.12/site-packages/airflow/example_dags/tutorial_dag.py for tasks to queue
[2024-04-28T15:39:49.621+0000] {logging_mixin.py:188} INFO - [2024-04-28T15:39:49.619+0000] {dagbag.py:540} INFO - Filling up the DagBag from /home/airflow/.local/lib/python3.12/site-packages/airflow/example_dags/tutorial_dag.py
[2024-04-28T15:39:49.641+0000] {processor.py:840} INFO - DAG(s) 'tutorial_dag' retrieved from /home/airflow/.local/lib/python3.12/site-packages/airflow/example_dags/tutorial_dag.py
[2024-04-28T15:39:49.715+0000] {logging_mixin.py:188} INFO - [2024-04-28T15:39:49.714+0000] {dag.py:3096} INFO - Sync 1 DAGs
[2024-04-28T15:39:49.758+0000] {logging_mixin.py:188} INFO - [2024-04-28T15:39:49.758+0000] {dag.py:3954} INFO - Setting next_dagrun for tutorial_dag to None, run_after=None
[2024-04-28T15:39:49.827+0000] {processor.py:183} INFO - Processing /home/airflow/.local/lib/python3.12/site-packages/airflow/example_dags/tutorial_dag.py took 0.234 seconds
[2024-04-28T15:40:26.015+0000] {processor.py:161} INFO - Started process (PID=600) to work on /home/airflow/.local/lib/python3.12/site-packages/airflow/example_dags/tutorial_dag.py
[2024-04-28T15:40:26.019+0000] {processor.py:830} INFO - Processing file /home/airflow/.local/lib/python3.12/site-packages/airflow/example_dags/tutorial_dag.py for tasks to queue
[2024-04-28T15:40:26.043+0000] {logging_mixin.py:188} INFO - [2024-04-28T15:40:26.042+0000] {dagbag.py:540} INFO - Filling up the DagBag from /home/airflow/.local/lib/python3.12/site-packages/airflow/example_dags/tutorial_dag.py
[2024-04-28T15:40:26.098+0000] {processor.py:840} INFO - DAG(s) 'tutorial_dag' retrieved from /home/airflow/.local/lib/python3.12/site-packages/airflow/example_dags/tutorial_dag.py
[2024-04-28T15:40:26.259+0000] {logging_mixin.py:188} INFO - [2024-04-28T15:40:26.257+0000] {dag.py:3096} INFO - Sync 1 DAGs
[2024-04-28T15:40:26.378+0000] {logging_mixin.py:188} INFO - [2024-04-28T15:40:26.372+0000] {dag.py:3954} INFO - Setting next_dagrun for tutorial_dag to None, run_after=None
[2024-04-28T15:40:26.495+0000] {processor.py:183} INFO - Processing /home/airflow/.local/lib/python3.12/site-packages/airflow/example_dags/tutorial_dag.py took 0.509 seconds
[2024-04-28T15:40:58.422+0000] {processor.py:161} INFO - Started process (PID=662) to work on /home/airflow/.local/lib/python3.12/site-packages/airflow/example_dags/tutorial_dag.py
[2024-04-28T15:40:58.433+0000] {processor.py:830} INFO - Processing file /home/airflow/.local/lib/python3.12/site-packages/airflow/example_dags/tutorial_dag.py for tasks to queue
[2024-04-28T15:40:58.442+0000] {logging_mixin.py:188} INFO - [2024-04-28T15:40:58.440+0000] {dagbag.py:540} INFO - Filling up the DagBag from /home/airflow/.local/lib/python3.12/site-packages/airflow/example_dags/tutorial_dag.py
[2024-04-28T15:40:58.465+0000] {processor.py:840} INFO - DAG(s) 'tutorial_dag' retrieved from /home/airflow/.local/lib/python3.12/site-packages/airflow/example_dags/tutorial_dag.py
[2024-04-28T15:40:58.647+0000] {logging_mixin.py:188} INFO - [2024-04-28T15:40:58.643+0000] {dag.py:3096} INFO - Sync 1 DAGs
[2024-04-28T15:40:58.793+0000] {logging_mixin.py:188} INFO - [2024-04-28T15:40:58.791+0000] {dag.py:3954} INFO - Setting next_dagrun for tutorial_dag to None, run_after=None
[2024-04-28T15:40:59.072+0000] {processor.py:183} INFO - Processing /home/airflow/.local/lib/python3.12/site-packages/airflow/example_dags/tutorial_dag.py took 0.691 seconds
[2024-04-28T15:41:29.274+0000] {processor.py:161} INFO - Started process (PID=725) to work on /home/airflow/.local/lib/python3.12/site-packages/airflow/example_dags/tutorial_dag.py
[2024-04-28T15:41:29.278+0000] {processor.py:830} INFO - Processing file /home/airflow/.local/lib/python3.12/site-packages/airflow/example_dags/tutorial_dag.py for tasks to queue
[2024-04-28T15:41:29.285+0000] {logging_mixin.py:188} INFO - [2024-04-28T15:41:29.284+0000] {dagbag.py:540} INFO - Filling up the DagBag from /home/airflow/.local/lib/python3.12/site-packages/airflow/example_dags/tutorial_dag.py
[2024-04-28T15:41:29.310+0000] {processor.py:840} INFO - DAG(s) 'tutorial_dag' retrieved from /home/airflow/.local/lib/python3.12/site-packages/airflow/example_dags/tutorial_dag.py
[2024-04-28T15:41:29.398+0000] {logging_mixin.py:188} INFO - [2024-04-28T15:41:29.397+0000] {dag.py:3096} INFO - Sync 1 DAGs
[2024-04-28T15:41:29.490+0000] {logging_mixin.py:188} INFO - [2024-04-28T15:41:29.489+0000] {dag.py:3954} INFO - Setting next_dagrun for tutorial_dag to None, run_after=None
[2024-04-28T15:41:29.587+0000] {processor.py:183} INFO - Processing /home/airflow/.local/lib/python3.12/site-packages/airflow/example_dags/tutorial_dag.py took 0.331 seconds
[2024-04-28T15:41:59.921+0000] {processor.py:161} INFO - Started process (PID=788) to work on /home/airflow/.local/lib/python3.12/site-packages/airflow/example_dags/tutorial_dag.py
[2024-04-28T15:41:59.924+0000] {processor.py:830} INFO - Processing file /home/airflow/.local/lib/python3.12/site-packages/airflow/example_dags/tutorial_dag.py for tasks to queue
[2024-04-28T15:41:59.932+0000] {logging_mixin.py:188} INFO - [2024-04-28T15:41:59.929+0000] {dagbag.py:540} INFO - Filling up the DagBag from /home/airflow/.local/lib/python3.12/site-packages/airflow/example_dags/tutorial_dag.py
[2024-04-28T15:41:59.951+0000] {processor.py:840} INFO - DAG(s) 'tutorial_dag' retrieved from /home/airflow/.local/lib/python3.12/site-packages/airflow/example_dags/tutorial_dag.py
[2024-04-28T15:42:00.036+0000] {logging_mixin.py:188} INFO - [2024-04-28T15:42:00.034+0000] {dag.py:3096} INFO - Sync 1 DAGs
[2024-04-28T15:42:00.076+0000] {logging_mixin.py:188} INFO - [2024-04-28T15:42:00.075+0000] {dag.py:3954} INFO - Setting next_dagrun for tutorial_dag to None, run_after=None
[2024-04-28T15:42:00.130+0000] {processor.py:183} INFO - Processing /home/airflow/.local/lib/python3.12/site-packages/airflow/example_dags/tutorial_dag.py took 0.235 seconds
[2024-04-28T15:42:31.112+0000] {processor.py:161} INFO - Started process (PID=851) to work on /home/airflow/.local/lib/python3.12/site-packages/airflow/example_dags/tutorial_dag.py
[2024-04-28T15:42:31.115+0000] {processor.py:830} INFO - Processing file /home/airflow/.local/lib/python3.12/site-packages/airflow/example_dags/tutorial_dag.py for tasks to queue
[2024-04-28T15:42:31.120+0000] {logging_mixin.py:188} INFO - [2024-04-28T15:42:31.120+0000] {dagbag.py:540} INFO - Filling up the DagBag from /home/airflow/.local/lib/python3.12/site-packages/airflow/example_dags/tutorial_dag.py
[2024-04-28T15:42:31.136+0000] {processor.py:840} INFO - DAG(s) 'tutorial_dag' retrieved from /home/airflow/.local/lib/python3.12/site-packages/airflow/example_dags/tutorial_dag.py
[2024-04-28T15:42:31.199+0000] {logging_mixin.py:188} INFO - [2024-04-28T15:42:31.197+0000] {dag.py:3096} INFO - Sync 1 DAGs
[2024-04-28T15:42:31.239+0000] {logging_mixin.py:188} INFO - [2024-04-28T15:42:31.238+0000] {dag.py:3954} INFO - Setting next_dagrun for tutorial_dag to None, run_after=None
[2024-04-28T15:42:31.293+0000] {processor.py:183} INFO - Processing /home/airflow/.local/lib/python3.12/site-packages/airflow/example_dags/tutorial_dag.py took 0.197 seconds
[2024-04-28T15:43:01.552+0000] {processor.py:161} INFO - Started process (PID=915) to work on /home/airflow/.local/lib/python3.12/site-packages/airflow/example_dags/tutorial_dag.py
[2024-04-28T15:43:01.555+0000] {processor.py:830} INFO - Processing file /home/airflow/.local/lib/python3.12/site-packages/airflow/example_dags/tutorial_dag.py for tasks to queue
[2024-04-28T15:43:01.560+0000] {logging_mixin.py:188} INFO - [2024-04-28T15:43:01.559+0000] {dagbag.py:540} INFO - Filling up the DagBag from /home/airflow/.local/lib/python3.12/site-packages/airflow/example_dags/tutorial_dag.py
[2024-04-28T15:43:01.575+0000] {processor.py:840} INFO - DAG(s) 'tutorial_dag' retrieved from /home/airflow/.local/lib/python3.12/site-packages/airflow/example_dags/tutorial_dag.py
[2024-04-28T15:43:01.628+0000] {logging_mixin.py:188} INFO - [2024-04-28T15:43:01.627+0000] {dag.py:3096} INFO - Sync 1 DAGs
[2024-04-28T15:43:01.662+0000] {logging_mixin.py:188} INFO - [2024-04-28T15:43:01.662+0000] {dag.py:3954} INFO - Setting next_dagrun for tutorial_dag to None, run_after=None
[2024-04-28T15:43:01.712+0000] {processor.py:183} INFO - Processing /home/airflow/.local/lib/python3.12/site-packages/airflow/example_dags/tutorial_dag.py took 0.174 seconds
[2024-04-28T15:58:27.037+0000] {processor.py:161} INFO - Started process (PID=89) to work on /home/airflow/.local/lib/python3.12/site-packages/airflow/example_dags/tutorial_dag.py
[2024-04-28T15:58:27.058+0000] {processor.py:830} INFO - Processing file /home/airflow/.local/lib/python3.12/site-packages/airflow/example_dags/tutorial_dag.py for tasks to queue
[2024-04-28T15:58:27.109+0000] {logging_mixin.py:188} INFO - [2024-04-28T15:58:27.089+0000] {dagbag.py:540} INFO - Filling up the DagBag from /home/airflow/.local/lib/python3.12/site-packages/airflow/example_dags/tutorial_dag.py
[2024-04-28T15:58:27.212+0000] {processor.py:840} INFO - DAG(s) 'tutorial_dag' retrieved from /home/airflow/.local/lib/python3.12/site-packages/airflow/example_dags/tutorial_dag.py
[2024-04-28T15:58:29.791+0000] {logging_mixin.py:188} INFO - [2024-04-28T15:58:29.789+0000] {dag.py:3096} INFO - Sync 1 DAGs
[2024-04-28T15:58:29.912+0000] {logging_mixin.py:188} INFO - [2024-04-28T15:58:29.911+0000] {dag.py:3954} INFO - Setting next_dagrun for tutorial_dag to None, run_after=None
[2024-04-28T15:58:30.016+0000] {processor.py:183} INFO - Processing /home/airflow/.local/lib/python3.12/site-packages/airflow/example_dags/tutorial_dag.py took 3.176 seconds
[2024-04-28T15:59:00.756+0000] {processor.py:161} INFO - Started process (PID=157) to work on /home/airflow/.local/lib/python3.12/site-packages/airflow/example_dags/tutorial_dag.py
[2024-04-28T15:59:00.759+0000] {processor.py:830} INFO - Processing file /home/airflow/.local/lib/python3.12/site-packages/airflow/example_dags/tutorial_dag.py for tasks to queue
[2024-04-28T15:59:00.767+0000] {logging_mixin.py:188} INFO - [2024-04-28T15:59:00.766+0000] {dagbag.py:540} INFO - Filling up the DagBag from /home/airflow/.local/lib/python3.12/site-packages/airflow/example_dags/tutorial_dag.py
[2024-04-28T15:59:00.787+0000] {processor.py:840} INFO - DAG(s) 'tutorial_dag' retrieved from /home/airflow/.local/lib/python3.12/site-packages/airflow/example_dags/tutorial_dag.py
[2024-04-28T15:59:00.864+0000] {logging_mixin.py:188} INFO - [2024-04-28T15:59:00.862+0000] {dag.py:3096} INFO - Sync 1 DAGs
[2024-04-28T15:59:00.914+0000] {logging_mixin.py:188} INFO - [2024-04-28T15:59:00.913+0000] {dag.py:3954} INFO - Setting next_dagrun for tutorial_dag to None, run_after=None
[2024-04-28T15:59:00.987+0000] {processor.py:183} INFO - Processing /home/airflow/.local/lib/python3.12/site-packages/airflow/example_dags/tutorial_dag.py took 0.256 seconds
[2024-04-28T15:59:31.466+0000] {processor.py:161} INFO - Started process (PID=220) to work on /home/airflow/.local/lib/python3.12/site-packages/airflow/example_dags/tutorial_dag.py
[2024-04-28T15:59:31.474+0000] {processor.py:830} INFO - Processing file /home/airflow/.local/lib/python3.12/site-packages/airflow/example_dags/tutorial_dag.py for tasks to queue
[2024-04-28T15:59:31.480+0000] {logging_mixin.py:188} INFO - [2024-04-28T15:59:31.478+0000] {dagbag.py:540} INFO - Filling up the DagBag from /home/airflow/.local/lib/python3.12/site-packages/airflow/example_dags/tutorial_dag.py
[2024-04-28T15:59:31.500+0000] {processor.py:840} INFO - DAG(s) 'tutorial_dag' retrieved from /home/airflow/.local/lib/python3.12/site-packages/airflow/example_dags/tutorial_dag.py
[2024-04-28T15:59:31.580+0000] {logging_mixin.py:188} INFO - [2024-04-28T15:59:31.578+0000] {dag.py:3096} INFO - Sync 1 DAGs
[2024-04-28T15:59:31.627+0000] {logging_mixin.py:188} INFO - [2024-04-28T15:59:31.626+0000] {dag.py:3954} INFO - Setting next_dagrun for tutorial_dag to None, run_after=None
[2024-04-28T15:59:31.698+0000] {processor.py:183} INFO - Processing /home/airflow/.local/lib/python3.12/site-packages/airflow/example_dags/tutorial_dag.py took 0.252 seconds
[2024-04-28T16:00:08.627+0000] {processor.py:161} INFO - Started process (PID=283) to work on /home/airflow/.local/lib/python3.12/site-packages/airflow/example_dags/tutorial_dag.py
[2024-04-28T16:00:08.638+0000] {processor.py:830} INFO - Processing file /home/airflow/.local/lib/python3.12/site-packages/airflow/example_dags/tutorial_dag.py for tasks to queue
[2024-04-28T16:00:08.653+0000] {logging_mixin.py:188} INFO - [2024-04-28T16:00:08.651+0000] {dagbag.py:540} INFO - Filling up the DagBag from /home/airflow/.local/lib/python3.12/site-packages/airflow/example_dags/tutorial_dag.py
[2024-04-28T16:00:08.689+0000] {processor.py:840} INFO - DAG(s) 'tutorial_dag' retrieved from /home/airflow/.local/lib/python3.12/site-packages/airflow/example_dags/tutorial_dag.py
[2024-04-28T16:00:08.795+0000] {logging_mixin.py:188} INFO - [2024-04-28T16:00:08.793+0000] {dag.py:3096} INFO - Sync 1 DAGs
[2024-04-28T16:00:08.859+0000] {logging_mixin.py:188} INFO - [2024-04-28T16:00:08.858+0000] {dag.py:3954} INFO - Setting next_dagrun for tutorial_dag to None, run_after=None
[2024-04-28T16:00:08.945+0000] {processor.py:183} INFO - Processing /home/airflow/.local/lib/python3.12/site-packages/airflow/example_dags/tutorial_dag.py took 0.347 seconds
[2024-04-28T16:00:39.358+0000] {processor.py:161} INFO - Started process (PID=346) to work on /home/airflow/.local/lib/python3.12/site-packages/airflow/example_dags/tutorial_dag.py
[2024-04-28T16:00:39.360+0000] {processor.py:830} INFO - Processing file /home/airflow/.local/lib/python3.12/site-packages/airflow/example_dags/tutorial_dag.py for tasks to queue
[2024-04-28T16:00:39.375+0000] {logging_mixin.py:188} INFO - [2024-04-28T16:00:39.373+0000] {dagbag.py:540} INFO - Filling up the DagBag from /home/airflow/.local/lib/python3.12/site-packages/airflow/example_dags/tutorial_dag.py
[2024-04-28T16:00:39.427+0000] {processor.py:840} INFO - DAG(s) 'tutorial_dag' retrieved from /home/airflow/.local/lib/python3.12/site-packages/airflow/example_dags/tutorial_dag.py
[2024-04-28T16:00:39.597+0000] {logging_mixin.py:188} INFO - [2024-04-28T16:00:39.595+0000] {dag.py:3096} INFO - Sync 1 DAGs
[2024-04-28T16:00:39.652+0000] {logging_mixin.py:188} INFO - [2024-04-28T16:00:39.651+0000] {dag.py:3954} INFO - Setting next_dagrun for tutorial_dag to None, run_after=None
[2024-04-28T16:00:39.738+0000] {processor.py:183} INFO - Processing /home/airflow/.local/lib/python3.12/site-packages/airflow/example_dags/tutorial_dag.py took 0.418 seconds
[2024-04-28T16:01:09.962+0000] {processor.py:161} INFO - Started process (PID=408) to work on /home/airflow/.local/lib/python3.12/site-packages/airflow/example_dags/tutorial_dag.py
[2024-04-28T16:01:09.966+0000] {processor.py:830} INFO - Processing file /home/airflow/.local/lib/python3.12/site-packages/airflow/example_dags/tutorial_dag.py for tasks to queue
[2024-04-28T16:01:09.973+0000] {logging_mixin.py:188} INFO - [2024-04-28T16:01:09.972+0000] {dagbag.py:540} INFO - Filling up the DagBag from /home/airflow/.local/lib/python3.12/site-packages/airflow/example_dags/tutorial_dag.py
[2024-04-28T16:01:09.992+0000] {processor.py:840} INFO - DAG(s) 'tutorial_dag' retrieved from /home/airflow/.local/lib/python3.12/site-packages/airflow/example_dags/tutorial_dag.py
[2024-04-28T16:01:10.089+0000] {logging_mixin.py:188} INFO - [2024-04-28T16:01:10.087+0000] {dag.py:3096} INFO - Sync 1 DAGs
[2024-04-28T16:01:10.155+0000] {logging_mixin.py:188} INFO - [2024-04-28T16:01:10.154+0000] {dag.py:3954} INFO - Setting next_dagrun for tutorial_dag to None, run_after=None
[2024-04-28T16:01:10.241+0000] {processor.py:183} INFO - Processing /home/airflow/.local/lib/python3.12/site-packages/airflow/example_dags/tutorial_dag.py took 0.299 seconds
[2024-04-28T16:01:40.627+0000] {processor.py:161} INFO - Started process (PID=471) to work on /home/airflow/.local/lib/python3.12/site-packages/airflow/example_dags/tutorial_dag.py
[2024-04-28T16:01:40.658+0000] {processor.py:830} INFO - Processing file /home/airflow/.local/lib/python3.12/site-packages/airflow/example_dags/tutorial_dag.py for tasks to queue
[2024-04-28T16:01:40.664+0000] {logging_mixin.py:188} INFO - [2024-04-28T16:01:40.663+0000] {dagbag.py:540} INFO - Filling up the DagBag from /home/airflow/.local/lib/python3.12/site-packages/airflow/example_dags/tutorial_dag.py
[2024-04-28T16:01:40.680+0000] {processor.py:840} INFO - DAG(s) 'tutorial_dag' retrieved from /home/airflow/.local/lib/python3.12/site-packages/airflow/example_dags/tutorial_dag.py
[2024-04-28T16:01:40.746+0000] {logging_mixin.py:188} INFO - [2024-04-28T16:01:40.744+0000] {dag.py:3096} INFO - Sync 1 DAGs
[2024-04-28T16:01:40.790+0000] {logging_mixin.py:188} INFO - [2024-04-28T16:01:40.789+0000] {dag.py:3954} INFO - Setting next_dagrun for tutorial_dag to None, run_after=None
[2024-04-28T16:01:40.856+0000] {processor.py:183} INFO - Processing /home/airflow/.local/lib/python3.12/site-packages/airflow/example_dags/tutorial_dag.py took 0.245 seconds
[2024-04-28T16:02:11.403+0000] {processor.py:161} INFO - Started process (PID=534) to work on /home/airflow/.local/lib/python3.12/site-packages/airflow/example_dags/tutorial_dag.py
[2024-04-28T16:02:11.406+0000] {processor.py:830} INFO - Processing file /home/airflow/.local/lib/python3.12/site-packages/airflow/example_dags/tutorial_dag.py for tasks to queue
[2024-04-28T16:02:11.411+0000] {logging_mixin.py:188} INFO - [2024-04-28T16:02:11.410+0000] {dagbag.py:540} INFO - Filling up the DagBag from /home/airflow/.local/lib/python3.12/site-packages/airflow/example_dags/tutorial_dag.py
[2024-04-28T16:02:11.430+0000] {processor.py:840} INFO - DAG(s) 'tutorial_dag' retrieved from /home/airflow/.local/lib/python3.12/site-packages/airflow/example_dags/tutorial_dag.py
[2024-04-28T16:02:11.521+0000] {logging_mixin.py:188} INFO - [2024-04-28T16:02:11.519+0000] {dag.py:3096} INFO - Sync 1 DAGs
[2024-04-28T16:02:11.580+0000] {logging_mixin.py:188} INFO - [2024-04-28T16:02:11.579+0000] {dag.py:3954} INFO - Setting next_dagrun for tutorial_dag to None, run_after=None
[2024-04-28T16:02:11.639+0000] {processor.py:183} INFO - Processing /home/airflow/.local/lib/python3.12/site-packages/airflow/example_dags/tutorial_dag.py took 0.261 seconds
[2024-04-28T16:02:42.693+0000] {processor.py:161} INFO - Started process (PID=597) to work on /home/airflow/.local/lib/python3.12/site-packages/airflow/example_dags/tutorial_dag.py
[2024-04-28T16:02:42.696+0000] {processor.py:830} INFO - Processing file /home/airflow/.local/lib/python3.12/site-packages/airflow/example_dags/tutorial_dag.py for tasks to queue
[2024-04-28T16:02:42.702+0000] {logging_mixin.py:188} INFO - [2024-04-28T16:02:42.701+0000] {dagbag.py:540} INFO - Filling up the DagBag from /home/airflow/.local/lib/python3.12/site-packages/airflow/example_dags/tutorial_dag.py
[2024-04-28T16:02:42.718+0000] {processor.py:840} INFO - DAG(s) 'tutorial_dag' retrieved from /home/airflow/.local/lib/python3.12/site-packages/airflow/example_dags/tutorial_dag.py
[2024-04-28T16:02:42.785+0000] {logging_mixin.py:188} INFO - [2024-04-28T16:02:42.783+0000] {dag.py:3096} INFO - Sync 1 DAGs
[2024-04-28T16:02:42.827+0000] {logging_mixin.py:188} INFO - [2024-04-28T16:02:42.826+0000] {dag.py:3954} INFO - Setting next_dagrun for tutorial_dag to None, run_after=None
[2024-04-28T16:02:42.889+0000] {processor.py:183} INFO - Processing /home/airflow/.local/lib/python3.12/site-packages/airflow/example_dags/tutorial_dag.py took 0.214 seconds
[2024-04-28T16:03:13.612+0000] {processor.py:161} INFO - Started process (PID=660) to work on /home/airflow/.local/lib/python3.12/site-packages/airflow/example_dags/tutorial_dag.py
[2024-04-28T16:03:13.615+0000] {processor.py:830} INFO - Processing file /home/airflow/.local/lib/python3.12/site-packages/airflow/example_dags/tutorial_dag.py for tasks to queue
[2024-04-28T16:03:13.623+0000] {logging_mixin.py:188} INFO - [2024-04-28T16:03:13.621+0000] {dagbag.py:540} INFO - Filling up the DagBag from /home/airflow/.local/lib/python3.12/site-packages/airflow/example_dags/tutorial_dag.py
[2024-04-28T16:03:13.645+0000] {processor.py:840} INFO - DAG(s) 'tutorial_dag' retrieved from /home/airflow/.local/lib/python3.12/site-packages/airflow/example_dags/tutorial_dag.py
[2024-04-28T16:03:13.757+0000] {logging_mixin.py:188} INFO - [2024-04-28T16:03:13.755+0000] {dag.py:3096} INFO - Sync 1 DAGs
[2024-04-28T16:03:13.821+0000] {logging_mixin.py:188} INFO - [2024-04-28T16:03:13.820+0000] {dag.py:3954} INFO - Setting next_dagrun for tutorial_dag to None, run_after=None
[2024-04-28T16:03:13.943+0000] {processor.py:183} INFO - Processing /home/airflow/.local/lib/python3.12/site-packages/airflow/example_dags/tutorial_dag.py took 0.354 seconds
[2024-04-28T16:03:44.098+0000] {processor.py:161} INFO - Started process (PID=723) to work on /home/airflow/.local/lib/python3.12/site-packages/airflow/example_dags/tutorial_dag.py
[2024-04-28T16:03:44.102+0000] {processor.py:830} INFO - Processing file /home/airflow/.local/lib/python3.12/site-packages/airflow/example_dags/tutorial_dag.py for tasks to queue
[2024-04-28T16:03:44.107+0000] {logging_mixin.py:188} INFO - [2024-04-28T16:03:44.106+0000] {dagbag.py:540} INFO - Filling up the DagBag from /home/airflow/.local/lib/python3.12/site-packages/airflow/example_dags/tutorial_dag.py
[2024-04-28T16:03:44.123+0000] {processor.py:840} INFO - DAG(s) 'tutorial_dag' retrieved from /home/airflow/.local/lib/python3.12/site-packages/airflow/example_dags/tutorial_dag.py
[2024-04-28T16:03:44.184+0000] {logging_mixin.py:188} INFO - [2024-04-28T16:03:44.182+0000] {dag.py:3096} INFO - Sync 1 DAGs
[2024-04-28T16:03:44.227+0000] {logging_mixin.py:188} INFO - [2024-04-28T16:03:44.226+0000] {dag.py:3954} INFO - Setting next_dagrun for tutorial_dag to None, run_after=None
[2024-04-28T16:03:44.321+0000] {processor.py:183} INFO - Processing /home/airflow/.local/lib/python3.12/site-packages/airflow/example_dags/tutorial_dag.py took 0.241 seconds
[2024-04-28T16:04:14.500+0000] {processor.py:161} INFO - Started process (PID=786) to work on /home/airflow/.local/lib/python3.12/site-packages/airflow/example_dags/tutorial_dag.py
[2024-04-28T16:04:14.503+0000] {processor.py:830} INFO - Processing file /home/airflow/.local/lib/python3.12/site-packages/airflow/example_dags/tutorial_dag.py for tasks to queue
[2024-04-28T16:04:14.508+0000] {logging_mixin.py:188} INFO - [2024-04-28T16:04:14.507+0000] {dagbag.py:540} INFO - Filling up the DagBag from /home/airflow/.local/lib/python3.12/site-packages/airflow/example_dags/tutorial_dag.py
[2024-04-28T16:04:14.524+0000] {processor.py:840} INFO - DAG(s) 'tutorial_dag' retrieved from /home/airflow/.local/lib/python3.12/site-packages/airflow/example_dags/tutorial_dag.py
[2024-04-28T16:04:14.593+0000] {logging_mixin.py:188} INFO - [2024-04-28T16:04:14.592+0000] {dag.py:3096} INFO - Sync 1 DAGs
[2024-04-28T16:04:14.634+0000] {logging_mixin.py:188} INFO - [2024-04-28T16:04:14.634+0000] {dag.py:3954} INFO - Setting next_dagrun for tutorial_dag to None, run_after=None
[2024-04-28T16:04:14.700+0000] {processor.py:183} INFO - Processing /home/airflow/.local/lib/python3.12/site-packages/airflow/example_dags/tutorial_dag.py took 0.216 seconds
[2024-04-28T16:04:45.119+0000] {processor.py:161} INFO - Started process (PID=849) to work on /home/airflow/.local/lib/python3.12/site-packages/airflow/example_dags/tutorial_dag.py
[2024-04-28T16:04:45.123+0000] {processor.py:830} INFO - Processing file /home/airflow/.local/lib/python3.12/site-packages/airflow/example_dags/tutorial_dag.py for tasks to queue
[2024-04-28T16:04:45.129+0000] {logging_mixin.py:188} INFO - [2024-04-28T16:04:45.128+0000] {dagbag.py:540} INFO - Filling up the DagBag from /home/airflow/.local/lib/python3.12/site-packages/airflow/example_dags/tutorial_dag.py
[2024-04-28T16:04:45.147+0000] {processor.py:840} INFO - DAG(s) 'tutorial_dag' retrieved from /home/airflow/.local/lib/python3.12/site-packages/airflow/example_dags/tutorial_dag.py
[2024-04-28T16:04:45.222+0000] {logging_mixin.py:188} INFO - [2024-04-28T16:04:45.221+0000] {dag.py:3096} INFO - Sync 1 DAGs
[2024-04-28T16:04:45.269+0000] {logging_mixin.py:188} INFO - [2024-04-28T16:04:45.268+0000] {dag.py:3954} INFO - Setting next_dagrun for tutorial_dag to None, run_after=None
[2024-04-28T16:04:45.356+0000] {processor.py:183} INFO - Processing /home/airflow/.local/lib/python3.12/site-packages/airflow/example_dags/tutorial_dag.py took 0.253 seconds
[2024-04-28T16:05:17.037+0000] {processor.py:161} INFO - Started process (PID=912) to work on /home/airflow/.local/lib/python3.12/site-packages/airflow/example_dags/tutorial_dag.py
[2024-04-28T16:05:17.040+0000] {processor.py:830} INFO - Processing file /home/airflow/.local/lib/python3.12/site-packages/airflow/example_dags/tutorial_dag.py for tasks to queue
[2024-04-28T16:05:17.050+0000] {logging_mixin.py:188} INFO - [2024-04-28T16:05:17.049+0000] {dagbag.py:540} INFO - Filling up the DagBag from /home/airflow/.local/lib/python3.12/site-packages/airflow/example_dags/tutorial_dag.py
[2024-04-28T16:05:17.074+0000] {processor.py:840} INFO - DAG(s) 'tutorial_dag' retrieved from /home/airflow/.local/lib/python3.12/site-packages/airflow/example_dags/tutorial_dag.py
[2024-04-28T16:05:17.156+0000] {logging_mixin.py:188} INFO - [2024-04-28T16:05:17.154+0000] {dag.py:3096} INFO - Sync 1 DAGs
[2024-04-28T16:05:17.219+0000] {logging_mixin.py:188} INFO - [2024-04-28T16:05:17.218+0000] {dag.py:3954} INFO - Setting next_dagrun for tutorial_dag to None, run_after=None
[2024-04-28T16:05:17.357+0000] {processor.py:183} INFO - Processing /home/airflow/.local/lib/python3.12/site-packages/airflow/example_dags/tutorial_dag.py took 0.343 seconds
[2024-04-28T16:05:47.777+0000] {processor.py:161} INFO - Started process (PID=976) to work on /home/airflow/.local/lib/python3.12/site-packages/airflow/example_dags/tutorial_dag.py
[2024-04-28T16:05:47.781+0000] {processor.py:830} INFO - Processing file /home/airflow/.local/lib/python3.12/site-packages/airflow/example_dags/tutorial_dag.py for tasks to queue
[2024-04-28T16:05:47.788+0000] {logging_mixin.py:188} INFO - [2024-04-28T16:05:47.786+0000] {dagbag.py:540} INFO - Filling up the DagBag from /home/airflow/.local/lib/python3.12/site-packages/airflow/example_dags/tutorial_dag.py
[2024-04-28T16:05:47.807+0000] {processor.py:840} INFO - DAG(s) 'tutorial_dag' retrieved from /home/airflow/.local/lib/python3.12/site-packages/airflow/example_dags/tutorial_dag.py
[2024-04-28T16:05:47.887+0000] {logging_mixin.py:188} INFO - [2024-04-28T16:05:47.885+0000] {dag.py:3096} INFO - Sync 1 DAGs
[2024-04-28T16:05:47.939+0000] {logging_mixin.py:188} INFO - [2024-04-28T16:05:47.938+0000] {dag.py:3954} INFO - Setting next_dagrun for tutorial_dag to None, run_after=None
[2024-04-28T16:05:48.020+0000] {processor.py:183} INFO - Processing /home/airflow/.local/lib/python3.12/site-packages/airflow/example_dags/tutorial_dag.py took 0.262 seconds
[2024-04-28T16:06:20.224+0000] {processor.py:161} INFO - Started process (PID=1039) to work on /home/airflow/.local/lib/python3.12/site-packages/airflow/example_dags/tutorial_dag.py
[2024-04-28T16:06:20.226+0000] {processor.py:830} INFO - Processing file /home/airflow/.local/lib/python3.12/site-packages/airflow/example_dags/tutorial_dag.py for tasks to queue
[2024-04-28T16:06:20.233+0000] {logging_mixin.py:188} INFO - [2024-04-28T16:06:20.231+0000] {dagbag.py:540} INFO - Filling up the DagBag from /home/airflow/.local/lib/python3.12/site-packages/airflow/example_dags/tutorial_dag.py
[2024-04-28T16:06:20.251+0000] {processor.py:840} INFO - DAG(s) 'tutorial_dag' retrieved from /home/airflow/.local/lib/python3.12/site-packages/airflow/example_dags/tutorial_dag.py
[2024-04-28T16:06:20.316+0000] {logging_mixin.py:188} INFO - [2024-04-28T16:06:20.314+0000] {dag.py:3096} INFO - Sync 1 DAGs
[2024-04-28T16:06:20.914+0000] {logging_mixin.py:188} INFO - [2024-04-28T16:06:20.913+0000] {dag.py:3954} INFO - Setting next_dagrun for tutorial_dag to None, run_after=None
[2024-04-28T16:06:20.992+0000] {processor.py:183} INFO - Processing /home/airflow/.local/lib/python3.12/site-packages/airflow/example_dags/tutorial_dag.py took 0.789 seconds
[2024-04-28T16:06:52.189+0000] {processor.py:161} INFO - Started process (PID=1102) to work on /home/airflow/.local/lib/python3.12/site-packages/airflow/example_dags/tutorial_dag.py
[2024-04-28T16:06:52.192+0000] {processor.py:830} INFO - Processing file /home/airflow/.local/lib/python3.12/site-packages/airflow/example_dags/tutorial_dag.py for tasks to queue
[2024-04-28T16:06:52.197+0000] {logging_mixin.py:188} INFO - [2024-04-28T16:06:52.196+0000] {dagbag.py:540} INFO - Filling up the DagBag from /home/airflow/.local/lib/python3.12/site-packages/airflow/example_dags/tutorial_dag.py
[2024-04-28T16:06:52.213+0000] {processor.py:840} INFO - DAG(s) 'tutorial_dag' retrieved from /home/airflow/.local/lib/python3.12/site-packages/airflow/example_dags/tutorial_dag.py
[2024-04-28T16:06:52.290+0000] {logging_mixin.py:188} INFO - [2024-04-28T16:06:52.286+0000] {dag.py:3096} INFO - Sync 1 DAGs
[2024-04-28T16:06:52.954+0000] {logging_mixin.py:188} INFO - [2024-04-28T16:06:52.954+0000] {dag.py:3954} INFO - Setting next_dagrun for tutorial_dag to None, run_after=None
[2024-04-28T16:06:53.007+0000] {processor.py:183} INFO - Processing /home/airflow/.local/lib/python3.12/site-packages/airflow/example_dags/tutorial_dag.py took 0.835 seconds
[2024-04-28T16:07:26.565+0000] {processor.py:161} INFO - Started process (PID=1167) to work on /home/airflow/.local/lib/python3.12/site-packages/airflow/example_dags/tutorial_dag.py
[2024-04-28T16:07:26.568+0000] {processor.py:830} INFO - Processing file /home/airflow/.local/lib/python3.12/site-packages/airflow/example_dags/tutorial_dag.py for tasks to queue
[2024-04-28T16:07:26.574+0000] {logging_mixin.py:188} INFO - [2024-04-28T16:07:26.573+0000] {dagbag.py:540} INFO - Filling up the DagBag from /home/airflow/.local/lib/python3.12/site-packages/airflow/example_dags/tutorial_dag.py
[2024-04-28T16:07:26.591+0000] {processor.py:840} INFO - DAG(s) 'tutorial_dag' retrieved from /home/airflow/.local/lib/python3.12/site-packages/airflow/example_dags/tutorial_dag.py
[2024-04-28T16:07:26.678+0000] {logging_mixin.py:188} INFO - [2024-04-28T16:07:26.677+0000] {dag.py:3096} INFO - Sync 1 DAGs
[2024-04-28T16:07:27.385+0000] {logging_mixin.py:188} INFO - [2024-04-28T16:07:27.383+0000] {dag.py:3954} INFO - Setting next_dagrun for tutorial_dag to None, run_after=None
[2024-04-28T16:07:27.463+0000] {processor.py:183} INFO - Processing /home/airflow/.local/lib/python3.12/site-packages/airflow/example_dags/tutorial_dag.py took 0.921 seconds
[2024-04-28T16:08:00.602+0000] {processor.py:161} INFO - Started process (PID=1231) to work on /home/airflow/.local/lib/python3.12/site-packages/airflow/example_dags/tutorial_dag.py
[2024-04-28T16:08:00.607+0000] {processor.py:830} INFO - Processing file /home/airflow/.local/lib/python3.12/site-packages/airflow/example_dags/tutorial_dag.py for tasks to queue
[2024-04-28T16:08:00.618+0000] {logging_mixin.py:188} INFO - [2024-04-28T16:08:00.614+0000] {dagbag.py:540} INFO - Filling up the DagBag from /home/airflow/.local/lib/python3.12/site-packages/airflow/example_dags/tutorial_dag.py
[2024-04-28T16:08:00.663+0000] {processor.py:840} INFO - DAG(s) 'tutorial_dag' retrieved from /home/airflow/.local/lib/python3.12/site-packages/airflow/example_dags/tutorial_dag.py
[2024-04-28T16:08:02.222+0000] {logging_mixin.py:188} INFO - [2024-04-28T16:08:02.220+0000] {dag.py:3096} INFO - Sync 1 DAGs
[2024-04-28T16:08:02.287+0000] {logging_mixin.py:188} INFO - [2024-04-28T16:08:02.281+0000] {dag.py:3954} INFO - Setting next_dagrun for tutorial_dag to None, run_after=None
[2024-04-28T16:08:02.433+0000] {processor.py:183} INFO - Processing /home/airflow/.local/lib/python3.12/site-packages/airflow/example_dags/tutorial_dag.py took 1.862 seconds
[2024-04-28T16:08:32.885+0000] {processor.py:161} INFO - Started process (PID=1300) to work on /home/airflow/.local/lib/python3.12/site-packages/airflow/example_dags/tutorial_dag.py
[2024-04-28T16:08:32.893+0000] {processor.py:830} INFO - Processing file /home/airflow/.local/lib/python3.12/site-packages/airflow/example_dags/tutorial_dag.py for tasks to queue
[2024-04-28T16:08:32.904+0000] {logging_mixin.py:188} INFO - [2024-04-28T16:08:32.903+0000] {dagbag.py:540} INFO - Filling up the DagBag from /home/airflow/.local/lib/python3.12/site-packages/airflow/example_dags/tutorial_dag.py
[2024-04-28T16:08:32.923+0000] {processor.py:840} INFO - DAG(s) 'tutorial_dag' retrieved from /home/airflow/.local/lib/python3.12/site-packages/airflow/example_dags/tutorial_dag.py
[2024-04-28T16:08:32.994+0000] {logging_mixin.py:188} INFO - [2024-04-28T16:08:32.992+0000] {dag.py:3096} INFO - Sync 1 DAGs
[2024-04-28T16:08:33.042+0000] {logging_mixin.py:188} INFO - [2024-04-28T16:08:33.041+0000] {dag.py:3954} INFO - Setting next_dagrun for tutorial_dag to None, run_after=None
[2024-04-28T16:08:33.121+0000] {processor.py:183} INFO - Processing /home/airflow/.local/lib/python3.12/site-packages/airflow/example_dags/tutorial_dag.py took 0.261 seconds
[2024-04-28T16:09:03.450+0000] {processor.py:161} INFO - Started process (PID=1363) to work on /home/airflow/.local/lib/python3.12/site-packages/airflow/example_dags/tutorial_dag.py
[2024-04-28T16:09:03.452+0000] {processor.py:830} INFO - Processing file /home/airflow/.local/lib/python3.12/site-packages/airflow/example_dags/tutorial_dag.py for tasks to queue
[2024-04-28T16:09:03.458+0000] {logging_mixin.py:188} INFO - [2024-04-28T16:09:03.457+0000] {dagbag.py:540} INFO - Filling up the DagBag from /home/airflow/.local/lib/python3.12/site-packages/airflow/example_dags/tutorial_dag.py
[2024-04-28T16:09:03.471+0000] {processor.py:840} INFO - DAG(s) 'tutorial_dag' retrieved from /home/airflow/.local/lib/python3.12/site-packages/airflow/example_dags/tutorial_dag.py
[2024-04-28T16:09:03.526+0000] {logging_mixin.py:188} INFO - [2024-04-28T16:09:03.523+0000] {dag.py:3096} INFO - Sync 1 DAGs
[2024-04-28T16:09:03.561+0000] {logging_mixin.py:188} INFO - [2024-04-28T16:09:03.560+0000] {dag.py:3954} INFO - Setting next_dagrun for tutorial_dag to None, run_after=None
[2024-04-28T16:09:03.611+0000] {processor.py:183} INFO - Processing /home/airflow/.local/lib/python3.12/site-packages/airflow/example_dags/tutorial_dag.py took 0.176 seconds
[2024-04-28T16:09:33.710+0000] {processor.py:161} INFO - Started process (PID=1426) to work on /home/airflow/.local/lib/python3.12/site-packages/airflow/example_dags/tutorial_dag.py
[2024-04-28T16:09:33.713+0000] {processor.py:830} INFO - Processing file /home/airflow/.local/lib/python3.12/site-packages/airflow/example_dags/tutorial_dag.py for tasks to queue
[2024-04-28T16:09:33.718+0000] {logging_mixin.py:188} INFO - [2024-04-28T16:09:33.717+0000] {dagbag.py:540} INFO - Filling up the DagBag from /home/airflow/.local/lib/python3.12/site-packages/airflow/example_dags/tutorial_dag.py
[2024-04-28T16:09:33.733+0000] {processor.py:840} INFO - DAG(s) 'tutorial_dag' retrieved from /home/airflow/.local/lib/python3.12/site-packages/airflow/example_dags/tutorial_dag.py
[2024-04-28T16:09:33.787+0000] {logging_mixin.py:188} INFO - [2024-04-28T16:09:33.786+0000] {dag.py:3096} INFO - Sync 1 DAGs
[2024-04-28T16:09:33.824+0000] {logging_mixin.py:188} INFO - [2024-04-28T16:09:33.823+0000] {dag.py:3954} INFO - Setting next_dagrun for tutorial_dag to None, run_after=None
[2024-04-28T16:09:33.875+0000] {processor.py:183} INFO - Processing /home/airflow/.local/lib/python3.12/site-packages/airflow/example_dags/tutorial_dag.py took 0.180 seconds
[2024-04-28T16:10:04.619+0000] {processor.py:161} INFO - Started process (PID=1489) to work on /home/airflow/.local/lib/python3.12/site-packages/airflow/example_dags/tutorial_dag.py
[2024-04-28T16:10:04.621+0000] {processor.py:830} INFO - Processing file /home/airflow/.local/lib/python3.12/site-packages/airflow/example_dags/tutorial_dag.py for tasks to queue
[2024-04-28T16:10:04.626+0000] {logging_mixin.py:188} INFO - [2024-04-28T16:10:04.626+0000] {dagbag.py:540} INFO - Filling up the DagBag from /home/airflow/.local/lib/python3.12/site-packages/airflow/example_dags/tutorial_dag.py
[2024-04-28T16:10:04.641+0000] {processor.py:840} INFO - DAG(s) 'tutorial_dag' retrieved from /home/airflow/.local/lib/python3.12/site-packages/airflow/example_dags/tutorial_dag.py
[2024-04-28T16:10:04.695+0000] {logging_mixin.py:188} INFO - [2024-04-28T16:10:04.694+0000] {dag.py:3096} INFO - Sync 1 DAGs
[2024-04-28T16:10:04.732+0000] {logging_mixin.py:188} INFO - [2024-04-28T16:10:04.731+0000] {dag.py:3954} INFO - Setting next_dagrun for tutorial_dag to None, run_after=None
[2024-04-28T16:10:04.781+0000] {processor.py:183} INFO - Processing /home/airflow/.local/lib/python3.12/site-packages/airflow/example_dags/tutorial_dag.py took 0.178 seconds
[2024-04-28T16:10:35.200+0000] {processor.py:161} INFO - Started process (PID=1552) to work on /home/airflow/.local/lib/python3.12/site-packages/airflow/example_dags/tutorial_dag.py
[2024-04-28T16:10:35.203+0000] {processor.py:830} INFO - Processing file /home/airflow/.local/lib/python3.12/site-packages/airflow/example_dags/tutorial_dag.py for tasks to queue
[2024-04-28T16:10:35.209+0000] {logging_mixin.py:188} INFO - [2024-04-28T16:10:35.208+0000] {dagbag.py:540} INFO - Filling up the DagBag from /home/airflow/.local/lib/python3.12/site-packages/airflow/example_dags/tutorial_dag.py
[2024-04-28T16:10:35.228+0000] {processor.py:840} INFO - DAG(s) 'tutorial_dag' retrieved from /home/airflow/.local/lib/python3.12/site-packages/airflow/example_dags/tutorial_dag.py
[2024-04-28T16:10:35.300+0000] {logging_mixin.py:188} INFO - [2024-04-28T16:10:35.298+0000] {dag.py:3096} INFO - Sync 1 DAGs
[2024-04-28T16:10:35.352+0000] {logging_mixin.py:188} INFO - [2024-04-28T16:10:35.352+0000] {dag.py:3954} INFO - Setting next_dagrun for tutorial_dag to None, run_after=None
[2024-04-28T16:10:35.423+0000] {processor.py:183} INFO - Processing /home/airflow/.local/lib/python3.12/site-packages/airflow/example_dags/tutorial_dag.py took 0.246 seconds
[2024-04-28T16:11:05.766+0000] {processor.py:161} INFO - Started process (PID=1614) to work on /home/airflow/.local/lib/python3.12/site-packages/airflow/example_dags/tutorial_dag.py
[2024-04-28T16:11:05.770+0000] {processor.py:830} INFO - Processing file /home/airflow/.local/lib/python3.12/site-packages/airflow/example_dags/tutorial_dag.py for tasks to queue
[2024-04-28T16:11:05.777+0000] {logging_mixin.py:188} INFO - [2024-04-28T16:11:05.775+0000] {dagbag.py:540} INFO - Filling up the DagBag from /home/airflow/.local/lib/python3.12/site-packages/airflow/example_dags/tutorial_dag.py
[2024-04-28T16:11:05.797+0000] {processor.py:840} INFO - DAG(s) 'tutorial_dag' retrieved from /home/airflow/.local/lib/python3.12/site-packages/airflow/example_dags/tutorial_dag.py
[2024-04-28T16:11:05.865+0000] {logging_mixin.py:188} INFO - [2024-04-28T16:11:05.863+0000] {dag.py:3096} INFO - Sync 1 DAGs
[2024-04-28T16:11:05.908+0000] {logging_mixin.py:188} INFO - [2024-04-28T16:11:05.907+0000] {dag.py:3954} INFO - Setting next_dagrun for tutorial_dag to None, run_after=None
[2024-04-28T16:11:05.999+0000] {processor.py:183} INFO - Processing /home/airflow/.local/lib/python3.12/site-packages/airflow/example_dags/tutorial_dag.py took 0.252 seconds
[2024-04-28T16:11:36.350+0000] {processor.py:161} INFO - Started process (PID=1677) to work on /home/airflow/.local/lib/python3.12/site-packages/airflow/example_dags/tutorial_dag.py
[2024-04-28T16:11:36.352+0000] {processor.py:830} INFO - Processing file /home/airflow/.local/lib/python3.12/site-packages/airflow/example_dags/tutorial_dag.py for tasks to queue
[2024-04-28T16:11:36.357+0000] {logging_mixin.py:188} INFO - [2024-04-28T16:11:36.356+0000] {dagbag.py:540} INFO - Filling up the DagBag from /home/airflow/.local/lib/python3.12/site-packages/airflow/example_dags/tutorial_dag.py
[2024-04-28T16:11:36.373+0000] {processor.py:840} INFO - DAG(s) 'tutorial_dag' retrieved from /home/airflow/.local/lib/python3.12/site-packages/airflow/example_dags/tutorial_dag.py
[2024-04-28T16:11:36.438+0000] {logging_mixin.py:188} INFO - [2024-04-28T16:11:36.436+0000] {dag.py:3096} INFO - Sync 1 DAGs
[2024-04-28T16:11:36.480+0000] {logging_mixin.py:188} INFO - [2024-04-28T16:11:36.480+0000] {dag.py:3954} INFO - Setting next_dagrun for tutorial_dag to None, run_after=None
[2024-04-28T16:11:36.537+0000] {processor.py:183} INFO - Processing /home/airflow/.local/lib/python3.12/site-packages/airflow/example_dags/tutorial_dag.py took 0.204 seconds
[2024-04-28T16:12:06.955+0000] {processor.py:161} INFO - Started process (PID=1740) to work on /home/airflow/.local/lib/python3.12/site-packages/airflow/example_dags/tutorial_dag.py
[2024-04-28T16:12:06.964+0000] {processor.py:830} INFO - Processing file /home/airflow/.local/lib/python3.12/site-packages/airflow/example_dags/tutorial_dag.py for tasks to queue
[2024-04-28T16:12:06.982+0000] {logging_mixin.py:188} INFO - [2024-04-28T16:12:06.979+0000] {dagbag.py:540} INFO - Filling up the DagBag from /home/airflow/.local/lib/python3.12/site-packages/airflow/example_dags/tutorial_dag.py
[2024-04-28T16:12:07.007+0000] {processor.py:840} INFO - DAG(s) 'tutorial_dag' retrieved from /home/airflow/.local/lib/python3.12/site-packages/airflow/example_dags/tutorial_dag.py
[2024-04-28T16:12:07.121+0000] {logging_mixin.py:188} INFO - [2024-04-28T16:12:07.119+0000] {dag.py:3096} INFO - Sync 1 DAGs
[2024-04-28T16:12:07.250+0000] {logging_mixin.py:188} INFO - [2024-04-28T16:12:07.250+0000] {dag.py:3954} INFO - Setting next_dagrun for tutorial_dag to None, run_after=None
[2024-04-28T16:12:07.422+0000] {processor.py:183} INFO - Processing /home/airflow/.local/lib/python3.12/site-packages/airflow/example_dags/tutorial_dag.py took 0.550 seconds
[2024-04-28T16:12:40.973+0000] {processor.py:161} INFO - Started process (PID=1804) to work on /home/airflow/.local/lib/python3.12/site-packages/airflow/example_dags/tutorial_dag.py
[2024-04-28T16:12:40.975+0000] {processor.py:830} INFO - Processing file /home/airflow/.local/lib/python3.12/site-packages/airflow/example_dags/tutorial_dag.py for tasks to queue
[2024-04-28T16:12:40.983+0000] {logging_mixin.py:188} INFO - [2024-04-28T16:12:40.981+0000] {dagbag.py:540} INFO - Filling up the DagBag from /home/airflow/.local/lib/python3.12/site-packages/airflow/example_dags/tutorial_dag.py
[2024-04-28T16:12:41.005+0000] {processor.py:840} INFO - DAG(s) 'tutorial_dag' retrieved from /home/airflow/.local/lib/python3.12/site-packages/airflow/example_dags/tutorial_dag.py
[2024-04-28T16:12:41.098+0000] {logging_mixin.py:188} INFO - [2024-04-28T16:12:41.096+0000] {dag.py:3096} INFO - Sync 1 DAGs
[2024-04-28T16:12:41.175+0000] {logging_mixin.py:188} INFO - [2024-04-28T16:12:41.174+0000] {dag.py:3954} INFO - Setting next_dagrun for tutorial_dag to None, run_after=None
[2024-04-28T16:12:41.410+0000] {processor.py:183} INFO - Processing /home/airflow/.local/lib/python3.12/site-packages/airflow/example_dags/tutorial_dag.py took 0.462 seconds
[2024-04-28T16:13:12.502+0000] {processor.py:161} INFO - Started process (PID=1867) to work on /home/airflow/.local/lib/python3.12/site-packages/airflow/example_dags/tutorial_dag.py
[2024-04-28T16:13:12.518+0000] {processor.py:830} INFO - Processing file /home/airflow/.local/lib/python3.12/site-packages/airflow/example_dags/tutorial_dag.py for tasks to queue
[2024-04-28T16:13:12.549+0000] {logging_mixin.py:188} INFO - [2024-04-28T16:13:12.547+0000] {dagbag.py:540} INFO - Filling up the DagBag from /home/airflow/.local/lib/python3.12/site-packages/airflow/example_dags/tutorial_dag.py
[2024-04-28T16:13:12.651+0000] {processor.py:840} INFO - DAG(s) 'tutorial_dag' retrieved from /home/airflow/.local/lib/python3.12/site-packages/airflow/example_dags/tutorial_dag.py
[2024-04-28T16:13:12.933+0000] {logging_mixin.py:188} INFO - [2024-04-28T16:13:12.931+0000] {dag.py:3096} INFO - Sync 1 DAGs
[2024-04-28T16:13:13.026+0000] {logging_mixin.py:188} INFO - [2024-04-28T16:13:13.025+0000] {dag.py:3954} INFO - Setting next_dagrun for tutorial_dag to None, run_after=None
[2024-04-28T16:13:13.141+0000] {processor.py:183} INFO - Processing /home/airflow/.local/lib/python3.12/site-packages/airflow/example_dags/tutorial_dag.py took 0.739 seconds
[2024-04-28T16:33:53.658+0000] {processor.py:161} INFO - Started process (PID=96) to work on /home/airflow/.local/lib/python3.12/site-packages/airflow/example_dags/tutorial_dag.py
[2024-04-28T16:33:53.666+0000] {processor.py:830} INFO - Processing file /home/airflow/.local/lib/python3.12/site-packages/airflow/example_dags/tutorial_dag.py for tasks to queue
[2024-04-28T16:33:53.683+0000] {logging_mixin.py:188} INFO - [2024-04-28T16:33:53.682+0000] {dagbag.py:540} INFO - Filling up the DagBag from /home/airflow/.local/lib/python3.12/site-packages/airflow/example_dags/tutorial_dag.py
[2024-04-28T16:33:53.754+0000] {processor.py:840} INFO - DAG(s) 'tutorial_dag' retrieved from /home/airflow/.local/lib/python3.12/site-packages/airflow/example_dags/tutorial_dag.py
[2024-04-28T16:33:54.402+0000] {logging_mixin.py:188} INFO - [2024-04-28T16:33:54.399+0000] {dag.py:3096} INFO - Sync 1 DAGs
[2024-04-28T16:33:54.478+0000] {logging_mixin.py:188} INFO - [2024-04-28T16:33:54.477+0000] {dag.py:3954} INFO - Setting next_dagrun for tutorial_dag to None, run_after=None
[2024-04-28T16:33:54.667+0000] {processor.py:183} INFO - Processing /home/airflow/.local/lib/python3.12/site-packages/airflow/example_dags/tutorial_dag.py took 1.056 seconds
[2024-04-28T16:34:25.208+0000] {processor.py:161} INFO - Started process (PID=158) to work on /home/airflow/.local/lib/python3.12/site-packages/airflow/example_dags/tutorial_dag.py
[2024-04-28T16:34:25.222+0000] {processor.py:830} INFO - Processing file /home/airflow/.local/lib/python3.12/site-packages/airflow/example_dags/tutorial_dag.py for tasks to queue
[2024-04-28T16:34:25.229+0000] {logging_mixin.py:188} INFO - [2024-04-28T16:34:25.228+0000] {dagbag.py:540} INFO - Filling up the DagBag from /home/airflow/.local/lib/python3.12/site-packages/airflow/example_dags/tutorial_dag.py
[2024-04-28T16:34:25.260+0000] {processor.py:840} INFO - DAG(s) 'tutorial_dag' retrieved from /home/airflow/.local/lib/python3.12/site-packages/airflow/example_dags/tutorial_dag.py
[2024-04-28T16:34:25.369+0000] {logging_mixin.py:188} INFO - [2024-04-28T16:34:25.364+0000] {dag.py:3096} INFO - Sync 1 DAGs
[2024-04-28T16:34:25.429+0000] {logging_mixin.py:188} INFO - [2024-04-28T16:34:25.428+0000] {dag.py:3954} INFO - Setting next_dagrun for tutorial_dag to None, run_after=None
[2024-04-28T16:34:25.599+0000] {processor.py:183} INFO - Processing /home/airflow/.local/lib/python3.12/site-packages/airflow/example_dags/tutorial_dag.py took 0.453 seconds
[2024-04-28T16:43:36.945+0000] {processor.py:161} INFO - Started process (PID=82) to work on /home/airflow/.local/lib/python3.12/site-packages/airflow/example_dags/tutorial_dag.py
[2024-04-28T16:43:36.948+0000] {processor.py:830} INFO - Processing file /home/airflow/.local/lib/python3.12/site-packages/airflow/example_dags/tutorial_dag.py for tasks to queue
[2024-04-28T16:43:36.954+0000] {logging_mixin.py:188} INFO - [2024-04-28T16:43:36.953+0000] {dagbag.py:540} INFO - Filling up the DagBag from /home/airflow/.local/lib/python3.12/site-packages/airflow/example_dags/tutorial_dag.py
[2024-04-28T16:43:36.976+0000] {processor.py:840} INFO - DAG(s) 'tutorial_dag' retrieved from /home/airflow/.local/lib/python3.12/site-packages/airflow/example_dags/tutorial_dag.py
[2024-04-28T16:43:37.397+0000] {logging_mixin.py:188} INFO - [2024-04-28T16:43:37.395+0000] {dag.py:3096} INFO - Sync 1 DAGs
[2024-04-28T16:43:37.437+0000] {logging_mixin.py:188} INFO - [2024-04-28T16:43:37.436+0000] {dag.py:3954} INFO - Setting next_dagrun for tutorial_dag to None, run_after=None
[2024-04-28T16:43:37.502+0000] {processor.py:183} INFO - Processing /home/airflow/.local/lib/python3.12/site-packages/airflow/example_dags/tutorial_dag.py took 0.575 seconds
[2024-04-28T16:44:08.093+0000] {processor.py:161} INFO - Started process (PID=145) to work on /home/airflow/.local/lib/python3.12/site-packages/airflow/example_dags/tutorial_dag.py
[2024-04-28T16:44:08.095+0000] {processor.py:830} INFO - Processing file /home/airflow/.local/lib/python3.12/site-packages/airflow/example_dags/tutorial_dag.py for tasks to queue
[2024-04-28T16:44:08.102+0000] {logging_mixin.py:188} INFO - [2024-04-28T16:44:08.101+0000] {dagbag.py:540} INFO - Filling up the DagBag from /home/airflow/.local/lib/python3.12/site-packages/airflow/example_dags/tutorial_dag.py
[2024-04-28T16:44:08.120+0000] {processor.py:840} INFO - DAG(s) 'tutorial_dag' retrieved from /home/airflow/.local/lib/python3.12/site-packages/airflow/example_dags/tutorial_dag.py
[2024-04-28T16:44:08.199+0000] {logging_mixin.py:188} INFO - [2024-04-28T16:44:08.197+0000] {dag.py:3096} INFO - Sync 1 DAGs
[2024-04-28T16:44:08.253+0000] {logging_mixin.py:188} INFO - [2024-04-28T16:44:08.253+0000] {dag.py:3954} INFO - Setting next_dagrun for tutorial_dag to None, run_after=None
[2024-04-28T16:44:08.325+0000] {processor.py:183} INFO - Processing /home/airflow/.local/lib/python3.12/site-packages/airflow/example_dags/tutorial_dag.py took 0.253 seconds
[2024-04-28T16:44:38.691+0000] {processor.py:161} INFO - Started process (PID=208) to work on /home/airflow/.local/lib/python3.12/site-packages/airflow/example_dags/tutorial_dag.py
[2024-04-28T16:44:38.695+0000] {processor.py:830} INFO - Processing file /home/airflow/.local/lib/python3.12/site-packages/airflow/example_dags/tutorial_dag.py for tasks to queue
[2024-04-28T16:44:38.703+0000] {logging_mixin.py:188} INFO - [2024-04-28T16:44:38.701+0000] {dagbag.py:540} INFO - Filling up the DagBag from /home/airflow/.local/lib/python3.12/site-packages/airflow/example_dags/tutorial_dag.py
[2024-04-28T16:44:38.730+0000] {processor.py:840} INFO - DAG(s) 'tutorial_dag' retrieved from /home/airflow/.local/lib/python3.12/site-packages/airflow/example_dags/tutorial_dag.py
[2024-04-28T16:44:38.865+0000] {logging_mixin.py:188} INFO - [2024-04-28T16:44:38.863+0000] {dag.py:3096} INFO - Sync 1 DAGs
[2024-04-28T16:44:38.954+0000] {logging_mixin.py:188} INFO - [2024-04-28T16:44:38.953+0000] {dag.py:3954} INFO - Setting next_dagrun for tutorial_dag to None, run_after=None
[2024-04-28T16:44:39.079+0000] {processor.py:183} INFO - Processing /home/airflow/.local/lib/python3.12/site-packages/airflow/example_dags/tutorial_dag.py took 0.411 seconds
[2024-04-28T16:45:09.853+0000] {processor.py:161} INFO - Started process (PID=271) to work on /home/airflow/.local/lib/python3.12/site-packages/airflow/example_dags/tutorial_dag.py
[2024-04-28T16:45:09.856+0000] {processor.py:830} INFO - Processing file /home/airflow/.local/lib/python3.12/site-packages/airflow/example_dags/tutorial_dag.py for tasks to queue
[2024-04-28T16:45:09.864+0000] {logging_mixin.py:188} INFO - [2024-04-28T16:45:09.863+0000] {dagbag.py:540} INFO - Filling up the DagBag from /home/airflow/.local/lib/python3.12/site-packages/airflow/example_dags/tutorial_dag.py
[2024-04-28T16:45:09.888+0000] {processor.py:840} INFO - DAG(s) 'tutorial_dag' retrieved from /home/airflow/.local/lib/python3.12/site-packages/airflow/example_dags/tutorial_dag.py
[2024-04-28T16:45:10.046+0000] {logging_mixin.py:188} INFO - [2024-04-28T16:45:10.040+0000] {dag.py:3096} INFO - Sync 1 DAGs
[2024-04-28T16:45:10.148+0000] {logging_mixin.py:188} INFO - [2024-04-28T16:45:10.144+0000] {dag.py:3954} INFO - Setting next_dagrun for tutorial_dag to None, run_after=None
[2024-04-28T16:45:10.281+0000] {processor.py:183} INFO - Processing /home/airflow/.local/lib/python3.12/site-packages/airflow/example_dags/tutorial_dag.py took 0.450 seconds
[2024-04-28T16:45:40.409+0000] {processor.py:161} INFO - Started process (PID=334) to work on /home/airflow/.local/lib/python3.12/site-packages/airflow/example_dags/tutorial_dag.py
[2024-04-28T16:45:40.446+0000] {processor.py:830} INFO - Processing file /home/airflow/.local/lib/python3.12/site-packages/airflow/example_dags/tutorial_dag.py for tasks to queue
[2024-04-28T16:45:40.452+0000] {logging_mixin.py:188} INFO - [2024-04-28T16:45:40.451+0000] {dagbag.py:540} INFO - Filling up the DagBag from /home/airflow/.local/lib/python3.12/site-packages/airflow/example_dags/tutorial_dag.py
[2024-04-28T16:45:40.468+0000] {processor.py:840} INFO - DAG(s) 'tutorial_dag' retrieved from /home/airflow/.local/lib/python3.12/site-packages/airflow/example_dags/tutorial_dag.py
[2024-04-28T16:45:40.534+0000] {logging_mixin.py:188} INFO - [2024-04-28T16:45:40.533+0000] {dag.py:3096} INFO - Sync 1 DAGs
[2024-04-28T16:45:40.577+0000] {logging_mixin.py:188} INFO - [2024-04-28T16:45:40.576+0000] {dag.py:3954} INFO - Setting next_dagrun for tutorial_dag to None, run_after=None
[2024-04-28T16:45:40.640+0000] {processor.py:183} INFO - Processing /home/airflow/.local/lib/python3.12/site-packages/airflow/example_dags/tutorial_dag.py took 0.245 seconds
[2024-04-28T16:46:11.776+0000] {processor.py:161} INFO - Started process (PID=397) to work on /home/airflow/.local/lib/python3.12/site-packages/airflow/example_dags/tutorial_dag.py
[2024-04-28T16:46:11.779+0000] {processor.py:830} INFO - Processing file /home/airflow/.local/lib/python3.12/site-packages/airflow/example_dags/tutorial_dag.py for tasks to queue
[2024-04-28T16:46:11.786+0000] {logging_mixin.py:188} INFO - [2024-04-28T16:46:11.785+0000] {dagbag.py:540} INFO - Filling up the DagBag from /home/airflow/.local/lib/python3.12/site-packages/airflow/example_dags/tutorial_dag.py
[2024-04-28T16:46:11.802+0000] {processor.py:840} INFO - DAG(s) 'tutorial_dag' retrieved from /home/airflow/.local/lib/python3.12/site-packages/airflow/example_dags/tutorial_dag.py
[2024-04-28T16:46:11.864+0000] {logging_mixin.py:188} INFO - [2024-04-28T16:46:11.863+0000] {dag.py:3096} INFO - Sync 1 DAGs
[2024-04-28T16:46:11.910+0000] {logging_mixin.py:188} INFO - [2024-04-28T16:46:11.909+0000] {dag.py:3954} INFO - Setting next_dagrun for tutorial_dag to None, run_after=None
[2024-04-28T16:46:11.971+0000] {processor.py:183} INFO - Processing /home/airflow/.local/lib/python3.12/site-packages/airflow/example_dags/tutorial_dag.py took 0.211 seconds
[2024-04-28T16:46:42.325+0000] {processor.py:161} INFO - Started process (PID=460) to work on /home/airflow/.local/lib/python3.12/site-packages/airflow/example_dags/tutorial_dag.py
[2024-04-28T16:46:42.328+0000] {processor.py:830} INFO - Processing file /home/airflow/.local/lib/python3.12/site-packages/airflow/example_dags/tutorial_dag.py for tasks to queue
[2024-04-28T16:46:42.334+0000] {logging_mixin.py:188} INFO - [2024-04-28T16:46:42.332+0000] {dagbag.py:540} INFO - Filling up the DagBag from /home/airflow/.local/lib/python3.12/site-packages/airflow/example_dags/tutorial_dag.py
[2024-04-28T16:46:42.351+0000] {processor.py:840} INFO - DAG(s) 'tutorial_dag' retrieved from /home/airflow/.local/lib/python3.12/site-packages/airflow/example_dags/tutorial_dag.py
[2024-04-28T16:46:42.418+0000] {logging_mixin.py:188} INFO - [2024-04-28T16:46:42.416+0000] {dag.py:3096} INFO - Sync 1 DAGs
[2024-04-28T16:46:42.459+0000] {logging_mixin.py:188} INFO - [2024-04-28T16:46:42.459+0000] {dag.py:3954} INFO - Setting next_dagrun for tutorial_dag to None, run_after=None
[2024-04-28T16:46:42.523+0000] {processor.py:183} INFO - Processing /home/airflow/.local/lib/python3.12/site-packages/airflow/example_dags/tutorial_dag.py took 0.215 seconds
[2024-04-28T16:47:13.407+0000] {processor.py:161} INFO - Started process (PID=523) to work on /home/airflow/.local/lib/python3.12/site-packages/airflow/example_dags/tutorial_dag.py
[2024-04-28T16:47:13.412+0000] {processor.py:830} INFO - Processing file /home/airflow/.local/lib/python3.12/site-packages/airflow/example_dags/tutorial_dag.py for tasks to queue
[2024-04-28T16:47:13.425+0000] {logging_mixin.py:188} INFO - [2024-04-28T16:47:13.423+0000] {dagbag.py:540} INFO - Filling up the DagBag from /home/airflow/.local/lib/python3.12/site-packages/airflow/example_dags/tutorial_dag.py
[2024-04-28T16:47:13.445+0000] {processor.py:840} INFO - DAG(s) 'tutorial_dag' retrieved from /home/airflow/.local/lib/python3.12/site-packages/airflow/example_dags/tutorial_dag.py
[2024-04-28T16:47:13.567+0000] {logging_mixin.py:188} INFO - [2024-04-28T16:47:13.566+0000] {dag.py:3096} INFO - Sync 1 DAGs
[2024-04-28T16:47:13.634+0000] {logging_mixin.py:188} INFO - [2024-04-28T16:47:13.633+0000] {dag.py:3954} INFO - Setting next_dagrun for tutorial_dag to None, run_after=None
[2024-04-28T16:47:13.728+0000] {processor.py:183} INFO - Processing /home/airflow/.local/lib/python3.12/site-packages/airflow/example_dags/tutorial_dag.py took 0.369 seconds
[2024-04-28T16:47:44.435+0000] {processor.py:161} INFO - Started process (PID=586) to work on /home/airflow/.local/lib/python3.12/site-packages/airflow/example_dags/tutorial_dag.py
[2024-04-28T16:47:44.438+0000] {processor.py:830} INFO - Processing file /home/airflow/.local/lib/python3.12/site-packages/airflow/example_dags/tutorial_dag.py for tasks to queue
[2024-04-28T16:47:44.444+0000] {logging_mixin.py:188} INFO - [2024-04-28T16:47:44.443+0000] {dagbag.py:540} INFO - Filling up the DagBag from /home/airflow/.local/lib/python3.12/site-packages/airflow/example_dags/tutorial_dag.py
[2024-04-28T16:47:44.461+0000] {processor.py:840} INFO - DAG(s) 'tutorial_dag' retrieved from /home/airflow/.local/lib/python3.12/site-packages/airflow/example_dags/tutorial_dag.py
[2024-04-28T16:47:44.552+0000] {logging_mixin.py:188} INFO - [2024-04-28T16:47:44.549+0000] {dag.py:3096} INFO - Sync 1 DAGs
[2024-04-28T16:47:44.601+0000] {logging_mixin.py:188} INFO - [2024-04-28T16:47:44.600+0000] {dag.py:3954} INFO - Setting next_dagrun for tutorial_dag to None, run_after=None
[2024-04-28T16:47:44.659+0000] {processor.py:183} INFO - Processing /home/airflow/.local/lib/python3.12/site-packages/airflow/example_dags/tutorial_dag.py took 0.241 seconds
[2024-04-28T16:48:14.942+0000] {processor.py:161} INFO - Started process (PID=650) to work on /home/airflow/.local/lib/python3.12/site-packages/airflow/example_dags/tutorial_dag.py
[2024-04-28T16:48:14.944+0000] {processor.py:830} INFO - Processing file /home/airflow/.local/lib/python3.12/site-packages/airflow/example_dags/tutorial_dag.py for tasks to queue
[2024-04-28T16:48:14.951+0000] {logging_mixin.py:188} INFO - [2024-04-28T16:48:14.949+0000] {dagbag.py:540} INFO - Filling up the DagBag from /home/airflow/.local/lib/python3.12/site-packages/airflow/example_dags/tutorial_dag.py
[2024-04-28T16:48:14.969+0000] {processor.py:840} INFO - DAG(s) 'tutorial_dag' retrieved from /home/airflow/.local/lib/python3.12/site-packages/airflow/example_dags/tutorial_dag.py
[2024-04-28T16:48:15.032+0000] {logging_mixin.py:188} INFO - [2024-04-28T16:48:15.030+0000] {dag.py:3096} INFO - Sync 1 DAGs
[2024-04-28T16:48:15.082+0000] {logging_mixin.py:188} INFO - [2024-04-28T16:48:15.081+0000] {dag.py:3954} INFO - Setting next_dagrun for tutorial_dag to None, run_after=None
[2024-04-28T16:48:15.165+0000] {processor.py:183} INFO - Processing /home/airflow/.local/lib/python3.12/site-packages/airflow/example_dags/tutorial_dag.py took 0.240 seconds
[2024-04-28T16:48:45.409+0000] {processor.py:161} INFO - Started process (PID=713) to work on /home/airflow/.local/lib/python3.12/site-packages/airflow/example_dags/tutorial_dag.py
[2024-04-28T16:48:45.411+0000] {processor.py:830} INFO - Processing file /home/airflow/.local/lib/python3.12/site-packages/airflow/example_dags/tutorial_dag.py for tasks to queue
[2024-04-28T16:48:45.417+0000] {logging_mixin.py:188} INFO - [2024-04-28T16:48:45.416+0000] {dagbag.py:540} INFO - Filling up the DagBag from /home/airflow/.local/lib/python3.12/site-packages/airflow/example_dags/tutorial_dag.py
[2024-04-28T16:48:45.434+0000] {processor.py:840} INFO - DAG(s) 'tutorial_dag' retrieved from /home/airflow/.local/lib/python3.12/site-packages/airflow/example_dags/tutorial_dag.py
[2024-04-28T16:48:45.498+0000] {logging_mixin.py:188} INFO - [2024-04-28T16:48:45.497+0000] {dag.py:3096} INFO - Sync 1 DAGs
[2024-04-28T16:48:45.539+0000] {logging_mixin.py:188} INFO - [2024-04-28T16:48:45.538+0000] {dag.py:3954} INFO - Setting next_dagrun for tutorial_dag to None, run_after=None
[2024-04-28T16:48:45.596+0000] {processor.py:183} INFO - Processing /home/airflow/.local/lib/python3.12/site-packages/airflow/example_dags/tutorial_dag.py took 0.204 seconds
[2024-04-28T16:49:16.257+0000] {processor.py:161} INFO - Started process (PID=776) to work on /home/airflow/.local/lib/python3.12/site-packages/airflow/example_dags/tutorial_dag.py
[2024-04-28T16:49:16.261+0000] {processor.py:830} INFO - Processing file /home/airflow/.local/lib/python3.12/site-packages/airflow/example_dags/tutorial_dag.py for tasks to queue
[2024-04-28T16:49:16.270+0000] {logging_mixin.py:188} INFO - [2024-04-28T16:49:16.268+0000] {dagbag.py:540} INFO - Filling up the DagBag from /home/airflow/.local/lib/python3.12/site-packages/airflow/example_dags/tutorial_dag.py
[2024-04-28T16:49:16.294+0000] {processor.py:840} INFO - DAG(s) 'tutorial_dag' retrieved from /home/airflow/.local/lib/python3.12/site-packages/airflow/example_dags/tutorial_dag.py
[2024-04-28T16:49:16.386+0000] {logging_mixin.py:188} INFO - [2024-04-28T16:49:16.385+0000] {dag.py:3096} INFO - Sync 1 DAGs
[2024-04-28T16:49:16.446+0000] {logging_mixin.py:188} INFO - [2024-04-28T16:49:16.445+0000] {dag.py:3954} INFO - Setting next_dagrun for tutorial_dag to None, run_after=None
[2024-04-28T16:49:16.544+0000] {processor.py:183} INFO - Processing /home/airflow/.local/lib/python3.12/site-packages/airflow/example_dags/tutorial_dag.py took 0.309 seconds
[2024-04-28T16:49:47.475+0000] {processor.py:161} INFO - Started process (PID=839) to work on /home/airflow/.local/lib/python3.12/site-packages/airflow/example_dags/tutorial_dag.py
[2024-04-28T16:49:47.482+0000] {processor.py:830} INFO - Processing file /home/airflow/.local/lib/python3.12/site-packages/airflow/example_dags/tutorial_dag.py for tasks to queue
[2024-04-28T16:49:47.489+0000] {logging_mixin.py:188} INFO - [2024-04-28T16:49:47.487+0000] {dagbag.py:540} INFO - Filling up the DagBag from /home/airflow/.local/lib/python3.12/site-packages/airflow/example_dags/tutorial_dag.py
[2024-04-28T16:49:47.507+0000] {processor.py:840} INFO - DAG(s) 'tutorial_dag' retrieved from /home/airflow/.local/lib/python3.12/site-packages/airflow/example_dags/tutorial_dag.py
[2024-04-28T16:49:47.572+0000] {logging_mixin.py:188} INFO - [2024-04-28T16:49:47.570+0000] {dag.py:3096} INFO - Sync 1 DAGs
[2024-04-28T16:49:47.619+0000] {logging_mixin.py:188} INFO - [2024-04-28T16:49:47.618+0000] {dag.py:3954} INFO - Setting next_dagrun for tutorial_dag to None, run_after=None
[2024-04-28T16:49:47.713+0000] {processor.py:183} INFO - Processing /home/airflow/.local/lib/python3.12/site-packages/airflow/example_dags/tutorial_dag.py took 0.256 seconds
[2024-04-28T16:50:18.075+0000] {processor.py:161} INFO - Started process (PID=902) to work on /home/airflow/.local/lib/python3.12/site-packages/airflow/example_dags/tutorial_dag.py
[2024-04-28T16:50:18.078+0000] {processor.py:830} INFO - Processing file /home/airflow/.local/lib/python3.12/site-packages/airflow/example_dags/tutorial_dag.py for tasks to queue
[2024-04-28T16:50:18.083+0000] {logging_mixin.py:188} INFO - [2024-04-28T16:50:18.082+0000] {dagbag.py:540} INFO - Filling up the DagBag from /home/airflow/.local/lib/python3.12/site-packages/airflow/example_dags/tutorial_dag.py
[2024-04-28T16:50:18.100+0000] {processor.py:840} INFO - DAG(s) 'tutorial_dag' retrieved from /home/airflow/.local/lib/python3.12/site-packages/airflow/example_dags/tutorial_dag.py
[2024-04-28T16:50:18.160+0000] {logging_mixin.py:188} INFO - [2024-04-28T16:50:18.159+0000] {dag.py:3096} INFO - Sync 1 DAGs
[2024-04-28T16:50:18.218+0000] {logging_mixin.py:188} INFO - [2024-04-28T16:50:18.218+0000] {dag.py:3954} INFO - Setting next_dagrun for tutorial_dag to None, run_after=None
[2024-04-28T16:50:18.329+0000] {processor.py:183} INFO - Processing /home/airflow/.local/lib/python3.12/site-packages/airflow/example_dags/tutorial_dag.py took 0.278 seconds
[2024-04-28T16:50:48.610+0000] {processor.py:161} INFO - Started process (PID=965) to work on /home/airflow/.local/lib/python3.12/site-packages/airflow/example_dags/tutorial_dag.py
[2024-04-28T16:50:48.613+0000] {processor.py:830} INFO - Processing file /home/airflow/.local/lib/python3.12/site-packages/airflow/example_dags/tutorial_dag.py for tasks to queue
[2024-04-28T16:50:48.620+0000] {logging_mixin.py:188} INFO - [2024-04-28T16:50:48.618+0000] {dagbag.py:540} INFO - Filling up the DagBag from /home/airflow/.local/lib/python3.12/site-packages/airflow/example_dags/tutorial_dag.py
[2024-04-28T16:50:48.638+0000] {processor.py:840} INFO - DAG(s) 'tutorial_dag' retrieved from /home/airflow/.local/lib/python3.12/site-packages/airflow/example_dags/tutorial_dag.py
[2024-04-28T16:50:48.702+0000] {logging_mixin.py:188} INFO - [2024-04-28T16:50:48.700+0000] {dag.py:3096} INFO - Sync 1 DAGs
[2024-04-28T16:50:48.764+0000] {logging_mixin.py:188} INFO - [2024-04-28T16:50:48.763+0000] {dag.py:3954} INFO - Setting next_dagrun for tutorial_dag to None, run_after=None
[2024-04-28T16:50:48.831+0000] {processor.py:183} INFO - Processing /home/airflow/.local/lib/python3.12/site-packages/airflow/example_dags/tutorial_dag.py took 0.239 seconds
[2024-04-28T16:51:19.921+0000] {processor.py:161} INFO - Started process (PID=1029) to work on /home/airflow/.local/lib/python3.12/site-packages/airflow/example_dags/tutorial_dag.py
[2024-04-28T16:51:19.936+0000] {processor.py:830} INFO - Processing file /home/airflow/.local/lib/python3.12/site-packages/airflow/example_dags/tutorial_dag.py for tasks to queue
[2024-04-28T16:51:19.955+0000] {logging_mixin.py:188} INFO - [2024-04-28T16:51:19.950+0000] {dagbag.py:540} INFO - Filling up the DagBag from /home/airflow/.local/lib/python3.12/site-packages/airflow/example_dags/tutorial_dag.py
[2024-04-28T16:51:19.984+0000] {processor.py:840} INFO - DAG(s) 'tutorial_dag' retrieved from /home/airflow/.local/lib/python3.12/site-packages/airflow/example_dags/tutorial_dag.py
[2024-04-28T16:51:20.121+0000] {logging_mixin.py:188} INFO - [2024-04-28T16:51:20.119+0000] {dag.py:3096} INFO - Sync 1 DAGs
[2024-04-28T16:51:20.196+0000] {logging_mixin.py:188} INFO - [2024-04-28T16:51:20.195+0000] {dag.py:3954} INFO - Setting next_dagrun for tutorial_dag to None, run_after=None
[2024-04-28T16:51:20.434+0000] {processor.py:183} INFO - Processing /home/airflow/.local/lib/python3.12/site-packages/airflow/example_dags/tutorial_dag.py took 0.553 seconds
[2024-04-28T16:51:51.254+0000] {processor.py:161} INFO - Started process (PID=1092) to work on /home/airflow/.local/lib/python3.12/site-packages/airflow/example_dags/tutorial_dag.py
[2024-04-28T16:51:51.259+0000] {processor.py:830} INFO - Processing file /home/airflow/.local/lib/python3.12/site-packages/airflow/example_dags/tutorial_dag.py for tasks to queue
[2024-04-28T16:51:51.265+0000] {logging_mixin.py:188} INFO - [2024-04-28T16:51:51.264+0000] {dagbag.py:540} INFO - Filling up the DagBag from /home/airflow/.local/lib/python3.12/site-packages/airflow/example_dags/tutorial_dag.py
[2024-04-28T16:51:51.284+0000] {processor.py:840} INFO - DAG(s) 'tutorial_dag' retrieved from /home/airflow/.local/lib/python3.12/site-packages/airflow/example_dags/tutorial_dag.py
[2024-04-28T16:51:51.363+0000] {logging_mixin.py:188} INFO - [2024-04-28T16:51:51.360+0000] {dag.py:3096} INFO - Sync 1 DAGs
[2024-04-28T16:51:51.413+0000] {logging_mixin.py:188} INFO - [2024-04-28T16:51:51.412+0000] {dag.py:3954} INFO - Setting next_dagrun for tutorial_dag to None, run_after=None
[2024-04-28T16:51:51.484+0000] {processor.py:183} INFO - Processing /home/airflow/.local/lib/python3.12/site-packages/airflow/example_dags/tutorial_dag.py took 0.257 seconds
[2024-04-28T16:52:21.782+0000] {processor.py:161} INFO - Started process (PID=1154) to work on /home/airflow/.local/lib/python3.12/site-packages/airflow/example_dags/tutorial_dag.py
[2024-04-28T16:52:21.784+0000] {processor.py:830} INFO - Processing file /home/airflow/.local/lib/python3.12/site-packages/airflow/example_dags/tutorial_dag.py for tasks to queue
[2024-04-28T16:52:21.791+0000] {logging_mixin.py:188} INFO - [2024-04-28T16:52:21.789+0000] {dagbag.py:540} INFO - Filling up the DagBag from /home/airflow/.local/lib/python3.12/site-packages/airflow/example_dags/tutorial_dag.py
[2024-04-28T16:52:21.810+0000] {processor.py:840} INFO - DAG(s) 'tutorial_dag' retrieved from /home/airflow/.local/lib/python3.12/site-packages/airflow/example_dags/tutorial_dag.py
[2024-04-28T16:52:21.878+0000] {logging_mixin.py:188} INFO - [2024-04-28T16:52:21.877+0000] {dag.py:3096} INFO - Sync 1 DAGs
[2024-04-28T16:52:21.921+0000] {logging_mixin.py:188} INFO - [2024-04-28T16:52:21.920+0000] {dag.py:3954} INFO - Setting next_dagrun for tutorial_dag to None, run_after=None
[2024-04-28T16:52:21.977+0000] {processor.py:183} INFO - Processing /home/airflow/.local/lib/python3.12/site-packages/airflow/example_dags/tutorial_dag.py took 0.213 seconds
[2024-04-28T16:52:53.039+0000] {processor.py:161} INFO - Started process (PID=1218) to work on /home/airflow/.local/lib/python3.12/site-packages/airflow/example_dags/tutorial_dag.py
[2024-04-28T16:52:53.041+0000] {processor.py:830} INFO - Processing file /home/airflow/.local/lib/python3.12/site-packages/airflow/example_dags/tutorial_dag.py for tasks to queue
[2024-04-28T16:52:53.047+0000] {logging_mixin.py:188} INFO - [2024-04-28T16:52:53.046+0000] {dagbag.py:540} INFO - Filling up the DagBag from /home/airflow/.local/lib/python3.12/site-packages/airflow/example_dags/tutorial_dag.py
[2024-04-28T16:52:53.063+0000] {processor.py:840} INFO - DAG(s) 'tutorial_dag' retrieved from /home/airflow/.local/lib/python3.12/site-packages/airflow/example_dags/tutorial_dag.py
[2024-04-28T16:52:53.126+0000] {logging_mixin.py:188} INFO - [2024-04-28T16:52:53.124+0000] {dag.py:3096} INFO - Sync 1 DAGs
[2024-04-28T16:52:53.173+0000] {logging_mixin.py:188} INFO - [2024-04-28T16:52:53.172+0000] {dag.py:3954} INFO - Setting next_dagrun for tutorial_dag to None, run_after=None
[2024-04-28T16:52:53.233+0000] {processor.py:183} INFO - Processing /home/airflow/.local/lib/python3.12/site-packages/airflow/example_dags/tutorial_dag.py took 0.211 seconds
[2024-04-28T16:53:23.444+0000] {processor.py:161} INFO - Started process (PID=1281) to work on /home/airflow/.local/lib/python3.12/site-packages/airflow/example_dags/tutorial_dag.py
[2024-04-28T16:53:23.447+0000] {processor.py:830} INFO - Processing file /home/airflow/.local/lib/python3.12/site-packages/airflow/example_dags/tutorial_dag.py for tasks to queue
[2024-04-28T16:53:23.456+0000] {logging_mixin.py:188} INFO - [2024-04-28T16:53:23.454+0000] {dagbag.py:540} INFO - Filling up the DagBag from /home/airflow/.local/lib/python3.12/site-packages/airflow/example_dags/tutorial_dag.py
[2024-04-28T16:53:23.480+0000] {processor.py:840} INFO - DAG(s) 'tutorial_dag' retrieved from /home/airflow/.local/lib/python3.12/site-packages/airflow/example_dags/tutorial_dag.py
[2024-04-28T16:53:23.635+0000] {logging_mixin.py:188} INFO - [2024-04-28T16:53:23.632+0000] {dag.py:3096} INFO - Sync 1 DAGs
[2024-04-28T16:53:23.699+0000] {logging_mixin.py:188} INFO - [2024-04-28T16:53:23.699+0000] {dag.py:3954} INFO - Setting next_dagrun for tutorial_dag to None, run_after=None
[2024-04-28T16:53:23.772+0000] {processor.py:183} INFO - Processing /home/airflow/.local/lib/python3.12/site-packages/airflow/example_dags/tutorial_dag.py took 0.354 seconds
[2024-04-28T16:53:53.974+0000] {processor.py:161} INFO - Started process (PID=1343) to work on /home/airflow/.local/lib/python3.12/site-packages/airflow/example_dags/tutorial_dag.py
[2024-04-28T16:53:53.977+0000] {processor.py:830} INFO - Processing file /home/airflow/.local/lib/python3.12/site-packages/airflow/example_dags/tutorial_dag.py for tasks to queue
[2024-04-28T16:53:53.986+0000] {logging_mixin.py:188} INFO - [2024-04-28T16:53:53.984+0000] {dagbag.py:540} INFO - Filling up the DagBag from /home/airflow/.local/lib/python3.12/site-packages/airflow/example_dags/tutorial_dag.py
[2024-04-28T16:53:54.008+0000] {processor.py:840} INFO - DAG(s) 'tutorial_dag' retrieved from /home/airflow/.local/lib/python3.12/site-packages/airflow/example_dags/tutorial_dag.py
[2024-04-28T16:53:54.098+0000] {logging_mixin.py:188} INFO - [2024-04-28T16:53:54.096+0000] {dag.py:3096} INFO - Sync 1 DAGs
[2024-04-28T16:53:54.169+0000] {logging_mixin.py:188} INFO - [2024-04-28T16:53:54.168+0000] {dag.py:3954} INFO - Setting next_dagrun for tutorial_dag to None, run_after=None
[2024-04-28T16:53:54.299+0000] {processor.py:183} INFO - Processing /home/airflow/.local/lib/python3.12/site-packages/airflow/example_dags/tutorial_dag.py took 0.347 seconds
[2024-04-28T16:54:24.429+0000] {processor.py:161} INFO - Started process (PID=1405) to work on /home/airflow/.local/lib/python3.12/site-packages/airflow/example_dags/tutorial_dag.py
[2024-04-28T16:54:24.431+0000] {processor.py:830} INFO - Processing file /home/airflow/.local/lib/python3.12/site-packages/airflow/example_dags/tutorial_dag.py for tasks to queue
[2024-04-28T16:54:24.436+0000] {logging_mixin.py:188} INFO - [2024-04-28T16:54:24.435+0000] {dagbag.py:540} INFO - Filling up the DagBag from /home/airflow/.local/lib/python3.12/site-packages/airflow/example_dags/tutorial_dag.py
[2024-04-28T16:54:24.450+0000] {processor.py:840} INFO - DAG(s) 'tutorial_dag' retrieved from /home/airflow/.local/lib/python3.12/site-packages/airflow/example_dags/tutorial_dag.py
[2024-04-28T16:54:24.502+0000] {logging_mixin.py:188} INFO - [2024-04-28T16:54:24.500+0000] {dag.py:3096} INFO - Sync 1 DAGs
[2024-04-28T16:54:24.535+0000] {logging_mixin.py:188} INFO - [2024-04-28T16:54:24.535+0000] {dag.py:3954} INFO - Setting next_dagrun for tutorial_dag to None, run_after=None
[2024-04-28T16:54:24.584+0000] {processor.py:183} INFO - Processing /home/airflow/.local/lib/python3.12/site-packages/airflow/example_dags/tutorial_dag.py took 0.170 seconds
[2024-04-28T16:54:55.004+0000] {processor.py:161} INFO - Started process (PID=1468) to work on /home/airflow/.local/lib/python3.12/site-packages/airflow/example_dags/tutorial_dag.py
[2024-04-28T16:54:55.007+0000] {processor.py:830} INFO - Processing file /home/airflow/.local/lib/python3.12/site-packages/airflow/example_dags/tutorial_dag.py for tasks to queue
[2024-04-28T16:54:55.013+0000] {logging_mixin.py:188} INFO - [2024-04-28T16:54:55.012+0000] {dagbag.py:540} INFO - Filling up the DagBag from /home/airflow/.local/lib/python3.12/site-packages/airflow/example_dags/tutorial_dag.py
[2024-04-28T16:54:55.030+0000] {processor.py:840} INFO - DAG(s) 'tutorial_dag' retrieved from /home/airflow/.local/lib/python3.12/site-packages/airflow/example_dags/tutorial_dag.py
[2024-04-28T16:54:55.102+0000] {logging_mixin.py:188} INFO - [2024-04-28T16:54:55.100+0000] {dag.py:3096} INFO - Sync 1 DAGs
[2024-04-28T16:54:55.142+0000] {logging_mixin.py:188} INFO - [2024-04-28T16:54:55.141+0000] {dag.py:3954} INFO - Setting next_dagrun for tutorial_dag to None, run_after=None
[2024-04-28T16:54:55.191+0000] {processor.py:183} INFO - Processing /home/airflow/.local/lib/python3.12/site-packages/airflow/example_dags/tutorial_dag.py took 0.204 seconds
[2024-04-28T16:55:25.373+0000] {processor.py:161} INFO - Started process (PID=1531) to work on /home/airflow/.local/lib/python3.12/site-packages/airflow/example_dags/tutorial_dag.py
[2024-04-28T16:55:25.375+0000] {processor.py:830} INFO - Processing file /home/airflow/.local/lib/python3.12/site-packages/airflow/example_dags/tutorial_dag.py for tasks to queue
[2024-04-28T16:55:25.381+0000] {logging_mixin.py:188} INFO - [2024-04-28T16:55:25.380+0000] {dagbag.py:540} INFO - Filling up the DagBag from /home/airflow/.local/lib/python3.12/site-packages/airflow/example_dags/tutorial_dag.py
[2024-04-28T16:55:25.396+0000] {processor.py:840} INFO - DAG(s) 'tutorial_dag' retrieved from /home/airflow/.local/lib/python3.12/site-packages/airflow/example_dags/tutorial_dag.py
[2024-04-28T16:55:25.451+0000] {logging_mixin.py:188} INFO - [2024-04-28T16:55:25.449+0000] {dag.py:3096} INFO - Sync 1 DAGs
[2024-04-28T16:55:25.484+0000] {logging_mixin.py:188} INFO - [2024-04-28T16:55:25.484+0000] {dag.py:3954} INFO - Setting next_dagrun for tutorial_dag to None, run_after=None
[2024-04-28T16:55:25.533+0000] {processor.py:183} INFO - Processing /home/airflow/.local/lib/python3.12/site-packages/airflow/example_dags/tutorial_dag.py took 0.176 seconds
[2024-04-28T16:55:57.247+0000] {processor.py:161} INFO - Started process (PID=1594) to work on /home/airflow/.local/lib/python3.12/site-packages/airflow/example_dags/tutorial_dag.py
[2024-04-28T16:55:57.268+0000] {processor.py:830} INFO - Processing file /home/airflow/.local/lib/python3.12/site-packages/airflow/example_dags/tutorial_dag.py for tasks to queue
[2024-04-28T16:55:57.309+0000] {logging_mixin.py:188} INFO - [2024-04-28T16:55:57.290+0000] {dagbag.py:540} INFO - Filling up the DagBag from /home/airflow/.local/lib/python3.12/site-packages/airflow/example_dags/tutorial_dag.py
[2024-04-28T16:55:57.423+0000] {processor.py:840} INFO - DAG(s) 'tutorial_dag' retrieved from /home/airflow/.local/lib/python3.12/site-packages/airflow/example_dags/tutorial_dag.py
[2024-04-28T16:55:57.686+0000] {logging_mixin.py:188} INFO - [2024-04-28T16:55:57.684+0000] {dag.py:3096} INFO - Sync 1 DAGs
[2024-04-28T16:55:57.764+0000] {logging_mixin.py:188} INFO - [2024-04-28T16:55:57.763+0000] {dag.py:3954} INFO - Setting next_dagrun for tutorial_dag to None, run_after=None
[2024-04-28T16:55:57.842+0000] {processor.py:183} INFO - Processing /home/airflow/.local/lib/python3.12/site-packages/airflow/example_dags/tutorial_dag.py took 0.670 seconds
[2024-04-28T16:56:28.400+0000] {processor.py:161} INFO - Started process (PID=1658) to work on /home/airflow/.local/lib/python3.12/site-packages/airflow/example_dags/tutorial_dag.py
[2024-04-28T16:56:28.403+0000] {processor.py:830} INFO - Processing file /home/airflow/.local/lib/python3.12/site-packages/airflow/example_dags/tutorial_dag.py for tasks to queue
[2024-04-28T16:56:28.409+0000] {logging_mixin.py:188} INFO - [2024-04-28T16:56:28.408+0000] {dagbag.py:540} INFO - Filling up the DagBag from /home/airflow/.local/lib/python3.12/site-packages/airflow/example_dags/tutorial_dag.py
[2024-04-28T16:56:28.427+0000] {processor.py:840} INFO - DAG(s) 'tutorial_dag' retrieved from /home/airflow/.local/lib/python3.12/site-packages/airflow/example_dags/tutorial_dag.py
[2024-04-28T16:56:28.492+0000] {logging_mixin.py:188} INFO - [2024-04-28T16:56:28.491+0000] {dag.py:3096} INFO - Sync 1 DAGs
[2024-04-28T16:56:28.530+0000] {logging_mixin.py:188} INFO - [2024-04-28T16:56:28.530+0000] {dag.py:3954} INFO - Setting next_dagrun for tutorial_dag to None, run_after=None
[2024-04-28T16:56:28.599+0000] {processor.py:183} INFO - Processing /home/airflow/.local/lib/python3.12/site-packages/airflow/example_dags/tutorial_dag.py took 0.217 seconds
[2024-04-28T16:56:59.796+0000] {processor.py:161} INFO - Started process (PID=1722) to work on /home/airflow/.local/lib/python3.12/site-packages/airflow/example_dags/tutorial_dag.py
[2024-04-28T16:56:59.803+0000] {processor.py:830} INFO - Processing file /home/airflow/.local/lib/python3.12/site-packages/airflow/example_dags/tutorial_dag.py for tasks to queue
[2024-04-28T16:56:59.812+0000] {logging_mixin.py:188} INFO - [2024-04-28T16:56:59.811+0000] {dagbag.py:540} INFO - Filling up the DagBag from /home/airflow/.local/lib/python3.12/site-packages/airflow/example_dags/tutorial_dag.py
[2024-04-28T16:56:59.843+0000] {processor.py:840} INFO - DAG(s) 'tutorial_dag' retrieved from /home/airflow/.local/lib/python3.12/site-packages/airflow/example_dags/tutorial_dag.py
[2024-04-28T16:56:59.963+0000] {logging_mixin.py:188} INFO - [2024-04-28T16:56:59.962+0000] {dag.py:3096} INFO - Sync 1 DAGs
[2024-04-28T16:57:00.036+0000] {logging_mixin.py:188} INFO - [2024-04-28T16:57:00.034+0000] {dag.py:3954} INFO - Setting next_dagrun for tutorial_dag to None, run_after=None
[2024-04-28T16:57:00.194+0000] {processor.py:183} INFO - Processing /home/airflow/.local/lib/python3.12/site-packages/airflow/example_dags/tutorial_dag.py took 0.434 seconds
[2024-04-28T16:57:32.762+0000] {processor.py:161} INFO - Started process (PID=1785) to work on /home/airflow/.local/lib/python3.12/site-packages/airflow/example_dags/tutorial_dag.py
[2024-04-28T16:57:32.768+0000] {processor.py:830} INFO - Processing file /home/airflow/.local/lib/python3.12/site-packages/airflow/example_dags/tutorial_dag.py for tasks to queue
[2024-04-28T16:57:32.776+0000] {logging_mixin.py:188} INFO - [2024-04-28T16:57:32.774+0000] {dagbag.py:540} INFO - Filling up the DagBag from /home/airflow/.local/lib/python3.12/site-packages/airflow/example_dags/tutorial_dag.py
[2024-04-28T16:57:32.796+0000] {processor.py:840} INFO - DAG(s) 'tutorial_dag' retrieved from /home/airflow/.local/lib/python3.12/site-packages/airflow/example_dags/tutorial_dag.py
[2024-04-28T16:57:32.889+0000] {logging_mixin.py:188} INFO - [2024-04-28T16:57:32.887+0000] {dag.py:3096} INFO - Sync 1 DAGs
[2024-04-28T16:57:32.938+0000] {logging_mixin.py:188} INFO - [2024-04-28T16:57:32.937+0000] {dag.py:3954} INFO - Setting next_dagrun for tutorial_dag to None, run_after=None
[2024-04-28T16:57:33.022+0000] {processor.py:183} INFO - Processing /home/airflow/.local/lib/python3.12/site-packages/airflow/example_dags/tutorial_dag.py took 0.293 seconds
[2024-04-28T16:58:03.473+0000] {processor.py:161} INFO - Started process (PID=1848) to work on /home/airflow/.local/lib/python3.12/site-packages/airflow/example_dags/tutorial_dag.py
[2024-04-28T16:58:03.476+0000] {processor.py:830} INFO - Processing file /home/airflow/.local/lib/python3.12/site-packages/airflow/example_dags/tutorial_dag.py for tasks to queue
[2024-04-28T16:58:03.482+0000] {logging_mixin.py:188} INFO - [2024-04-28T16:58:03.481+0000] {dagbag.py:540} INFO - Filling up the DagBag from /home/airflow/.local/lib/python3.12/site-packages/airflow/example_dags/tutorial_dag.py
[2024-04-28T16:58:03.511+0000] {processor.py:840} INFO - DAG(s) 'tutorial_dag' retrieved from /home/airflow/.local/lib/python3.12/site-packages/airflow/example_dags/tutorial_dag.py
[2024-04-28T16:58:03.601+0000] {logging_mixin.py:188} INFO - [2024-04-28T16:58:03.600+0000] {dag.py:3096} INFO - Sync 1 DAGs
[2024-04-28T16:58:03.664+0000] {logging_mixin.py:188} INFO - [2024-04-28T16:58:03.663+0000] {dag.py:3954} INFO - Setting next_dagrun for tutorial_dag to None, run_after=None
[2024-04-28T16:58:03.752+0000] {processor.py:183} INFO - Processing /home/airflow/.local/lib/python3.12/site-packages/airflow/example_dags/tutorial_dag.py took 0.300 seconds
[2024-04-28T16:58:34.171+0000] {processor.py:161} INFO - Started process (PID=1911) to work on /home/airflow/.local/lib/python3.12/site-packages/airflow/example_dags/tutorial_dag.py
[2024-04-28T16:58:34.175+0000] {processor.py:830} INFO - Processing file /home/airflow/.local/lib/python3.12/site-packages/airflow/example_dags/tutorial_dag.py for tasks to queue
[2024-04-28T16:58:34.182+0000] {logging_mixin.py:188} INFO - [2024-04-28T16:58:34.180+0000] {dagbag.py:540} INFO - Filling up the DagBag from /home/airflow/.local/lib/python3.12/site-packages/airflow/example_dags/tutorial_dag.py
[2024-04-28T16:58:34.206+0000] {processor.py:840} INFO - DAG(s) 'tutorial_dag' retrieved from /home/airflow/.local/lib/python3.12/site-packages/airflow/example_dags/tutorial_dag.py
[2024-04-28T16:58:34.296+0000] {logging_mixin.py:188} INFO - [2024-04-28T16:58:34.294+0000] {dag.py:3096} INFO - Sync 1 DAGs
[2024-04-28T16:58:34.367+0000] {logging_mixin.py:188} INFO - [2024-04-28T16:58:34.366+0000] {dag.py:3954} INFO - Setting next_dagrun for tutorial_dag to None, run_after=None
[2024-04-28T16:58:34.450+0000] {processor.py:183} INFO - Processing /home/airflow/.local/lib/python3.12/site-packages/airflow/example_dags/tutorial_dag.py took 0.303 seconds
