[2024-04-28T15:36:23.248+0000] {processor.py:161} INFO - Started process (PID=106) to work on /home/airflow/.local/lib/python3.12/site-packages/airflow/example_dags/tutorial.py
[2024-04-28T15:36:23.259+0000] {processor.py:830} INFO - Processing file /home/airflow/.local/lib/python3.12/site-packages/airflow/example_dags/tutorial.py for tasks to queue
[2024-04-28T15:36:23.282+0000] {logging_mixin.py:188} INFO - [2024-04-28T15:36:23.273+0000] {dagbag.py:540} INFO - Filling up the DagBag from /home/airflow/.local/lib/python3.12/site-packages/airflow/example_dags/tutorial.py
[2024-04-28T15:36:23.378+0000] {processor.py:840} INFO - DAG(s) 'tutorial' retrieved from /home/airflow/.local/lib/python3.12/site-packages/airflow/example_dags/tutorial.py
[2024-04-28T15:36:24.164+0000] {logging_mixin.py:188} INFO - [2024-04-28T15:36:24.163+0000] {dag.py:3096} INFO - Sync 1 DAGs
[2024-04-28T15:36:24.276+0000] {logging_mixin.py:188} INFO - [2024-04-28T15:36:24.275+0000] {dag.py:3954} INFO - Setting next_dagrun for tutorial to 2024-04-27 00:00:00+00:00, run_after=2024-04-28 00:00:00+00:00
[2024-04-28T15:36:24.364+0000] {processor.py:183} INFO - Processing /home/airflow/.local/lib/python3.12/site-packages/airflow/example_dags/tutorial.py took 1.185 seconds
[2024-04-28T15:36:55.304+0000] {processor.py:161} INFO - Started process (PID=169) to work on /home/airflow/.local/lib/python3.12/site-packages/airflow/example_dags/tutorial.py
[2024-04-28T15:36:55.308+0000] {processor.py:830} INFO - Processing file /home/airflow/.local/lib/python3.12/site-packages/airflow/example_dags/tutorial.py for tasks to queue
[2024-04-28T15:36:55.315+0000] {logging_mixin.py:188} INFO - [2024-04-28T15:36:55.314+0000] {dagbag.py:540} INFO - Filling up the DagBag from /home/airflow/.local/lib/python3.12/site-packages/airflow/example_dags/tutorial.py
[2024-04-28T15:36:55.350+0000] {processor.py:840} INFO - DAG(s) 'tutorial' retrieved from /home/airflow/.local/lib/python3.12/site-packages/airflow/example_dags/tutorial.py
[2024-04-28T15:36:55.505+0000] {logging_mixin.py:188} INFO - [2024-04-28T15:36:55.504+0000] {dag.py:3096} INFO - Sync 1 DAGs
[2024-04-28T15:36:55.862+0000] {logging_mixin.py:188} INFO - [2024-04-28T15:36:55.852+0000] {dag.py:3954} INFO - Setting next_dagrun for tutorial to 2024-04-27 00:00:00+00:00, run_after=2024-04-28 00:00:00+00:00
[2024-04-28T15:36:56.164+0000] {processor.py:183} INFO - Processing /home/airflow/.local/lib/python3.12/site-packages/airflow/example_dags/tutorial.py took 0.879 seconds
[2024-04-28T15:37:28.037+0000] {processor.py:161} INFO - Started process (PID=232) to work on /home/airflow/.local/lib/python3.12/site-packages/airflow/example_dags/tutorial.py
[2024-04-28T15:37:28.042+0000] {processor.py:830} INFO - Processing file /home/airflow/.local/lib/python3.12/site-packages/airflow/example_dags/tutorial.py for tasks to queue
[2024-04-28T15:37:28.060+0000] {logging_mixin.py:188} INFO - [2024-04-28T15:37:28.058+0000] {dagbag.py:540} INFO - Filling up the DagBag from /home/airflow/.local/lib/python3.12/site-packages/airflow/example_dags/tutorial.py
[2024-04-28T15:37:28.119+0000] {processor.py:840} INFO - DAG(s) 'tutorial' retrieved from /home/airflow/.local/lib/python3.12/site-packages/airflow/example_dags/tutorial.py
[2024-04-28T15:37:28.273+0000] {logging_mixin.py:188} INFO - [2024-04-28T15:37:28.270+0000] {dag.py:3096} INFO - Sync 1 DAGs
[2024-04-28T15:37:28.466+0000] {logging_mixin.py:188} INFO - [2024-04-28T15:37:28.465+0000] {dag.py:3954} INFO - Setting next_dagrun for tutorial to 2024-04-27 00:00:00+00:00, run_after=2024-04-28 00:00:00+00:00
[2024-04-28T15:37:28.595+0000] {processor.py:183} INFO - Processing /home/airflow/.local/lib/python3.12/site-packages/airflow/example_dags/tutorial.py took 0.625 seconds
[2024-04-28T15:37:59.374+0000] {processor.py:161} INFO - Started process (PID=295) to work on /home/airflow/.local/lib/python3.12/site-packages/airflow/example_dags/tutorial.py
[2024-04-28T15:37:59.380+0000] {processor.py:830} INFO - Processing file /home/airflow/.local/lib/python3.12/site-packages/airflow/example_dags/tutorial.py for tasks to queue
[2024-04-28T15:37:59.387+0000] {logging_mixin.py:188} INFO - [2024-04-28T15:37:59.386+0000] {dagbag.py:540} INFO - Filling up the DagBag from /home/airflow/.local/lib/python3.12/site-packages/airflow/example_dags/tutorial.py
[2024-04-28T15:37:59.414+0000] {processor.py:840} INFO - DAG(s) 'tutorial' retrieved from /home/airflow/.local/lib/python3.12/site-packages/airflow/example_dags/tutorial.py
[2024-04-28T15:37:59.477+0000] {logging_mixin.py:188} INFO - [2024-04-28T15:37:59.477+0000] {dag.py:3096} INFO - Sync 1 DAGs
[2024-04-28T15:37:59.549+0000] {logging_mixin.py:188} INFO - [2024-04-28T15:37:59.549+0000] {dag.py:3954} INFO - Setting next_dagrun for tutorial to 2024-04-27 00:00:00+00:00, run_after=2024-04-28 00:00:00+00:00
[2024-04-28T15:37:59.613+0000] {processor.py:183} INFO - Processing /home/airflow/.local/lib/python3.12/site-packages/airflow/example_dags/tutorial.py took 0.258 seconds
[2024-04-28T15:38:30.114+0000] {processor.py:161} INFO - Started process (PID=358) to work on /home/airflow/.local/lib/python3.12/site-packages/airflow/example_dags/tutorial.py
[2024-04-28T15:38:30.117+0000] {processor.py:830} INFO - Processing file /home/airflow/.local/lib/python3.12/site-packages/airflow/example_dags/tutorial.py for tasks to queue
[2024-04-28T15:38:30.123+0000] {logging_mixin.py:188} INFO - [2024-04-28T15:38:30.122+0000] {dagbag.py:540} INFO - Filling up the DagBag from /home/airflow/.local/lib/python3.12/site-packages/airflow/example_dags/tutorial.py
[2024-04-28T15:38:30.146+0000] {processor.py:840} INFO - DAG(s) 'tutorial' retrieved from /home/airflow/.local/lib/python3.12/site-packages/airflow/example_dags/tutorial.py
[2024-04-28T15:38:30.213+0000] {logging_mixin.py:188} INFO - [2024-04-28T15:38:30.212+0000] {dag.py:3096} INFO - Sync 1 DAGs
[2024-04-28T15:38:30.282+0000] {logging_mixin.py:188} INFO - [2024-04-28T15:38:30.281+0000] {dag.py:3954} INFO - Setting next_dagrun for tutorial to 2024-04-27 00:00:00+00:00, run_after=2024-04-28 00:00:00+00:00
[2024-04-28T15:38:30.336+0000] {processor.py:183} INFO - Processing /home/airflow/.local/lib/python3.12/site-packages/airflow/example_dags/tutorial.py took 0.239 seconds
[2024-04-28T15:39:00.542+0000] {processor.py:161} INFO - Started process (PID=420) to work on /home/airflow/.local/lib/python3.12/site-packages/airflow/example_dags/tutorial.py
[2024-04-28T15:39:00.545+0000] {processor.py:830} INFO - Processing file /home/airflow/.local/lib/python3.12/site-packages/airflow/example_dags/tutorial.py for tasks to queue
[2024-04-28T15:39:00.550+0000] {logging_mixin.py:188} INFO - [2024-04-28T15:39:00.549+0000] {dagbag.py:540} INFO - Filling up the DagBag from /home/airflow/.local/lib/python3.12/site-packages/airflow/example_dags/tutorial.py
[2024-04-28T15:39:00.568+0000] {processor.py:840} INFO - DAG(s) 'tutorial' retrieved from /home/airflow/.local/lib/python3.12/site-packages/airflow/example_dags/tutorial.py
[2024-04-28T15:39:00.620+0000] {logging_mixin.py:188} INFO - [2024-04-28T15:39:00.620+0000] {dag.py:3096} INFO - Sync 1 DAGs
[2024-04-28T15:39:00.680+0000] {logging_mixin.py:188} INFO - [2024-04-28T15:39:00.679+0000] {dag.py:3954} INFO - Setting next_dagrun for tutorial to 2024-04-27 00:00:00+00:00, run_after=2024-04-28 00:00:00+00:00
[2024-04-28T15:39:00.732+0000] {processor.py:183} INFO - Processing /home/airflow/.local/lib/python3.12/site-packages/airflow/example_dags/tutorial.py took 0.204 seconds
[2024-04-28T15:39:31.099+0000] {processor.py:161} INFO - Started process (PID=483) to work on /home/airflow/.local/lib/python3.12/site-packages/airflow/example_dags/tutorial.py
[2024-04-28T15:39:31.110+0000] {processor.py:830} INFO - Processing file /home/airflow/.local/lib/python3.12/site-packages/airflow/example_dags/tutorial.py for tasks to queue
[2024-04-28T15:39:31.134+0000] {logging_mixin.py:188} INFO - [2024-04-28T15:39:31.133+0000] {dagbag.py:540} INFO - Filling up the DagBag from /home/airflow/.local/lib/python3.12/site-packages/airflow/example_dags/tutorial.py
[2024-04-28T15:39:31.229+0000] {processor.py:840} INFO - DAG(s) 'tutorial' retrieved from /home/airflow/.local/lib/python3.12/site-packages/airflow/example_dags/tutorial.py
[2024-04-28T15:39:31.439+0000] {logging_mixin.py:188} INFO - [2024-04-28T15:39:31.438+0000] {dag.py:3096} INFO - Sync 1 DAGs
[2024-04-28T15:39:31.567+0000] {logging_mixin.py:188} INFO - [2024-04-28T15:39:31.566+0000] {dag.py:3954} INFO - Setting next_dagrun for tutorial to 2024-04-27 00:00:00+00:00, run_after=2024-04-28 00:00:00+00:00
[2024-04-28T15:39:31.645+0000] {processor.py:183} INFO - Processing /home/airflow/.local/lib/python3.12/site-packages/airflow/example_dags/tutorial.py took 0.614 seconds
[2024-04-28T15:40:02.425+0000] {processor.py:161} INFO - Started process (PID=547) to work on /home/airflow/.local/lib/python3.12/site-packages/airflow/example_dags/tutorial.py
[2024-04-28T15:40:02.434+0000] {processor.py:830} INFO - Processing file /home/airflow/.local/lib/python3.12/site-packages/airflow/example_dags/tutorial.py for tasks to queue
[2024-04-28T15:40:02.452+0000] {logging_mixin.py:188} INFO - [2024-04-28T15:40:02.451+0000] {dagbag.py:540} INFO - Filling up the DagBag from /home/airflow/.local/lib/python3.12/site-packages/airflow/example_dags/tutorial.py
[2024-04-28T15:40:02.507+0000] {processor.py:840} INFO - DAG(s) 'tutorial' retrieved from /home/airflow/.local/lib/python3.12/site-packages/airflow/example_dags/tutorial.py
[2024-04-28T15:40:02.650+0000] {logging_mixin.py:188} INFO - [2024-04-28T15:40:02.649+0000] {dag.py:3096} INFO - Sync 1 DAGs
[2024-04-28T15:40:02.866+0000] {logging_mixin.py:188} INFO - [2024-04-28T15:40:02.865+0000] {dag.py:3954} INFO - Setting next_dagrun for tutorial to 2024-04-27 00:00:00+00:00, run_after=2024-04-28 00:00:00+00:00
[2024-04-28T15:40:03.021+0000] {processor.py:183} INFO - Processing /home/airflow/.local/lib/python3.12/site-packages/airflow/example_dags/tutorial.py took 0.645 seconds
[2024-04-28T15:40:33.580+0000] {processor.py:161} INFO - Started process (PID=610) to work on /home/airflow/.local/lib/python3.12/site-packages/airflow/example_dags/tutorial.py
[2024-04-28T15:40:33.584+0000] {processor.py:830} INFO - Processing file /home/airflow/.local/lib/python3.12/site-packages/airflow/example_dags/tutorial.py for tasks to queue
[2024-04-28T15:40:33.590+0000] {logging_mixin.py:188} INFO - [2024-04-28T15:40:33.589+0000] {dagbag.py:540} INFO - Filling up the DagBag from /home/airflow/.local/lib/python3.12/site-packages/airflow/example_dags/tutorial.py
[2024-04-28T15:40:33.610+0000] {processor.py:840} INFO - DAG(s) 'tutorial' retrieved from /home/airflow/.local/lib/python3.12/site-packages/airflow/example_dags/tutorial.py
[2024-04-28T15:40:33.679+0000] {logging_mixin.py:188} INFO - [2024-04-28T15:40:33.678+0000] {dag.py:3096} INFO - Sync 1 DAGs
[2024-04-28T15:40:33.778+0000] {logging_mixin.py:188} INFO - [2024-04-28T15:40:33.776+0000] {dag.py:3954} INFO - Setting next_dagrun for tutorial to 2024-04-27 00:00:00+00:00, run_after=2024-04-28 00:00:00+00:00
[2024-04-28T15:40:33.899+0000] {processor.py:183} INFO - Processing /home/airflow/.local/lib/python3.12/site-packages/airflow/example_dags/tutorial.py took 0.338 seconds
[2024-04-28T15:41:04.479+0000] {processor.py:161} INFO - Started process (PID=672) to work on /home/airflow/.local/lib/python3.12/site-packages/airflow/example_dags/tutorial.py
[2024-04-28T15:41:04.481+0000] {processor.py:830} INFO - Processing file /home/airflow/.local/lib/python3.12/site-packages/airflow/example_dags/tutorial.py for tasks to queue
[2024-04-28T15:41:04.487+0000] {logging_mixin.py:188} INFO - [2024-04-28T15:41:04.486+0000] {dagbag.py:540} INFO - Filling up the DagBag from /home/airflow/.local/lib/python3.12/site-packages/airflow/example_dags/tutorial.py
[2024-04-28T15:41:04.504+0000] {processor.py:840} INFO - DAG(s) 'tutorial' retrieved from /home/airflow/.local/lib/python3.12/site-packages/airflow/example_dags/tutorial.py
[2024-04-28T15:41:04.556+0000] {logging_mixin.py:188} INFO - [2024-04-28T15:41:04.556+0000] {dag.py:3096} INFO - Sync 1 DAGs
[2024-04-28T15:41:04.616+0000] {logging_mixin.py:188} INFO - [2024-04-28T15:41:04.616+0000] {dag.py:3954} INFO - Setting next_dagrun for tutorial to 2024-04-27 00:00:00+00:00, run_after=2024-04-28 00:00:00+00:00
[2024-04-28T15:41:04.666+0000] {processor.py:183} INFO - Processing /home/airflow/.local/lib/python3.12/site-packages/airflow/example_dags/tutorial.py took 0.202 seconds
[2024-04-28T15:41:35.232+0000] {processor.py:161} INFO - Started process (PID=735) to work on /home/airflow/.local/lib/python3.12/site-packages/airflow/example_dags/tutorial.py
[2024-04-28T15:41:35.238+0000] {processor.py:830} INFO - Processing file /home/airflow/.local/lib/python3.12/site-packages/airflow/example_dags/tutorial.py for tasks to queue
[2024-04-28T15:41:35.243+0000] {logging_mixin.py:188} INFO - [2024-04-28T15:41:35.242+0000] {dagbag.py:540} INFO - Filling up the DagBag from /home/airflow/.local/lib/python3.12/site-packages/airflow/example_dags/tutorial.py
[2024-04-28T15:41:35.262+0000] {processor.py:840} INFO - DAG(s) 'tutorial' retrieved from /home/airflow/.local/lib/python3.12/site-packages/airflow/example_dags/tutorial.py
[2024-04-28T15:41:35.325+0000] {logging_mixin.py:188} INFO - [2024-04-28T15:41:35.324+0000] {dag.py:3096} INFO - Sync 1 DAGs
[2024-04-28T15:41:35.407+0000] {logging_mixin.py:188} INFO - [2024-04-28T15:41:35.406+0000] {dag.py:3954} INFO - Setting next_dagrun for tutorial to 2024-04-27 00:00:00+00:00, run_after=2024-04-28 00:00:00+00:00
[2024-04-28T15:41:35.481+0000] {processor.py:183} INFO - Processing /home/airflow/.local/lib/python3.12/site-packages/airflow/example_dags/tutorial.py took 0.275 seconds
[2024-04-28T15:42:05.895+0000] {processor.py:161} INFO - Started process (PID=798) to work on /home/airflow/.local/lib/python3.12/site-packages/airflow/example_dags/tutorial.py
[2024-04-28T15:42:05.897+0000] {processor.py:830} INFO - Processing file /home/airflow/.local/lib/python3.12/site-packages/airflow/example_dags/tutorial.py for tasks to queue
[2024-04-28T15:42:05.903+0000] {logging_mixin.py:188} INFO - [2024-04-28T15:42:05.902+0000] {dagbag.py:540} INFO - Filling up the DagBag from /home/airflow/.local/lib/python3.12/site-packages/airflow/example_dags/tutorial.py
[2024-04-28T15:42:05.924+0000] {processor.py:840} INFO - DAG(s) 'tutorial' retrieved from /home/airflow/.local/lib/python3.12/site-packages/airflow/example_dags/tutorial.py
[2024-04-28T15:42:05.999+0000] {logging_mixin.py:188} INFO - [2024-04-28T15:42:05.998+0000] {dag.py:3096} INFO - Sync 1 DAGs
[2024-04-28T15:42:06.082+0000] {logging_mixin.py:188} INFO - [2024-04-28T15:42:06.082+0000] {dag.py:3954} INFO - Setting next_dagrun for tutorial to 2024-04-27 00:00:00+00:00, run_after=2024-04-28 00:00:00+00:00
[2024-04-28T15:42:06.170+0000] {processor.py:183} INFO - Processing /home/airflow/.local/lib/python3.12/site-packages/airflow/example_dags/tutorial.py took 0.293 seconds
[2024-04-28T15:42:36.405+0000] {processor.py:161} INFO - Started process (PID=861) to work on /home/airflow/.local/lib/python3.12/site-packages/airflow/example_dags/tutorial.py
[2024-04-28T15:42:36.408+0000] {processor.py:830} INFO - Processing file /home/airflow/.local/lib/python3.12/site-packages/airflow/example_dags/tutorial.py for tasks to queue
[2024-04-28T15:42:36.421+0000] {logging_mixin.py:188} INFO - [2024-04-28T15:42:36.420+0000] {dagbag.py:540} INFO - Filling up the DagBag from /home/airflow/.local/lib/python3.12/site-packages/airflow/example_dags/tutorial.py
[2024-04-28T15:42:36.443+0000] {processor.py:840} INFO - DAG(s) 'tutorial' retrieved from /home/airflow/.local/lib/python3.12/site-packages/airflow/example_dags/tutorial.py
[2024-04-28T15:42:36.507+0000] {logging_mixin.py:188} INFO - [2024-04-28T15:42:36.506+0000] {dag.py:3096} INFO - Sync 1 DAGs
[2024-04-28T15:42:36.575+0000] {logging_mixin.py:188} INFO - [2024-04-28T15:42:36.574+0000] {dag.py:3954} INFO - Setting next_dagrun for tutorial to 2024-04-27 00:00:00+00:00, run_after=2024-04-28 00:00:00+00:00
[2024-04-28T15:42:36.625+0000] {processor.py:183} INFO - Processing /home/airflow/.local/lib/python3.12/site-packages/airflow/example_dags/tutorial.py took 0.238 seconds
[2024-04-28T15:43:07.257+0000] {processor.py:161} INFO - Started process (PID=931) to work on /home/airflow/.local/lib/python3.12/site-packages/airflow/example_dags/tutorial.py
[2024-04-28T15:43:07.260+0000] {processor.py:830} INFO - Processing file /home/airflow/.local/lib/python3.12/site-packages/airflow/example_dags/tutorial.py for tasks to queue
[2024-04-28T15:43:07.265+0000] {logging_mixin.py:188} INFO - [2024-04-28T15:43:07.264+0000] {dagbag.py:540} INFO - Filling up the DagBag from /home/airflow/.local/lib/python3.12/site-packages/airflow/example_dags/tutorial.py
[2024-04-28T15:43:07.283+0000] {processor.py:840} INFO - DAG(s) 'tutorial' retrieved from /home/airflow/.local/lib/python3.12/site-packages/airflow/example_dags/tutorial.py
[2024-04-28T15:43:07.334+0000] {logging_mixin.py:188} INFO - [2024-04-28T15:43:07.334+0000] {dag.py:3096} INFO - Sync 1 DAGs
[2024-04-28T15:43:07.395+0000] {logging_mixin.py:188} INFO - [2024-04-28T15:43:07.394+0000] {dag.py:3954} INFO - Setting next_dagrun for tutorial to 2024-04-27 00:00:00+00:00, run_after=2024-04-28 00:00:00+00:00
[2024-04-28T15:43:07.443+0000] {processor.py:183} INFO - Processing /home/airflow/.local/lib/python3.12/site-packages/airflow/example_dags/tutorial.py took 0.201 seconds
[2024-04-28T15:58:39.856+0000] {processor.py:161} INFO - Started process (PID=105) to work on /home/airflow/.local/lib/python3.12/site-packages/airflow/example_dags/tutorial.py
[2024-04-28T15:58:39.866+0000] {processor.py:830} INFO - Processing file /home/airflow/.local/lib/python3.12/site-packages/airflow/example_dags/tutorial.py for tasks to queue
[2024-04-28T15:58:39.876+0000] {logging_mixin.py:188} INFO - [2024-04-28T15:58:39.875+0000] {dagbag.py:540} INFO - Filling up the DagBag from /home/airflow/.local/lib/python3.12/site-packages/airflow/example_dags/tutorial.py
[2024-04-28T15:58:39.958+0000] {processor.py:840} INFO - DAG(s) 'tutorial' retrieved from /home/airflow/.local/lib/python3.12/site-packages/airflow/example_dags/tutorial.py
[2024-04-28T15:58:40.605+0000] {logging_mixin.py:188} INFO - [2024-04-28T15:58:40.604+0000] {dag.py:3096} INFO - Sync 1 DAGs
[2024-04-28T15:58:40.735+0000] {logging_mixin.py:188} INFO - [2024-04-28T15:58:40.734+0000] {dag.py:3954} INFO - Setting next_dagrun for tutorial to 2024-04-27 00:00:00+00:00, run_after=2024-04-28 00:00:00+00:00
[2024-04-28T15:58:40.832+0000] {processor.py:183} INFO - Processing /home/airflow/.local/lib/python3.12/site-packages/airflow/example_dags/tutorial.py took 1.055 seconds
[2024-04-28T15:59:11.594+0000] {processor.py:161} INFO - Started process (PID=168) to work on /home/airflow/.local/lib/python3.12/site-packages/airflow/example_dags/tutorial.py
[2024-04-28T15:59:11.613+0000] {processor.py:830} INFO - Processing file /home/airflow/.local/lib/python3.12/site-packages/airflow/example_dags/tutorial.py for tasks to queue
[2024-04-28T15:59:11.626+0000] {logging_mixin.py:188} INFO - [2024-04-28T15:59:11.623+0000] {dagbag.py:540} INFO - Filling up the DagBag from /home/airflow/.local/lib/python3.12/site-packages/airflow/example_dags/tutorial.py
[2024-04-28T15:59:11.661+0000] {processor.py:840} INFO - DAG(s) 'tutorial' retrieved from /home/airflow/.local/lib/python3.12/site-packages/airflow/example_dags/tutorial.py
[2024-04-28T15:59:11.851+0000] {logging_mixin.py:188} INFO - [2024-04-28T15:59:11.850+0000] {dag.py:3096} INFO - Sync 1 DAGs
[2024-04-28T15:59:12.044+0000] {logging_mixin.py:188} INFO - [2024-04-28T15:59:12.042+0000] {dag.py:3954} INFO - Setting next_dagrun for tutorial to 2024-04-27 00:00:00+00:00, run_after=2024-04-28 00:00:00+00:00
[2024-04-28T15:59:12.247+0000] {processor.py:183} INFO - Processing /home/airflow/.local/lib/python3.12/site-packages/airflow/example_dags/tutorial.py took 0.731 seconds
[2024-04-28T15:59:42.976+0000] {processor.py:161} INFO - Started process (PID=231) to work on /home/airflow/.local/lib/python3.12/site-packages/airflow/example_dags/tutorial.py
[2024-04-28T15:59:42.984+0000] {processor.py:830} INFO - Processing file /home/airflow/.local/lib/python3.12/site-packages/airflow/example_dags/tutorial.py for tasks to queue
[2024-04-28T15:59:42.996+0000] {logging_mixin.py:188} INFO - [2024-04-28T15:59:42.993+0000] {dagbag.py:540} INFO - Filling up the DagBag from /home/airflow/.local/lib/python3.12/site-packages/airflow/example_dags/tutorial.py
[2024-04-28T15:59:43.062+0000] {processor.py:840} INFO - DAG(s) 'tutorial' retrieved from /home/airflow/.local/lib/python3.12/site-packages/airflow/example_dags/tutorial.py
[2024-04-28T15:59:43.316+0000] {logging_mixin.py:188} INFO - [2024-04-28T15:59:43.315+0000] {dag.py:3096} INFO - Sync 1 DAGs
[2024-04-28T15:59:43.634+0000] {logging_mixin.py:188} INFO - [2024-04-28T15:59:43.633+0000] {dag.py:3954} INFO - Setting next_dagrun for tutorial to 2024-04-27 00:00:00+00:00, run_after=2024-04-28 00:00:00+00:00
[2024-04-28T15:59:43.724+0000] {processor.py:183} INFO - Processing /home/airflow/.local/lib/python3.12/site-packages/airflow/example_dags/tutorial.py took 0.810 seconds
[2024-04-28T16:00:14.190+0000] {processor.py:161} INFO - Started process (PID=294) to work on /home/airflow/.local/lib/python3.12/site-packages/airflow/example_dags/tutorial.py
[2024-04-28T16:00:14.193+0000] {processor.py:830} INFO - Processing file /home/airflow/.local/lib/python3.12/site-packages/airflow/example_dags/tutorial.py for tasks to queue
[2024-04-28T16:00:14.200+0000] {logging_mixin.py:188} INFO - [2024-04-28T16:00:14.199+0000] {dagbag.py:540} INFO - Filling up the DagBag from /home/airflow/.local/lib/python3.12/site-packages/airflow/example_dags/tutorial.py
[2024-04-28T16:00:14.237+0000] {processor.py:840} INFO - DAG(s) 'tutorial' retrieved from /home/airflow/.local/lib/python3.12/site-packages/airflow/example_dags/tutorial.py
[2024-04-28T16:00:14.331+0000] {logging_mixin.py:188} INFO - [2024-04-28T16:00:14.330+0000] {dag.py:3096} INFO - Sync 1 DAGs
[2024-04-28T16:00:14.426+0000] {logging_mixin.py:188} INFO - [2024-04-28T16:00:14.424+0000] {dag.py:3954} INFO - Setting next_dagrun for tutorial to 2024-04-27 00:00:00+00:00, run_after=2024-04-28 00:00:00+00:00
[2024-04-28T16:00:14.500+0000] {processor.py:183} INFO - Processing /home/airflow/.local/lib/python3.12/site-packages/airflow/example_dags/tutorial.py took 0.330 seconds
[2024-04-28T16:00:46.552+0000] {processor.py:161} INFO - Started process (PID=357) to work on /home/airflow/.local/lib/python3.12/site-packages/airflow/example_dags/tutorial.py
[2024-04-28T16:00:46.558+0000] {processor.py:830} INFO - Processing file /home/airflow/.local/lib/python3.12/site-packages/airflow/example_dags/tutorial.py for tasks to queue
[2024-04-28T16:00:46.567+0000] {logging_mixin.py:188} INFO - [2024-04-28T16:00:46.565+0000] {dagbag.py:540} INFO - Filling up the DagBag from /home/airflow/.local/lib/python3.12/site-packages/airflow/example_dags/tutorial.py
[2024-04-28T16:00:46.588+0000] {processor.py:840} INFO - DAG(s) 'tutorial' retrieved from /home/airflow/.local/lib/python3.12/site-packages/airflow/example_dags/tutorial.py
[2024-04-28T16:00:46.724+0000] {logging_mixin.py:188} INFO - [2024-04-28T16:00:46.723+0000] {dag.py:3096} INFO - Sync 1 DAGs
[2024-04-28T16:00:46.819+0000] {logging_mixin.py:188} INFO - [2024-04-28T16:00:46.818+0000] {dag.py:3954} INFO - Setting next_dagrun for tutorial to 2024-04-27 00:00:00+00:00, run_after=2024-04-28 00:00:00+00:00
[2024-04-28T16:00:46.902+0000] {processor.py:183} INFO - Processing /home/airflow/.local/lib/python3.12/site-packages/airflow/example_dags/tutorial.py took 0.368 seconds
[2024-04-28T16:01:18.830+0000] {processor.py:161} INFO - Started process (PID=419) to work on /home/airflow/.local/lib/python3.12/site-packages/airflow/example_dags/tutorial.py
[2024-04-28T16:01:18.834+0000] {processor.py:830} INFO - Processing file /home/airflow/.local/lib/python3.12/site-packages/airflow/example_dags/tutorial.py for tasks to queue
[2024-04-28T16:01:18.843+0000] {logging_mixin.py:188} INFO - [2024-04-28T16:01:18.841+0000] {dagbag.py:540} INFO - Filling up the DagBag from /home/airflow/.local/lib/python3.12/site-packages/airflow/example_dags/tutorial.py
[2024-04-28T16:01:18.877+0000] {processor.py:840} INFO - DAG(s) 'tutorial' retrieved from /home/airflow/.local/lib/python3.12/site-packages/airflow/example_dags/tutorial.py
[2024-04-28T16:01:19.012+0000] {logging_mixin.py:188} INFO - [2024-04-28T16:01:19.011+0000] {dag.py:3096} INFO - Sync 1 DAGs
[2024-04-28T16:01:19.096+0000] {logging_mixin.py:188} INFO - [2024-04-28T16:01:19.095+0000] {dag.py:3954} INFO - Setting next_dagrun for tutorial to 2024-04-27 00:00:00+00:00, run_after=2024-04-28 00:00:00+00:00
[2024-04-28T16:01:19.163+0000] {processor.py:183} INFO - Processing /home/airflow/.local/lib/python3.12/site-packages/airflow/example_dags/tutorial.py took 0.398 seconds
[2024-04-28T16:01:49.940+0000] {processor.py:161} INFO - Started process (PID=482) to work on /home/airflow/.local/lib/python3.12/site-packages/airflow/example_dags/tutorial.py
[2024-04-28T16:01:49.943+0000] {processor.py:830} INFO - Processing file /home/airflow/.local/lib/python3.12/site-packages/airflow/example_dags/tutorial.py for tasks to queue
[2024-04-28T16:01:49.950+0000] {logging_mixin.py:188} INFO - [2024-04-28T16:01:49.948+0000] {dagbag.py:540} INFO - Filling up the DagBag from /home/airflow/.local/lib/python3.12/site-packages/airflow/example_dags/tutorial.py
[2024-04-28T16:01:49.982+0000] {processor.py:840} INFO - DAG(s) 'tutorial' retrieved from /home/airflow/.local/lib/python3.12/site-packages/airflow/example_dags/tutorial.py
[2024-04-28T16:01:50.099+0000] {logging_mixin.py:188} INFO - [2024-04-28T16:01:50.098+0000] {dag.py:3096} INFO - Sync 1 DAGs
[2024-04-28T16:01:50.228+0000] {logging_mixin.py:188} INFO - [2024-04-28T16:01:50.226+0000] {dag.py:3954} INFO - Setting next_dagrun for tutorial to 2024-04-27 00:00:00+00:00, run_after=2024-04-28 00:00:00+00:00
[2024-04-28T16:01:50.361+0000] {processor.py:183} INFO - Processing /home/airflow/.local/lib/python3.12/site-packages/airflow/example_dags/tutorial.py took 0.442 seconds
[2024-04-28T16:02:20.954+0000] {processor.py:161} INFO - Started process (PID=544) to work on /home/airflow/.local/lib/python3.12/site-packages/airflow/example_dags/tutorial.py
[2024-04-28T16:02:20.956+0000] {processor.py:830} INFO - Processing file /home/airflow/.local/lib/python3.12/site-packages/airflow/example_dags/tutorial.py for tasks to queue
[2024-04-28T16:02:20.962+0000] {logging_mixin.py:188} INFO - [2024-04-28T16:02:20.961+0000] {dagbag.py:540} INFO - Filling up the DagBag from /home/airflow/.local/lib/python3.12/site-packages/airflow/example_dags/tutorial.py
[2024-04-28T16:02:20.980+0000] {processor.py:840} INFO - DAG(s) 'tutorial' retrieved from /home/airflow/.local/lib/python3.12/site-packages/airflow/example_dags/tutorial.py
[2024-04-28T16:02:21.040+0000] {logging_mixin.py:188} INFO - [2024-04-28T16:02:21.039+0000] {dag.py:3096} INFO - Sync 1 DAGs
[2024-04-28T16:02:21.108+0000] {logging_mixin.py:188} INFO - [2024-04-28T16:02:21.108+0000] {dag.py:3954} INFO - Setting next_dagrun for tutorial to 2024-04-27 00:00:00+00:00, run_after=2024-04-28 00:00:00+00:00
[2024-04-28T16:02:21.164+0000] {processor.py:183} INFO - Processing /home/airflow/.local/lib/python3.12/site-packages/airflow/example_dags/tutorial.py took 0.226 seconds
[2024-04-28T16:02:51.269+0000] {processor.py:161} INFO - Started process (PID=607) to work on /home/airflow/.local/lib/python3.12/site-packages/airflow/example_dags/tutorial.py
[2024-04-28T16:02:51.271+0000] {processor.py:830} INFO - Processing file /home/airflow/.local/lib/python3.12/site-packages/airflow/example_dags/tutorial.py for tasks to queue
[2024-04-28T16:02:51.276+0000] {logging_mixin.py:188} INFO - [2024-04-28T16:02:51.275+0000] {dagbag.py:540} INFO - Filling up the DagBag from /home/airflow/.local/lib/python3.12/site-packages/airflow/example_dags/tutorial.py
[2024-04-28T16:02:51.293+0000] {processor.py:840} INFO - DAG(s) 'tutorial' retrieved from /home/airflow/.local/lib/python3.12/site-packages/airflow/example_dags/tutorial.py
[2024-04-28T16:02:51.347+0000] {logging_mixin.py:188} INFO - [2024-04-28T16:02:51.346+0000] {dag.py:3096} INFO - Sync 1 DAGs
[2024-04-28T16:02:51.407+0000] {logging_mixin.py:188} INFO - [2024-04-28T16:02:51.406+0000] {dag.py:3954} INFO - Setting next_dagrun for tutorial to 2024-04-27 00:00:00+00:00, run_after=2024-04-28 00:00:00+00:00
[2024-04-28T16:02:51.465+0000] {processor.py:183} INFO - Processing /home/airflow/.local/lib/python3.12/site-packages/airflow/example_dags/tutorial.py took 0.211 seconds
[2024-04-28T16:03:22.026+0000] {processor.py:161} INFO - Started process (PID=670) to work on /home/airflow/.local/lib/python3.12/site-packages/airflow/example_dags/tutorial.py
[2024-04-28T16:03:22.029+0000] {processor.py:830} INFO - Processing file /home/airflow/.local/lib/python3.12/site-packages/airflow/example_dags/tutorial.py for tasks to queue
[2024-04-28T16:03:22.036+0000] {logging_mixin.py:188} INFO - [2024-04-28T16:03:22.034+0000] {dagbag.py:540} INFO - Filling up the DagBag from /home/airflow/.local/lib/python3.12/site-packages/airflow/example_dags/tutorial.py
[2024-04-28T16:03:22.057+0000] {processor.py:840} INFO - DAG(s) 'tutorial' retrieved from /home/airflow/.local/lib/python3.12/site-packages/airflow/example_dags/tutorial.py
[2024-04-28T16:03:22.117+0000] {logging_mixin.py:188} INFO - [2024-04-28T16:03:22.117+0000] {dag.py:3096} INFO - Sync 1 DAGs
[2024-04-28T16:03:22.190+0000] {logging_mixin.py:188} INFO - [2024-04-28T16:03:22.189+0000] {dag.py:3954} INFO - Setting next_dagrun for tutorial to 2024-04-27 00:00:00+00:00, run_after=2024-04-28 00:00:00+00:00
[2024-04-28T16:03:22.248+0000] {processor.py:183} INFO - Processing /home/airflow/.local/lib/python3.12/site-packages/airflow/example_dags/tutorial.py took 0.239 seconds
[2024-04-28T16:03:53.210+0000] {processor.py:161} INFO - Started process (PID=733) to work on /home/airflow/.local/lib/python3.12/site-packages/airflow/example_dags/tutorial.py
[2024-04-28T16:03:53.215+0000] {processor.py:830} INFO - Processing file /home/airflow/.local/lib/python3.12/site-packages/airflow/example_dags/tutorial.py for tasks to queue
[2024-04-28T16:03:53.226+0000] {logging_mixin.py:188} INFO - [2024-04-28T16:03:53.224+0000] {dagbag.py:540} INFO - Filling up the DagBag from /home/airflow/.local/lib/python3.12/site-packages/airflow/example_dags/tutorial.py
[2024-04-28T16:03:53.257+0000] {processor.py:840} INFO - DAG(s) 'tutorial' retrieved from /home/airflow/.local/lib/python3.12/site-packages/airflow/example_dags/tutorial.py
[2024-04-28T16:03:53.354+0000] {logging_mixin.py:188} INFO - [2024-04-28T16:03:53.353+0000] {dag.py:3096} INFO - Sync 1 DAGs
[2024-04-28T16:03:53.448+0000] {logging_mixin.py:188} INFO - [2024-04-28T16:03:53.448+0000] {dag.py:3954} INFO - Setting next_dagrun for tutorial to 2024-04-27 00:00:00+00:00, run_after=2024-04-28 00:00:00+00:00
[2024-04-28T16:03:53.528+0000] {processor.py:183} INFO - Processing /home/airflow/.local/lib/python3.12/site-packages/airflow/example_dags/tutorial.py took 0.366 seconds
[2024-04-28T16:04:24.206+0000] {processor.py:161} INFO - Started process (PID=796) to work on /home/airflow/.local/lib/python3.12/site-packages/airflow/example_dags/tutorial.py
[2024-04-28T16:04:24.208+0000] {processor.py:830} INFO - Processing file /home/airflow/.local/lib/python3.12/site-packages/airflow/example_dags/tutorial.py for tasks to queue
[2024-04-28T16:04:24.213+0000] {logging_mixin.py:188} INFO - [2024-04-28T16:04:24.212+0000] {dagbag.py:540} INFO - Filling up the DagBag from /home/airflow/.local/lib/python3.12/site-packages/airflow/example_dags/tutorial.py
[2024-04-28T16:04:24.231+0000] {processor.py:840} INFO - DAG(s) 'tutorial' retrieved from /home/airflow/.local/lib/python3.12/site-packages/airflow/example_dags/tutorial.py
[2024-04-28T16:04:24.285+0000] {logging_mixin.py:188} INFO - [2024-04-28T16:04:24.284+0000] {dag.py:3096} INFO - Sync 1 DAGs
[2024-04-28T16:04:24.344+0000] {logging_mixin.py:188} INFO - [2024-04-28T16:04:24.344+0000] {dag.py:3954} INFO - Setting next_dagrun for tutorial to 2024-04-27 00:00:00+00:00, run_after=2024-04-28 00:00:00+00:00
[2024-04-28T16:04:24.396+0000] {processor.py:183} INFO - Processing /home/airflow/.local/lib/python3.12/site-packages/airflow/example_dags/tutorial.py took 0.204 seconds
[2024-04-28T16:04:54.750+0000] {processor.py:161} INFO - Started process (PID=859) to work on /home/airflow/.local/lib/python3.12/site-packages/airflow/example_dags/tutorial.py
[2024-04-28T16:04:54.752+0000] {processor.py:830} INFO - Processing file /home/airflow/.local/lib/python3.12/site-packages/airflow/example_dags/tutorial.py for tasks to queue
[2024-04-28T16:04:54.759+0000] {logging_mixin.py:188} INFO - [2024-04-28T16:04:54.758+0000] {dagbag.py:540} INFO - Filling up the DagBag from /home/airflow/.local/lib/python3.12/site-packages/airflow/example_dags/tutorial.py
[2024-04-28T16:04:54.776+0000] {processor.py:840} INFO - DAG(s) 'tutorial' retrieved from /home/airflow/.local/lib/python3.12/site-packages/airflow/example_dags/tutorial.py
[2024-04-28T16:04:54.850+0000] {logging_mixin.py:188} INFO - [2024-04-28T16:04:54.849+0000] {dag.py:3096} INFO - Sync 1 DAGs
[2024-04-28T16:04:54.949+0000] {logging_mixin.py:188} INFO - [2024-04-28T16:04:54.948+0000] {dag.py:3954} INFO - Setting next_dagrun for tutorial to 2024-04-27 00:00:00+00:00, run_after=2024-04-28 00:00:00+00:00
[2024-04-28T16:04:55.021+0000] {processor.py:183} INFO - Processing /home/airflow/.local/lib/python3.12/site-packages/airflow/example_dags/tutorial.py took 0.286 seconds
[2024-04-28T16:05:25.362+0000] {processor.py:161} INFO - Started process (PID=922) to work on /home/airflow/.local/lib/python3.12/site-packages/airflow/example_dags/tutorial.py
[2024-04-28T16:05:25.364+0000] {processor.py:830} INFO - Processing file /home/airflow/.local/lib/python3.12/site-packages/airflow/example_dags/tutorial.py for tasks to queue
[2024-04-28T16:05:25.369+0000] {logging_mixin.py:188} INFO - [2024-04-28T16:05:25.368+0000] {dagbag.py:540} INFO - Filling up the DagBag from /home/airflow/.local/lib/python3.12/site-packages/airflow/example_dags/tutorial.py
[2024-04-28T16:05:25.390+0000] {processor.py:840} INFO - DAG(s) 'tutorial' retrieved from /home/airflow/.local/lib/python3.12/site-packages/airflow/example_dags/tutorial.py
[2024-04-28T16:05:25.450+0000] {logging_mixin.py:188} INFO - [2024-04-28T16:05:25.449+0000] {dag.py:3096} INFO - Sync 1 DAGs
[2024-04-28T16:05:25.519+0000] {logging_mixin.py:188} INFO - [2024-04-28T16:05:25.519+0000] {dag.py:3954} INFO - Setting next_dagrun for tutorial to 2024-04-27 00:00:00+00:00, run_after=2024-04-28 00:00:00+00:00
[2024-04-28T16:05:25.585+0000] {processor.py:183} INFO - Processing /home/airflow/.local/lib/python3.12/site-packages/airflow/example_dags/tutorial.py took 0.242 seconds
[2024-04-28T16:05:56.063+0000] {processor.py:161} INFO - Started process (PID=986) to work on /home/airflow/.local/lib/python3.12/site-packages/airflow/example_dags/tutorial.py
[2024-04-28T16:05:56.066+0000] {processor.py:830} INFO - Processing file /home/airflow/.local/lib/python3.12/site-packages/airflow/example_dags/tutorial.py for tasks to queue
[2024-04-28T16:05:56.073+0000] {logging_mixin.py:188} INFO - [2024-04-28T16:05:56.072+0000] {dagbag.py:540} INFO - Filling up the DagBag from /home/airflow/.local/lib/python3.12/site-packages/airflow/example_dags/tutorial.py
[2024-04-28T16:05:56.098+0000] {processor.py:840} INFO - DAG(s) 'tutorial' retrieved from /home/airflow/.local/lib/python3.12/site-packages/airflow/example_dags/tutorial.py
[2024-04-28T16:05:56.203+0000] {logging_mixin.py:188} INFO - [2024-04-28T16:05:56.202+0000] {dag.py:3096} INFO - Sync 1 DAGs
[2024-04-28T16:05:56.324+0000] {logging_mixin.py:188} INFO - [2024-04-28T16:05:56.322+0000] {dag.py:3954} INFO - Setting next_dagrun for tutorial to 2024-04-27 00:00:00+00:00, run_after=2024-04-28 00:00:00+00:00
[2024-04-28T16:05:56.491+0000] {processor.py:183} INFO - Processing /home/airflow/.local/lib/python3.12/site-packages/airflow/example_dags/tutorial.py took 0.468 seconds
[2024-04-28T16:06:26.683+0000] {processor.py:161} INFO - Started process (PID=1049) to work on /home/airflow/.local/lib/python3.12/site-packages/airflow/example_dags/tutorial.py
[2024-04-28T16:06:26.685+0000] {processor.py:830} INFO - Processing file /home/airflow/.local/lib/python3.12/site-packages/airflow/example_dags/tutorial.py for tasks to queue
[2024-04-28T16:06:26.691+0000] {logging_mixin.py:188} INFO - [2024-04-28T16:06:26.690+0000] {dagbag.py:540} INFO - Filling up the DagBag from /home/airflow/.local/lib/python3.12/site-packages/airflow/example_dags/tutorial.py
[2024-04-28T16:06:26.710+0000] {processor.py:840} INFO - DAG(s) 'tutorial' retrieved from /home/airflow/.local/lib/python3.12/site-packages/airflow/example_dags/tutorial.py
[2024-04-28T16:06:26.772+0000] {logging_mixin.py:188} INFO - [2024-04-28T16:06:26.772+0000] {dag.py:3096} INFO - Sync 1 DAGs
[2024-04-28T16:06:26.844+0000] {logging_mixin.py:188} INFO - [2024-04-28T16:06:26.843+0000] {dag.py:3954} INFO - Setting next_dagrun for tutorial to 2024-04-27 00:00:00+00:00, run_after=2024-04-28 00:00:00+00:00
[2024-04-28T16:06:26.911+0000] {processor.py:183} INFO - Processing /home/airflow/.local/lib/python3.12/site-packages/airflow/example_dags/tutorial.py took 0.243 seconds
[2024-04-28T16:06:57.602+0000] {processor.py:161} INFO - Started process (PID=1113) to work on /home/airflow/.local/lib/python3.12/site-packages/airflow/example_dags/tutorial.py
[2024-04-28T16:06:57.605+0000] {processor.py:830} INFO - Processing file /home/airflow/.local/lib/python3.12/site-packages/airflow/example_dags/tutorial.py for tasks to queue
[2024-04-28T16:06:57.611+0000] {logging_mixin.py:188} INFO - [2024-04-28T16:06:57.610+0000] {dagbag.py:540} INFO - Filling up the DagBag from /home/airflow/.local/lib/python3.12/site-packages/airflow/example_dags/tutorial.py
[2024-04-28T16:06:57.635+0000] {processor.py:840} INFO - DAG(s) 'tutorial' retrieved from /home/airflow/.local/lib/python3.12/site-packages/airflow/example_dags/tutorial.py
[2024-04-28T16:06:57.710+0000] {logging_mixin.py:188} INFO - [2024-04-28T16:06:57.709+0000] {dag.py:3096} INFO - Sync 1 DAGs
[2024-04-28T16:06:57.784+0000] {logging_mixin.py:188} INFO - [2024-04-28T16:06:57.784+0000] {dag.py:3954} INFO - Setting next_dagrun for tutorial to 2024-04-27 00:00:00+00:00, run_after=2024-04-28 00:00:00+00:00
[2024-04-28T16:06:57.842+0000] {processor.py:183} INFO - Processing /home/airflow/.local/lib/python3.12/site-packages/airflow/example_dags/tutorial.py took 0.257 seconds
[2024-04-28T16:07:31.203+0000] {processor.py:161} INFO - Started process (PID=1179) to work on /home/airflow/.local/lib/python3.12/site-packages/airflow/example_dags/tutorial.py
[2024-04-28T16:07:31.208+0000] {processor.py:830} INFO - Processing file /home/airflow/.local/lib/python3.12/site-packages/airflow/example_dags/tutorial.py for tasks to queue
[2024-04-28T16:07:31.216+0000] {logging_mixin.py:188} INFO - [2024-04-28T16:07:31.215+0000] {dagbag.py:540} INFO - Filling up the DagBag from /home/airflow/.local/lib/python3.12/site-packages/airflow/example_dags/tutorial.py
[2024-04-28T16:07:31.249+0000] {processor.py:840} INFO - DAG(s) 'tutorial' retrieved from /home/airflow/.local/lib/python3.12/site-packages/airflow/example_dags/tutorial.py
[2024-04-28T16:07:31.320+0000] {logging_mixin.py:188} INFO - [2024-04-28T16:07:31.319+0000] {dag.py:3096} INFO - Sync 1 DAGs
[2024-04-28T16:07:31.393+0000] {logging_mixin.py:188} INFO - [2024-04-28T16:07:31.392+0000] {dag.py:3954} INFO - Setting next_dagrun for tutorial to 2024-04-27 00:00:00+00:00, run_after=2024-04-28 00:00:00+00:00
[2024-04-28T16:07:31.459+0000] {processor.py:183} INFO - Processing /home/airflow/.local/lib/python3.12/site-packages/airflow/example_dags/tutorial.py took 0.300 seconds
[2024-04-28T16:08:09.669+0000] {processor.py:161} INFO - Started process (PID=1252) to work on /home/airflow/.local/lib/python3.12/site-packages/airflow/example_dags/tutorial.py
[2024-04-28T16:08:09.672+0000] {processor.py:830} INFO - Processing file /home/airflow/.local/lib/python3.12/site-packages/airflow/example_dags/tutorial.py for tasks to queue
[2024-04-28T16:08:09.678+0000] {logging_mixin.py:188} INFO - [2024-04-28T16:08:09.677+0000] {dagbag.py:540} INFO - Filling up the DagBag from /home/airflow/.local/lib/python3.12/site-packages/airflow/example_dags/tutorial.py
[2024-04-28T16:08:09.697+0000] {processor.py:840} INFO - DAG(s) 'tutorial' retrieved from /home/airflow/.local/lib/python3.12/site-packages/airflow/example_dags/tutorial.py
[2024-04-28T16:08:09.762+0000] {logging_mixin.py:188} INFO - [2024-04-28T16:08:09.762+0000] {dag.py:3096} INFO - Sync 1 DAGs
[2024-04-28T16:08:09.838+0000] {logging_mixin.py:188} INFO - [2024-04-28T16:08:09.837+0000] {dag.py:3954} INFO - Setting next_dagrun for tutorial to 2024-04-27 00:00:00+00:00, run_after=2024-04-28 00:00:00+00:00
[2024-04-28T16:08:09.899+0000] {processor.py:183} INFO - Processing /home/airflow/.local/lib/python3.12/site-packages/airflow/example_dags/tutorial.py took 0.247 seconds
[2024-04-28T16:08:40.447+0000] {processor.py:161} INFO - Started process (PID=1315) to work on /home/airflow/.local/lib/python3.12/site-packages/airflow/example_dags/tutorial.py
[2024-04-28T16:08:40.450+0000] {processor.py:830} INFO - Processing file /home/airflow/.local/lib/python3.12/site-packages/airflow/example_dags/tutorial.py for tasks to queue
[2024-04-28T16:08:40.456+0000] {logging_mixin.py:188} INFO - [2024-04-28T16:08:40.455+0000] {dagbag.py:540} INFO - Filling up the DagBag from /home/airflow/.local/lib/python3.12/site-packages/airflow/example_dags/tutorial.py
[2024-04-28T16:08:40.480+0000] {processor.py:840} INFO - DAG(s) 'tutorial' retrieved from /home/airflow/.local/lib/python3.12/site-packages/airflow/example_dags/tutorial.py
[2024-04-28T16:08:40.548+0000] {logging_mixin.py:188} INFO - [2024-04-28T16:08:40.547+0000] {dag.py:3096} INFO - Sync 1 DAGs
[2024-04-28T16:08:40.625+0000] {logging_mixin.py:188} INFO - [2024-04-28T16:08:40.624+0000] {dag.py:3954} INFO - Setting next_dagrun for tutorial to 2024-04-27 00:00:00+00:00, run_after=2024-04-28 00:00:00+00:00
[2024-04-28T16:08:40.736+0000] {processor.py:183} INFO - Processing /home/airflow/.local/lib/python3.12/site-packages/airflow/example_dags/tutorial.py took 0.307 seconds
[2024-04-28T16:09:11.393+0000] {processor.py:161} INFO - Started process (PID=1378) to work on /home/airflow/.local/lib/python3.12/site-packages/airflow/example_dags/tutorial.py
[2024-04-28T16:09:11.396+0000] {processor.py:830} INFO - Processing file /home/airflow/.local/lib/python3.12/site-packages/airflow/example_dags/tutorial.py for tasks to queue
[2024-04-28T16:09:11.404+0000] {logging_mixin.py:188} INFO - [2024-04-28T16:09:11.402+0000] {dagbag.py:540} INFO - Filling up the DagBag from /home/airflow/.local/lib/python3.12/site-packages/airflow/example_dags/tutorial.py
[2024-04-28T16:09:11.430+0000] {processor.py:840} INFO - DAG(s) 'tutorial' retrieved from /home/airflow/.local/lib/python3.12/site-packages/airflow/example_dags/tutorial.py
[2024-04-28T16:09:11.523+0000] {logging_mixin.py:188} INFO - [2024-04-28T16:09:11.523+0000] {dag.py:3096} INFO - Sync 1 DAGs
[2024-04-28T16:09:11.620+0000] {logging_mixin.py:188} INFO - [2024-04-28T16:09:11.619+0000] {dag.py:3954} INFO - Setting next_dagrun for tutorial to 2024-04-27 00:00:00+00:00, run_after=2024-04-28 00:00:00+00:00
[2024-04-28T16:09:11.717+0000] {processor.py:183} INFO - Processing /home/airflow/.local/lib/python3.12/site-packages/airflow/example_dags/tutorial.py took 0.348 seconds
[2024-04-28T16:09:42.206+0000] {processor.py:161} INFO - Started process (PID=1441) to work on /home/airflow/.local/lib/python3.12/site-packages/airflow/example_dags/tutorial.py
[2024-04-28T16:09:42.209+0000] {processor.py:830} INFO - Processing file /home/airflow/.local/lib/python3.12/site-packages/airflow/example_dags/tutorial.py for tasks to queue
[2024-04-28T16:09:42.214+0000] {logging_mixin.py:188} INFO - [2024-04-28T16:09:42.213+0000] {dagbag.py:540} INFO - Filling up the DagBag from /home/airflow/.local/lib/python3.12/site-packages/airflow/example_dags/tutorial.py
[2024-04-28T16:09:42.237+0000] {processor.py:840} INFO - DAG(s) 'tutorial' retrieved from /home/airflow/.local/lib/python3.12/site-packages/airflow/example_dags/tutorial.py
[2024-04-28T16:09:42.304+0000] {logging_mixin.py:188} INFO - [2024-04-28T16:09:42.303+0000] {dag.py:3096} INFO - Sync 1 DAGs
[2024-04-28T16:09:42.375+0000] {logging_mixin.py:188} INFO - [2024-04-28T16:09:42.374+0000] {dag.py:3954} INFO - Setting next_dagrun for tutorial to 2024-04-27 00:00:00+00:00, run_after=2024-04-28 00:00:00+00:00
[2024-04-28T16:09:42.443+0000] {processor.py:183} INFO - Processing /home/airflow/.local/lib/python3.12/site-packages/airflow/example_dags/tutorial.py took 0.254 seconds
[2024-04-28T16:10:12.724+0000] {processor.py:161} INFO - Started process (PID=1504) to work on /home/airflow/.local/lib/python3.12/site-packages/airflow/example_dags/tutorial.py
[2024-04-28T16:10:12.730+0000] {processor.py:830} INFO - Processing file /home/airflow/.local/lib/python3.12/site-packages/airflow/example_dags/tutorial.py for tasks to queue
[2024-04-28T16:10:12.735+0000] {logging_mixin.py:188} INFO - [2024-04-28T16:10:12.734+0000] {dagbag.py:540} INFO - Filling up the DagBag from /home/airflow/.local/lib/python3.12/site-packages/airflow/example_dags/tutorial.py
[2024-04-28T16:10:12.759+0000] {processor.py:840} INFO - DAG(s) 'tutorial' retrieved from /home/airflow/.local/lib/python3.12/site-packages/airflow/example_dags/tutorial.py
[2024-04-28T16:10:12.822+0000] {logging_mixin.py:188} INFO - [2024-04-28T16:10:12.821+0000] {dag.py:3096} INFO - Sync 1 DAGs
[2024-04-28T16:10:12.892+0000] {logging_mixin.py:188} INFO - [2024-04-28T16:10:12.891+0000] {dag.py:3954} INFO - Setting next_dagrun for tutorial to 2024-04-27 00:00:00+00:00, run_after=2024-04-28 00:00:00+00:00
[2024-04-28T16:10:12.957+0000] {processor.py:183} INFO - Processing /home/airflow/.local/lib/python3.12/site-packages/airflow/example_dags/tutorial.py took 0.251 seconds
[2024-04-28T16:10:43.311+0000] {processor.py:161} INFO - Started process (PID=1567) to work on /home/airflow/.local/lib/python3.12/site-packages/airflow/example_dags/tutorial.py
[2024-04-28T16:10:43.313+0000] {processor.py:830} INFO - Processing file /home/airflow/.local/lib/python3.12/site-packages/airflow/example_dags/tutorial.py for tasks to queue
[2024-04-28T16:10:43.320+0000] {logging_mixin.py:188} INFO - [2024-04-28T16:10:43.319+0000] {dagbag.py:540} INFO - Filling up the DagBag from /home/airflow/.local/lib/python3.12/site-packages/airflow/example_dags/tutorial.py
[2024-04-28T16:10:43.339+0000] {processor.py:840} INFO - DAG(s) 'tutorial' retrieved from /home/airflow/.local/lib/python3.12/site-packages/airflow/example_dags/tutorial.py
[2024-04-28T16:10:43.401+0000] {logging_mixin.py:188} INFO - [2024-04-28T16:10:43.400+0000] {dag.py:3096} INFO - Sync 1 DAGs
[2024-04-28T16:10:43.476+0000] {logging_mixin.py:188} INFO - [2024-04-28T16:10:43.475+0000] {dag.py:3954} INFO - Setting next_dagrun for tutorial to 2024-04-27 00:00:00+00:00, run_after=2024-04-28 00:00:00+00:00
[2024-04-28T16:10:43.540+0000] {processor.py:183} INFO - Processing /home/airflow/.local/lib/python3.12/site-packages/airflow/example_dags/tutorial.py took 0.250 seconds
[2024-04-28T16:11:14.942+0000] {processor.py:161} INFO - Started process (PID=1630) to work on /home/airflow/.local/lib/python3.12/site-packages/airflow/example_dags/tutorial.py
[2024-04-28T16:11:14.954+0000] {processor.py:830} INFO - Processing file /home/airflow/.local/lib/python3.12/site-packages/airflow/example_dags/tutorial.py for tasks to queue
[2024-04-28T16:11:14.967+0000] {logging_mixin.py:188} INFO - [2024-04-28T16:11:14.964+0000] {dagbag.py:540} INFO - Filling up the DagBag from /home/airflow/.local/lib/python3.12/site-packages/airflow/example_dags/tutorial.py
[2024-04-28T16:11:15.018+0000] {processor.py:840} INFO - DAG(s) 'tutorial' retrieved from /home/airflow/.local/lib/python3.12/site-packages/airflow/example_dags/tutorial.py
[2024-04-28T16:11:15.216+0000] {logging_mixin.py:188} INFO - [2024-04-28T16:11:15.215+0000] {dag.py:3096} INFO - Sync 1 DAGs
[2024-04-28T16:11:15.466+0000] {logging_mixin.py:188} INFO - [2024-04-28T16:11:15.465+0000] {dag.py:3954} INFO - Setting next_dagrun for tutorial to 2024-04-27 00:00:00+00:00, run_after=2024-04-28 00:00:00+00:00
[2024-04-28T16:11:15.610+0000] {processor.py:183} INFO - Processing /home/airflow/.local/lib/python3.12/site-packages/airflow/example_dags/tutorial.py took 0.690 seconds
[2024-04-28T16:11:46.365+0000] {processor.py:161} INFO - Started process (PID=1693) to work on /home/airflow/.local/lib/python3.12/site-packages/airflow/example_dags/tutorial.py
[2024-04-28T16:11:46.369+0000] {processor.py:830} INFO - Processing file /home/airflow/.local/lib/python3.12/site-packages/airflow/example_dags/tutorial.py for tasks to queue
[2024-04-28T16:11:46.377+0000] {logging_mixin.py:188} INFO - [2024-04-28T16:11:46.376+0000] {dagbag.py:540} INFO - Filling up the DagBag from /home/airflow/.local/lib/python3.12/site-packages/airflow/example_dags/tutorial.py
[2024-04-28T16:11:46.402+0000] {processor.py:840} INFO - DAG(s) 'tutorial' retrieved from /home/airflow/.local/lib/python3.12/site-packages/airflow/example_dags/tutorial.py
[2024-04-28T16:11:46.496+0000] {logging_mixin.py:188} INFO - [2024-04-28T16:11:46.495+0000] {dag.py:3096} INFO - Sync 1 DAGs
[2024-04-28T16:11:46.584+0000] {logging_mixin.py:188} INFO - [2024-04-28T16:11:46.584+0000] {dag.py:3954} INFO - Setting next_dagrun for tutorial to 2024-04-27 00:00:00+00:00, run_after=2024-04-28 00:00:00+00:00
[2024-04-28T16:11:46.661+0000] {processor.py:183} INFO - Processing /home/airflow/.local/lib/python3.12/site-packages/airflow/example_dags/tutorial.py took 0.319 seconds
[2024-04-28T16:12:17.205+0000] {processor.py:161} INFO - Started process (PID=1756) to work on /home/airflow/.local/lib/python3.12/site-packages/airflow/example_dags/tutorial.py
[2024-04-28T16:12:17.208+0000] {processor.py:830} INFO - Processing file /home/airflow/.local/lib/python3.12/site-packages/airflow/example_dags/tutorial.py for tasks to queue
[2024-04-28T16:12:17.217+0000] {logging_mixin.py:188} INFO - [2024-04-28T16:12:17.215+0000] {dagbag.py:540} INFO - Filling up the DagBag from /home/airflow/.local/lib/python3.12/site-packages/airflow/example_dags/tutorial.py
[2024-04-28T16:12:17.256+0000] {processor.py:840} INFO - DAG(s) 'tutorial' retrieved from /home/airflow/.local/lib/python3.12/site-packages/airflow/example_dags/tutorial.py
[2024-04-28T16:12:17.351+0000] {logging_mixin.py:188} INFO - [2024-04-28T16:12:17.350+0000] {dag.py:3096} INFO - Sync 1 DAGs
[2024-04-28T16:12:17.454+0000] {logging_mixin.py:188} INFO - [2024-04-28T16:12:17.453+0000] {dag.py:3954} INFO - Setting next_dagrun for tutorial to 2024-04-27 00:00:00+00:00, run_after=2024-04-28 00:00:00+00:00
[2024-04-28T16:12:17.623+0000] {processor.py:183} INFO - Processing /home/airflow/.local/lib/python3.12/site-packages/airflow/example_dags/tutorial.py took 0.440 seconds
[2024-04-28T16:12:49.388+0000] {processor.py:161} INFO - Started process (PID=1820) to work on /home/airflow/.local/lib/python3.12/site-packages/airflow/example_dags/tutorial.py
[2024-04-28T16:12:49.400+0000] {processor.py:830} INFO - Processing file /home/airflow/.local/lib/python3.12/site-packages/airflow/example_dags/tutorial.py for tasks to queue
[2024-04-28T16:12:49.416+0000] {logging_mixin.py:188} INFO - [2024-04-28T16:12:49.415+0000] {dagbag.py:540} INFO - Filling up the DagBag from /home/airflow/.local/lib/python3.12/site-packages/airflow/example_dags/tutorial.py
[2024-04-28T16:12:49.487+0000] {processor.py:840} INFO - DAG(s) 'tutorial' retrieved from /home/airflow/.local/lib/python3.12/site-packages/airflow/example_dags/tutorial.py
[2024-04-28T16:12:49.599+0000] {logging_mixin.py:188} INFO - [2024-04-28T16:12:49.598+0000] {dag.py:3096} INFO - Sync 1 DAGs
[2024-04-28T16:12:49.762+0000] {logging_mixin.py:188} INFO - [2024-04-28T16:12:49.753+0000] {dag.py:3954} INFO - Setting next_dagrun for tutorial to 2024-04-27 00:00:00+00:00, run_after=2024-04-28 00:00:00+00:00
[2024-04-28T16:12:49.887+0000] {processor.py:183} INFO - Processing /home/airflow/.local/lib/python3.12/site-packages/airflow/example_dags/tutorial.py took 0.576 seconds
[2024-04-28T16:13:21.082+0000] {processor.py:161} INFO - Started process (PID=1883) to work on /home/airflow/.local/lib/python3.12/site-packages/airflow/example_dags/tutorial.py
[2024-04-28T16:13:21.085+0000] {processor.py:830} INFO - Processing file /home/airflow/.local/lib/python3.12/site-packages/airflow/example_dags/tutorial.py for tasks to queue
[2024-04-28T16:13:21.097+0000] {logging_mixin.py:188} INFO - [2024-04-28T16:13:21.096+0000] {dagbag.py:540} INFO - Filling up the DagBag from /home/airflow/.local/lib/python3.12/site-packages/airflow/example_dags/tutorial.py
[2024-04-28T16:13:21.122+0000] {processor.py:840} INFO - DAG(s) 'tutorial' retrieved from /home/airflow/.local/lib/python3.12/site-packages/airflow/example_dags/tutorial.py
[2024-04-28T16:13:21.215+0000] {logging_mixin.py:188} INFO - [2024-04-28T16:13:21.214+0000] {dag.py:3096} INFO - Sync 1 DAGs
[2024-04-28T16:13:21.317+0000] {logging_mixin.py:188} INFO - [2024-04-28T16:13:21.316+0000] {dag.py:3954} INFO - Setting next_dagrun for tutorial to 2024-04-27 00:00:00+00:00, run_after=2024-04-28 00:00:00+00:00
[2024-04-28T16:13:21.402+0000] {processor.py:183} INFO - Processing /home/airflow/.local/lib/python3.12/site-packages/airflow/example_dags/tutorial.py took 0.349 seconds
[2024-04-28T16:34:02.149+0000] {processor.py:161} INFO - Started process (PID=107) to work on /home/airflow/.local/lib/python3.12/site-packages/airflow/example_dags/tutorial.py
[2024-04-28T16:34:02.153+0000] {processor.py:830} INFO - Processing file /home/airflow/.local/lib/python3.12/site-packages/airflow/example_dags/tutorial.py for tasks to queue
[2024-04-28T16:34:02.161+0000] {logging_mixin.py:188} INFO - [2024-04-28T16:34:02.159+0000] {dagbag.py:540} INFO - Filling up the DagBag from /home/airflow/.local/lib/python3.12/site-packages/airflow/example_dags/tutorial.py
[2024-04-28T16:34:02.192+0000] {processor.py:840} INFO - DAG(s) 'tutorial' retrieved from /home/airflow/.local/lib/python3.12/site-packages/airflow/example_dags/tutorial.py
[2024-04-28T16:34:02.670+0000] {logging_mixin.py:188} INFO - [2024-04-28T16:34:02.669+0000] {dag.py:3096} INFO - Sync 1 DAGs
[2024-04-28T16:34:02.740+0000] {logging_mixin.py:188} INFO - [2024-04-28T16:34:02.739+0000] {dag.py:3954} INFO - Setting next_dagrun for tutorial to 2024-04-27 00:00:00+00:00, run_after=2024-04-28 00:00:00+00:00
[2024-04-28T16:34:02.808+0000] {processor.py:183} INFO - Processing /home/airflow/.local/lib/python3.12/site-packages/airflow/example_dags/tutorial.py took 0.681 seconds
[2024-04-28T16:34:35.073+0000] {processor.py:161} INFO - Started process (PID=170) to work on /home/airflow/.local/lib/python3.12/site-packages/airflow/example_dags/tutorial.py
[2024-04-28T16:34:35.078+0000] {processor.py:830} INFO - Processing file /home/airflow/.local/lib/python3.12/site-packages/airflow/example_dags/tutorial.py for tasks to queue
[2024-04-28T16:34:35.094+0000] {logging_mixin.py:188} INFO - [2024-04-28T16:34:35.090+0000] {dagbag.py:540} INFO - Filling up the DagBag from /home/airflow/.local/lib/python3.12/site-packages/airflow/example_dags/tutorial.py
[2024-04-28T16:34:35.134+0000] {processor.py:840} INFO - DAG(s) 'tutorial' retrieved from /home/airflow/.local/lib/python3.12/site-packages/airflow/example_dags/tutorial.py
[2024-04-28T16:34:35.241+0000] {logging_mixin.py:188} INFO - [2024-04-28T16:34:35.240+0000] {dag.py:3096} INFO - Sync 1 DAGs
[2024-04-28T16:34:35.365+0000] {logging_mixin.py:188} INFO - [2024-04-28T16:34:35.364+0000] {dag.py:3954} INFO - Setting next_dagrun for tutorial to 2024-04-27 00:00:00+00:00, run_after=2024-04-28 00:00:00+00:00
[2024-04-28T16:34:35.477+0000] {processor.py:183} INFO - Processing /home/airflow/.local/lib/python3.12/site-packages/airflow/example_dags/tutorial.py took 0.439 seconds
[2024-04-28T16:43:41.203+0000] {processor.py:161} INFO - Started process (PID=93) to work on /home/airflow/.local/lib/python3.12/site-packages/airflow/example_dags/tutorial.py
[2024-04-28T16:43:41.206+0000] {processor.py:830} INFO - Processing file /home/airflow/.local/lib/python3.12/site-packages/airflow/example_dags/tutorial.py for tasks to queue
[2024-04-28T16:43:41.212+0000] {logging_mixin.py:188} INFO - [2024-04-28T16:43:41.211+0000] {dagbag.py:540} INFO - Filling up the DagBag from /home/airflow/.local/lib/python3.12/site-packages/airflow/example_dags/tutorial.py
[2024-04-28T16:43:41.232+0000] {processor.py:840} INFO - DAG(s) 'tutorial' retrieved from /home/airflow/.local/lib/python3.12/site-packages/airflow/example_dags/tutorial.py
[2024-04-28T16:43:41.726+0000] {logging_mixin.py:188} INFO - [2024-04-28T16:43:41.726+0000] {dag.py:3096} INFO - Sync 1 DAGs
[2024-04-28T16:43:41.810+0000] {logging_mixin.py:188} INFO - [2024-04-28T16:43:41.809+0000] {dag.py:3954} INFO - Setting next_dagrun for tutorial to 2024-04-27 00:00:00+00:00, run_after=2024-04-28 00:00:00+00:00
[2024-04-28T16:43:41.883+0000] {processor.py:183} INFO - Processing /home/airflow/.local/lib/python3.12/site-packages/airflow/example_dags/tutorial.py took 0.697 seconds
[2024-04-28T16:44:12.221+0000] {processor.py:161} INFO - Started process (PID=156) to work on /home/airflow/.local/lib/python3.12/site-packages/airflow/example_dags/tutorial.py
[2024-04-28T16:44:12.223+0000] {processor.py:830} INFO - Processing file /home/airflow/.local/lib/python3.12/site-packages/airflow/example_dags/tutorial.py for tasks to queue
[2024-04-28T16:44:12.229+0000] {logging_mixin.py:188} INFO - [2024-04-28T16:44:12.228+0000] {dagbag.py:540} INFO - Filling up the DagBag from /home/airflow/.local/lib/python3.12/site-packages/airflow/example_dags/tutorial.py
[2024-04-28T16:44:12.250+0000] {processor.py:840} INFO - DAG(s) 'tutorial' retrieved from /home/airflow/.local/lib/python3.12/site-packages/airflow/example_dags/tutorial.py
[2024-04-28T16:44:12.314+0000] {logging_mixin.py:188} INFO - [2024-04-28T16:44:12.313+0000] {dag.py:3096} INFO - Sync 1 DAGs
[2024-04-28T16:44:12.384+0000] {logging_mixin.py:188} INFO - [2024-04-28T16:44:12.383+0000] {dag.py:3954} INFO - Setting next_dagrun for tutorial to 2024-04-27 00:00:00+00:00, run_after=2024-04-28 00:00:00+00:00
[2024-04-28T16:44:12.443+0000] {processor.py:183} INFO - Processing /home/airflow/.local/lib/python3.12/site-packages/airflow/example_dags/tutorial.py took 0.241 seconds
[2024-04-28T16:44:43.268+0000] {processor.py:161} INFO - Started process (PID=219) to work on /home/airflow/.local/lib/python3.12/site-packages/airflow/example_dags/tutorial.py
[2024-04-28T16:44:43.271+0000] {processor.py:830} INFO - Processing file /home/airflow/.local/lib/python3.12/site-packages/airflow/example_dags/tutorial.py for tasks to queue
[2024-04-28T16:44:43.278+0000] {logging_mixin.py:188} INFO - [2024-04-28T16:44:43.277+0000] {dagbag.py:540} INFO - Filling up the DagBag from /home/airflow/.local/lib/python3.12/site-packages/airflow/example_dags/tutorial.py
[2024-04-28T16:44:43.308+0000] {processor.py:840} INFO - DAG(s) 'tutorial' retrieved from /home/airflow/.local/lib/python3.12/site-packages/airflow/example_dags/tutorial.py
[2024-04-28T16:44:43.384+0000] {logging_mixin.py:188} INFO - [2024-04-28T16:44:43.384+0000] {dag.py:3096} INFO - Sync 1 DAGs
[2024-04-28T16:44:43.476+0000] {logging_mixin.py:188} INFO - [2024-04-28T16:44:43.475+0000] {dag.py:3954} INFO - Setting next_dagrun for tutorial to 2024-04-27 00:00:00+00:00, run_after=2024-04-28 00:00:00+00:00
[2024-04-28T16:44:43.553+0000] {processor.py:183} INFO - Processing /home/airflow/.local/lib/python3.12/site-packages/airflow/example_dags/tutorial.py took 0.305 seconds
[2024-04-28T16:45:14.322+0000] {processor.py:161} INFO - Started process (PID=282) to work on /home/airflow/.local/lib/python3.12/site-packages/airflow/example_dags/tutorial.py
[2024-04-28T16:45:14.325+0000] {processor.py:830} INFO - Processing file /home/airflow/.local/lib/python3.12/site-packages/airflow/example_dags/tutorial.py for tasks to queue
[2024-04-28T16:45:14.333+0000] {logging_mixin.py:188} INFO - [2024-04-28T16:45:14.331+0000] {dagbag.py:540} INFO - Filling up the DagBag from /home/airflow/.local/lib/python3.12/site-packages/airflow/example_dags/tutorial.py
[2024-04-28T16:45:14.366+0000] {processor.py:840} INFO - DAG(s) 'tutorial' retrieved from /home/airflow/.local/lib/python3.12/site-packages/airflow/example_dags/tutorial.py
[2024-04-28T16:45:14.511+0000] {logging_mixin.py:188} INFO - [2024-04-28T16:45:14.509+0000] {dag.py:3096} INFO - Sync 1 DAGs
[2024-04-28T16:45:14.626+0000] {logging_mixin.py:188} INFO - [2024-04-28T16:45:14.625+0000] {dag.py:3954} INFO - Setting next_dagrun for tutorial to 2024-04-27 00:00:00+00:00, run_after=2024-04-28 00:00:00+00:00
[2024-04-28T16:45:14.710+0000] {processor.py:183} INFO - Processing /home/airflow/.local/lib/python3.12/site-packages/airflow/example_dags/tutorial.py took 0.415 seconds
[2024-04-28T16:45:45.522+0000] {processor.py:161} INFO - Started process (PID=346) to work on /home/airflow/.local/lib/python3.12/site-packages/airflow/example_dags/tutorial.py
[2024-04-28T16:45:45.525+0000] {processor.py:830} INFO - Processing file /home/airflow/.local/lib/python3.12/site-packages/airflow/example_dags/tutorial.py for tasks to queue
[2024-04-28T16:45:45.531+0000] {logging_mixin.py:188} INFO - [2024-04-28T16:45:45.530+0000] {dagbag.py:540} INFO - Filling up the DagBag from /home/airflow/.local/lib/python3.12/site-packages/airflow/example_dags/tutorial.py
[2024-04-28T16:45:45.550+0000] {processor.py:840} INFO - DAG(s) 'tutorial' retrieved from /home/airflow/.local/lib/python3.12/site-packages/airflow/example_dags/tutorial.py
[2024-04-28T16:45:45.622+0000] {logging_mixin.py:188} INFO - [2024-04-28T16:45:45.621+0000] {dag.py:3096} INFO - Sync 1 DAGs
[2024-04-28T16:45:45.692+0000] {logging_mixin.py:188} INFO - [2024-04-28T16:45:45.691+0000] {dag.py:3954} INFO - Setting next_dagrun for tutorial to 2024-04-27 00:00:00+00:00, run_after=2024-04-28 00:00:00+00:00
[2024-04-28T16:45:45.760+0000] {processor.py:183} INFO - Processing /home/airflow/.local/lib/python3.12/site-packages/airflow/example_dags/tutorial.py took 0.258 seconds
[2024-04-28T16:46:16.314+0000] {processor.py:161} INFO - Started process (PID=409) to work on /home/airflow/.local/lib/python3.12/site-packages/airflow/example_dags/tutorial.py
[2024-04-28T16:46:16.316+0000] {processor.py:830} INFO - Processing file /home/airflow/.local/lib/python3.12/site-packages/airflow/example_dags/tutorial.py for tasks to queue
[2024-04-28T16:46:16.322+0000] {logging_mixin.py:188} INFO - [2024-04-28T16:46:16.321+0000] {dagbag.py:540} INFO - Filling up the DagBag from /home/airflow/.local/lib/python3.12/site-packages/airflow/example_dags/tutorial.py
[2024-04-28T16:46:16.341+0000] {processor.py:840} INFO - DAG(s) 'tutorial' retrieved from /home/airflow/.local/lib/python3.12/site-packages/airflow/example_dags/tutorial.py
[2024-04-28T16:46:16.399+0000] {logging_mixin.py:188} INFO - [2024-04-28T16:46:16.399+0000] {dag.py:3096} INFO - Sync 1 DAGs
[2024-04-28T16:46:16.481+0000] {logging_mixin.py:188} INFO - [2024-04-28T16:46:16.480+0000] {dag.py:3954} INFO - Setting next_dagrun for tutorial to 2024-04-27 00:00:00+00:00, run_after=2024-04-28 00:00:00+00:00
[2024-04-28T16:46:16.548+0000] {processor.py:183} INFO - Processing /home/airflow/.local/lib/python3.12/site-packages/airflow/example_dags/tutorial.py took 0.250 seconds
[2024-04-28T16:46:46.799+0000] {processor.py:161} INFO - Started process (PID=472) to work on /home/airflow/.local/lib/python3.12/site-packages/airflow/example_dags/tutorial.py
[2024-04-28T16:46:46.806+0000] {processor.py:830} INFO - Processing file /home/airflow/.local/lib/python3.12/site-packages/airflow/example_dags/tutorial.py for tasks to queue
[2024-04-28T16:46:46.813+0000] {logging_mixin.py:188} INFO - [2024-04-28T16:46:46.812+0000] {dagbag.py:540} INFO - Filling up the DagBag from /home/airflow/.local/lib/python3.12/site-packages/airflow/example_dags/tutorial.py
[2024-04-28T16:46:46.833+0000] {processor.py:840} INFO - DAG(s) 'tutorial' retrieved from /home/airflow/.local/lib/python3.12/site-packages/airflow/example_dags/tutorial.py
[2024-04-28T16:46:46.893+0000] {logging_mixin.py:188} INFO - [2024-04-28T16:46:46.892+0000] {dag.py:3096} INFO - Sync 1 DAGs
[2024-04-28T16:46:46.962+0000] {logging_mixin.py:188} INFO - [2024-04-28T16:46:46.961+0000] {dag.py:3954} INFO - Setting next_dagrun for tutorial to 2024-04-27 00:00:00+00:00, run_after=2024-04-28 00:00:00+00:00
[2024-04-28T16:46:47.020+0000] {processor.py:183} INFO - Processing /home/airflow/.local/lib/python3.12/site-packages/airflow/example_dags/tutorial.py took 0.239 seconds
[2024-04-28T16:47:17.299+0000] {processor.py:161} INFO - Started process (PID=534) to work on /home/airflow/.local/lib/python3.12/site-packages/airflow/example_dags/tutorial.py
[2024-04-28T16:47:17.304+0000] {processor.py:830} INFO - Processing file /home/airflow/.local/lib/python3.12/site-packages/airflow/example_dags/tutorial.py for tasks to queue
[2024-04-28T16:47:17.313+0000] {logging_mixin.py:188} INFO - [2024-04-28T16:47:17.311+0000] {dagbag.py:540} INFO - Filling up the DagBag from /home/airflow/.local/lib/python3.12/site-packages/airflow/example_dags/tutorial.py
[2024-04-28T16:47:17.342+0000] {processor.py:840} INFO - DAG(s) 'tutorial' retrieved from /home/airflow/.local/lib/python3.12/site-packages/airflow/example_dags/tutorial.py
[2024-04-28T16:47:17.419+0000] {logging_mixin.py:188} INFO - [2024-04-28T16:47:17.418+0000] {dag.py:3096} INFO - Sync 1 DAGs
[2024-04-28T16:47:17.521+0000] {logging_mixin.py:188} INFO - [2024-04-28T16:47:17.520+0000] {dag.py:3954} INFO - Setting next_dagrun for tutorial to 2024-04-27 00:00:00+00:00, run_after=2024-04-28 00:00:00+00:00
[2024-04-28T16:47:17.616+0000] {processor.py:183} INFO - Processing /home/airflow/.local/lib/python3.12/site-packages/airflow/example_dags/tutorial.py took 0.342 seconds
[2024-04-28T16:47:48.051+0000] {processor.py:161} INFO - Started process (PID=597) to work on /home/airflow/.local/lib/python3.12/site-packages/airflow/example_dags/tutorial.py
[2024-04-28T16:47:48.054+0000] {processor.py:830} INFO - Processing file /home/airflow/.local/lib/python3.12/site-packages/airflow/example_dags/tutorial.py for tasks to queue
[2024-04-28T16:47:48.061+0000] {logging_mixin.py:188} INFO - [2024-04-28T16:47:48.059+0000] {dagbag.py:540} INFO - Filling up the DagBag from /home/airflow/.local/lib/python3.12/site-packages/airflow/example_dags/tutorial.py
[2024-04-28T16:47:48.087+0000] {processor.py:840} INFO - DAG(s) 'tutorial' retrieved from /home/airflow/.local/lib/python3.12/site-packages/airflow/example_dags/tutorial.py
[2024-04-28T16:47:48.201+0000] {logging_mixin.py:188} INFO - [2024-04-28T16:47:48.200+0000] {dag.py:3096} INFO - Sync 1 DAGs
[2024-04-28T16:47:48.298+0000] {logging_mixin.py:188} INFO - [2024-04-28T16:47:48.297+0000] {dag.py:3954} INFO - Setting next_dagrun for tutorial to 2024-04-27 00:00:00+00:00, run_after=2024-04-28 00:00:00+00:00
[2024-04-28T16:47:48.383+0000] {processor.py:183} INFO - Processing /home/airflow/.local/lib/python3.12/site-packages/airflow/example_dags/tutorial.py took 0.352 seconds
[2024-04-28T16:48:19.177+0000] {processor.py:161} INFO - Started process (PID=662) to work on /home/airflow/.local/lib/python3.12/site-packages/airflow/example_dags/tutorial.py
[2024-04-28T16:48:19.182+0000] {processor.py:830} INFO - Processing file /home/airflow/.local/lib/python3.12/site-packages/airflow/example_dags/tutorial.py for tasks to queue
[2024-04-28T16:48:19.190+0000] {logging_mixin.py:188} INFO - [2024-04-28T16:48:19.188+0000] {dagbag.py:540} INFO - Filling up the DagBag from /home/airflow/.local/lib/python3.12/site-packages/airflow/example_dags/tutorial.py
[2024-04-28T16:48:19.214+0000] {processor.py:840} INFO - DAG(s) 'tutorial' retrieved from /home/airflow/.local/lib/python3.12/site-packages/airflow/example_dags/tutorial.py
[2024-04-28T16:48:19.316+0000] {logging_mixin.py:188} INFO - [2024-04-28T16:48:19.315+0000] {dag.py:3096} INFO - Sync 1 DAGs
[2024-04-28T16:48:19.479+0000] {logging_mixin.py:188} INFO - [2024-04-28T16:48:19.478+0000] {dag.py:3954} INFO - Setting next_dagrun for tutorial to 2024-04-27 00:00:00+00:00, run_after=2024-04-28 00:00:00+00:00
[2024-04-28T16:48:19.560+0000] {processor.py:183} INFO - Processing /home/airflow/.local/lib/python3.12/site-packages/airflow/example_dags/tutorial.py took 0.404 seconds
[2024-04-28T16:48:49.703+0000] {processor.py:161} INFO - Started process (PID=725) to work on /home/airflow/.local/lib/python3.12/site-packages/airflow/example_dags/tutorial.py
[2024-04-28T16:48:49.706+0000] {processor.py:830} INFO - Processing file /home/airflow/.local/lib/python3.12/site-packages/airflow/example_dags/tutorial.py for tasks to queue
[2024-04-28T16:48:49.712+0000] {logging_mixin.py:188} INFO - [2024-04-28T16:48:49.711+0000] {dagbag.py:540} INFO - Filling up the DagBag from /home/airflow/.local/lib/python3.12/site-packages/airflow/example_dags/tutorial.py
[2024-04-28T16:48:49.731+0000] {processor.py:840} INFO - DAG(s) 'tutorial' retrieved from /home/airflow/.local/lib/python3.12/site-packages/airflow/example_dags/tutorial.py
[2024-04-28T16:48:49.787+0000] {logging_mixin.py:188} INFO - [2024-04-28T16:48:49.786+0000] {dag.py:3096} INFO - Sync 1 DAGs
[2024-04-28T16:48:49.857+0000] {logging_mixin.py:188} INFO - [2024-04-28T16:48:49.856+0000] {dag.py:3954} INFO - Setting next_dagrun for tutorial to 2024-04-27 00:00:00+00:00, run_after=2024-04-28 00:00:00+00:00
[2024-04-28T16:48:49.909+0000] {processor.py:183} INFO - Processing /home/airflow/.local/lib/python3.12/site-packages/airflow/example_dags/tutorial.py took 0.222 seconds
[2024-04-28T16:49:20.422+0000] {processor.py:161} INFO - Started process (PID=788) to work on /home/airflow/.local/lib/python3.12/site-packages/airflow/example_dags/tutorial.py
[2024-04-28T16:49:20.427+0000] {processor.py:830} INFO - Processing file /home/airflow/.local/lib/python3.12/site-packages/airflow/example_dags/tutorial.py for tasks to queue
[2024-04-28T16:49:20.437+0000] {logging_mixin.py:188} INFO - [2024-04-28T16:49:20.435+0000] {dagbag.py:540} INFO - Filling up the DagBag from /home/airflow/.local/lib/python3.12/site-packages/airflow/example_dags/tutorial.py
[2024-04-28T16:49:20.468+0000] {processor.py:840} INFO - DAG(s) 'tutorial' retrieved from /home/airflow/.local/lib/python3.12/site-packages/airflow/example_dags/tutorial.py
[2024-04-28T16:49:20.578+0000] {logging_mixin.py:188} INFO - [2024-04-28T16:49:20.576+0000] {dag.py:3096} INFO - Sync 1 DAGs
[2024-04-28T16:49:20.722+0000] {logging_mixin.py:188} INFO - [2024-04-28T16:49:20.721+0000] {dag.py:3954} INFO - Setting next_dagrun for tutorial to 2024-04-27 00:00:00+00:00, run_after=2024-04-28 00:00:00+00:00
[2024-04-28T16:49:20.888+0000] {processor.py:183} INFO - Processing /home/airflow/.local/lib/python3.12/site-packages/airflow/example_dags/tutorial.py took 0.495 seconds
[2024-04-28T16:49:51.679+0000] {processor.py:161} INFO - Started process (PID=851) to work on /home/airflow/.local/lib/python3.12/site-packages/airflow/example_dags/tutorial.py
[2024-04-28T16:49:51.683+0000] {processor.py:830} INFO - Processing file /home/airflow/.local/lib/python3.12/site-packages/airflow/example_dags/tutorial.py for tasks to queue
[2024-04-28T16:49:51.694+0000] {logging_mixin.py:188} INFO - [2024-04-28T16:49:51.692+0000] {dagbag.py:540} INFO - Filling up the DagBag from /home/airflow/.local/lib/python3.12/site-packages/airflow/example_dags/tutorial.py
[2024-04-28T16:49:51.736+0000] {processor.py:840} INFO - DAG(s) 'tutorial' retrieved from /home/airflow/.local/lib/python3.12/site-packages/airflow/example_dags/tutorial.py
[2024-04-28T16:49:51.869+0000] {logging_mixin.py:188} INFO - [2024-04-28T16:49:51.868+0000] {dag.py:3096} INFO - Sync 1 DAGs
[2024-04-28T16:49:52.116+0000] {logging_mixin.py:188} INFO - [2024-04-28T16:49:52.115+0000] {dag.py:3954} INFO - Setting next_dagrun for tutorial to 2024-04-27 00:00:00+00:00, run_after=2024-04-28 00:00:00+00:00
[2024-04-28T16:49:52.323+0000] {processor.py:183} INFO - Processing /home/airflow/.local/lib/python3.12/site-packages/airflow/example_dags/tutorial.py took 0.669 seconds
[2024-04-28T16:50:22.934+0000] {processor.py:161} INFO - Started process (PID=914) to work on /home/airflow/.local/lib/python3.12/site-packages/airflow/example_dags/tutorial.py
[2024-04-28T16:50:22.942+0000] {processor.py:830} INFO - Processing file /home/airflow/.local/lib/python3.12/site-packages/airflow/example_dags/tutorial.py for tasks to queue
[2024-04-28T16:50:22.948+0000] {logging_mixin.py:188} INFO - [2024-04-28T16:50:22.947+0000] {dagbag.py:540} INFO - Filling up the DagBag from /home/airflow/.local/lib/python3.12/site-packages/airflow/example_dags/tutorial.py
[2024-04-28T16:50:22.968+0000] {processor.py:840} INFO - DAG(s) 'tutorial' retrieved from /home/airflow/.local/lib/python3.12/site-packages/airflow/example_dags/tutorial.py
[2024-04-28T16:50:23.034+0000] {logging_mixin.py:188} INFO - [2024-04-28T16:50:23.033+0000] {dag.py:3096} INFO - Sync 1 DAGs
[2024-04-28T16:50:23.126+0000] {logging_mixin.py:188} INFO - [2024-04-28T16:50:23.125+0000] {dag.py:3954} INFO - Setting next_dagrun for tutorial to 2024-04-27 00:00:00+00:00, run_after=2024-04-28 00:00:00+00:00
[2024-04-28T16:50:23.196+0000] {processor.py:183} INFO - Processing /home/airflow/.local/lib/python3.12/site-packages/airflow/example_dags/tutorial.py took 0.279 seconds
[2024-04-28T16:50:53.492+0000] {processor.py:161} INFO - Started process (PID=977) to work on /home/airflow/.local/lib/python3.12/site-packages/airflow/example_dags/tutorial.py
[2024-04-28T16:50:53.494+0000] {processor.py:830} INFO - Processing file /home/airflow/.local/lib/python3.12/site-packages/airflow/example_dags/tutorial.py for tasks to queue
[2024-04-28T16:50:53.500+0000] {logging_mixin.py:188} INFO - [2024-04-28T16:50:53.499+0000] {dagbag.py:540} INFO - Filling up the DagBag from /home/airflow/.local/lib/python3.12/site-packages/airflow/example_dags/tutorial.py
[2024-04-28T16:50:53.521+0000] {processor.py:840} INFO - DAG(s) 'tutorial' retrieved from /home/airflow/.local/lib/python3.12/site-packages/airflow/example_dags/tutorial.py
[2024-04-28T16:50:53.587+0000] {logging_mixin.py:188} INFO - [2024-04-28T16:50:53.587+0000] {dag.py:3096} INFO - Sync 1 DAGs
[2024-04-28T16:50:53.656+0000] {logging_mixin.py:188} INFO - [2024-04-28T16:50:53.656+0000] {dag.py:3954} INFO - Setting next_dagrun for tutorial to 2024-04-27 00:00:00+00:00, run_after=2024-04-28 00:00:00+00:00
[2024-04-28T16:50:53.716+0000] {processor.py:183} INFO - Processing /home/airflow/.local/lib/python3.12/site-packages/airflow/example_dags/tutorial.py took 0.241 seconds
[2024-04-28T16:51:24.449+0000] {processor.py:161} INFO - Started process (PID=1040) to work on /home/airflow/.local/lib/python3.12/site-packages/airflow/example_dags/tutorial.py
[2024-04-28T16:51:24.454+0000] {processor.py:830} INFO - Processing file /home/airflow/.local/lib/python3.12/site-packages/airflow/example_dags/tutorial.py for tasks to queue
[2024-04-28T16:51:24.460+0000] {logging_mixin.py:188} INFO - [2024-04-28T16:51:24.459+0000] {dagbag.py:540} INFO - Filling up the DagBag from /home/airflow/.local/lib/python3.12/site-packages/airflow/example_dags/tutorial.py
[2024-04-28T16:51:24.481+0000] {processor.py:840} INFO - DAG(s) 'tutorial' retrieved from /home/airflow/.local/lib/python3.12/site-packages/airflow/example_dags/tutorial.py
[2024-04-28T16:51:24.546+0000] {logging_mixin.py:188} INFO - [2024-04-28T16:51:24.546+0000] {dag.py:3096} INFO - Sync 1 DAGs
[2024-04-28T16:51:24.615+0000] {logging_mixin.py:188} INFO - [2024-04-28T16:51:24.614+0000] {dag.py:3954} INFO - Setting next_dagrun for tutorial to 2024-04-27 00:00:00+00:00, run_after=2024-04-28 00:00:00+00:00
[2024-04-28T16:51:24.672+0000] {processor.py:183} INFO - Processing /home/airflow/.local/lib/python3.12/site-packages/airflow/example_dags/tutorial.py took 0.240 seconds
[2024-04-28T16:51:54.904+0000] {processor.py:161} INFO - Started process (PID=1103) to work on /home/airflow/.local/lib/python3.12/site-packages/airflow/example_dags/tutorial.py
[2024-04-28T16:51:54.916+0000] {processor.py:830} INFO - Processing file /home/airflow/.local/lib/python3.12/site-packages/airflow/example_dags/tutorial.py for tasks to queue
[2024-04-28T16:51:54.932+0000] {logging_mixin.py:188} INFO - [2024-04-28T16:51:54.930+0000] {dagbag.py:540} INFO - Filling up the DagBag from /home/airflow/.local/lib/python3.12/site-packages/airflow/example_dags/tutorial.py
[2024-04-28T16:51:55.013+0000] {processor.py:840} INFO - DAG(s) 'tutorial' retrieved from /home/airflow/.local/lib/python3.12/site-packages/airflow/example_dags/tutorial.py
[2024-04-28T16:51:55.220+0000] {logging_mixin.py:188} INFO - [2024-04-28T16:51:55.219+0000] {dag.py:3096} INFO - Sync 1 DAGs
[2024-04-28T16:51:55.382+0000] {logging_mixin.py:188} INFO - [2024-04-28T16:51:55.377+0000] {dag.py:3954} INFO - Setting next_dagrun for tutorial to 2024-04-27 00:00:00+00:00, run_after=2024-04-28 00:00:00+00:00
[2024-04-28T16:51:55.479+0000] {processor.py:183} INFO - Processing /home/airflow/.local/lib/python3.12/site-packages/airflow/example_dags/tutorial.py took 0.621 seconds
[2024-04-28T16:52:25.605+0000] {processor.py:161} INFO - Started process (PID=1165) to work on /home/airflow/.local/lib/python3.12/site-packages/airflow/example_dags/tutorial.py
[2024-04-28T16:52:25.608+0000] {processor.py:830} INFO - Processing file /home/airflow/.local/lib/python3.12/site-packages/airflow/example_dags/tutorial.py for tasks to queue
[2024-04-28T16:52:25.615+0000] {logging_mixin.py:188} INFO - [2024-04-28T16:52:25.613+0000] {dagbag.py:540} INFO - Filling up the DagBag from /home/airflow/.local/lib/python3.12/site-packages/airflow/example_dags/tutorial.py
[2024-04-28T16:52:25.635+0000] {processor.py:840} INFO - DAG(s) 'tutorial' retrieved from /home/airflow/.local/lib/python3.12/site-packages/airflow/example_dags/tutorial.py
[2024-04-28T16:52:25.693+0000] {logging_mixin.py:188} INFO - [2024-04-28T16:52:25.692+0000] {dag.py:3096} INFO - Sync 1 DAGs
[2024-04-28T16:52:25.756+0000] {logging_mixin.py:188} INFO - [2024-04-28T16:52:25.755+0000] {dag.py:3954} INFO - Setting next_dagrun for tutorial to 2024-04-27 00:00:00+00:00, run_after=2024-04-28 00:00:00+00:00
[2024-04-28T16:52:25.804+0000] {processor.py:183} INFO - Processing /home/airflow/.local/lib/python3.12/site-packages/airflow/example_dags/tutorial.py took 0.215 seconds
[2024-04-28T16:52:56.455+0000] {processor.py:161} INFO - Started process (PID=1228) to work on /home/airflow/.local/lib/python3.12/site-packages/airflow/example_dags/tutorial.py
[2024-04-28T16:52:56.458+0000] {processor.py:830} INFO - Processing file /home/airflow/.local/lib/python3.12/site-packages/airflow/example_dags/tutorial.py for tasks to queue
[2024-04-28T16:52:56.464+0000] {logging_mixin.py:188} INFO - [2024-04-28T16:52:56.463+0000] {dagbag.py:540} INFO - Filling up the DagBag from /home/airflow/.local/lib/python3.12/site-packages/airflow/example_dags/tutorial.py
[2024-04-28T16:52:56.484+0000] {processor.py:840} INFO - DAG(s) 'tutorial' retrieved from /home/airflow/.local/lib/python3.12/site-packages/airflow/example_dags/tutorial.py
[2024-04-28T16:52:56.551+0000] {logging_mixin.py:188} INFO - [2024-04-28T16:52:56.550+0000] {dag.py:3096} INFO - Sync 1 DAGs
[2024-04-28T16:52:56.622+0000] {logging_mixin.py:188} INFO - [2024-04-28T16:52:56.621+0000] {dag.py:3954} INFO - Setting next_dagrun for tutorial to 2024-04-27 00:00:00+00:00, run_after=2024-04-28 00:00:00+00:00
[2024-04-28T16:52:56.680+0000] {processor.py:183} INFO - Processing /home/airflow/.local/lib/python3.12/site-packages/airflow/example_dags/tutorial.py took 0.242 seconds
[2024-04-28T16:53:27.265+0000] {processor.py:161} INFO - Started process (PID=1291) to work on /home/airflow/.local/lib/python3.12/site-packages/airflow/example_dags/tutorial.py
[2024-04-28T16:53:27.267+0000] {processor.py:830} INFO - Processing file /home/airflow/.local/lib/python3.12/site-packages/airflow/example_dags/tutorial.py for tasks to queue
[2024-04-28T16:53:27.273+0000] {logging_mixin.py:188} INFO - [2024-04-28T16:53:27.272+0000] {dagbag.py:540} INFO - Filling up the DagBag from /home/airflow/.local/lib/python3.12/site-packages/airflow/example_dags/tutorial.py
[2024-04-28T16:53:27.293+0000] {processor.py:840} INFO - DAG(s) 'tutorial' retrieved from /home/airflow/.local/lib/python3.12/site-packages/airflow/example_dags/tutorial.py
[2024-04-28T16:53:27.369+0000] {logging_mixin.py:188} INFO - [2024-04-28T16:53:27.369+0000] {dag.py:3096} INFO - Sync 1 DAGs
[2024-04-28T16:53:27.474+0000] {logging_mixin.py:188} INFO - [2024-04-28T16:53:27.471+0000] {dag.py:3954} INFO - Setting next_dagrun for tutorial to 2024-04-27 00:00:00+00:00, run_after=2024-04-28 00:00:00+00:00
[2024-04-28T16:53:27.551+0000] {processor.py:183} INFO - Processing /home/airflow/.local/lib/python3.12/site-packages/airflow/example_dags/tutorial.py took 0.303 seconds
[2024-04-28T16:53:57.818+0000] {processor.py:161} INFO - Started process (PID=1354) to work on /home/airflow/.local/lib/python3.12/site-packages/airflow/example_dags/tutorial.py
[2024-04-28T16:53:57.859+0000] {processor.py:830} INFO - Processing file /home/airflow/.local/lib/python3.12/site-packages/airflow/example_dags/tutorial.py for tasks to queue
[2024-04-28T16:53:57.882+0000] {logging_mixin.py:188} INFO - [2024-04-28T16:53:57.876+0000] {dagbag.py:540} INFO - Filling up the DagBag from /home/airflow/.local/lib/python3.12/site-packages/airflow/example_dags/tutorial.py
[2024-04-28T16:53:57.944+0000] {processor.py:840} INFO - DAG(s) 'tutorial' retrieved from /home/airflow/.local/lib/python3.12/site-packages/airflow/example_dags/tutorial.py
[2024-04-28T16:53:58.188+0000] {logging_mixin.py:188} INFO - [2024-04-28T16:53:58.187+0000] {dag.py:3096} INFO - Sync 1 DAGs
[2024-04-28T16:53:58.291+0000] {logging_mixin.py:188} INFO - [2024-04-28T16:53:58.290+0000] {dag.py:3954} INFO - Setting next_dagrun for tutorial to 2024-04-27 00:00:00+00:00, run_after=2024-04-28 00:00:00+00:00
[2024-04-28T16:53:58.370+0000] {processor.py:183} INFO - Processing /home/airflow/.local/lib/python3.12/site-packages/airflow/example_dags/tutorial.py took 0.626 seconds
[2024-04-28T16:54:28.467+0000] {processor.py:161} INFO - Started process (PID=1416) to work on /home/airflow/.local/lib/python3.12/site-packages/airflow/example_dags/tutorial.py
[2024-04-28T16:54:28.469+0000] {processor.py:830} INFO - Processing file /home/airflow/.local/lib/python3.12/site-packages/airflow/example_dags/tutorial.py for tasks to queue
[2024-04-28T16:54:28.475+0000] {logging_mixin.py:188} INFO - [2024-04-28T16:54:28.474+0000] {dagbag.py:540} INFO - Filling up the DagBag from /home/airflow/.local/lib/python3.12/site-packages/airflow/example_dags/tutorial.py
[2024-04-28T16:54:28.494+0000] {processor.py:840} INFO - DAG(s) 'tutorial' retrieved from /home/airflow/.local/lib/python3.12/site-packages/airflow/example_dags/tutorial.py
[2024-04-28T16:54:28.555+0000] {logging_mixin.py:188} INFO - [2024-04-28T16:54:28.554+0000] {dag.py:3096} INFO - Sync 1 DAGs
[2024-04-28T16:54:28.628+0000] {logging_mixin.py:188} INFO - [2024-04-28T16:54:28.628+0000] {dag.py:3954} INFO - Setting next_dagrun for tutorial to 2024-04-27 00:00:00+00:00, run_after=2024-04-28 00:00:00+00:00
[2024-04-28T16:54:28.686+0000] {processor.py:183} INFO - Processing /home/airflow/.local/lib/python3.12/site-packages/airflow/example_dags/tutorial.py took 0.235 seconds
[2024-04-28T16:54:59.107+0000] {processor.py:161} INFO - Started process (PID=1479) to work on /home/airflow/.local/lib/python3.12/site-packages/airflow/example_dags/tutorial.py
[2024-04-28T16:54:59.110+0000] {processor.py:830} INFO - Processing file /home/airflow/.local/lib/python3.12/site-packages/airflow/example_dags/tutorial.py for tasks to queue
[2024-04-28T16:54:59.115+0000] {logging_mixin.py:188} INFO - [2024-04-28T16:54:59.114+0000] {dagbag.py:540} INFO - Filling up the DagBag from /home/airflow/.local/lib/python3.12/site-packages/airflow/example_dags/tutorial.py
[2024-04-28T16:54:59.131+0000] {processor.py:840} INFO - DAG(s) 'tutorial' retrieved from /home/airflow/.local/lib/python3.12/site-packages/airflow/example_dags/tutorial.py
[2024-04-28T16:54:59.181+0000] {logging_mixin.py:188} INFO - [2024-04-28T16:54:59.180+0000] {dag.py:3096} INFO - Sync 1 DAGs
[2024-04-28T16:54:59.240+0000] {logging_mixin.py:188} INFO - [2024-04-28T16:54:59.239+0000] {dag.py:3954} INFO - Setting next_dagrun for tutorial to 2024-04-27 00:00:00+00:00, run_after=2024-04-28 00:00:00+00:00
[2024-04-28T16:54:59.291+0000] {processor.py:183} INFO - Processing /home/airflow/.local/lib/python3.12/site-packages/airflow/example_dags/tutorial.py took 0.199 seconds
[2024-04-28T16:55:29.626+0000] {processor.py:161} INFO - Started process (PID=1542) to work on /home/airflow/.local/lib/python3.12/site-packages/airflow/example_dags/tutorial.py
[2024-04-28T16:55:29.628+0000] {processor.py:830} INFO - Processing file /home/airflow/.local/lib/python3.12/site-packages/airflow/example_dags/tutorial.py for tasks to queue
[2024-04-28T16:55:29.634+0000] {logging_mixin.py:188} INFO - [2024-04-28T16:55:29.633+0000] {dagbag.py:540} INFO - Filling up the DagBag from /home/airflow/.local/lib/python3.12/site-packages/airflow/example_dags/tutorial.py
[2024-04-28T16:55:29.655+0000] {processor.py:840} INFO - DAG(s) 'tutorial' retrieved from /home/airflow/.local/lib/python3.12/site-packages/airflow/example_dags/tutorial.py
[2024-04-28T16:55:29.711+0000] {logging_mixin.py:188} INFO - [2024-04-28T16:55:29.710+0000] {dag.py:3096} INFO - Sync 1 DAGs
[2024-04-28T16:55:29.771+0000] {logging_mixin.py:188} INFO - [2024-04-28T16:55:29.770+0000] {dag.py:3954} INFO - Setting next_dagrun for tutorial to 2024-04-27 00:00:00+00:00, run_after=2024-04-28 00:00:00+00:00
[2024-04-28T16:55:29.819+0000] {processor.py:183} INFO - Processing /home/airflow/.local/lib/python3.12/site-packages/airflow/example_dags/tutorial.py took 0.209 seconds
[2024-04-28T16:56:01.043+0000] {processor.py:161} INFO - Started process (PID=1605) to work on /home/airflow/.local/lib/python3.12/site-packages/airflow/example_dags/tutorial.py
[2024-04-28T16:56:01.046+0000] {processor.py:830} INFO - Processing file /home/airflow/.local/lib/python3.12/site-packages/airflow/example_dags/tutorial.py for tasks to queue
[2024-04-28T16:56:01.072+0000] {logging_mixin.py:188} INFO - [2024-04-28T16:56:01.071+0000] {dagbag.py:540} INFO - Filling up the DagBag from /home/airflow/.local/lib/python3.12/site-packages/airflow/example_dags/tutorial.py
[2024-04-28T16:56:01.141+0000] {processor.py:840} INFO - DAG(s) 'tutorial' retrieved from /home/airflow/.local/lib/python3.12/site-packages/airflow/example_dags/tutorial.py
[2024-04-28T16:56:01.443+0000] {logging_mixin.py:188} INFO - [2024-04-28T16:56:01.442+0000] {dag.py:3096} INFO - Sync 1 DAGs
[2024-04-28T16:56:01.538+0000] {logging_mixin.py:188} INFO - [2024-04-28T16:56:01.537+0000] {dag.py:3954} INFO - Setting next_dagrun for tutorial to 2024-04-27 00:00:00+00:00, run_after=2024-04-28 00:00:00+00:00
[2024-04-28T16:56:01.612+0000] {processor.py:183} INFO - Processing /home/airflow/.local/lib/python3.12/site-packages/airflow/example_dags/tutorial.py took 0.590 seconds
[2024-04-28T16:56:31.761+0000] {processor.py:161} INFO - Started process (PID=1669) to work on /home/airflow/.local/lib/python3.12/site-packages/airflow/example_dags/tutorial.py
[2024-04-28T16:56:31.763+0000] {processor.py:830} INFO - Processing file /home/airflow/.local/lib/python3.12/site-packages/airflow/example_dags/tutorial.py for tasks to queue
[2024-04-28T16:56:31.769+0000] {logging_mixin.py:188} INFO - [2024-04-28T16:56:31.768+0000] {dagbag.py:540} INFO - Filling up the DagBag from /home/airflow/.local/lib/python3.12/site-packages/airflow/example_dags/tutorial.py
[2024-04-28T16:56:31.792+0000] {processor.py:840} INFO - DAG(s) 'tutorial' retrieved from /home/airflow/.local/lib/python3.12/site-packages/airflow/example_dags/tutorial.py
[2024-04-28T16:56:31.882+0000] {logging_mixin.py:188} INFO - [2024-04-28T16:56:31.881+0000] {dag.py:3096} INFO - Sync 1 DAGs
[2024-04-28T16:56:31.970+0000] {logging_mixin.py:188} INFO - [2024-04-28T16:56:31.970+0000] {dag.py:3954} INFO - Setting next_dagrun for tutorial to 2024-04-27 00:00:00+00:00, run_after=2024-04-28 00:00:00+00:00
[2024-04-28T16:56:32.028+0000] {processor.py:183} INFO - Processing /home/airflow/.local/lib/python3.12/site-packages/airflow/example_dags/tutorial.py took 0.289 seconds
[2024-04-28T16:57:03.742+0000] {processor.py:161} INFO - Started process (PID=1732) to work on /home/airflow/.local/lib/python3.12/site-packages/airflow/example_dags/tutorial.py
[2024-04-28T16:57:03.754+0000] {processor.py:830} INFO - Processing file /home/airflow/.local/lib/python3.12/site-packages/airflow/example_dags/tutorial.py for tasks to queue
[2024-04-28T16:57:03.777+0000] {logging_mixin.py:188} INFO - [2024-04-28T16:57:03.768+0000] {dagbag.py:540} INFO - Filling up the DagBag from /home/airflow/.local/lib/python3.12/site-packages/airflow/example_dags/tutorial.py
[2024-04-28T16:57:03.835+0000] {processor.py:840} INFO - DAG(s) 'tutorial' retrieved from /home/airflow/.local/lib/python3.12/site-packages/airflow/example_dags/tutorial.py
[2024-04-28T16:57:04.052+0000] {logging_mixin.py:188} INFO - [2024-04-28T16:57:04.050+0000] {dag.py:3096} INFO - Sync 1 DAGs
[2024-04-28T16:57:04.291+0000] {logging_mixin.py:188} INFO - [2024-04-28T16:57:04.290+0000] {dag.py:3954} INFO - Setting next_dagrun for tutorial to 2024-04-27 00:00:00+00:00, run_after=2024-04-28 00:00:00+00:00
[2024-04-28T16:57:04.407+0000] {processor.py:183} INFO - Processing /home/airflow/.local/lib/python3.12/site-packages/airflow/example_dags/tutorial.py took 0.731 seconds
[2024-04-28T16:57:35.948+0000] {processor.py:161} INFO - Started process (PID=1801) to work on /home/airflow/.local/lib/python3.12/site-packages/airflow/example_dags/tutorial.py
[2024-04-28T16:57:35.952+0000] {processor.py:830} INFO - Processing file /home/airflow/.local/lib/python3.12/site-packages/airflow/example_dags/tutorial.py for tasks to queue
[2024-04-28T16:57:35.971+0000] {logging_mixin.py:188} INFO - [2024-04-28T16:57:35.970+0000] {dagbag.py:540} INFO - Filling up the DagBag from /home/airflow/.local/lib/python3.12/site-packages/airflow/example_dags/tutorial.py
[2024-04-28T16:57:36.047+0000] {processor.py:840} INFO - DAG(s) 'tutorial' retrieved from /home/airflow/.local/lib/python3.12/site-packages/airflow/example_dags/tutorial.py
[2024-04-28T16:57:36.219+0000] {logging_mixin.py:188} INFO - [2024-04-28T16:57:36.218+0000] {dag.py:3096} INFO - Sync 1 DAGs
[2024-04-28T16:57:36.467+0000] {logging_mixin.py:188} INFO - [2024-04-28T16:57:36.466+0000] {dag.py:3954} INFO - Setting next_dagrun for tutorial to 2024-04-27 00:00:00+00:00, run_after=2024-04-28 00:00:00+00:00
[2024-04-28T16:57:36.762+0000] {processor.py:183} INFO - Processing /home/airflow/.local/lib/python3.12/site-packages/airflow/example_dags/tutorial.py took 0.839 seconds
[2024-04-28T16:58:07.766+0000] {processor.py:161} INFO - Started process (PID=1865) to work on /home/airflow/.local/lib/python3.12/site-packages/airflow/example_dags/tutorial.py
[2024-04-28T16:58:07.769+0000] {processor.py:830} INFO - Processing file /home/airflow/.local/lib/python3.12/site-packages/airflow/example_dags/tutorial.py for tasks to queue
[2024-04-28T16:58:07.776+0000] {logging_mixin.py:188} INFO - [2024-04-28T16:58:07.775+0000] {dagbag.py:540} INFO - Filling up the DagBag from /home/airflow/.local/lib/python3.12/site-packages/airflow/example_dags/tutorial.py
[2024-04-28T16:58:07.801+0000] {processor.py:840} INFO - DAG(s) 'tutorial' retrieved from /home/airflow/.local/lib/python3.12/site-packages/airflow/example_dags/tutorial.py
[2024-04-28T16:58:07.901+0000] {logging_mixin.py:188} INFO - [2024-04-28T16:58:07.900+0000] {dag.py:3096} INFO - Sync 1 DAGs
[2024-04-28T16:58:08.035+0000] {logging_mixin.py:188} INFO - [2024-04-28T16:58:08.034+0000] {dag.py:3954} INFO - Setting next_dagrun for tutorial to 2024-04-27 00:00:00+00:00, run_after=2024-04-28 00:00:00+00:00
[2024-04-28T16:58:08.131+0000] {processor.py:183} INFO - Processing /home/airflow/.local/lib/python3.12/site-packages/airflow/example_dags/tutorial.py took 0.383 seconds
[2024-04-28T16:58:39.146+0000] {processor.py:161} INFO - Started process (PID=1930) to work on /home/airflow/.local/lib/python3.12/site-packages/airflow/example_dags/tutorial.py
[2024-04-28T16:58:39.154+0000] {processor.py:830} INFO - Processing file /home/airflow/.local/lib/python3.12/site-packages/airflow/example_dags/tutorial.py for tasks to queue
[2024-04-28T16:58:39.164+0000] {logging_mixin.py:188} INFO - [2024-04-28T16:58:39.162+0000] {dagbag.py:540} INFO - Filling up the DagBag from /home/airflow/.local/lib/python3.12/site-packages/airflow/example_dags/tutorial.py
[2024-04-28T16:58:39.190+0000] {processor.py:840} INFO - DAG(s) 'tutorial' retrieved from /home/airflow/.local/lib/python3.12/site-packages/airflow/example_dags/tutorial.py
[2024-04-28T16:58:39.285+0000] {logging_mixin.py:188} INFO - [2024-04-28T16:58:39.284+0000] {dag.py:3096} INFO - Sync 1 DAGs
[2024-04-28T16:58:39.376+0000] {logging_mixin.py:188} INFO - [2024-04-28T16:58:39.375+0000] {dag.py:3954} INFO - Setting next_dagrun for tutorial to 2024-04-27 00:00:00+00:00, run_after=2024-04-28 00:00:00+00:00
[2024-04-28T16:58:39.450+0000] {processor.py:183} INFO - Processing /home/airflow/.local/lib/python3.12/site-packages/airflow/example_dags/tutorial.py took 0.326 seconds
